dimensions
2 3 4 5
[1] "simulation run i 2 j 1"
[1] "simulation run i 4 j 3"
[1] "simulation run i 4 j 6"
[1] "simulation run i 4 j 1"
[1] "simulation run i 2 j 2"
[1] "simulation run i 4 j 2"
[1] "simulation run i 4 j 4"
[1] "simulation run i 2 j 3"
[1] "simulation run i 2 j 4"
[1] "simulation run i 2 j 5"
[1] "simulation run i 4 j 5"
[1] "simulation run i 2 j 6"
[1] "simulation run i 1 j 1"
[1] "simulation run i 1 j 2"
[1] "simulation run i 3 j 1"
[1][1] "simulation run i 5 j 2"
 "simulation run i 5 j 1"
[1] "simulation run i 1 j 3"
[1][1] "simulation run i 5 j 3" "simulation run i 3 j 2"

[1] "simulation run i 1 j 4"
[1] "simulation run i 3 j 3"
[1] "simulation run i 3 j 4"
[1] "simulation run i 5 j 5"
[1] "simulation run i 3 j 5"
[1] "simulation run i 1 j 6"
[1] "simulation run i 5 j 4"
[1] "simulation run i 1 j 5"
[1] "simulation run i 5 j 6"
[1] "simulation run i 3 j 6"
[1] "simulation run i 6 j 6"
[1] "simulation run i 6 j 1"
[1][1] "simulation run i 6 j 3" "simulation run i 6 j 2"

[1] "simulation run i 6 j 5"
[1] "simulation run i 6 j 4"
