WARNING: ignoring environment value of R_HOME
dimensions
2 3
[1] "simulation run i 1 j 1"
[1] "simulation run i 1 j 2"
[1] "simulation run i 1 j 3"
[1] "simulation run i 2 j 1"
[1] "simulation run i 2 j 2"
[1] "simulation run i 2 j 3"
[1] "simulation run i 3 j 1"
[1] "simulation run i 3 j 2"
[1] "simulation run i 3 j 3"
[1] "simulation run i 4 j 1"
[1] "simulation run i 4 j 2"
[1] "simulation run i 4 j 3"

  rjs       pow        FDP FWER     method seed   pi0s dimension     m tau
1 128 0.1184600 0.06250000 TRUE IHW-forest    1 0.8987         2 10000 0.4
2 122 0.1135242 0.05737705 TRUE IHW-forest    1 0.8987         2 10000 0.5
3 127 0.1194472 0.04724409 TRUE IHW-forest    1 0.8987         2 10000 0.6
4 129 0.1216495 0.08527132 TRUE IHW-forest    1 0.9030         3 10000 0.4
5 119 0.1134021 0.07563025 TRUE IHW-forest    1 0.9030         3 10000 0.5
6 112 0.1092784 0.05357143 TRUE IHW-forest    1 0.9030         3 10000 0.6
  ntrees nodesize
1     10       50
2     10       50
3     10       50
4     10       50
5     10       50
6     10       50
