BMI_GIANT_GWAS# A tibble: 6 x 13
  refsnp_id minor_a~1 chr_n~2 chrom~3 chrom~4 A1    A2    Freq_~5       b     se
  <chr>         <dbl> <chr>     <int>   <int> <chr> <chr>   <dbl>   <dbl>  <dbl>
1 rs1000039    0.0605 10       1.05e7  1.05e7 T     G      0.025   0.0008 0.0104
2 rs1000050    0.379  1        1.63e8  1.63e8 C     T      0.1    -0.0002 0.0053
3 rs1000073    0.366  1        1.57e8  1.57e8 A     G      0.314   0.0006 0.0037
4 rs1000075    0.314  1        9.47e7  9.47e7 T     C      0.358  -0.0031 0.0037
5 rs1000085    0.111  1        6.64e7  6.64e7 C     G      0.167   0.0017 0.0043
6 rs1000107    0.0363 10       8.93e7  8.93e7 C     T      0.0333 -0.0133 0.019 
# ... with 3 more variables: p <dbl>, N <dbl>, Freq_MAF_Int_Hapmap <fct>, and
#   abbreviated variable names 1: minor_allele_freq, 2: chr_name,
#   3: chrom_start, 4: chrom_end, 5: Freq_MAF_Hapmap
parameters_run       formula alphas lambdas stratification_method nbins_quantile
1      ~, p, N   0.01    auto             quantiles              5
2 ~, p, Fr....   0.01    auto             quantiles             25
3 ~, p, Fr....   0.01    auto             quantiles            125
4 ~, p, Fr....   0.01    auto             quantiles            625
5 ~, p, Fr....   0.01    auto             quantiles           3125
6 ~, p, Fr....   0.01    auto             quantiles          15625
  nodedepth_forest n_censor_thres ntrees nodesize number_covariates
1               NA             NA     NA       NA                 1
2               NA             NA     NA       NA                 2
3               NA             NA     NA       NA                 3
4               NA             NA     NA       NA                 4
5               NA             NA     NA       NA                 5
6               NA             NA     NA       NA                 6
                                                                      formula_string
1                                                                              p ~ N
2                                                            p ~ Freq_MAF_Hapmap + N
3                                        p ~ Freq_MAF_Hapmap + N + minor_allele_freq
4                           p ~ Freq_MAF_Hapmap + N + minor_allele_freq + covariate1
5              p ~ Freq_MAF_Hapmap + N + minor_allele_freq + covariate1 + covariate2
6 p ~ Freq_MAF_Hapmap + N + minor_allele_freq + covariate1 + covariate2 + covariate3
[1] "run:1"
bh_rejections  stratification_method    formula formula_string number_covariates alphas
1                    BH pvalue ~ 1     pvalue ~ 1                 0   0.04
  rejections nbins_covariates
1       1579                0
running IHWStarting 1th job.
Starting 2th job.
Starting 3th job.
running IHW: 23.152 sec elapsed
Finishing 1th job.
Starting 4th job.
running IHW: 26.184 sec elapsed
Finishing 2th job.
Starting 5th job.
running IHW: 49.61 sec elapsed
Finishing 3th job.
Starting 6th job.
running IHW: 218.257 sec elapsed
Finishing 4th job.
Starting 7th job.
running IHW: 689.845 sec elapsed
Finishing 5th job.
Starting 8th job.
running IHW: 1335.502 sec elapsed
Finishing 6th job.
Starting 9th job.
running IHW: 146.657 sec elapsed
Finishing 9th job.
Starting 12th job.
running IHW: 228.131 sec elapsed
Finishing 12th job.
Starting 15th job.
running IHW: 285.041 sec elapsed
Finishing 15th job.
running IHW: 3000.183 sec elapsed
Finishing 7th job.
Starting 10th job.
running IHW: 141.372 sec elapsed
Finishing 10th job.
Starting 13th job.
running IHW: 202.845 sec elapsed
Finishing 13th job.
Starting 16th job.
running IHW: 260.717 sec elapsed
Finishing 16th job.
running IHW: 3695.057 sec elapsed
Finishing 8th job.
Starting 11th job.
running IHW: 155.109 sec elapsed
Finishing 11th job.
Starting 14th job.
running IHW: 187.958 sec elapsed
Finishing 14th job.
       formula alphas lambdas stratification_method nbins_quantile
1      ~, p, N   0.04    auto             quantiles              5
2 ~, p, Fr....   0.04    auto             quantiles             25
3 ~, p, Fr....   0.04    auto             quantiles            125
4 ~, p, Fr....   0.04    auto             quantiles            625
5 ~, p, Fr....   0.04    auto             quantiles           3125
6 ~, p, Fr....   0.04    auto             quantiles          15625
  nodedepth_forest n_censor_thres ntrees nodesize number_covariates
1               NA             NA     NA       NA                 1
2               NA             NA     NA       NA                 2
3               NA             NA     NA       NA                 3
4               NA             NA     NA       NA                 4
5               NA             NA     NA       NA                 5
6               NA             NA     NA       NA                 6
                                                                      formula_string
1                                                                              p ~ N
2                                                            p ~ Freq_MAF_Hapmap + N
3                                        p ~ Freq_MAF_Hapmap + N + minor_allele_freq
4                           p ~ Freq_MAF_Hapmap + N + minor_allele_freq + covariate1
5              p ~ Freq_MAF_Hapmap + N + minor_allele_freq + covariate1 + covariate2
6 p ~ Freq_MAF_Hapmap + N + minor_allele_freq + covariate1 + covariate2 + covariate3
  effective_nbins_covariates rejections elapsed_time
1                          5       1891       23.152
2                         25       2133       26.184
3                        125       2225       49.610
4                        625       2191      218.257
5                       3125       2038      689.845
6                      15625       1770     1335.502
