- One or more packages recorded in the lockfile are not installed.
- Use `renv::status()` for more details.
[1] "Freq_MAF_Hapmap"                                                                                         
[2] "Freq_MAF_Hapmap + N"                                                                                     
[3] "Freq_MAF_Hapmap + N + minor_allele_freq"                                                                 
[4] "Freq_MAF_Hapmap + N + minor_allele_freq + covariate1"                                                    
[5] "Freq_MAF_Hapmap + N + minor_allele_freq + covariate1 + covariate2"                                       
[6] "Freq_MAF_Hapmap + N + minor_allele_freq + covariate1 + covariate2 + covariate3"                          
[7] "Freq_MAF_Hapmap + N + minor_allele_freq + covariate1 + covariate2 + covariate3 + covariate4"             
[8] "Freq_MAF_Hapmap + N + minor_allele_freq + covariate1 + covariate2 + covariate3 + covariate4 + covariate5"
parameters_run
      summands number_covariates alphas
1 Freq_MAF....                 1   0.01
2 Freq_MAF....                 2   0.01
3 Freq_MAF....                 3   0.01
4 Freq_MAF....                 4   0.01
5 Freq_MAF....                 5   0.01
6 Freq_MAF....                 6   0.01

40simulation run:1/40
simulation run:2/40
simulation run:3/40
simulation run:4/40
simulation run:5/40
simulation run:6/40
simulation run:7/40
simulation run:8/40
simulation run:9/40
simulation run:10/40
simulation run:11/40
simulation run:12/40
simulation run:13/40
simulation run:14/40
simulation run:15/40
simulation run:16/40
simulation run:17/40
simulation run:18/40
simulation run:19/40
simulation run:20/40
simulation run:21/40
simulation run:22/40
simulation run:23/40
simulation run:24/40
simulation run:25/40
simulation run:26/40
Ran IHW-quantile. Time taken: 0.001 seconds
simulation run:27/40
simulation run:28/40
simulation run:29/40
Ran IHW-quantile. Time taken: 0 seconds
simulation run:30/40
simulation run:31/40
simulation run:32/40
simulation run:33/40
simulation run:34/40
Ran IHW-quantile. Time taken: 0.001 seconds
simulation run:35/40
simulation run:36/40
simulation run:37/40
simulation run:38/40
simulation run:39/40
simulation run:40/40
Ran IHW-quantile. Time taken: 0.001 seconds
Ran IHW-quantile. Time taken: 0.001 seconds
Ran IHW-quantile. Time taken: 0.001 seconds
Ran IHW-quantile. Time taken: 0.049 seconds
Ran IHW-quantile. Time taken: 0.006 seconds
Ran IHW-quantile. Time taken: 0.006 seconds
Ran IHW-quantile. Time taken: 0.005 seconds
Ran IHW-quantile. Time taken: 0.046 seconds
Ran IHW-quantile. Time taken: 0.004 seconds
Ran IHW-quantile. Time taken: 0.176 seconds
Ran IHW-quantile. Time taken: 0.001 seconds
Ran IHW-quantile. Time taken: 0.001 seconds
Ran IHW-quantile. Time taken: 63.991 seconds
Ran IHW-quantile. Time taken: 91.1 seconds
Ran IHW-quantile. Time taken: 90.815 seconds
Ran IHW-quantile. Time taken: 91.358 seconds
Ran IHW-quantile. Time taken: 94.462 seconds
Ran IHW-quantile. Time taken: 292.971 seconds
Ran IHW-quantile. Time taken: 288.035 seconds
Ran IHW-quantile. Time taken: 299.69 seconds
Ran IHW-quantile. Time taken: 300.424 seconds
Ran IHW-quantile. Time taken: 300.477 seconds
Ran IHW-quantile. Time taken: 301.388 seconds
Ran IHW-forest. Time taken: 211.736 seconds
Ran BH. Time taken: 0.542 seconds
Ran IHW-forest. Time taken: 228.253 seconds
Ran IHW-forest. Time taken: 229.351 seconds
Ran BH. Time taken: 0.074 seconds
Ran BH. Time taken: 0.072 seconds
Ran IHW-forest. Time taken: 232.638 seconds
Ran BH. Time taken: 0.107 seconds
Ran IHW-forest. Time taken: 269.486 seconds
Ran BH. Time taken: 0.083 seconds
Ran IHW-forest. Time taken: 334.721 seconds
Ran BH. Time taken: 0.356 seconds
Ran IHW-forest. Time taken: 334.912 seconds
Ran BH. Time taken: 0.122 seconds
Ran IHW-forest. Time taken: 94.079 seconds
Ran BH. Time taken: 0.285 seconds
Ran IHW-forest. Time taken: 85.787 seconds
Ran BH. Time taken: 2.513 seconds
Ran IHW-forest. Time taken: 104.014 seconds
Ran IHW-forest. Time taken: 87.746 seconds
Ran BH. Time taken: 0.083 seconds
Ran BH. Time taken: 0.076 seconds
Ran IHW-forest. Time taken: 95.173 seconds
Ran BH. Time taken: 0.075 seconds
Ran IHW-forest. Time taken: 97.826 seconds
Ran BH. Time taken: 0.157 seconds
Ran AdaPT. Time taken: 1439.013 seconds
Ran Boca-Leek. Time taken: 20.968 seconds
Ran Clfdr-EM. Time taken: 1.214 seconds
Ran AdaPT. Time taken: 1497.123 seconds
Ran Boca-Leek. Time taken: 18.921 seconds
Ran Clfdr-EM. Time taken: 1.078 seconds
alpha = 0.1: FDPhat 0.0965, Number of Rej. 228
Task completed!
Ran AdaPT. Time taken: 1472.42 seconds
alpha = 0.05: FDPhat 0.0487, Number of Rej. 226
Task completed!
Ran AdaPT. Time taken: 1479.5 seconds
Ran AdaPT. Time taken: 1479.881 seconds
Ran Boca-Leek. Time taken: 21.801 seconds
Ran Boca-Leek. Time taken: 23.474 seconds
Ran Clfdr-EM. Time taken: 0.939 seconds
Ran Clfdr-EM. Time taken: 0.902 seconds
Ran Boca-Leek. Time taken: 20.787 seconds
Ran Clfdr-EM. Time taken: 0.771 seconds
