WARNING: ignoring environment value of R_HOME
- One or more packages recorded in the lockfile are not installed.
- Use `renv::status()` for more details.
[1] "Freq_MAF_Hapmap"                                                                                         
[2] "Freq_MAF_Hapmap + N"                                                                                     
[3] "Freq_MAF_Hapmap + N + minor_allele_freq"                                                                 
[4] "Freq_MAF_Hapmap + N + minor_allele_freq + covariate1"                                                    
[5] "Freq_MAF_Hapmap + N + minor_allele_freq + covariate1 + covariate2"                                       
[6] "Freq_MAF_Hapmap + N + minor_allele_freq + covariate1 + covariate2 + covariate3"                          
[7] "Freq_MAF_Hapmap + N + minor_allele_freq + covariate1 + covariate2 + covariate3 + covariate4"             
[8] "Freq_MAF_Hapmap + N + minor_allele_freq + covariate1 + covariate2 + covariate3 + covariate4 + covariate5"
parameters_run
      summands number_covariates alphas
1 Freq_MAF....                 1   0.01
2 Freq_MAF....                 2   0.01
3 Freq_MAF....                 3   0.01
4 Freq_MAF....                 4   0.01
5 Freq_MAF....                 5   0.01
6 Freq_MAF....                 6   0.01

56simulation run:1/56
simulation run:2/56
simulation run:3/56
simulation run:4/56
simulation run:5/56
simulation run:6/56
simulation run:7/56
simulation run:8/56
simulation run:9/56
simulation run:10/56
simulation run:11/56
simulation run:12/56
simulation run:13/56
simulation run:14/56
simulation run:15/56
simulation run:16/56
simulation run:17/56
simulation run:18/56
simulation run:19/56
simulation run:20/56
simulation run:21/56
simulation run:22/56
simulation run:23/56
simulation run:24/56
simulation run:25/56
simulation run:26/56
simulation run:27/56
simulation run:28/56
simulation run:29/56
simulation run:30/56
simulation run:31/56
simulation run:32/56
simulation run:33/56
simulation run:34/56
simulation run:35/56
simulation run:36/56
simulation run:37/56
simulation run:38/56
simulation run:39/56
simulation run:40/56
simulation run:41/56
simulation run:42/56
simulation run:43/56
simulation run:44/56
simulation run:45/56
simulation run:46/56
simulation run:47/56
simulation run:48/56
simulation run:49/56
simulation run:50/56
simulation run:51/56
simulation run:52/56
simulation run:53/56
simulation run:54/56
