[1] "N"                                                                                                       
[2] "Freq_MAF_Hapmap + N"                                                                                     
[3] "Freq_MAF_Hapmap + N + minor_allele_freq"                                                                 
[4] "Freq_MAF_Hapmap + N + minor_allele_freq + covariate1"                                                    
[5] "Freq_MAF_Hapmap + N + minor_allele_freq + covariate1 + covariate2"                                       
[6] "Freq_MAF_Hapmap + N + minor_allele_freq + covariate1 + covariate2 + covariate3"                          
[7] "Freq_MAF_Hapmap + N + minor_allele_freq + covariate1 + covariate2 + covariate3 + covariate4"             
[8] "Freq_MAF_Hapmap + N + minor_allele_freq + covariate1 + covariate2 + covariate3 + covariate4 + covariate5"
parameters_run
      summands number_covariates alphas
1            N                 1   0.01
2 Freq_MAF....                 2   0.01
3 Freq_MAF....                 3   0.01
4 Freq_MAF....                 4   0.01
5 Freq_MAF....                 5   0.01
6 Freq_MAF....                 6   0.01

64Starting 1th job.
Starting 2th job.
Starting 3th job.
running IHW: 8.558 sec elapsed
Finishing 1th job.
Starting 4th job.
running IHW: 9.405 sec elapsed
Finishing 2th job.
Starting 5th job.
running IHW: 10.49 sec elapsed
Finishing 3th job.
Starting 6th job.
running IHW: 13.19 sec elapsed
Finishing 6th job.
running IHW: 18.638 sec elapsed
Finishing 4th job.
Starting 7th job.
running IHW: 26.722 sec elapsed
Finishing 5th job.
Starting 8th job.
running IHW: 13.682 sec elapsed
Finishing 7th job.
running IHW: 13.003 sec elapsed
Finishing 8th job.
