WARNING: ignoring environment value of R_HOME
- One or more packages recorded in the lockfile are not installed.
- Use `renv::status()` for more details.
[1] "Freq_MAF_Hapmap"                                                                                         
[2] "Freq_MAF_Hapmap + N"                                                                                     
[3] "Freq_MAF_Hapmap + N + minor_allele_freq"                                                                 
[4] "Freq_MAF_Hapmap + N + minor_allele_freq + covariate1"                                                    
[5] "Freq_MAF_Hapmap + N + minor_allele_freq + covariate1 + covariate2"                                       
[6] "Freq_MAF_Hapmap + N + minor_allele_freq + covariate1 + covariate2 + covariate3"                          
[7] "Freq_MAF_Hapmap + N + minor_allele_freq + covariate1 + covariate2 + covariate3 + covariate4"             
[8] "Freq_MAF_Hapmap + N + minor_allele_freq + covariate1 + covariate2 + covariate3 + covariate4 + covariate5"
parameters_run
      summands number_covariates alphas
1 Freq_MAF....                 1    0.1

1simulation run:1/1
Ran IHW-quantile. Time taken: 0.752 seconds
Ran BH. Time taken: 0.001 seconds
Ran AdaPT. Time taken: 6.823 seconds
Ran Boca-Leek. Time taken: 0.224 seconds
Ran Clfdr-EM. Time taken: 0.013 seconds
