WARNING: ignoring environment value of R_HOME
# A tibble: 6 × 13
  refsnp_id minor_a…¹ chr_n…² chrom…³ chrom…⁴ A1    A2    Freq_…⁵       b     se
  <chr>         <dbl> <chr>     <int>   <int> <chr> <chr>   <dbl>   <dbl>  <dbl>
1 rs1000039    0.0605 10       1.05e7  1.05e7 T     G      0.025   0.0008 0.0104
2 rs1000050    0.379  1        1.63e8  1.63e8 C     T      0.1    -0.0002 0.0053
3 rs1000073    0.366  1        1.57e8  1.57e8 A     G      0.314   0.0006 0.0037
4 rs1000075    0.314  1        9.47e7  9.47e7 T     C      0.358  -0.0031 0.0037
5 rs1000085    0.111  1        6.64e7  6.64e7 C     G      0.167   0.0017 0.0043
6 rs1000107    0.0363 10       8.93e7  8.93e7 C     T      0.0333 -0.0133 0.019 
# … with 3 more variables: p <dbl>, N <dbl>, Freq_MAF_Int_Hapmap <fct>, and
#   abbreviated variable names ¹​minor_allele_freq, ²​chr_name, ³​chrom_start,
#   ⁴​chrom_end, ⁵​Freq_MAF_Hapmap
       formula alphas lambdas stratification_method nbins_quantile
1      ~, p, N   0.01    auto             quantiles              5
2 ~, p, Fr....   0.01    auto             quantiles             25
3 ~, p, Fr....   0.01    auto             quantiles            125
4 ~, p, Fr....   0.01    auto             quantiles            625
5 ~, p, Fr....   0.01    auto             quantiles           3125
6 ~, p, Fr....   0.01    auto             quantiles          15625
  nodedepth_forest n_censor_thres ntrees nodesize number_covariates
1               NA             NA     NA       NA                 1
2               NA             NA     NA       NA                 2
3               NA             NA     NA       NA                 3
4               NA             NA     NA       NA                 4
5               NA             NA     NA       NA                 5
6               NA             NA     NA       NA                 6
                                                                      formula_string
1                                                                              p ~ N
2                                                            p ~ Freq_MAF_Hapmap + N
3                                        p ~ Freq_MAF_Hapmap + N + minor_allele_freq
4                           p ~ Freq_MAF_Hapmap + N + minor_allele_freq + covariate1
5              p ~ Freq_MAF_Hapmap + N + minor_allele_freq + covariate1 + covariate2
6 p ~ Freq_MAF_Hapmap + N + minor_allele_freq + covariate1 + covariate2 + covariate3
[1] "run:1"
  stratification_method    formula formula_string number_covariates alphas
1                    BH pvalue ~ 1     pvalue ~ 1                 0   0.04
  rejections nbins_covariates
1       1579                0
Starting 1th job.
running IHW: 14.522 sec elapsed
Finishing 1th job.
  formula alphas lambdas stratification_method nbins_quantile nodedepth_forest
1 ~, p, N   0.04    auto             quantiles              5               NA
  n_censor_thres ntrees nodesize number_covariates formula_string
1             NA     NA       NA                 1          p ~ N
  effective_nbins_covariates rejections elapsed_time
1                          5       1891       14.522
