WARNING: ignoring environment value of R_HOME
- One or more packages recorded in the lockfile are not installed.
- Use `renv::status()` for more details.
[1] "Freq_MAF_Hapmap"                                                                                         
[2] "Freq_MAF_Hapmap + N"                                                                                     
[3] "Freq_MAF_Hapmap + N + minor_allele_freq"                                                                 
[4] "Freq_MAF_Hapmap + N + minor_allele_freq + covariate1"                                                    
[5] "Freq_MAF_Hapmap + N + minor_allele_freq + covariate1 + covariate2"                                       
[6] "Freq_MAF_Hapmap + N + minor_allele_freq + covariate1 + covariate2 + covariate3"                          
[7] "Freq_MAF_Hapmap + N + minor_allele_freq + covariate1 + covariate2 + covariate3 + covariate4"             
[8] "Freq_MAF_Hapmap + N + minor_allele_freq + covariate1 + covariate2 + covariate3 + covariate4 + covariate5"
parameters_run
      summands number_covariates alphas
1 Freq_MAF....                 1   0.01
2 Freq_MAF....                 2   0.01
3 Freq_MAF....                 3   0.01
4 Freq_MAF....                 4   0.01
5 Freq_MAF....                 5   0.01
6 Freq_MAF....                 6   0.01

56simulation run:1/56
Ran IHW-quantile. Time taken: 4.294 seconds
Ran BH. Time taken: 0.043 seconds
Ran AdaPT. Time taken: 880.542 seconds
Ran Boca-Leek. Time taken: 14.713 seconds
Ran Clfdr-EM. Time taken: 0.74 seconds
simulation run:2/56
Ran IHW-quantile. Time taken: 8.763 seconds
Ran BH. Time taken: 0.044 seconds
Ran AdaPT. Time taken: 903.522 seconds
Ran Boca-Leek. Time taken: 18.873 seconds
Ran Clfdr-EM. Time taken: 0.8 seconds
simulation run:3/56
Ran IHW-quantile. Time taken: 11.537 seconds
Ran BH. Time taken: 0.047 seconds
Ran AdaPT. Time taken: 962.446 seconds
Ran Boca-Leek. Time taken: 20.133 seconds
Ran Clfdr-EM. Time taken: 0.78 seconds
simulation run:4/56
Ran IHW-quantile. Time taken: 138.77 seconds
Ran BH. Time taken: 0.046 seconds
Ran AdaPT. Time taken: 971.153 seconds
Ran Boca-Leek. Time taken: 28.13 seconds
Ran Clfdr-EM. Time taken: 0.825 seconds
simulation run:5/56
Ran IHW-quantile. Time taken: 300.126 seconds
Ran BH. Time taken: 0.047 seconds
Ran AdaPT. Time taken: 1025.879 seconds
Ran Boca-Leek. Time taken: 27.553 seconds
Ran Clfdr-EM. Time taken: 0.845 seconds
simulation run:6/56
Ran IHW-quantile. Time taken: 300.082 seconds
Ran BH. Time taken: 0.043 seconds
Ran AdaPT. Time taken: 1093.182 seconds
Ran Boca-Leek. Time taken: 28.866 seconds
Ran Clfdr-EM. Time taken: 0.886 seconds
simulation run:7/56
Ran IHW-quantile. Time taken: 300.625 seconds
Ran BH. Time taken: 0.044 seconds
Ran AdaPT. Time taken: 1118.871 seconds
Ran Boca-Leek. Time taken: 39.109 seconds
Ran Clfdr-EM. Time taken: 0.931 seconds
simulation run:8/56
Ran IHW-quantile. Time taken: 338.054 seconds
Ran BH. Time taken: 0.047 seconds
Ran AdaPT. Time taken: 1164.6 seconds
Ran Boca-Leek. Time taken: 36.706 seconds
Ran Clfdr-EM. Time taken: 0.957 seconds
simulation run:9/56
Ran IHW-quantile. Time taken: 3.763 seconds
Ran BH. Time taken: 0.047 seconds
Ran AdaPT. Time taken: 840.795 seconds
Ran Boca-Leek. Time taken: 14.325 seconds
Ran Clfdr-EM. Time taken: 0.732 seconds
simulation run:10/56
Ran IHW-quantile. Time taken: 8.396 seconds
Ran BH. Time taken: 0.045 seconds
alpha = 0.02: FDPhat 0.0178, Number of Rej. 225
Task completed!
Ran AdaPT. Time taken: 900.277 seconds
Ran Boca-Leek. Time taken: 18.719 seconds
Ran Clfdr-EM. Time taken: 0.751 seconds
simulation run:11/56
Ran IHW-quantile. Time taken: 11.32 seconds
Ran BH. Time taken: 0.045 seconds
alpha = 0.02: FDPhat 0.018, Number of Rej. 222
Task completed!
Ran AdaPT. Time taken: 936.961 seconds
Ran Boca-Leek. Time taken: 19.838 seconds
Ran Clfdr-EM. Time taken: 0.79 seconds
simulation run:12/56
Ran IHW-quantile. Time taken: 133.38 seconds
Ran BH. Time taken: 0.046 seconds
alpha = 0.02: FDPhat 0.018, Number of Rej. 222
Task completed!
Ran AdaPT. Time taken: 946.292 seconds
Ran Boca-Leek. Time taken: 27.168 seconds
Ran Clfdr-EM. Time taken: 0.813 seconds
simulation run:13/56
Ran IHW-quantile. Time taken: 300.025 seconds
Ran BH. Time taken: 0.045 seconds
alpha = 0.02: FDPhat 0.019, Number of Rej. 211
Task completed!
Ran AdaPT. Time taken: 984.048 seconds
Ran Boca-Leek. Time taken: 26.83 seconds
Ran Clfdr-EM. Time taken: 0.825 seconds
simulation run:14/56
Ran IHW-quantile. Time taken: 302.262 seconds
Ran BH. Time taken: 0.045 seconds
alpha = 0.02: FDPhat 0.0182, Number of Rej. 220
Task completed!
Ran AdaPT. Time taken: 1036.783 seconds
Ran Boca-Leek. Time taken: 27.293 seconds
Ran Clfdr-EM. Time taken: 0.874 seconds
simulation run:15/56
Ran IHW-quantile. Time taken: 300.053 seconds
Ran BH. Time taken: 0.045 seconds
alpha = 0.02: FDPhat 0.0189, Number of Rej. 212
Task completed!
Ran AdaPT. Time taken: 1122.138 seconds
Ran Boca-Leek. Time taken: 35.626 seconds
Ran Clfdr-EM. Time taken: 0.934 seconds
simulation run:16/56
Ran IHW-quantile. Time taken: 347.882 seconds
Ran BH. Time taken: 0.045 seconds
alpha = 0.02: FDPhat 0.0184, Number of Rej. 217
Task completed!
Ran AdaPT. Time taken: 1192.531 seconds
Ran Boca-Leek. Time taken: 35.374 seconds
Ran Clfdr-EM. Time taken: 0.931 seconds
simulation run:17/56
Ran IHW-quantile. Time taken: 4.013 seconds
Ran BH. Time taken: 0.043 seconds
Ran AdaPT. Time taken: 845.013 seconds
Ran Boca-Leek. Time taken: 14.021 seconds
Ran Clfdr-EM. Time taken: 0.73 seconds
simulation run:18/56
Ran IHW-quantile. Time taken: 8.269 seconds
Ran BH. Time taken: 0.044 seconds
alpha = 0.05: FDPhat 0.0487, Number of Rej. 226
Task completed!
Ran AdaPT. Time taken: 857.45 seconds
Ran Boca-Leek. Time taken: 18.241 seconds
Ran Clfdr-EM. Time taken: 0.748 seconds
simulation run:19/56
Ran IHW-quantile. Time taken: 11.3 seconds
Ran BH. Time taken: 0.044 seconds
alpha = 0.05: FDPhat 0.0493, Number of Rej. 223
Task completed!
Ran AdaPT. Time taken: 894.376 seconds
Ran Boca-Leek. Time taken: 19.594 seconds
Ran Clfdr-EM. Time taken: 0.773 seconds
simulation run:20/56
Ran IHW-quantile. Time taken: 144.26 seconds
Ran BH. Time taken: 0.046 seconds
alpha = 0.05: FDPhat 0.0493, Number of Rej. 223
Task completed!
Ran AdaPT. Time taken: 922.201 seconds
Ran Boca-Leek. Time taken: 26.715 seconds
Ran Clfdr-EM. Time taken: 0.793 seconds
simulation run:21/56
Ran IHW-quantile. Time taken: 301.846 seconds
Ran BH. Time taken: 0.045 seconds
alpha = 0.05: FDPhat 0.0495, Number of Rej. 222
Task completed!
Ran AdaPT. Time taken: 1015.614 seconds
Ran Boca-Leek. Time taken: 26.559 seconds
Ran Clfdr-EM. Time taken: 0.835 seconds
simulation run:22/56
