
Attaching package: ‘dplyr’

The following objects are masked from ‘package:stats’:

    filter, lag

The following objects are masked from ‘package:base’:

    intersect, setdiff, setequal, union

ℹ Loading IHWForestPaper
Loading required package: foreach
Loading required package: rngtools
Loading required package: iterators
Loading required package: parallel
ℹ Loading IHW
Creating a generic function for ‘nrow’ from package ‘base’ in package ‘IHW’
We recommend that you supply (many) more than 1000 p-values for meaningful data-driven hypothesis weighting results.
We recommend that you supply (many) more than 1000 p-values for meaningful data-driven hypothesis weighting results.
We recommend that you supply (many) more than 1000 p-values for meaningful data-driven hypothesis weighting results.
We recommend that you supply (many) more than 1000 p-values for meaningful data-driven hypothesis weighting results. Consider to decrease nodedepth or increase nodesize.
We recommend that you supply (many) more than 1000 p-values for meaningful data-driven hypothesis weighting results. Consider to decrease nodedepth or increase nodesize.
We recommend that you supply (many) more than 1000 p-values for meaningful data-driven hypothesis weighting results. Consider to decrease nodedepth or increase nodesize.
Error in adapt_xgboost(Ps, Xs, alpha) : 
  could not find function "adapt_xgboost"
Error in gamma_glm_basic_em(Ps, Xs, formula_rhs = formula_rhs, maxiter = maxiter,  : 
  could not find function "gamma_glm_basic_em"
We recommend that you supply (many) more than 1000 p-values for meaningful data-driven hypothesis weighting results.
Error in adapt_xgboost(Ps, Xs, alpha) : 
  could not find function "adapt_xgboost"
Error in gamma_glm_basic_em(Ps, Xs, formula_rhs = formula_rhs, maxiter = maxiter,  : 
  could not find function "gamma_glm_basic_em"
Error in adapt_xgboost(Ps, Xs, alpha) : 
  could not find function "adapt_xgboost"
Error in gamma_glm_basic_em(Ps, Xs, formula_rhs = formula_rhs, maxiter = maxiter,  : 
  could not find function "gamma_glm_basic_em"
We recommend that you supply (many) more than 1000 p-values for meaningful data-driven hypothesis weighting results.
We recommend that you supply (many) more than 1000 p-values for meaningful data-driven hypothesis weighting results.
We recommend that you supply (many) more than 1000 p-values for meaningful data-driven hypothesis weighting results. Consider to decrease nodedepth or increase nodesize.
Error in adapt_xgboost(Ps, Xs, alpha) : 
  could not find function "adapt_xgboost"
Error in gamma_glm_basic_em(Ps, Xs, formula_rhs = formula_rhs, maxiter = maxiter,  : 
  could not find function "gamma_glm_basic_em"
We recommend that you supply (many) more than 1000 p-values for meaningful data-driven hypothesis weighting results. Consider to decrease nodedepth or increase nodesize.
We recommend that you supply (many) more than 1000 p-values for meaningful data-driven hypothesis weighting results. Consider to decrease nodedepth or increase nodesize.
Error in adapt_xgboost(Ps, Xs, alpha) : 
  could not find function "adapt_xgboost"
Error in gamma_glm_basic_em(Ps, Xs, formula_rhs = formula_rhs, maxiter = maxiter,  : 
  could not find function "gamma_glm_basic_em"
Error in adapt_xgboost(Ps, Xs, alpha) : 
  could not find function "adapt_xgboost"
Error in gamma_glm_basic_em(Ps, Xs, formula_rhs = formula_rhs, maxiter = maxiter,  : 
  could not find function "gamma_glm_basic_em"
Error in gzfile(file, mode) : cannot open the connection
Calls: saveRDS -> gzfile
In addition: Warning message:
In gzfile(file, mode) :
  cannot open compressed file 'precomputed_results/eval_high_dim_sim.Rds', probable reason 'No such file or directory'
Execution halted
