
Attaching package: ‘dplyr’

The following objects are masked from ‘package:stats’:

    filter, lag

The following objects are masked from ‘package:base’:

    intersect, setdiff, setequal, union

ℹ Loading IHWForestPaper
Loading required package: foreach
Loading required package: rngtools
Loading required package: iterators
Loading required package: parallel
Error:
! Could not find a root 'DESCRIPTION' file that starts with '^Package' in '../IHW'. Are you in your project directory, and does your project have a 'DESCRIPTION' file?
Backtrace:
    ▆
 1. └─devtools::load_all("../IHW")
 2.   └─pkgload::load_all(...)
 3.     └─pkgload::pkg_path(path)
 4.       └─base::tryCatch(...)
 5.         └─base tryCatchList(expr, classes, parentenv, handlers)
 6.           └─base tryCatchOne(expr, names, parentenv, handlers[[1L]])
 7.             └─value[[3L]](cond)
 8.               └─rlang::abort(...)
Warning message:
In normalizePath(path) : path[1]="../IHW": No such file or directory
Execution halted
