WARNING: ignoring environment value of R_HOME
[1] "\n"
##------ Thu Aug  3 19:48:01 2023 ------##
##------ Thu Aug  3 19:48:01 2023 ------## 
[1] "\n"
simulation run:1/14
simulation run:2/14
simulation run:3/14
simulation run:4/14
simulation run:7/14
simulation run:5/14
simulation run:6/14
simulation run:8/14
simulation run:9/14
simulation run:10/14
simulation run:11/14
simulation run:12/14
simulation run:14/14
simulation run:13/14
alpha = 0.1: FDPhat 0.0952, Number of Rej. 84
Task completed!
alpha = 0.1: FDPhat 0.093, Number of Rej. 86
Task completed!
alpha = 0.1: FDPhat 0.0941, Number of Rej. 85
Task completed!
alpha = 0.1: FDPhat 0.0588, Number of Rej. 17
Task completed!
alpha = 0.1: FDPhat 0.0994, Number of Rej. 171
Task completed!
alpha = 0.1: FDPhat 0.0769, Number of Rej. 26
Task completed!
[1] "\n"
