WARNING: ignoring environment value of R_HOME
- One or more packages recorded in the lockfile are not installed.
- Use `renv::status()` for more details.

##------ Fri Aug 18 03:37:49 2023 ------##
##------ Fri Aug 18 03:37:49 2023 ------## 

simulation run:1/42
simulation run:2/42
simulation run:3/42
simulation run:5/42
simulation run:7/42
simulation run:4/42
simulation run:8/42
simulation run:6/42
simulation run:9/42
simulation run:10/42
simulation run:11/42
simulation run:12/42
simulation run:13/42
simulation run:14/42
simulation run:15/42
simulation run:16/42
simulation run:18/42
simulation run:17/42
simulation run:19/42
simulation run:20/42
simulation run:21/42
simulation run:22/42
simulation run:23/42
simulation run:24/42
simulation run:25/42
simulation run:26/42
simulation run:27/42
simulation run:28/42
simulation run:29/42
simulation run:30/42
simulation run:31/42
simulation run:32/42
simulation run:33/42
simulation run:34/42
simulation run:35/42
simulation run:36/42
simulation run:37/42
simulation run:38/42
simulation run:39/42
simulation run:40/42
simulation run:41/42
simulation run:42/42
Ran IHW-quantile. Time taken: 0.002 seconds
Ran IHW-quantile. Time taken: 0.001 seconds
Ran IHW-quantile. Time taken: 0.042 seconds
Ran IHW-forest. Time taken: 8.32 seconds
Ran IHW-forest. Time taken: 8.588 seconds
Ran IHW-forest. Time taken: 9 seconds
Ran BH. Time taken: 0.002 seconds
Ran BH. Time taken: 0.042 seconds
Ran BH. Time taken: 0.042 seconds
Ran IHW-quantile. Time taken: 22.654 seconds
Ran IHW-quantile. Time taken: 22.944 seconds
Ran IHW-quantile. Time taken: 23.23 seconds
Ran IHW-quantile. Time taken: 23.968 seconds
Ran IHW-quantile. Time taken: 22.016 seconds
Ran IHW-quantile. Time taken: 24.935 seconds
Ran IHW-quantile. Time taken: 22.776 seconds
Ran IHW-quantile. Time taken: 24.644 seconds
Ran IHW-quantile. Time taken: 24.879 seconds
Ran IHW-quantile. Time taken: 25.001 seconds
Ran IHW-quantile. Time taken: 24.097 seconds
Ran IHW-quantile. Time taken: 24.575 seconds
Ran IHW-quantile. Time taken: 25.462 seconds
Ran IHW-quantile. Time taken: 24.769 seconds
Ran IHW-quantile. Time taken: 25.732 seconds
Ran IHW-quantile. Time taken: 27.037 seconds
Ran IHW-quantile. Time taken: 25.948 seconds
Ran IHW-quantile. Time taken: 26.415 seconds
Ran IHW-quantile. Time taken: 25.942 seconds
Ran IHW-quantile. Time taken: 26.958 seconds
Ran IHW-quantile. Time taken: 28.376 seconds
Ran IHW-quantile. Time taken: 27.148 seconds
Ran IHW-quantile. Time taken: 28.56 seconds
Ran IHW-quantile. Time taken: 27.605 seconds
Ran IHW-quantile. Time taken: 27.938 seconds
Ran IHW-quantile. Time taken: 29.03 seconds
Ran IHW-quantile. Time taken: 27.818 seconds
Ran IHW-quantile. Time taken: 28.732 seconds
Ran IHW-quantile. Time taken: 28.007 seconds
Ran IHW-quantile. Time taken: 28.768 seconds
Ran IHW-quantile. Time taken: 29.691 seconds
Ran IHW-quantile. Time taken: 30.051 seconds
Ran IHW-forest. Time taken: 6.329 seconds
Ran IHW-forest. Time taken: 6.486 seconds
Ran IHW-forest. Time taken: 6.461 seconds
Ran IHW-forest. Time taken: 6.384 seconds
Ran IHW-forest. Time taken: 6.429 seconds
Ran IHW-forest. Time taken: 6.264 seconds
Ran IHW-forest. Time taken: 6.426 seconds
Ran IHW-forest. Time taken: 6.55 seconds
Ran IHW-forest. Time taken: 6.524 seconds
Ran IHW-forest. Time taken: 6.543 seconds
Ran IHW-forest. Time taken: 6.473 seconds
Ran BH. Time taken: 0.038 seconds
Ran BH. Time taken: 0.002 seconds
Ran BH. Time taken: 0.044 seconds
Ran IHW-forest. Time taken: 6.728 seconds
Ran BH. Time taken: 0.029 seconds
Ran BH. Time taken: 0.002 seconds
Ran BH. Time taken: 0.04 seconds
Ran BH. Time taken: 0.038 seconds
Ran BH. Time taken: 0.001 seconds
Ran IHW-forest. Time taken: 6.766 seconds
Ran IHW-forest. Time taken: 6.726 seconds
Ran BH. Time taken: 0.002 seconds
Ran IHW-forest. Time taken: 6.935 seconds
Ran BH. Time taken: 0.002 seconds
Ran BH. Time taken: 0.038 seconds
Ran IHW-forest. Time taken: 6.82 seconds
Ran BH. Time taken: 0.002 seconds
Ran IHW-forest. Time taken: 6.923 seconds
Ran IHW-forest. Time taken: 6.704 seconds
Ran IHW-forest. Time taken: 6.962 seconds
Ran IHW-forest. Time taken: 7.006 seconds
Ran IHW-forest. Time taken: 9.522 seconds
Ran IHW-forest. Time taken: 6.97 seconds
Ran IHW-forest. Time taken: 6.76 seconds
Ran IHW-forest. Time taken: 9.531 seconds
Ran IHW-forest. Time taken: 6.948 seconds
Ran BH. Time taken: 0.002 seconds
Ran IHW-forest. Time taken: 6.967 seconds
Ran BH. Time taken: 0.038 seconds
Ran IHW-forest. Time taken: 7.009 seconds
Ran IHW-forest. Time taken: 7.027 seconds
Ran BH. Time taken: 0.002 seconds
Ran IHW-forest. Time taken: 6.998 seconds
Ran BH. Time taken: 0.043 seconds
Ran BH. Time taken: 0.042 seconds
Ran BH. Time taken: 0.002 seconds
Ran IHW-forest. Time taken: 7.072 seconds
Ran BH. Time taken: 0.042 seconds
Ran BH. Time taken: 0.035 seconds
Ran BH. Time taken: 0.002 seconds
Ran BH. Time taken: 0.002 seconds
Ran BH. Time taken: 0.038 seconds
Ran BH. Time taken: 0.038 seconds
Ran IHW-forest. Time taken: 7.176 seconds
Ran BH. Time taken: 0.002 seconds
Ran BH. Time taken: 0.03 seconds
Ran IHW-forest. Time taken: 9.895 seconds
Ran BH. Time taken: 0.002 seconds
Ran BH. Time taken: 0.002 seconds
Ran BH. Time taken: 0.034 seconds
Ran BH. Time taken: 0.034 seconds
Ran BH. Time taken: 0.002 seconds
Ran BH. Time taken: 0.002 seconds
Ran IHW-quantile. Time taken: 65.284 seconds
Ran IHW-quantile. Time taken: 67.101 seconds
Ran IHW-forest. Time taken: 6.963 seconds
Ran BH. Time taken: 0.047 seconds
Ran IHW-forest. Time taken: 7.122 seconds
Ran BH. Time taken: 0.002 seconds
alpha = 0.1: FDPhat 0.0976, Number of Rej. 82
Task completed!
Ran AdaPT. Time taken: 60.251 seconds
alpha = 0.1: FDPhat 0.0957, Number of Rej. 115
Task completed!
Ran AdaPT. Time taken: 61.697 seconds
alpha = 0.1: FDPhat 0.0952, Number of Rej. 105
Task completed!
Ran AdaPT. Time taken: 57.551 seconds
alpha = 0.1: FDPhat 0.0935, Number of Rej. 107
Task completed!
Ran AdaPT. Time taken: 60.167 seconds
alpha = 0.1: FDPhat 0.0918, Number of Rej. 98
Task completed!
Ran AdaPT. Time taken: 86.367 seconds
Ran Boca-Leek. Time taken: 1.085 seconds
alpha = 0.1: FDPhat 0.0984, Number of Rej. 122
Task completed!
Ran AdaPT. Time taken: 65.69 seconds
alpha = 0.1: FDPhat 0.0948, Number of Rej. 116
Task completed!
Ran Boca-Leek. Time taken: 1.085 seconds
Ran AdaPT. Time taken: 66.477 seconds
alpha = 0.1: FDPhat 0.0833, Number of Rej. 24
Task completed!
Ran AdaPT. Time taken: 67.864 seconds
alpha = 0.1: FDPhat 0.0938, Number of Rej. 32
Task completed!
Ran AdaPT. Time taken: 68.363 seconds
alpha = 0.1: FDPhat 0.0667, Number of Rej. 15
Task completed!
Ran AdaPT. Time taken: 68.197 seconds
alpha = 0.1: FDPhat 0.0918, Number of Rej. 98
Task completed!
Ran AdaPT. Time taken: 62.595 seconds
alpha = 0.1: FDPhat 0.0938, Number of Rej. 32
Task completed!
Ran AdaPT. Time taken: 69.134 seconds
Ran Boca-Leek. Time taken: 1.107 seconds
Ran Boca-Leek. Time taken: 1.058 seconds
Ran Boca-Leek. Time taken: 1.217 seconds
alpha = 0.1: FDPhat 0.0968, Number of Rej. 93
Task completed!
Ran AdaPT. Time taken: 62.127 seconds
alpha = 0.1: FDPhat 0.099, Number of Rej. 101
Task completed!
Ran AdaPT. Time taken: 68.242 seconds
alpha = 0.1: FDPhat 0.093, Number of Rej. 86
Task completed!
Ran Boca-Leek. Time taken: 1.089 seconds
Ran AdaPT. Time taken: 63.642 seconds
alpha = 0.1: FDPhat 0.0964, Number of Rej. 83
Task completed!
Ran AdaPT. Time taken: 67.115 seconds
Ran Boca-Leek. Time taken: 1.091 seconds
Ran Boca-Leek. Time taken: 1.084 seconds
alpha = 0.1: FDPhat 0.093, Number of Rej. 86
Task completed!
Ran AdaPT. Time taken: 64.76 seconds
Ran Boca-Leek. Time taken: 1.073 seconds
alpha = 0.1: FDPhat 0.0833, Number of Rej. 36
Task completed!
Ran AdaPT. Time taken: 71.455 seconds
alpha = 0.1: FDPhat 0.0976, Number of Rej. 123
Task completed!
Ran AdaPT. Time taken: 65.971 seconds
Ran Boca-Leek. Time taken: 1.1 seconds
alpha = 0.1: FDPhat 0.0769, Number of Rej. 39
Task completed!
Ran AdaPT. Time taken: 67.79 seconds
Ran Boca-Leek. Time taken: 1.08 seconds
Ran Boca-Leek. Time taken: 1.031 seconds
alpha = 0.1: FDPhat 0.0989, Number of Rej. 91
Task completed!
Ran AdaPT. Time taken: 91.464 seconds
alpha = 0.1: FDPhat 0.0909, Number of Rej. 33
Task completed!
Ran AdaPT. Time taken: 73.595 seconds
alpha = 0.1: FDPhat 0.0899, Number of Rej. 89
Task completed!
Ran Boca-Leek. Time taken: 1.137 seconds
Ran AdaPT. Time taken: 63.583 seconds
Ran Clfdr-EM. Time taken: 5.962 seconds
Ran Boca-Leek. Time taken: 1.098 seconds
alpha = 0.1: FDPhat 0.0882, Number of Rej. 68
Task completed!
Ran Clfdr-EM. Time taken: 0.318 seconds
Ran AdaPT. Time taken: 68.261 seconds
alpha = 0.1: FDPhat 0.0986, Number of Rej. 71
Task completed!
Ran AdaPT. Time taken: 73.359 seconds
Ran Boca-Leek. Time taken: 1.106 seconds
Ran Boca-Leek. Time taken: 1.055 seconds
Ran Clfdr-EM. Time taken: 0.342 seconds
alpha = 0.1: FDPhat 0.0909, Number of Rej. 66
Task completed!
Ran AdaPT. Time taken: 94.68 seconds
Ran Boca-Leek. Time taken: 1.091 seconds
alpha = 0.1: FDPhat 0.0938, Number of Rej. 96
Task completed!
Ran AdaPT. Time taken: 69.269 seconds
Ran Boca-Leek. Time taken: 1.102 seconds
alpha = 0.1: FDPhat 0.1, Number of Rej. 120
Task completed!
Ran Boca-Leek. Time taken: 1.063 seconds
Ran AdaPT. Time taken: 70.437 seconds
Ran Boca-Leek. Time taken: 1.058 seconds
alpha = 0.1: FDPhat 0.0909, Number of Rej. 33
Task completed!
Ran AdaPT. Time taken: 73.241 seconds
Ran Boca-Leek. Time taken: 1.203 seconds
Ran Boca-Leek. Time taken: 1.081 seconds
Ran Clfdr-EM. Time taken: 7.875 seconds
Ran Clfdr-EM. Time taken: 2.637 seconds
alpha = 0.1: FDPhat 0.093, Number of Rej. 86
Task completed!
Ran AdaPT. Time taken: 67.886 seconds
Ran Boca-Leek. Time taken: 1.109 seconds
Ran Clfdr-EM. Time taken: 7.35 seconds
Ran Boca-Leek. Time taken: 1.085 seconds
Ran Clfdr-EM. Time taken: 7.335 seconds
Ran Boca-Leek. Time taken: 1.128 seconds
Ran Boca-Leek. Time taken: 1.183 seconds
Ran Boca-Leek. Time taken: 1.149 seconds
Ran Boca-Leek. Time taken: 1.067 seconds
Ran Clfdr-EM. Time taken: 1.438 seconds
Ran Clfdr-EM. Time taken: 0.338 seconds
Ran Clfdr-EM. Time taken: 6.756 seconds
Ran Boca-Leek. Time taken: 1.037 seconds
Ran Clfdr-EM. Time taken: 7.857 seconds
Ran Clfdr-EM. Time taken: 4.124 seconds
Ran AdaPT. Time taken: 74.957 seconds
Ran Boca-Leek. Time taken: 1.201 seconds
Ran Clfdr-EM. Time taken: 5.552 seconds
alpha = 0.1: FDPhat 0.0714, Number of Rej. 14
Task completed!
Ran AdaPT. Time taken: 75.492 seconds
Ran Clfdr-EM. Time taken: 0.296 seconds
alpha = 0.1: FDPhat 0.0714, Number of Rej. 14
Task completed!
Ran AdaPT. Time taken: 78.371 seconds
Ran Clfdr-EM. Time taken: 2.477 seconds
Ran Clfdr-EM. Time taken: 4.291 seconds
Ran Clfdr-EM. Time taken: 8.006 seconds
Ran Clfdr-EM. Time taken: 4.389 seconds
Ran Clfdr-EM. Time taken: 7.931 seconds
alpha = 0.1: FDPhat 0.087, Number of Rej. 23
Task completed!
Ran AdaPT. Time taken: 78.483 seconds
Ran Boca-Leek. Time taken: 1.156 seconds
Ran Boca-Leek. Time taken: 1.086 seconds
Ran Boca-Leek. Time taken: 1.173 seconds
Ran IHW-quantile. Time taken: 128.161 seconds
alpha = 0.1: FDPhat 0.0978, Number of Rej. 92
Task completed!
Ran AdaPT. Time taken: 79.822 seconds
Ran Boca-Leek. Time taken: 1.227 seconds
Ran Clfdr-EM. Time taken: 11.567 seconds
Ran Boca-Leek. Time taken: 1.17 seconds
Ran Clfdr-EM. Time taken: 9.147 seconds
Ran IHW-quantile. Time taken: 133.662 seconds
Ran Clfdr-EM. Time taken: 24.744 seconds
Ran Clfdr-EM. Time taken: 2.769 seconds
Ran IHW-forest. Time taken: 6.804 seconds
Ran BH. Time taken: 0.001 seconds
Ran Clfdr-EM. Time taken: 32.203 seconds
Ran IHW-forest. Time taken: 7.311 seconds
Ran Clfdr-EM. Time taken: 32.123 seconds
Ran Clfdr-EM. Time taken: 11.194 seconds
Ran Clfdr-EM. Time taken: 31.575 seconds
Ran BH. Time taken: 0.039 seconds
Ran Clfdr-EM. Time taken: 32.979 seconds
Ran Clfdr-EM. Time taken: 31.604 seconds
Ran AdaPT-xgboost. Time taken: 37.364 seconds
Ran AdaPT-xgboost. Time taken: 37.533 seconds
Ran Clfdr-EM. Time taken: 38.701 seconds
Ran AdaPT-xgboost. Time taken: 38.039 seconds
Ran Clfdr-EM. Time taken: 36.301 seconds
Ran AdaPT-xgboost. Time taken: 38.108 seconds
Ran AdaPT-xgboost. Time taken: 37.707 seconds
Ran AdaPT-xgboost. Time taken: 37.638 seconds
Ran Clfdr-EM. Time taken: 40.153 seconds
Ran AdaPT-xgboost. Time taken: 37.187 seconds
Ran AdaPT-xgboost. Time taken: 36.952 seconds
Ran AdaPT-xgboost. Time taken: 37.597 seconds
Ran AdaPT-xgboost. Time taken: 37.247 seconds
Ran AdaPT-xgboost. Time taken: 35.589 seconds
Ran AdaPT-xgboost. Time taken: 37.364 seconds
Ran AdaPT-xgboost. Time taken: 36.981 seconds
Ran AdaPT-xgboost. Time taken: 36.144 seconds
Ran AdaPT-xgboost. Time taken: 35.075 seconds
alpha = 0.1: FDPhat 0.0946, Number of Rej. 74
Task completed!
Ran AdaPT. Time taken: 80.568 seconds
Ran AdaPT-xgboost. Time taken: 35.48 seconds
alpha = 0.1: FDPhat 0.0952, Number of Rej. 105
Task completed!
Ran AdaPT. Time taken: 77.396 seconds
Ran AdaPT-xgboost. Time taken: 35.977 seconds
Ran Clfdr-EM. Time taken: 33.755 seconds
Ran AdaPT-xgboost. Time taken: 35.955 seconds
Ran Clfdr-EM. Time taken: 35.643 seconds
Ran Clfdr-EM. Time taken: 34.38 seconds
Ran Boca-Leek. Time taken: 0.668 seconds
Ran Boca-Leek. Time taken: 0.698 seconds
Ran AdaPT-xgboost. Time taken: 31.458 seconds
Ran AdaPT-xgboost. Time taken: 30.816 seconds
Ran AdaPT-xgboost. Time taken: 31.818 seconds
Ran AdaPT-xgboost. Time taken: 33.009 seconds
Ran Clfdr-EM. Time taken: 3.571 seconds
Ran AdaPT-xgboost. Time taken: 24.699 seconds
Ran AdaPT-xgboost. Time taken: 24.342 seconds
Ran AdaPT-xgboost. Time taken: 18.553 seconds
Ran AdaPT-xgboost. Time taken: 24.782 seconds
Ran AdaPT-xgboost. Time taken: 23.625 seconds
Ran AdaPT-xgboost. Time taken: 26.321 seconds
Ran AdaPT-xgboost. Time taken: 16.254 seconds
Ran AdaPT-xgboost. Time taken: 16.702 seconds
Ran Clfdr-EM. Time taken: 10.005 seconds
Ran AdaPT-xgboost. Time taken: 22.09 seconds
Ran AdaPT-xgboost. Time taken: 13.66 seconds
Ran AdaPT-xgboost. Time taken: 13.52 seconds
alpha = 0.1: FDPhat 0.0992, Number of Rej. 131
Task completed!
Ran AdaPT. Time taken: 37.252 seconds
Ran Boca-Leek. Time taken: 0.206 seconds
Ran AdaPT-xgboost. Time taken: 13.926 seconds
Ran Clfdr-EM. Time taken: 0.458 seconds
Ran AdaPT-xgboost. Time taken: 10.596 seconds
alpha = 0.1: FDPhat 0.0968, Number of Rej. 93
Task completed!
Ran AdaPT. Time taken: 32.6 seconds
Ran Boca-Leek. Time taken: 0.118 seconds
Ran AdaPT-xgboost. Time taken: 7.088 seconds
Ran Clfdr-EM. Time taken: 0.783 seconds
Ran AdaPT-xgboost. Time taken: 5.109 seconds
Ran AdaPT-xgboost. Time taken: 3.889 seconds
Ran IHW-quantile. Time taken: 198.993 seconds
Ran IHW-forest. Time taken: 0.408 seconds
Ran BH. Time taken: 0.002 seconds
alpha = 0.1: FDPhat 0.1, Number of Rej. 110
Task completed!
Ran AdaPT. Time taken: 5.771 seconds
Ran Boca-Leek. Time taken: 0.07 seconds
Ran Clfdr-EM. Time taken: 2.845 seconds
Ran AdaPT-xgboost. Time taken: 2.329 seconds
Ran IHW-quantile. Time taken: 212.933 seconds
Ran IHW-forest. Time taken: 0.396 seconds
Ran BH. Time taken: 0.002 seconds
alpha = 0.1: FDPhat 0.1, Number of Rej. 110
Task completed!
Ran AdaPT. Time taken: 4.954 seconds
Ran Boca-Leek. Time taken: 0.067 seconds
Ran Clfdr-EM. Time taken: 0.09 seconds
Ran AdaPT-xgboost. Time taken: 2.22 seconds
Ran IHW-quantile. Time taken: 225.11 seconds
Ran IHW-forest. Time taken: 0.389 seconds
Ran BH. Time taken: 0.002 seconds
alpha = 0.1: FDPhat 0.1, Number of Rej. 90
Task completed!
Ran AdaPT. Time taken: 4.96 seconds
Ran Boca-Leek. Time taken: 0.067 seconds
Ran Clfdr-EM. Time taken: 0.105 seconds
Ran AdaPT-xgboost. Time taken: 2.374 seconds
[1] "\n"
