WARNING: ignoring environment value of R_HOME
- One or more packages recorded in the lockfile are not installed.
- Use `renv::status()` for more details.

##------ Fri Aug 18 03:38:16 2023 ------##
##------ Fri Aug 18 03:38:16 2023 ------## 

simulation run:1/42
simulation run:2/42
simulation run:3/42
simulation run:4/42
simulation run:6/42
simulation run:5/42
simulation run:7/42
simulation run:8/42
simulation run:9/42
simulation run:10/42
simulation run:11/42
simulation run:12/42
simulation run:13/42
simulation run:14/42
simulation run:15/42
simulation run:16/42
simulation run:17/42
simulation run:18/42
simulation run:19/42
simulation run:20/42
simulation run:21/42
simulation run:22/42
simulation run:23/42
simulation run:24/42
simulation run:25/42
simulation run:26/42
simulation run:27/42
simulation run:28/42
simulation run:29/42
simulation run:30/42
simulation run:31/42
simulation run:32/42
simulation run:33/42
simulation run:34/42
simulation run:35/42
simulation run:36/42
simulation run:37/42
simulation run:38/42
simulation run:39/42
simulation run:40/42
simulation run:41/42
simulation run:42/42
Ran IHW-quantile. Time taken: 0.002 seconds
Ran IHW-quantile. Time taken: 0.001 seconds
Ran IHW-quantile. Time taken: 0.001 seconds
Ran IHW-forest. Time taken: 8.154 seconds
Ran BH. Time taken: 0.001 seconds
Ran IHW-forest. Time taken: 10.727 seconds
Ran IHW-forest. Time taken: 10.833 seconds
Ran BH. Time taken: 0.042 seconds
Ran BH. Time taken: 0.042 seconds
Ran IHW-quantile. Time taken: 20.666 seconds
Ran IHW-quantile. Time taken: 20.644 seconds
Ran IHW-quantile. Time taken: 19.286 seconds
Ran IHW-quantile. Time taken: 23.173 seconds
Ran IHW-quantile. Time taken: 22.154 seconds
Ran IHW-quantile. Time taken: 21.936 seconds
Ran IHW-quantile. Time taken: 22.433 seconds
Ran IHW-quantile. Time taken: 23.168 seconds
Ran IHW-quantile. Time taken: 22.252 seconds
Ran IHW-quantile. Time taken: 22.477 seconds
Ran IHW-quantile. Time taken: 23.784 seconds
Ran IHW-quantile. Time taken: 21.38 seconds
Ran IHW-quantile. Time taken: 22.175 seconds
Ran IHW-quantile. Time taken: 22.135 seconds
Ran IHW-quantile. Time taken: 23.69 seconds
Ran IHW-quantile. Time taken: 22.74 seconds
Ran IHW-quantile. Time taken: 22.319 seconds
Ran IHW-quantile. Time taken: 24.498 seconds
Ran IHW-quantile. Time taken: 21.928 seconds
Ran IHW-quantile. Time taken: 22.227 seconds
Ran IHW-quantile. Time taken: 22.741 seconds
Ran IHW-quantile. Time taken: 24.566 seconds
Ran IHW-quantile. Time taken: 25.07 seconds
Ran IHW-quantile. Time taken: 25.069 seconds
Ran IHW-quantile. Time taken: 22.712 seconds
Ran IHW-quantile. Time taken: 24.29 seconds
Ran IHW-quantile. Time taken: 24.619 seconds
Ran IHW-quantile. Time taken: 23.817 seconds
Ran IHW-quantile. Time taken: 25.293 seconds
Ran IHW-quantile. Time taken: 25.047 seconds
Ran IHW-quantile. Time taken: 25.411 seconds
Ran IHW-quantile. Time taken: 26.446 seconds
Ran IHW-forest. Time taken: 6.337 seconds
Ran IHW-forest. Time taken: 6.79 seconds
Ran IHW-forest. Time taken: 6.646 seconds
Ran IHW-forest. Time taken: 6.723 seconds
Ran IHW-forest. Time taken: 6.582 seconds
Ran BH. Time taken: 0.002 seconds
Ran IHW-forest. Time taken: 6.564 seconds
Ran IHW-forest. Time taken: 6.655 seconds
Ran IHW-forest. Time taken: 6.526 seconds
Ran IHW-forest. Time taken: 6.662 seconds
Ran IHW-forest. Time taken: 7.041 seconds
Ran BH. Time taken: 0.038 seconds
Ran IHW-forest. Time taken: 6.573 seconds
Ran BH. Time taken: 0.002 seconds
Ran IHW-forest. Time taken: 6.726 seconds
Ran IHW-forest. Time taken: 6.611 seconds
Ran IHW-forest. Time taken: 7.204 seconds
Ran IHW-forest. Time taken: 6.631 seconds
Ran IHW-forest. Time taken: 6.791 seconds
Ran IHW-forest. Time taken: 7.147 seconds
Ran IHW-forest. Time taken: 7.314 seconds
Ran IHW-forest. Time taken: 7.22 seconds
Ran IHW-forest. Time taken: 7.355 seconds
Ran IHW-forest. Time taken: 7.331 seconds
Ran BH. Time taken: 0.002 seconds
Ran IHW-forest. Time taken: 6.619 seconds
Ran BH. Time taken: 0.035 seconds
Ran IHW-forest. Time taken: 9.201 seconds
Ran BH. Time taken: 0.038 seconds
Ran BH. Time taken: 0.039 seconds
Ran BH. Time taken: 0.002 seconds
Ran IHW-forest. Time taken: 7.51 seconds
Ran IHW-forest. Time taken: 7.307 seconds
Ran BH. Time taken: 0.041 seconds
Ran BH. Time taken: 0.002 seconds
Ran IHW-forest. Time taken: 7.522 seconds
Ran IHW-forest. Time taken: 7.438 seconds
Ran BH. Time taken: 0.042 seconds
Ran IHW-forest. Time taken: 7.458 seconds
Ran BH. Time taken: 0.003 seconds
Ran IHW-forest. Time taken: 7.574 seconds
Ran BH. Time taken: 0.002 seconds
Ran BH. Time taken: 0.002 seconds
Ran BH. Time taken: 0.002 seconds
Ran BH. Time taken: 0.038 seconds
Ran IHW-forest. Time taken: 7.426 seconds
Ran BH. Time taken: 0.042 seconds
Ran BH. Time taken: 0.002 seconds
Ran IHW-forest. Time taken: 7.547 seconds
Ran BH. Time taken: 0.042 seconds
Ran BH. Time taken: 0.04 seconds
Ran BH. Time taken: 0.038 seconds
Ran BH. Time taken: 0.042 seconds
Ran BH. Time taken: 0.002 seconds
Ran BH. Time taken: 0.002 seconds
Ran BH. Time taken: 0.045 seconds
Ran BH. Time taken: 0.038 seconds
Ran IHW-forest. Time taken: 7.604 seconds
Ran BH. Time taken: 0.04 seconds
Ran BH. Time taken: 0.044 seconds
Ran BH. Time taken: 0.042 seconds
Ran BH. Time taken: 0.002 seconds
Ran BH. Time taken: 0.002 seconds
Ran BH. Time taken: 0.038 seconds
Ran IHW-quantile. Time taken: 53.244 seconds
Ran IHW-quantile. Time taken: 61.245 seconds
Ran IHW-forest. Time taken: 7.327 seconds
Ran BH. Time taken: 0.002 seconds
Ran IHW-forest. Time taken: 7.499 seconds
Ran BH. Time taken: 0.002 seconds
alpha = 0.1: FDPhat 0.0952, Number of Rej. 126
Task completed!
Ran AdaPT. Time taken: 56.815 seconds
alpha = 0.1: FDPhat 0.0952, Number of Rej. 126
Task completed!
Ran AdaPT. Time taken: 59.48 seconds
Ran Boca-Leek. Time taken: 1.026 seconds
alpha = 0.1: FDPhat 0.092, Number of Rej. 87
Task completed!
Ran AdaPT. Time taken: 59.772 seconds
alpha = 0.1: FDPhat 0.0968, Number of Rej. 124
Task completed!
Ran AdaPT. Time taken: 57.414 seconds
alpha = 0.1: FDPhat 0.1, Number of Rej. 140
Task completed!
Ran AdaPT. Time taken: 57.665 seconds
alpha = 0.1: FDPhat 0.0991, Number of Rej. 111
Task completed!
Ran AdaPT. Time taken: 60.275 seconds
Ran Boca-Leek. Time taken: 1.115 seconds
alpha = 0.1: FDPhat 0.0899, Number of Rej. 89
Task completed!
Ran AdaPT. Time taken: 58.458 seconds
alpha = 0.1: FDPhat 0.0928, Number of Rej. 97
Task completed!
alpha = 0.1: FDPhat 0.0992, Number of Rej. 121
Task completed!
Ran AdaPT. Time taken: 64.557 seconds
Ran AdaPT. Time taken: 64.883 seconds
alpha = 0.1: FDPhat 0.0991, Number of Rej. 111
Task completed!
Ran AdaPT. Time taken: 61.011 seconds
Ran Boca-Leek. Time taken: 1.037 seconds
alpha = 0.1: FDPhat 0.0947, Number of Rej. 95
Task completed!
Ran Boca-Leek. Time taken: 1.09 seconds
Ran AdaPT. Time taken: 63.78 seconds
alpha = 0.1: FDPhat 0.1, Number of Rej. 110
Task completed!
Ran AdaPT. Time taken: 62.469 seconds
Ran Boca-Leek. Time taken: 1.102 seconds
alpha = 0.1: FDPhat 0.0943, Number of Rej. 53
Task completed!
Ran AdaPT. Time taken: 67.153 seconds
Ran Boca-Leek. Time taken: 1.013 seconds
alpha = 0.1: FDPhat 0.1, Number of Rej. 20
Task completed!
Ran AdaPT. Time taken: 70.617 seconds
Ran Boca-Leek. Time taken: 1.135 seconds
alpha = 0.1: FDPhat 0.1, Number of Rej. 80
Task completed!
Ran AdaPT. Time taken: 85.727 seconds
Ran Boca-Leek. Time taken: 1.041 seconds
Ran Boca-Leek. Time taken: 1.041 seconds
alpha = 0.1: FDPhat 0.092, Number of Rej. 87
Task completed!
Ran AdaPT. Time taken: 63.613 seconds
Ran Boca-Leek. Time taken: 1.103 seconds
alpha = 0.1: FDPhat 0.0769, Number of Rej. 13
Task completed!
Ran AdaPT. Time taken: 68.172 seconds
alpha = 0.1: FDPhat 0.0991, Number of Rej. 111
Task completed!
Ran AdaPT. Time taken: 69.158 seconds
alpha = 0.1: FDPhat 0.0909, Number of Rej. 99
Task completed!
Ran AdaPT. Time taken: Ran Boca-Leek. Time taken: 66.8651.136  seconds
seconds
alpha = 0.1: FDPhat 0.099, Number of Rej. 101
Task completed!
Ran AdaPT. Time taken: 66.777 seconds
Ran Boca-Leek. Time taken: 1.113 seconds
alpha = 0.1: FDPhat 0.1, Number of Rej. 20
Task completed!
Ran AdaPT. Time taken: 73.842 seconds
alpha = 0.1: FDPhat 0.0943, Number of Rej. 53
Task completed!
Ran AdaPT. Time taken: 68.981 seconds
alpha = 0.1: FDPhat 0.0833, Number of Rej. 24
Task completed!
Ran AdaPT. Time taken: 68.58 seconds
alpha = 0.1: FDPhat 0.0962, Number of Rej. 104
Task completed!
alpha = 0.1: FDPhat 0.0588, Number of Rej. 17
Task completed!
Ran AdaPT. Time taken: 93.385 seconds
Ran AdaPT. Time taken: 73.387 seconds
alpha = 0.1: FDPhat 0.0833, Number of Rej. 24
Task completed!
Ran AdaPT. Time taken: 68.849 seconds
Ran Boca-Leek. Time taken: 1.061 seconds
Ran Boca-Leek. Time taken: 1.112 seconds
alpha = 0.1: FDPhat 0.0882, Number of Rej. 68
Task completed!
Ran AdaPT. Time taken: 71.698 seconds
alpha = 0.1: FDPhat 0.0909, Number of Rej. 55
Task completed!
Ran AdaPT. Time taken: 67.609 seconds
Ran Boca-Leek. Time taken: 1.19 seconds
Ran Boca-Leek. Time taken: 1.088 seconds
alpha = 0.1: FDPhat 0.0968, Number of Rej. 62
Task completed!
Ran AdaPT. Time taken: 71.394 seconds
Ran Boca-Leek. Time taken: 1.081 seconds
Ran Clfdr-EM. Time taken: 5.312 seconds
Ran Boca-Leek. Time taken: 1.141 seconds
Ran Boca-Leek. Time taken: 1.108 seconds
Ran Boca-Leek. Time taken: 1.171 seconds
alpha = 0.1: FDPhat 0.1, Number of Rej. 100
Task completed!
Ran AdaPT. Time taken: 92.895 seconds
Ran Boca-Leek. Time taken: 1.076 seconds
Ran Boca-Leek. Time taken: 1.131 seconds
Ran Boca-Leek. Time taken: 1.104 seconds
Ran Boca-Leek. Time taken: 1.056 seconds
Ran Clfdr-EM. Time taken: 0.333 seconds
Ran Boca-Leek. Time taken: 1.162 seconds
Ran Boca-Leek. Time taken: 1.113 seconds
alpha = 0.1: FDPhat 0.0962, Number of Rej. 52
Task completed!
Ran AdaPT. Time taken: 72.879 seconds
Ran Boca-Leek. Time taken: 1.139 seconds
Ran Clfdr-EM. Time taken: 9.881 seconds
Ran Boca-Leek. Time taken: 1.121 seconds
Ran Clfdr-EM. Time taken: 0.337 seconds
alpha = 0.1: FDPhat 0.0893, Number of Rej. 56
Task completed!
Ran AdaPT. Time taken: 73.923 seconds
Ran Clfdr-EM. Time taken: 8.525 seconds
Ran Boca-Leek. Time taken: 1.094 seconds
Ran Clfdr-EM. Time taken: 5.853 seconds
alpha = 0.1: FDPhat 0.087, Number of Rej. 23
Task completed!
Ran AdaPT. Time taken: 73.518 seconds
Ran Clfdr-EM. Time taken: 0.284 seconds
Ran Boca-Leek. Time taken: 1.142 seconds
Ran Clfdr-EM. Time taken: 15.039 seconds
alpha = 0.1: FDPhat 0.0992, Number of Rej. 131
Task completed!
Ran AdaPT. Time taken: 72.264 seconds
Ran Boca-Leek. Time taken: 1.048 seconds
alpha = 0.1: FDPhat 0.0964, Number of Rej. 83
Task completed!
Ran AdaPT. Time taken: 77.331 seconds
Ran Clfdr-EM. Time taken: 8.967 seconds
Ran Clfdr-EM. Time taken: 7.884 seconds
Ran Boca-Leek. Time taken: 1.171 seconds
Ran Clfdr-EM. Time taken: 5.389 seconds
Ran Boca-Leek. Time taken: 1.122 seconds
Ran Clfdr-EM. Time taken: 10.687 seconds
Ran Boca-Leek. Time taken: 1.045 seconds
Ran Clfdr-EM. Time taken: 9.164 seconds
Ran Clfdr-EM. Time taken: 3.978 seconds
Ran Clfdr-EM. Time taken: 12.044 seconds
Ran Boca-Leek. Time taken: 1.161 seconds
Ran Clfdr-EM. Time taken: 8.827 seconds
Ran IHW-quantile. Time taken: 122.235 seconds
Ran Clfdr-EM. Time taken: 9.125 seconds
Ran Clfdr-EM. Time taken: 8.52 seconds
Ran Clfdr-EM. Time taken: 10.327 seconds
Ran Clfdr-EM. Time taken: 6.431 seconds
Ran Clfdr-EM. Time taken: 9.193 seconds
Ran Clfdr-EM. Time taken: 10.59 seconds
Ran Clfdr-EM. Time taken: 5.796 seconds
Ran IHW-quantile. Time taken: 129.074 seconds
Ran Clfdr-EM. Time taken: 8.204 seconds
Ran IHW-forest. Time taken: 10.824 seconds
Ran BH. Time taken: 0.038 seconds
Ran Clfdr-EM. Time taken: 20.356 seconds
Ran Clfdr-EM. Time taken: 32.589 seconds
Ran IHW-forest. Time taken: 7.52 seconds
Ran Clfdr-EM. Time taken: 34.296 seconds
Ran BH. Time taken: 0.001 seconds
Ran Clfdr-EM. Time taken: 31.896 seconds
Ran Clfdr-EM. Time taken: 38.564 seconds
Ran Clfdr-EM. Time taken: 34.695 seconds
Ran Clfdr-EM. Time taken: 37.117 seconds
Ran AdaPT-xgboost. Time taken: 36.973 seconds
Ran Clfdr-EM. Time taken: 39.229 seconds
Ran AdaPT-xgboost. Time taken: 37.968 seconds
Ran Clfdr-EM. Time taken: 34.513 seconds
Ran AdaPT-xgboost. Time taken: 39.408 seconds
Ran Clfdr-EM. Time taken: 31.82 seconds
Ran Clfdr-EM. Time taken: 41.634 seconds
Ran AdaPT-xgboost. Time taken: 38.716 seconds
Ran AdaPT-xgboost. Time taken: 39.802 seconds
alpha = 0.1: FDPhat 0.0991, Number of Rej. 111
Task completed!
Ran AdaPT. Time taken: 79.329 seconds
alpha = 0.1: FDPhat 0.0986, Number of Rej. 71
Task completed!
Ran AdaPT. Time taken: 89.007 seconds
Ran AdaPT-xgboost. Time taken: 39.326 seconds
Ran AdaPT-xgboost. Time taken: 36.799 seconds
Ran AdaPT-xgboost. Time taken: 38.469 seconds
Ran AdaPT-xgboost. Time taken: 35.364 seconds
Ran AdaPT-xgboost. Time taken: 36.311 seconds
Ran AdaPT-xgboost. Time taken: 37.705 seconds
Ran Boca-Leek. Time taken: 0.875 seconds
Ran AdaPT-xgboost. Time taken: 37.279 seconds
Ran Boca-Leek. Time taken: 0.877 seconds
Ran AdaPT-xgboost. Time taken: 37.869 seconds
Ran AdaPT-xgboost. Time taken: 35.358 seconds
Ran AdaPT-xgboost. Time taken: 36.279 seconds
Ran AdaPT-xgboost. Time taken: 35.732 seconds
Ran AdaPT-xgboost. Time taken: 34.568 seconds
Ran AdaPT-xgboost. Time taken: 31.997 seconds
Ran AdaPT-xgboost. Time taken: 34.153 seconds
Ran AdaPT-xgboost. Time taken: 35.157 seconds
Ran AdaPT-xgboost. Time taken: 32.326 seconds
Ran Clfdr-EM. Time taken: 3.575 seconds
Ran AdaPT-xgboost. Time taken: 26.436 seconds
Ran AdaPT-xgboost. Time taken: 27.17 seconds
Ran AdaPT-xgboost. Time taken: 24.681 seconds
Ran AdaPT-xgboost. Time taken: 21.848 seconds
Ran AdaPT-xgboost. Time taken: 13.961 seconds
Ran AdaPT-xgboost. Time taken: 21.328 seconds
Ran Clfdr-EM. Time taken: 11.027 seconds
Ran AdaPT-xgboost. Time taken: 21.562 seconds
Ran AdaPT-xgboost. Time taken: 21.047 seconds
alpha = 0.1: FDPhat 0.0962, Number of Rej. 104
Task completed!
Ran AdaPT. Time taken: 33.748 seconds
Ran Boca-Leek. Time taken: 0.17 seconds
Ran AdaPT-xgboost. Time taken: 18.12 seconds
Ran AdaPT-xgboost. Time taken: 18.207 seconds
Ran AdaPT-xgboost. Time taken: 18.681 seconds
Ran AdaPT-xgboost. Time taken: 11.798 seconds
Ran AdaPT-xgboost. Time taken: 6.141 seconds
Ran Clfdr-EM. Time taken: 4.769 seconds
alpha = 0.1: FDPhat 0.1, Number of Rej. 90
Task completed!
Ran AdaPT. Time taken: 36.006 seconds
Ran Boca-Leek. Time taken: 0.104 seconds
Ran AdaPT-xgboost. Time taken: 5.311 seconds
Ran Clfdr-EM. Time taken: 4.237 seconds
Ran AdaPT-xgboost. Time taken: 3.48 seconds
Ran IHW-quantile. Time taken: 199.522 seconds
Ran IHW-forest. Time taken: 0.614 seconds
Ran BH. Time taken: 0.002 seconds
alpha = 0.1: FDPhat 0.0976, Number of Rej. 123
Task completed!
Ran AdaPT. Time taken: 6.92 seconds
Ran Boca-Leek. Time taken: 0.104 seconds
Ran Clfdr-EM. Time taken: 1.336 seconds
Ran AdaPT-xgboost. Time taken: 3.352 seconds
Ran IHW-quantile. Time taken: 218.914 seconds
Ran IHW-forest. Time taken: 0.381 seconds
Ran BH. Time taken: 0.002 seconds
Ran IHW-quantile. Time taken: 228.017 seconds
alpha = 0.1: FDPhat 0.0986, Number of Rej. 71
Task completed!
Ran AdaPT. Time taken: 5.099 seconds
Ran IHW-forest. Time taken: 0.371 seconds
Ran Boca-Leek. Time taken: 0.066 seconds
Ran BH. Time taken: 0.002 seconds
Ran Clfdr-EM. Time taken: 0.496 seconds
Ran AdaPT-xgboost. Time taken: 2.226 seconds
alpha = 0.1: FDPhat 0.0947, Number of Rej. 95
Task completed!
Ran AdaPT. Time taken: 5.343 seconds
Ran Boca-Leek. Time taken: 0.066 seconds
Ran Clfdr-EM. Time taken: 0.141 seconds
Ran AdaPT-xgboost. Time taken: 2.177 seconds
[1] "\n"
