WARNING: ignoring environment value of R_HOME
[1] "\n"
##------ Thu Aug  3 19:48:02 2023 ------##
##------ Thu Aug  3 19:48:02 2023 ------## 
[1] "\n"
simulation run:1/14
simulation run:3/14
simulation run:5/14
simulation run:2/14
simulation run:4/14
simulation run:6/14
simulation run:8/14
simulation run:7/14
simulation run:9/14
simulation run:10/14
simulation run:11/14
simulation run:12/14
simulation run:13/14
simulation run:14/14
alpha = 0.1: FDPhat 0.0986, Number of Rej. 71
Task completed!
alpha = 0.1: FDPhat 0.0833, Number of Rej. 24
Task completed!
alpha = 0.1: FDPhat 0.0977, Number of Rej. 133
Task completed!
alpha = 0.1: FDPhat 0.1, Number of Rej. 10
Task completed!
alpha = 0.1: FDPhat 0.0714, Number of Rej. 14
Task completed!
[1] "\n"
