WARNING: ignoring environment value of R_HOME
- One or more packages recorded in the lockfile are not installed.
- Use `renv::status()` for more details.

##------ Fri Aug 18 03:36:21 2023 ------##
##------ Fri Aug 18 03:36:21 2023 ------## 

simulation run:1/97
simulation run:2/97
simulation run:3/97
simulation run:4/97
simulation run:5/97
simulation run:6/97
simulation run:7/97
simulation run:8/97
simulation run:9/97
simulation run:10/97
simulation run:11/97
simulation run:12/97
simulation run:13/97
simulation run:14/97
simulation run:15/97
simulation run:16/97
simulation run:17/97
simulation run:18/97
simulation run:19/97
simulation run:20/97
simulation run:21/97
simulation run:22/97
simulation run:23/97
simulation run:24/97
simulation run:25/97
simulation run:26/97
simulation run:27/97
simulation run:28/97
simulation run:29/97
simulation run:30/97
simulation run:31/97
simulation run:32/97
simulation run:33/97
simulation run:34/97
simulation run:35/97
simulation run:36/97
simulation run:37/97
simulation run:38/97
simulation run:39/97
simulation run:40/97
Ran IHW-quantile. Time taken: 0.033 seconds
simulation run:41/97
simulation run:42/97
simulation run:43/97
simulation run:44/97
simulation run:45/97
simulation run:46/97
simulation run:47/97
Ran IHW-quantile. Time taken: 0.046 seconds
simulation run:48/97
simulation run:49/97
simulation run:50/97
simulation run:51/97
simulation run:52/97
Ran IHW-quantile. Time taken: 0.053 seconds
Ran IHW-quantile. Time taken: 0.053 seconds
simulation run:53/97
Ran IHW-quantile. Time taken: 0.002 seconds
simulation run:54/97
Ran IHW-quantile. Time taken: 0.057 seconds
simulation run:55/97
simulation run:56/97
simulation run:57/97
simulation run:58/97
simulation run:59/97
simulation run:60/97
simulation run:61/97
simulation run:62/97
simulation run:63/97
simulation run:64/97
simulation run:65/97
simulation run:66/97
simulation run:67/97
simulation run:68/97
simulation run:69/97
simulation run:70/97
simulation run:71/97
Ran IHW-quantile. Time taken: 0.256 seconds
