WARNING: ignoring environment value of R_HOME
seed 16 
dimensions 2 3 4 5 6 
[1] "\n"
simulation run:1/9375
simulation run:2/9375
simulation run:3/9375
simulation run:4/9375
simulation run:5/9375
simulation run:6/9375
simulation run:7/9375
simulation run:8/9375
simulation run:9/9375
simulation run:10/9375
simulation run:11/9375
simulation run:12/9375
simulation run:13/9375
simulation run:14/9375
simulation run:15/9375
simulation run:16/9375
simulation run:17/9375
simulation run:18/9375
simulation run:19/9375
simulation run:20/9375
simulation run:21/9375
simulation run:22/9375
simulation run:23/9375
simulation run:24/9375
simulation run:25/9375
simulation run:26/9375
simulation run:27/9375
simulation run:28/9375
simulation run:29/9375
simulation run:30/9375
simulation run:31/9375
simulation run:32/9375
simulation run:33/9375
simulation run:34/9375
simulation run:35/9375
simulation run:36/9375
simulation run:37/9375
simulation run:38/9375
simulation run:39/9375
simulation run:40/9375
simulation run:41/9375
simulation run:42/9375
simulation run:43/9375
simulation run:44/9375
simulation run:45/9375
simulation run:46/9375
simulation run:47/9375
simulation run:48/9375
simulation run:49/9375
simulation run:50/9375
simulation run:51/9375
simulation run:52/9375
simulation run:53/9375
simulation run:54/9375
simulation run:55/9375
simulation run:56/9375
simulation run:57/9375
simulation run:58/9375
simulation run:59/9375
simulation run:60/9375
simulation run:61/9375
simulation run:62/9375
simulation run:63/9375
simulation run:64/9375
simulation run:65/9375
simulation run:66/9375
simulation run:67/9375
simulation run:68/9375
simulation run:69/9375
simulation run:70/9375
simulation run:71/9375
simulation run:72/9375
simulation run:73/9375
simulation run:74/9375
simulation run:75/9375
simulation run:76/9375
simulation run:77/9375
simulation run:78/9375
simulation run:79/9375
simulation run:80/9375
simulation run:81/9375
simulation run:82/9375
simulation run:83/9375
simulation run:84/9375
simulation run:85/9375
simulation run:86/9375
simulation run:87/9375
simulation run:88/9375
simulation run:89/9375
simulation run:90/9375
simulation run:91/9375
simulation run:92/9375
simulation run:93/9375
simulation run:94/9375
simulation run:95/9375
simulation run:96/9375
simulation run:97/9375
simulation run:98/9375
simulation run:99/9375
simulation run:100/9375
simulation run:101/9375
simulation run:102/9375
simulation run:103/9375
simulation run:104/9375
simulation run:105/9375
simulation run:106/9375
simulation run:107/9375
simulation run:108/9375
simulation run:109/9375
simulation run:110/9375
simulation run:111/9375
simulation run:112/9375
simulation run:113/9375
simulation run:114/9375
simulation run:115/9375
simulation run:116/9375
simulation run:117/9375
simulation run:118/9375
simulation run:119/9375
simulation run:120/9375
simulation run:121/9375
simulation run:122/9375
simulation run:123/9375
simulation run:124/9375
simulation run:125/9375
simulation run:126/9375
simulation run:127/9375
simulation run:253/9375
simulation run:380/9375
simulation run:507/9375
simulation run:634/9375
simulation run:761/9375
simulation run:888/9375
simulation run:1015/9375
simulation run:1142/9375
simulation run:1269/9375
simulation run:1396/9375
simulation run:1523/9375
simulation run:1650/9375
simulation run:1777/9375
simulation run:1904/9375
simulation run:2031/9375
simulation run:2158/9375
simulation run:2285/9375
simulation run:2412/9375
simulation run:2539/9375
simulation run:2666/9375
simulation run:2793/9375
simulation run:2920/9375
simulation run:3047/9375
simulation run:3174/9375
simulation run:3301/9375
alpha = 0.1: FDPhat 0.0833, Number of Rej. 36
Task completed!
simulation run:3428/9375
OSI Abandoned calculation: Code 1 

sym_get_col_solution(): No solution has been stored!
alpha = 0.1: FDPhat 0.0882, Number of Rej. 34
Task completed!
simulation run:3555/9375
alpha = 0.1: FDPhat 0.1, Number of Rej. 20
Task completed!
simulation run:3682/9375
alpha = 0.1: FDPhat 0.1, Number of Rej. 20
Task completed!
simulation run:3809/9375
