- One or more packages recorded in the lockfile are not installed.
- Use `renv::status()` for more details.

##------ Sat Aug 19 01:04:53 2023 ------##
##------ Sat Aug 19 01:04:53 2023 ------## 

simulation run:1/120
simulation run:2/120
simulation run:3/120
simulation run:4/120
simulation run:5/120
simulation run:6/120
simulation run:7/120
simulation run:8/120
simulation run:9/120
simulation run:10/120
simulation run:11/120
simulation run:12/120
simulation run:13/120
simulation run:14/120
simulation run:15/120
simulation run:16/120
simulation run:17/120
simulation run:18/120
simulation run:19/120
simulation run:20/120
simulation run:21/120
simulation run:22/120
simulation run:23/120
simulation run:24/120
simulation run:25/120
simulation run:26/120
simulation run:27/120
simulation run:28/120
simulation run:29/120
simulation run:30/120
simulation run:31/120
simulation run:32/120
simulation run:33/120
simulation run:34/120
simulation run:35/120
simulation run:36/120
simulation run:37/120
simulation run:38/120
simulation run:39/120
simulation run:40/120
simulation run:41/120
simulation run:42/120
simulation run:43/120
simulation run:44/120
simulation run:45/120
simulation run:46/120
Ran IHW-quantile. Time taken: 0.001 seconds
simulation run:47/120
Ran IHW-quantile. Time taken: 0.001 seconds
simulation run:48/120
Ran IHW-quantile. Time taken: 0.002 seconds
simulation run:49/120
simulation run:50/120
simulation run:51/120
Ran IHW-quantile. Time taken: 0.059 seconds
simulation run:52/120
Ran IHW-quantile. Time taken: 0.001 seconds
simulation run:53/120
simulation run:54/120
Ran IHW-quantile. Time taken: 0.051 seconds
simulation run:55/120
simulation run:56/120
simulation run:57/120
Ran IHW-quantile. Time taken: 0.049 seconds
simulation run:58/120
simulation run:59/120
simulation run:60/120
Ran IHW-quantile. Time taken: 0.002 seconds
simulation run:61/120
simulation run:62/120
Ran IHW-quantile. Time taken: 0.001 seconds
simulation run:63/120
simulation run:64/120
Ran IHW-quantile. Time taken: 0.061 seconds
Ran IHW-quantile. Time taken: 0.002 seconds
simulation run:65/120
simulation run:66/120
simulation run:67/120
simulation run:68/120
Ran IHW-quantile. Time taken: 0.069 seconds
simulation run:69/120
Ran IHW-quantile. Time taken: 0.001 seconds
Ran IHW-quantile. Time taken: 0.001 seconds
simulation run:70/120
