- One or more packages recorded in the lockfile are not installed.
- Use `renv::status()` for more details.

##------ Sat Aug 19 01:08:56 2023 ------##
##------ Sat Aug 19 01:08:56 2023 ------## 

simulation run:1/70
simulation run:2/70
simulation run:3/70
simulation run:5/70
simulation run:7/70
simulation run:4/70
simulation run:6/70
simulation run:8/70
simulation run:9/70
simulation run:10/70
simulation run:11/70
simulation run:12/70
simulation run:13/70
simulation run:14/70
simulation run:15/70
simulation run:16/70
simulation run:17/70
simulation run:18/70
simulation run:19/70
simulation run:20/70
simulation run:21/70
simulation run:22/70
simulation run:23/70
simulation run:24/70
simulation run:25/70
simulation run:26/70
simulation run:27/70
simulation run:28/70
simulation run:29/70
simulation run:30/70
simulation run:31/70
simulation run:32/70
simulation run:33/70
simulation run:34/70
simulation run:35/70
simulation run:36/70
simulation run:37/70
simulation run:38/70
simulation run:39/70
simulation run:40/70
simulation run:41/70
simulation run:42/70
simulation run:43/70
simulation run:44/70
simulation run:45/70
simulation run:46/70
simulation run:47/70
simulation run:48/70
simulation run:49/70
simulation run:50/70
simulation run:51/70
simulation run:52/70
simulation run:53/70
simulation run:54/70
simulation run:55/70
simulation run:56/70
simulation run:57/70
simulation run:58/70
simulation run:59/70
simulation run:60/70
simulation run:61/70
simulation run:62/70
Ran IHW-quantile. Time taken: 0.001 seconds
simulation run:63/70
simulation run:64/70
Ran IHW-quantile. Time taken: 0.001 seconds
simulation run:65/70
simulation run:66/70
simulation run:67/70
simulation run:68/70
Ran IHW-quantile. Time taken: 0.062 seconds
simulation run:69/70
simulation run:70/70
Ran IHW-quantile. Time taken: 0.071 seconds
Ran IHW-quantile. Time taken: 0.002 seconds
Ran IHW-quantile. Time taken: 0.058 seconds
Ran IHW-quantile. Time taken: 0.002 seconds
Ran IHW-quantile. Time taken: 0.002 seconds
Ran IHW-quantile. Time taken: 0.018 seconds
Ran IHW-quantile. Time taken: 0.071 seconds
Ran IHW-forest. Time taken: 15.116 seconds
Ran IHW-forest. Time taken: 15.158 seconds
Ran IHW-forest. Time taken: 15.344 seconds
Ran IHW-forest. Time taken: 13.86 seconds
Ran IHW-forest. Time taken: 14.075 seconds
Ran IHW-forest. Time taken: 15.121 seconds
Ran BH. Time taken: 0.05 seconds
Ran BH. Time taken: 0.002 seconds
Ran IHW-forest. Time taken: 13.408 seconds
Ran BH. Time taken: 0.046 seconds
Ran IHW-forest. Time taken: 14.539 seconds
Ran IHW-forest. Time taken: 13.079 seconds
Ran BH. Time taken: 0.046 seconds
Ran BH. Time taken: 0.002 seconds
Ran BH. Time taken: 0.002 seconds
Ran IHW-forest. Time taken: 13.457 seconds
Ran BH. Time taken: 0.047 seconds
Ran BH. Time taken: 0.046 seconds
Ran BH. Time taken: 0.002 seconds
Ran BH. Time taken: 0.048 seconds
Ran IHW-quantile. Time taken: 34.713 seconds
Ran IHW-quantile. Time taken: 33.363 seconds
Ran IHW-quantile. Time taken: 30.895 seconds
Ran IHW-quantile. Time taken: 37.986 seconds
Ran IHW-quantile. Time taken: 38.391 seconds
Ran IHW-quantile. Time taken: 34.128 seconds
Ran IHW-quantile. Time taken: 38.088 seconds
Ran IHW-quantile. Time taken: 36.445 seconds
Ran IHW-quantile. Time taken: 36.607 seconds
Ran IHW-quantile. Time taken: 36.599 seconds
Ran IHW-quantile. Time taken: 34.097 seconds
Ran IHW-quantile. Time taken: 36.582 seconds
Ran IHW-quantile. Time taken: 34.404 seconds
Ran IHW-quantile. Time taken: Ran IHW-quantile. Time taken: 37.222 seconds
33.528 seconds
Ran IHW-quantile. Time taken: 36.74 seconds
Ran IHW-quantile. Time taken: 35.899 seconds
Ran IHW-quantile. Time taken: 35.546 seconds
Ran IHW-quantile. Time taken: 34.557 seconds
Ran IHW-forest. Time taken: 8.083 seconds
Ran IHW-forest. Time taken: 8.795 seconds
Ran IHW-forest. Time taken: 8.28 seconds
Ran IHW-forest. Time taken: 8.173 seconds
Ran IHW-forest. Time taken: 7.866 seconds
Ran IHW-forest. Time taken: 7.913 seconds
Ran IHW-forest. Time taken: 8.182 seconds
Ran IHW-forest. Time taken: 8.302 seconds
Ran IHW-forest. Time taken: 8.014 seconds
Ran IHW-forest. Time taken: 8.685 seconds
Ran IHW-forest. Time taken: 8.218 seconds
Ran BH. Time taken: 0.002 seconds
Ran BH. Time taken: 0.002 seconds
Ran IHW-forest. Time taken: 7.905 seconds
Ran IHW-forest. Time taken: 8.163 seconds
Ran BH. Time taken: 0.002 seconds
Ran IHW-forest. Time taken: 8.423 seconds
Ran IHW-forest. Time taken: 8.728 seconds
Ran IHW-forest. Time taken: 7.92 seconds
Ran BH. Time taken: 0.002 seconds
Ran BH. Time taken: 0.002 seconds
Ran BH. Time taken: 0.002 seconds
Ran BH. Time taken: 0.002 seconds
Ran IHW-forest. Time taken: 8.276 seconds
Ran BH. Time taken: 0.047 seconds
Ran BH. Time taken: 0.048 seconds
Ran BH. Time taken: 0.002 seconds
Ran BH. Time taken: 0.04 seconds
Ran BH. Time taken: 0.041 seconds
Ran BH. Time taken: 0.002 seconds
Ran BH. Time taken: 0.053 seconds
Ran BH. Time taken: 0.042 seconds
Ran BH. Time taken: 0.044 seconds
Ran BH. Time taken: 0.034 seconds
Ran IHW-quantile. Time taken: 73.276 seconds
Ran IHW-quantile. Time taken: 72.751 seconds
Ran IHW-quantile. Time taken: 75.623 seconds
Ran IHW-quantile. Time taken: 71.275 seconds
Ran IHW-quantile. Time taken: 75.229 seconds
Ran IHW-quantile. Time taken: 73.912 seconds
Ran IHW-forest. Time taken: 8.127 seconds
Ran IHW-forest. Time taken: 8.89 seconds
Ran IHW-forest. Time taken: 8.914 seconds
Ran IHW-forest. Time taken: 8.376 seconds
Ran IHW-forest. Time taken: 9.034 seconds
Ran BH. Time taken: 0.043 seconds
Ran BH. Time taken: 0.046 seconds
Ran BH. Time taken: 0.002 seconds
Ran BH. Time taken: 0.038 seconds
Ran BH. Time taken: 0.042 seconds
alpha = 0.1: FDPhat 0.0968, Number of Rej. 93
Task completed!
Ran AdaPT. Time taken: 86.276 seconds
Ran Boca-Leek. Time taken: 1.227 seconds
alpha = 0.1: FDPhat 0.1, Number of Rej. 80
Task completed!
alpha = 0.1: FDPhat 0.0984, Number of Rej. 122
Task completed!
Ran AdaPT. Time taken: 93.356 seconds
Ran AdaPT. Time taken: 63.192 seconds
alpha = 0.1: FDPhat 0.1, Number of Rej. 140
Task completed!
Ran AdaPT. Time taken: 67.424 seconds
alpha = 0.1: FDPhat 0.0962, Number of Rej. 104
Task completed!
Ran AdaPT. Time taken: 98.685 seconds
alpha = 0.1: FDPhat 0.0968, Number of Rej. 155
Task completed!
Ran AdaPT. Time taken: 92.414 seconds
alpha = 0.1: FDPhat 0.0917, Number of Rej. 109
Task completed!
Ran AdaPT. Time taken: 69.581 seconds
Ran Boca-Leek. Time taken: 1.211 seconds
Ran Boca-Leek. Time taken: 1.146 seconds
alpha = 0.1: FDPhat 0.0989, Number of Rej. 91
Task completed!
alpha = 0.1: FDPhat 0.0965, Number of Rej. 114
Task completed!
Ran AdaPT. Time taken: 67.7 seconds
Ran AdaPT. Time taken: 99.887 seconds
Ran Boca-Leek. Time taken: 1.282 seconds
Ran Boca-Leek. Time taken: 1.269 seconds
alpha = 0.1: FDPhat 0.1, Number of Rej. 100
Task completed!
Ran AdaPT. Time taken: 102.266 seconds
Ran Boca-Leek. Time taken: 1.182 seconds
alpha = 0.1: FDPhat 0.0943, Number of Rej. 53
Task completed!
alpha = 0.1: FDPhat 0.1, Number of Rej. 100
Task completed!
Ran AdaPT. Time taken: 74.264 seconds
Ran AdaPT. Time taken: 101.83 seconds
Ran Boca-Leek. Time taken: 1.243 seconds
alpha = 0.1: FDPhat 0.0964, Number of Rej. 83
Task completed!
Ran AdaPT. Time taken: 104.357 seconds
alpha = 0.1: FDPhat 0.0971, Number of Rej. 103
Task completed!
Ran AdaPT. Time taken: 101.148 seconds
alpha = 0.1: FDPhat 0.0942, Number of Rej. 138
Task completed!
Ran AdaPT. Time taken: 72.773 seconds
Ran Boca-Leek. Time taken: 1.131 seconds
Ran Boca-Leek. Time taken: 1.278 seconds
Ran Boca-Leek. Time taken: 1.503 seconds
Ran Boca-Leek. Time taken: 1.157 seconds
alpha = 0.1: FDPhat 0.0946, Number of Rej. 74
Task completed!
Ran AdaPT. Time taken: 76.316 seconds
Ran Boca-Leek. Time taken: 1.269 seconds
alpha = 0.1: FDPhat 0.0952, Number of Rej. 126
Task completed!
Ran AdaPT. Time taken: 78.292 seconds
Ran Boca-Leek. Time taken: 1.186 seconds
Ran Boca-Leek. Time taken: 1.206 seconds
alpha = 0.1: FDPhat 0.0968, Number of Rej. 93
Task completed!
Ran AdaPT. Time taken: 78.553 seconds
Ran Boca-Leek. Time taken: 1.146 seconds
alpha = 0.1: FDPhat 0.0741, Number of Rej. 27
Task completed!
Ran AdaPT. Time taken: 79.787 seconds
alpha = 0.1: FDPhat 0.0667, Number of Rej. 15
Task completed!
Ran AdaPT. Time taken: 81.36 seconds
Ran Clfdr-EM. Time taken: 8.981 seconds
Ran Boca-Leek. Time taken: 1.15 seconds
Ran Clfdr-EM. Time taken: 3.131 seconds
Ran Clfdr-EM. Time taken: 9.563 seconds
Ran Boca-Leek. Time taken: 1.147 seconds
alpha = 0.1: FDPhat 0.096, Number of Rej. 125
Task completed!
Ran AdaPT. Time taken: 78.957 seconds
alpha = 0.1: FDPhat 0.0909, Number of Rej. 22
Task completed!
Ran AdaPT. Time taken: 80.765 seconds
Ran Boca-Leek. Time taken: 1.181 seconds
Ran Boca-Leek. Time taken: 1.297 seconds
Ran Boca-Leek. Time taken: 1.288 seconds
Ran Clfdr-EM. Time taken: 9.498 seconds
alpha = 0.1: FDPhat 0.0957, Number of Rej. 115
Task completed!
Ran AdaPT. Time taken: 83.04 seconds
Ran IHW-quantile. Time taken: 137.4 seconds
Ran Clfdr-EM. Time taken: 1.236 seconds
alpha = 0.1: FDPhat 0.0928, Number of Rej. 97
Task completed!
Ran AdaPT. Time taken: 86.549 seconds
Ran Clfdr-EM. Time taken: 6.438 seconds
Ran Boca-Leek. Time taken: 1.167 seconds
Ran Boca-Leek. Time taken: 1.301 seconds
alpha = 0.1: FDPhat 0.0893, Number of Rej. 56
Task completed!
Ran AdaPT. Time taken: 114.476 seconds
Ran Clfdr-EM. Time taken: 12.491 seconds
alpha = 0.1: FDPhat 0.0947, Number of Rej. 95
Task completed!
Ran Boca-Leek. Time taken: 1.241 seconds
Ran AdaPT. Time taken: 87.211 seconds
Ran Clfdr-EM. Time taken: 8.531 seconds
Ran Boca-Leek. Time taken: 1.111 seconds
Ran IHW-quantile. Time taken: 147.485 seconds
alpha = 0.1: FDPhat 0.0973, Number of Rej. 113
Task completed!
Ran Clfdr-EM. Time taken: 15.761 seconds
Ran AdaPT. Time taken: 89.268 seconds
Ran Clfdr-EM. Time taken: 10.576 seconds
Ran Clfdr-EM. Time taken: 11.945 seconds
Ran Boca-Leek. Time taken: 1.246 seconds
Ran Boca-Leek. Time taken: 1.157 seconds
Ran IHW-quantile. Time taken: 144.884 seconds
Ran IHW-forest. Time taken: 7.365 seconds
Ran Boca-Leek. Time taken: 1.171 seconds
Ran Clfdr-EM. Time taken: 4.384 seconds
Ran IHW-quantile. Time taken: 149.914 seconds
Ran IHW-quantile. Time taken: 148.456 seconds
Ran IHW-quantile. Time taken: 153.738 seconds
Ran Clfdr-EM. Time taken: 8.186 seconds
Ran IHW-quantile. Time taken: 153.48 seconds
Ran BH. Time taken: 0.046 seconds
Ran Clfdr-EM. Time taken: 6.402 seconds
Ran IHW-quantile. Time taken: 154.614 seconds
Ran IHW-forest. Time taken: 7.444 seconds
Ran Clfdr-EM. Time taken: 5.364 seconds
Ran Clfdr-EM. Time taken: 22.503 seconds
Ran BH. Time taken: 0.042 seconds
Ran IHW-forest. Time taken: 7.582 seconds
Ran Clfdr-EM. Time taken: 11.051 seconds
Ran IHW-forest. Time taken: 7.053 seconds
Ran IHW-forest. Time taken: 7.482 seconds
Ran IHW-forest. Time taken: 7.497 seconds
Ran IHW-forest. Time taken: 7.112 seconds
Ran BH. Time taken: 0.042 seconds
Ran BH. Time taken: 0.003 seconds
Ran BH. Time taken: 0.002 seconds
Ran IHW-forest. Time taken: 6.905 seconds
Ran BH. Time taken: 0.002 seconds
Ran BH. Time taken: 0.038 seconds
Ran Clfdr-EM. Time taken: 36.602 seconds
Ran Clfdr-EM. Time taken: 33.608 seconds
Ran Clfdr-EM. Time taken: 45.854 seconds
Ran BH. Time taken: 0.002 seconds
alpha = 0.1: FDPhat 0.096, Number of Rej. 125
Task completed!
Ran AdaPT. Time taken: 74.273 seconds
Ran Boca-Leek. Time taken: 1.175 seconds
alpha = 0.1: FDPhat 0.0957, Number of Rej. 94
Task completed!
Ran AdaPT. Time taken: 79.051 seconds
alpha = 0.1: FDPhat 0.0882, Number of Rej. 68
Task completed!
Ran AdaPT. Time taken: 82.059 seconds
alpha = 0.1: FDPhat 0.1, Number of Rej. 120
Task completed!
Ran AdaPT. Time taken: 78.786 seconds
Ran AdaPT-xgboost. Time taken: 37.645 seconds
Ran Boca-Leek. Time taken: 1.183 seconds
Ran Clfdr-EM. Time taken: 37.638 seconds
Ran AdaPT-xgboost. Time taken: 38.543 seconds
Ran Clfdr-EM. Time taken: 37.182 seconds
Ran Clfdr-EM. Time taken: 36.29 seconds
Ran Boca-Leek. Time taken: 0.997 seconds
alpha = 0.1: FDPhat 0.094, Number of Rej. 117
Task completed!
Ran AdaPT. Time taken: 85.605 seconds
Ran Boca-Leek. Time taken: 1.15 seconds
Ran AdaPT-xgboost. Time taken: 37.911 seconds
Ran Clfdr-EM. Time taken: 43.332 seconds
Ran AdaPT-xgboost. Time taken: 36.655 seconds
Ran Clfdr-EM. Time taken: 39.395 seconds
Ran Clfdr-EM. Time taken: 37.494 seconds
Ran Boca-Leek. Time taken: 1.187 seconds
Ran Clfdr-EM. Time taken: 8.519 seconds
Ran AdaPT-xgboost. Time taken: 35.943 seconds
Ran AdaPT-xgboost. Time taken: 40.249 seconds
Ran AdaPT-xgboost. Time taken: 40.206 seconds
Ran AdaPT-xgboost. Time taken: 39.426 seconds
Ran AdaPT-xgboost. Time taken: 39.542 seconds
Ran AdaPT-xgboost. Time taken: 33.853 seconds
Ran AdaPT-xgboost. Time taken: 33.341 seconds
Ran Clfdr-EM. Time taken: 10.603 seconds
Ran AdaPT-xgboost. Time taken: 31.8 seconds
Ran AdaPT-xgboost. Time taken: 32.301 seconds
Ran AdaPT-xgboost. Time taken: 37.809 seconds
Ran Clfdr-EM. Time taken: 38.895 seconds
Ran AdaPT-xgboost. Time taken: 30.119 seconds
Ran AdaPT-xgboost. Time taken: 27.298 seconds
Ran AdaPT-xgboost. Time taken: 27.579 seconds
Ran AdaPT-xgboost. Time taken: 21.077 seconds
Ran Clfdr-EM. Time taken: 19.96 seconds
Ran AdaPT-xgboost. Time taken: 17.525 seconds
Ran AdaPT-xgboost. Time taken: 34.631 seconds
alpha = 0.1: FDPhat 0.0933, Number of Rej. 75
Task completed!
Ran AdaPT. Time taken: 42.71 seconds
alpha = 0.1: FDPhat 0.0982, Number of Rej. 112
Task completed!
Ran AdaPT. Time taken: 42.628 seconds
Ran Boca-Leek. Time taken: 0.301 seconds
Ran Boca-Leek. Time taken: 0.31 seconds
alpha = 0.1: FDPhat 0.0988, Number of Rej. 81
Task completed!
Ran AdaPT. Time taken: 41.577 seconds
Ran AdaPT-xgboost. Time taken: 31.28 seconds
Ran AdaPT-xgboost. Time taken: 31.187 seconds
Ran AdaPT-xgboost. Time taken: 10.645 seconds
Ran Clfdr-EM. Time taken: 30.774 seconds
Ran Boca-Leek. Time taken: 0.288 seconds
Ran AdaPT-xgboost. Time taken: 30.728 seconds
Ran Clfdr-EM. Time taken: 1.869 seconds
Ran AdaPT-xgboost. Time taken: 30.278 seconds
Ran AdaPT-xgboost. Time taken: 29.522 seconds
Ran Clfdr-EM. Time taken: 2.54 seconds
Ran Clfdr-EM. Time taken: 1.797 seconds
alpha = 0.1: FDPhat 0.1, Number of Rej. 100
Task completed!
Ran AdaPT. Time taken: 60.741 seconds
Ran Clfdr-EM. Time taken: 30.185 seconds
Ran Boca-Leek. Time taken: 0.599 seconds
Ran AdaPT-xgboost. Time taken: 26.229 seconds
Ran AdaPT-xgboost. Time taken: 25.445 seconds
alpha = 0.1: FDPhat 0.0962, Number of Rej. 104
Task completed!
Ran AdaPT. Time taken: 59.249 seconds
Ran Clfdr-EM. Time taken: 1.712 seconds
alpha = 0.1: FDPhat 0.0973, Number of Rej. 113
Task completed!
Ran AdaPT. Time taken: 54.662 seconds
Ran AdaPT-xgboost. Time taken: 8.532 seconds
Ran Boca-Leek. Time taken: 0.482 seconds
Ran Boca-Leek. Time taken: 0.446 seconds
Ran AdaPT-xgboost. Time taken: 8.333 seconds
Ran AdaPT-xgboost. Time taken: 8.248 seconds
alpha = 0.1: FDPhat 0.1, Number of Rej. 90
Task completed!
Ran AdaPT. Time taken: 58.136 seconds
Ran Boca-Leek. Time taken: 0.153 seconds
alpha = 0.1: FDPhat 0.0976, Number of Rej. 82
Task completed!
Ran AdaPT. Time taken: 61.218 seconds
Ran Boca-Leek. Time taken: 0.413 seconds
Ran AdaPT-xgboost. Time taken: 15.491 seconds
Ran Clfdr-EM. Time taken: 1.122 seconds
Ran Clfdr-EM. Time taken: 5.212 seconds
Ran AdaPT-xgboost. Time taken: 14.497 seconds
Ran AdaPT-xgboost. Time taken: 12.677 seconds
Ran Clfdr-EM. Time taken: 11.685 seconds
Ran Clfdr-EM. Time taken: 11.768 seconds
Ran AdaPT-xgboost. Time taken: 5.773 seconds
Ran AdaPT-xgboost. Time taken: 8.917 seconds
Ran IHW-quantile. Time taken: 241.569 seconds
Ran IHW-forest. Time taken: 0.862 seconds
Ran BH. Time taken: 0.002 seconds
Ran AdaPT-xgboost. Time taken: 6.545 seconds
Ran AdaPT-xgboost. Time taken: 5.775 seconds
alpha = 0.1: FDPhat 0.0938, Number of Rej. 96
Task completed!
Ran AdaPT. Time taken: 7.874 seconds
Ran Boca-Leek. Time taken: 0.106 seconds
Ran Clfdr-EM. Time taken: 0.985 seconds
Ran IHW-quantile. Time taken: 251.82 seconds
Ran IHW-forest. Time taken: 0.596 seconds
Ran BH. Time taken: 0.002 seconds
Ran AdaPT-xgboost. Time taken: 3.327 seconds
alpha = 0.1: FDPhat 0.0938, Number of Rej. 128
Task completed!
Ran AdaPT. Time taken: 6.643 seconds
Ran Boca-Leek. Time taken: 0.101 seconds
Ran Clfdr-EM. Time taken: 3.391 seconds
Ran AdaPT-xgboost. Time taken: 3.347 seconds
Ran IHW-quantile. Time taken: 279.155 seconds
Ran IHW-forest. Time taken: 0.366 seconds
Ran BH. Time taken: 0.001 seconds
alpha = 0.1: FDPhat 0.0986, Number of Rej. 71
Task completed!
Ran AdaPT. Time taken: 5.054 seconds
Ran Boca-Leek. Time taken: 0.066 seconds
Ran Clfdr-EM. Time taken: 0.488 seconds
Ran AdaPT-xgboost. Time taken: 2.127 seconds
Ran IHW-quantile. Time taken: 288.874 seconds
Ran IHW-forest. Time taken: 0.366 seconds
Ran BH. Time taken: 0.001 seconds
alpha = 0.1: FDPhat 0.0982, Number of Rej. 112
Task completed!
Ran AdaPT. Time taken: 3.736 seconds
Ran Boca-Leek. Time taken: 0.065 seconds
Ran Clfdr-EM. Time taken: 0.384 seconds
Ran AdaPT-xgboost. Time taken: 2.047 seconds
[1] "\n"
