WARNING: ignoring environment value of R_HOME
- One or more packages recorded in the lockfile are not installed.
- Use `renv::status()` for more details.

##------ Fri Aug 18 03:38:33 2023 ------##
##------ Fri Aug 18 03:38:33 2023 ------## 

simulation run:1/42
simulation run:2/42
simulation run:4/42
simulation run:5/42
simulation run:6/42
simulation run:7/42
simulation run:3/42
simulation run:9/42
simulation run:8/42
simulation run:10/42
simulation run:11/42
simulation run:12/42
simulation run:14/42
simulation run:13/42
simulation run:15/42
simulation run:16/42
simulation run:17/42
simulation run:18/42
simulation run:19/42
simulation run:20/42
simulation run:21/42
simulation run:22/42
simulation run:23/42
simulation run:24/42
simulation run:25/42
simulation run:26/42
simulation run:27/42
simulation run:28/42
simulation run:29/42
simulation run:30/42
simulation run:31/42
simulation run:32/42
simulation run:33/42
simulation run:34/42
simulation run:35/42
simulation run:36/42
simulation run:37/42
simulation run:38/42
simulation run:39/42
simulation run:40/42
simulation run:41/42
simulation run:42/42
Ran IHW-quantile. Time taken: 0.002 seconds
Ran IHW-quantile. Time taken: 0.002 seconds
Ran IHW-quantile. Time taken: 0.036 seconds
Ran IHW-forest. Time taken: 10.27 seconds
Ran IHW-forest. Time taken: 10.234 seconds
Ran IHW-forest. Time taken: 9.833 seconds
Ran BH. Time taken: 0.038 seconds
Ran BH. Time taken: 0.002 seconds
Ran BH. Time taken: 0.002 seconds
Ran IHW-quantile. Time taken: 25.328 seconds
Ran IHW-quantile. Time taken: 22.593 seconds
Ran IHW-quantile. Time taken: 23.182 seconds
Ran IHW-quantile. Time taken: 22.777 seconds
Ran IHW-quantile. Time taken: 23.992 seconds
Ran IHW-quantile. Time taken: 23.823 seconds
Ran IHW-quantile. Time taken: 25.946 seconds
Ran IHW-quantile. Time taken: 25.279 seconds
Ran IHW-quantile. Time taken: 25.212 seconds
Ran IHW-quantile. Time taken: 25.73 seconds
Ran IHW-quantile. Time taken: 26.709 seconds
Ran IHW-quantile. Time taken: 26.715 seconds
Ran IHW-quantile. Time taken: 26.508 seconds
Ran IHW-quantile. Time taken: 26.351 seconds
Ran IHW-quantile. Time taken: 27.659 seconds
Ran IHW-quantile. Time taken: 26.248 seconds
Ran IHW-quantile. Time taken: 26.692 seconds
Ran IHW-quantile. Time taken: 28.312 seconds
Ran IHW-quantile. Time taken: 25.91 seconds
Ran IHW-quantile. Time taken: 28.362 seconds
Ran IHW-quantile. Time taken: 28.428 seconds
Ran IHW-quantile. Time taken: 28.284 seconds
Ran IHW-quantile. Time taken: 27.44 seconds
Ran IHW-quantile. Time taken: 27.063 seconds
Ran IHW-quantile. Time taken: 27.562 seconds
Ran IHW-quantile. Time taken: 27.713 seconds
Ran IHW-quantile. Time taken: 28.266 seconds
Ran IHW-quantile. Time taken: 30.14 seconds
Ran IHW-quantile. Time taken: 28.605 seconds
Ran IHW-quantile. Time taken: 29.619 seconds
Ran IHW-forest. Time taken: 6.513 seconds
Ran IHW-forest. Time taken: 6.41 seconds
Ran IHW-forest. Time taken: 6.488 seconds
Ran IHW-forest. Time taken: 6.413 seconds
Ran IHW-forest. Time taken: 6.483 seconds
Ran IHW-forest. Time taken: 6.55 seconds
Ran IHW-forest. Time taken: 6.903 seconds
Ran BH. Time taken: 0.027 seconds
Ran BH. Time taken: 0.002 seconds
Ran IHW-forest. Time taken: 6.767 seconds
Ran IHW-forest. Time taken: 6.732 seconds
Ran IHW-forest. Time taken: 6.755 seconds
Ran BH. Time taken: 0.043 seconds
Ran BH. Time taken: 0.038 seconds
Ran BH. Time taken: 0.037 seconds
Ran BH. Time taken: 0.038 seconds
Ran IHW-forest. Time taken: 6.735 seconds
Ran IHW-forest. Time taken: 7.189 seconds
Ran IHW-forest. Time taken: 7.1 seconds
Ran BH. Time taken: 0.002 seconds
Ran IHW-forest. Time taken: 6.651 seconds
Ran IHW-forest. Time taken: 7.285 seconds
Ran BH. Time taken: 0.038 seconds
Ran BH. Time taken: 0.038 seconds
Ran IHW-forest. Time taken: 7.349 seconds
Ran IHW-forest. Time taken: 7.351 seconds
Ran BH. Time taken: 0.038 seconds
Ran IHW-forest. Time taken: 7.154 seconds
Ran IHW-forest. Time taken: 7.38 seconds
Ran IHW-forest. Time taken: 7.232 seconds
Ran IHW-forest. Time taken: 7.071 seconds
Ran IHW-forest. Time taken: 7.399 seconds
Ran IHW-forest. Time taken: 7.078 seconds
Ran IHW-forest. Time taken: 7.561 seconds
Ran IHW-forest. Time taken: 7.184 seconds
Ran BH. Time taken: 0.025 seconds
Ran BH. Time taken: 0.002 seconds
Ran IHW-forest. Time taken: 7.227 seconds
Ran IHW-forest. Time taken: 7.259 seconds
Ran BH. Time taken: 0.042 seconds
Ran BH. Time taken: 0.038 seconds
Ran BH. Time taken: 0.002 seconds
Ran BH. Time taken: 0.002 seconds
Ran IHW-forest. Time taken: 7.214 seconds
Ran BH. Time taken: 0.002 seconds
Ran IHW-forest. Time taken: 7.692 seconds
Ran BH. Time taken: 0.002 seconds
Ran BH. Time taken: 0.042 seconds
Ran BH. Time taken: 0.002 seconds
Ran BH. Time taken: 0.042 seconds
Ran IHW-forest. Time taken: 7.587 seconds
Ran BH. Time taken: 0.002 seconds
Ran BH. Time taken: 0.042 seconds
Ran BH. Time taken: 0.002 seconds
Ran BH. Time taken: 0.042 seconds
Ran BH. Time taken: 0.042 seconds
Ran BH. Time taken: 0.002 seconds
Ran BH. Time taken: 0.002 seconds
Ran BH. Time taken: 0.002 seconds
Ran BH. Time taken: 0.002 seconds
Ran IHW-quantile. Time taken: 58.746 seconds
Ran IHW-quantile. Time taken: 66.657 seconds
Ran IHW-quantile. Time taken: 66.482 seconds
Ran IHW-forest. Time taken: 6.627 seconds
Ran BH. Time taken: 0.002 seconds
Ran IHW-forest. Time taken: 7.529 seconds
Ran IHW-forest. Time taken: 7.457 seconds
Ran BH. Time taken: 0.002 seconds
Ran BH. Time taken: 0.045 seconds
alpha = 0.1: FDPhat 0.0971, Number of Rej. 103
Task completed!
Ran AdaPT. Time taken: 80.056 seconds
alpha = 0.1: FDPhat 0.1, Number of Rej. 100
Task completed!
Ran AdaPT. Time taken: 81.677 seconds
alpha = 0.1: FDPhat 0.0989, Number of Rej. 91
Task completed!
Ran AdaPT. Time taken: 83.192 seconds
alpha = 0.1: FDPhat 0.1, Number of Rej. 90
Task completed!
Ran AdaPT. Time taken: 61.319 seconds
Ran Boca-Leek. Time taken: 1.107 seconds
alpha = 0.1: FDPhat 0.0976, Number of Rej. 123
Task completed!
Ran AdaPT. Time taken: 62.348 seconds
alpha = 0.1: FDPhat 0.1, Number of Rej. 90
Task completed!
Ran AdaPT. Time taken: 65.567 seconds
Ran AdaPT. Time taken: 65.165 seconds
Ran Boca-Leek. Time taken: 1.085 seconds
alpha = 0.1: FDPhat 0.0909, Number of Rej. 22
Task completed!
Ran AdaPT. Time taken: 67.051 seconds
Ran Boca-Leek. Time taken: 1.122 seconds
alpha = 0.1: FDPhat 0.0918, Number of Rej. 98
Task completed!
alpha = 0.1: FDPhat 0.0909, Number of Rej. 22
Task completed!
Ran AdaPT. Time taken: 60.326 seconds
Ran AdaPT. Time taken: 66.828 seconds
alpha = 0.1: FDPhat 0.1, Number of Rej. 40
Task completed!
Ran AdaPT. Time taken: 66.379 seconds
Ran Boca-Leek. Time taken: 1.07 seconds
alpha = 0.1: FDPhat 0.0942, Number of Rej. 138
Task completed!
Ran AdaPT. Time taken: 63.108 seconds
alpha = 0.1: FDPhat 0.1, Number of Rej. 120
Task completed!
Ran AdaPT. Time taken: 65.057 seconds
Ran Boca-Leek. Time taken: 1.051 seconds
Ran Boca-Leek. Time taken: 1.031 seconds
Ran Boca-Leek. Time taken: 0.988 seconds
Ran Boca-Leek. Time taken: 1.025 seconds
alpha = 0.1: FDPhat 0.1, Number of Rej. 90
Task completed!
Ran AdaPT. Time taken: 62.527 seconds
Ran Boca-Leek. Time taken: 1.156 seconds
Ran Boca-Leek. Time taken: 1.056 seconds
Ran Boca-Leek. Time taken: 1.024 seconds
Ran Clfdr-EM. Time taken: 0.353 seconds
Ran Boca-Leek. Time taken: 1.033 seconds
Ran Boca-Leek. Time taken: 1.051 seconds
alpha = 0.1: FDPhat 0.0886, Number of Rej. 79
Task completed!
Ran AdaPT. Time taken: 65.327 seconds
alpha = 0.1: FDPhat 0.0985, Number of Rej. 132
Task completed!
alpha = 0.1: FDPhat 0.0956, Number of Rej. 136
Task completed!
Ran AdaPT. Time taken: 62.289 seconds
Ran AdaPT. Time taken: 65.643 seconds
Ran Clfdr-EM. Time taken: 5.698 seconds
alpha = 0.1: FDPhat 0.0968, Number of Rej. 93
Task completed!
Ran AdaPT. Time taken: 65.293 seconds
Ran Clfdr-EM. Time taken: 7.648 seconds
alpha = 0.1: FDPhat 0.0968, Number of Rej. 93
Task completed!
Ran AdaPT. Time taken: 68.673 seconds
alpha = 0.1: FDPhat 0.098, Number of Rej. 102
Task completed!
alpha = 0.1: FDPhat 0.0882, Number of Rej. 34
Task completed!
Ran AdaPT. Time taken: 73.85 seconds
Ran AdaPT. Time taken: 72.263 seconds
Ran Boca-Leek. Time taken: 1.146 seconds
Ran Clfdr-EM. Time taken: 4.361 seconds
Ran Boca-Leek. Time taken: 1.12 seconds
Ran Boca-Leek. Time taken: 1.188 seconds
Ran Boca-Leek. Time taken: 1.167 seconds
Ran Boca-Leek. Time taken: 1.081 seconds
Ran Boca-Leek. Time taken: 1.063 seconds
Ran Boca-Leek. Time taken: 1.145 seconds
Ran Boca-Leek. Time taken: 1.018 seconds
alpha = 0.1: FDPhat 0.0667, Number of Rej. 15
Task completed!
Ran Clfdr-EM. Time taken: 4.67 seconds
Ran AdaPT. Time taken: 73.219 seconds
Ran Clfdr-EM. Time taken: 7.734 seconds
alpha = 0.1: FDPhat 0.0952, Number of Rej. 126
Task completed!
Ran AdaPT. Time taken: 74.058 seconds
alpha = 0.1: FDPhat 0.0833, Number of Rej. 36
Task completed!
Ran AdaPT. Time taken: 75.462 seconds
alpha = 0.1: FDPhat 0.0899, Number of Rej. 89
Task completed!
Ran AdaPT. Time taken: 75.157 seconds
alpha = 0.1: FDPhat 0.0957, Number of Rej. 94
Task completed!
Ran AdaPT. Time taken: 73.398 seconds
alpha = 0.1: FDPhat 0.0941, Number of Rej. 85
Task completed!
Ran AdaPT. Time taken: 75.313 seconds
alpha = 0.1: FDPhat 0.0909, Number of Rej. 22
Task completed!
Ran AdaPT. Time taken: 75.732 seconds
alpha = 0.1: FDPhat 0.0938, Number of Rej. 32
Task completed!
Ran AdaPT. Time taken: 77.335 seconds
Ran IHW-quantile. Time taken: 121.398 seconds
alpha = 0.1: FDPhat 0.0882, Number of Rej. 34
Task completed!
Ran AdaPT. Time taken: 79.137 seconds
Ran Boca-Leek. Time taken: 1.152 seconds
Ran Boca-Leek. Time taken: 1.159 seconds
Ran Boca-Leek. Time taken: 1.176 seconds
alpha = 0.1: FDPhat 0.0973, Number of Rej. 113
Task completed!
Ran AdaPT. Time taken: 76.024 seconds
Ran Boca-Leek. Time taken: 1.131 seconds
Ran Boca-Leek. Time taken: 1.096 seconds
Ran Clfdr-EM. Time taken: 5.4 seconds
Ran Boca-Leek. Time taken: 1.155 seconds
alpha = 0.1: FDPhat 0.0989, Number of Rej. 91
Task completed!
Ran AdaPT. Time taken: 79.083 seconds
Ran Clfdr-EM. Time taken: 6.934 seconds
Ran Boca-Leek. Time taken: 1.113 seconds
Ran Boca-Leek. Time taken: 1.097 seconds
Ran IHW-quantile. Time taken: 126.447 seconds
Ran Boca-Leek. Time taken: 1.128 seconds
Ran Boca-Leek. Time taken: 1.113 seconds
Ran Clfdr-EM. Time taken: 0.325 seconds
Ran Boca-Leek. Time taken: 1.161 seconds
Ran Clfdr-EM. Time taken: 9.962 seconds
Ran IHW-forest. Time taken: 6.579 seconds
alpha = 0.1: FDPhat 0.0928, Number of Rej. 97
Task completed!
Ran AdaPT. Time taken: 83.556 seconds
Ran BH. Time taken: 0.002 seconds
Ran IHW-quantile. Time taken: 132.229 seconds
Ran IHW-forest. Time taken: 6.941 seconds
Ran Boca-Leek. Time taken: 1.179 seconds
Ran Clfdr-EM. Time taken: 8.572 seconds
Ran Clfdr-EM. Time taken: 25.878 seconds
Ran Clfdr-EM. Time taken: 18.572 seconds
Ran BH. Time taken: 0.038 seconds
Ran Clfdr-EM. Time taken: 31.209 seconds
Ran Clfdr-EM. Time taken: 18.931 seconds
Ran Clfdr-EM. Time taken: 13.736 seconds
Ran Clfdr-EM. Time taken: 27.515 seconds
alpha = 0.1: FDPhat 0.096, Number of Rej. 125
Task completed!
Ran AdaPT. Time taken: 65.613 seconds
Ran Boca-Leek. Time taken: 1.111 seconds
Ran IHW-forest. Time taken: 7.68 seconds
Ran Clfdr-EM. Time taken: 36.87 seconds
Ran Clfdr-EM. Time taken: 35.774 seconds
Ran Clfdr-EM. Time taken: 6.785 seconds
alpha = 0.1: FDPhat 0.1, Number of Rej. 110
Task completed!
Ran Clfdr-EM. Time taken: 31.616 seconds
Ran AdaPT. Time taken: 64.1 seconds
Ran BH. Time taken: 0.002 seconds
Ran Clfdr-EM. Time taken: 20.105 seconds
Ran AdaPT-xgboost. Time taken: 37.083 seconds
Ran Clfdr-EM. Time taken: 30.676 seconds
Ran AdaPT-xgboost. Time taken: 36.88 seconds
Ran AdaPT-xgboost. Time taken: 36.999 seconds
Ran Clfdr-EM. Time taken: 38.864 seconds
Ran Clfdr-EM. Time taken: 39.992 seconds
Ran Boca-Leek. Time taken: 1.186 seconds
Ran AdaPT-xgboost. Time taken: 36.3 seconds
Ran Clfdr-EM. Time taken: 8.849 seconds
Ran AdaPT-xgboost. Time taken: 35.143 seconds
Ran AdaPT-xgboost. Time taken: 35.495 seconds
Ran Clfdr-EM. Time taken: 38.131 seconds
alpha = 0.1: FDPhat 0.0957, Number of Rej. 94
Task completed!
Ran AdaPT. Time taken: 75.298 seconds
Ran Clfdr-EM. Time taken: 33.924 seconds
Ran Clfdr-EM. Time taken: 36.025 seconds
Ran Clfdr-EM. Time taken: 35.085 seconds
Ran Boca-Leek. Time taken: 1.164 seconds
Ran Clfdr-EM. Time taken: 9.604 seconds
Ran Clfdr-EM. Time taken: 39.894 seconds
Ran AdaPT-xgboost. Time taken: 38.853 seconds
Ran AdaPT-xgboost. Time taken: 40.304 seconds
Ran Clfdr-EM. Time taken: 38.741 seconds
Ran Clfdr-EM. Time taken: 37.451 seconds
Ran AdaPT-xgboost. Time taken: 29.003 seconds
Ran AdaPT-xgboost. Time taken: 29.349 seconds
Ran AdaPT-xgboost. Time taken: 39.086 seconds
Ran AdaPT-xgboost. Time taken: 29.028 seconds
Ran Clfdr-EM. Time taken: 45.188 seconds
Ran AdaPT-xgboost. Time taken: 40.199 seconds
Ran AdaPT-xgboost. Time taken: 25.227 seconds
Ran AdaPT-xgboost. Time taken: 27.048 seconds
Ran Clfdr-EM. Time taken: 9.367 seconds
Ran AdaPT-xgboost. Time taken: 24.736 seconds
Ran AdaPT-xgboost. Time taken: 36.841 seconds
Ran AdaPT-xgboost. Time taken: 37.815 seconds
Ran AdaPT-xgboost. Time taken: 23.906 seconds
Ran AdaPT-xgboost. Time taken: 35.801 seconds
Ran AdaPT-xgboost. Time taken: 23.923 seconds
Ran AdaPT-xgboost. Time taken: 36.559 seconds
Ran AdaPT-xgboost. Time taken: 22.005 seconds
Ran AdaPT-xgboost. Time taken: 21.375 seconds
Ran AdaPT-xgboost. Time taken: 32.737 seconds
Ran AdaPT-xgboost. Time taken: 15.199 seconds
Ran AdaPT-xgboost. Time taken: 34.134 seconds
Ran AdaPT-xgboost. Time taken: 31.42 seconds
alpha = 0.1: FDPhat 0.0988, Number of Rej. 81
Task completed!
Ran AdaPT. Time taken: 50.404 seconds
alpha = 0.1: FDPhat 0.0982, Number of Rej. 112
Task completed!
Ran AdaPT. Time taken: 44.825 seconds
Ran AdaPT-xgboost. Time taken: 23.832 seconds
Ran Boca-Leek. Time taken: 0.286 seconds
Ran Boca-Leek. Time taken: 0.229 seconds
Ran Clfdr-EM. Time taken: 1.476 seconds
Ran AdaPT-xgboost. Time taken: 24.284 seconds
Ran AdaPT-xgboost. Time taken: 24.075 seconds
Ran AdaPT-xgboost. Time taken: 21.146 seconds
Ran Clfdr-EM. Time taken: 2.44 seconds
Ran AdaPT-xgboost. Time taken: 19.287 seconds
Ran AdaPT-xgboost. Time taken: 19.353 seconds
Ran AdaPT-xgboost. Time taken: 16.993 seconds
Ran AdaPT-xgboost. Time taken: 14.35 seconds
alpha = 0.1: FDPhat 0.0973, Number of Rej. 113
Task completed!
Ran AdaPT. Time taken: 42.075 seconds
Ran Boca-Leek. Time taken: 0.199 seconds
Ran AdaPT-xgboost. Time taken: 6.578 seconds
Ran AdaPT-xgboost. Time taken: 5.583 seconds
Ran Clfdr-EM. Time taken: 4.214 seconds
Ran AdaPT-xgboost. Time taken: 3.462 seconds
Ran IHW-quantile. Time taken: 209.085 seconds
Ran IHW-forest. Time taken: 0.399 seconds
Ran BH. Time taken: 0.001 seconds
alpha = 0.1: FDPhat 0.0938, Number of Rej. 96
Task completed!
Ran AdaPT. Time taken: 5.459 seconds
Ran Boca-Leek. Time taken: 0.068 seconds
Ran Clfdr-EM. Time taken: 0.504 seconds
Ran AdaPT-xgboost. Time taken: 3.353 seconds
Ran IHW-quantile. Time taken: 242.39 seconds
Ran IHW-forest. Time taken: 0.385 seconds
Ran BH. Time taken: 0.001 seconds
alpha = 0.1: FDPhat 0.0982, Number of Rej. 112
Task completed!
Ran AdaPT. Time taken: 4.447 seconds
Ran Boca-Leek. Time taken: 0.066 seconds
Ran Clfdr-EM. Time taken: 0.408 seconds
Ran AdaPT-xgboost. Time taken: 2.232 seconds
Ran IHW-quantile. Time taken: 255.844 seconds
Ran IHW-forest. Time taken: 0.378 seconds
Ran BH. Time taken: 0.001 seconds
alpha = 0.1: FDPhat 0.0947, Number of Rej. 95
Task completed!
Ran AdaPT. Time taken: 4.057 seconds
Ran Boca-Leek. Time taken: 0.068 seconds
Ran Clfdr-EM. Time taken: 1.278 seconds
Ran AdaPT-xgboost. Time taken: 2.171 seconds
[1] "\n"
