
##------ Tue Aug  8 04:26:06 2023 ------##
##------ Tue Aug  8 04:26:06 2023 ------## 

simulation run:1/60
simulation run:2/60
simulation run:3/60
simulation run:4/60
simulation run:5/60
simulation run:6/60
simulation run:8/60
simulation run:7/60
simulation run:9/60
simulation run:10/60
simulation run:11/60
simulation run:12/60
simulation run:13/60
simulation run:14/60
simulation run:15/60
simulation run:16/60
simulation run:17/60
simulation run:18/60
simulation run:19/60
simulation run:20/60
simulation run:21/60
simulation run:22/60
simulation run:23/60
simulation run:24/60
simulation run:25/60
simulation run:26/60
simulation run:27/60
simulation run:28/60
simulation run:29/60
simulation run:30/60
simulation run:31/60
simulation run:32/60
simulation run:33/60
simulation run:34/60
simulation run:35/60
simulation run:36/60
simulation run:37/60
simulation run:38/60
simulation run:39/60
simulation run:40/60
simulation run:41/60
simulation run:42/60
simulation run:43/60
simulation run:44/60
simulation run:45/60
simulation run:46/60
simulation run:47/60
simulation run:48/60
simulation run:49/60
simulation run:50/60
simulation run:51/60
simulation run:52/60
simulation run:53/60
simulation run:54/60
simulation run:55/60
simulation run:56/60
simulation run:57/60
simulation run:58/60
simulation run:59/60
simulation run:60/60
alpha = 0.1: FDPhat 0.098, Number of Rej. 51
Task completed!
alpha = 0.1: FDPhat 0.0769, Number of Rej. 26
Task completed!
alpha = 0.1: FDPhat 0.0909, Number of Rej. 22
Task completed!
alpha = 0.1: FDPhat 0.0909, Number of Rej. 11
Task completed!
alpha = 0.1: FDPhat 0.0984, Number of Rej. 61
Task completed!
alpha = 0.1: FDPhat 0.0909, Number of Rej. 11
Task completed!
alpha = 0.1: FDPhat 0.0833, Number of Rej. 12
Task completed!
alpha = 0.1: FDPhat 0.0769, Number of Rej. 26
Task completed!
alpha = 0.1: FDPhat 0.0833, Number of Rej. 36
Task completed!
alpha = 0.1: FDPhat 0.0556, Number of Rej. 18
Task completed!
alpha = 0.1: FDPhat 0.1, Number of Rej. 20
Task completed!
alpha = 0.1: FDPhat 0.0556, Number of Rej. 18
Task completed!
alpha = 0.1: FDPhat 0.0769, Number of Rej. 26
Task completed!
alpha = 0.1: FDPhat 0.087, Number of Rej. 46
Task completed!
alpha = 0.1: FDPhat 0.1, Number of Rej. 70
Task completed!
alpha = 0.1: FDPhat 0.0952, Number of Rej. 21
Task completed!
alpha = 0.1: FDPhat 0.0769, Number of Rej. 26
Task completed!
alpha = 0.1: FDPhat 0.0556, Number of Rej. 18
Task completed!
alpha = 0.1: FDPhat 0.0588, Number of Rej. 17
Task completed!
alpha = 0.1: FDPhat 0.0714, Number of Rej. 28
Task completed!
alpha = 0.1: FDPhat 0.0556, Number of Rej. 18
Task completed!
alpha = 0.1: FDPhat 0.1, Number of Rej. 10
Task completed!
alpha = 0.1: FDPhat 0.0909, Number of Rej. 33
Task completed!
alpha = 0.1: FDPhat 0.0556, Number of Rej. 18
Task completed!
alpha = 0.1: FDPhat 0.1, Number of Rej. 20
Task completed!
alpha = 0.1: FDPhat 0.0769, Number of Rej. 26
Task completed!
alpha = 0.1: FDPhat 0.0952, Number of Rej. 21
Task completed!
alpha = 0.1: FDPhat 0.087, Number of Rej. 46
Task completed!
alpha = 0.1: FDPhat 0.1, Number of Rej. 10
Task completed!
alpha = 0.1: FDPhat 0.0667, Number of Rej. 15
Task completed!
alpha = 0.1: FDPhat 0.0968, Number of Rej. 31
Task completed!
alpha = 0.1: FDPhat 0.0833, Number of Rej. 12
Task completed!
alpha = 0.1: FDPhat 0.1, Number of Rej. 10
Task completed!
[1] "\n"
