- One or more packages recorded in the lockfile are not installed.
- Use `renv::status()` for more details.

##------ Sat Aug 19 01:28:21 2023 ------##
##------ Sat Aug 19 01:28:21 2023 ------## 

simulation run:1/90
simulation run:2/90
simulation run:3/90
simulation run:4/90
simulation run:7/90
simulation run:5/90
simulation run:6/90
simulation run:8/90
simulation run:9/90
simulation run:10/90
simulation run:11/90
simulation run:12/90
simulation run:14/90
simulation run:13/90
simulation run:15/90
simulation run:16/90
simulation run:17/90
simulation run:18/90
simulation run:19/90
simulation run:20/90
simulation run:21/90
simulation run:22/90
simulation run:23/90
simulation run:24/90
simulation run:25/90
simulation run:26/90
simulation run:27/90
simulation run:28/90
simulation run:29/90
simulation run:30/90
simulation run:31/90
simulation run:32/90
simulation run:33/90
simulation run:34/90
simulation run:35/90
simulation run:36/90
simulation run:37/90
simulation run:38/90
simulation run:39/90
simulation run:40/90
simulation run:41/90
simulation run:42/90
simulation run:43/90
simulation run:44/90
simulation run:45/90
simulation run:46/90
simulation run:47/90
simulation run:48/90
simulation run:49/90
simulation run:50/90
simulation run:51/90
simulation run:52/90
simulation run:53/90
simulation run:54/90
simulation run:55/90
simulation run:56/90
simulation run:57/90
simulation run:58/90
simulation run:59/90
simulation run:60/90
Ran IHW-quantile. Time taken: 0.001 seconds
simulation run:61/90
simulation run:62/90
simulation run:63/90
simulation run:64/90
Ran IHW-quantile. Time taken: 0.067 seconds
simulation run:65/90
simulation run:66/90
simulation run:67/90
simulation run:68/90
simulation run:69/90
simulation run:70/90
simulation run:71/90
simulation run:72/90
simulation run:73/90
Ran IHW-quantile. Time taken: 0.089 seconds
simulation run:74/90
simulation run:75/90
simulation run:76/90
simulation run:77/90
simulation run:78/90
simulation run:79/90
simulation run:80/90
Ran IHW-quantile. Time taken: 0.078 seconds
simulation run:81/90
simulation run:82/90
simulation run:83/90
simulation run:84/90
simulation run:85/90
simulation run:86/90
Ran IHW-quantile. Time taken: 3.34 seconds
Ran IHW-quantile. Time taken: 0.002 seconds
simulation run:87/90
simulation run:88/90
Ran IHW-quantile. Time taken: 1.399 seconds
simulation run:90/90
simulation run:89/90
Ran IHW-quantile. Time taken: 0.001 seconds
Ran IHW-quantile. Time taken: 0.018 seconds
Ran IHW-quantile. Time taken: 0.102 seconds
Ran IHW-forest. Time taken: 30.191 seconds
Ran IHW-forest. Time taken: 29.438 seconds
Ran IHW-forest. Time taken: 31.117 seconds
Ran IHW-forest. Time taken: 33.724 seconds
Ran IHW-forest. Time taken: 33.306 seconds
Ran IHW-forest. Time taken: 15.522 seconds
Ran IHW-forest. Time taken: 18.446 seconds
Ran IHW-forest. Time taken: 31.147 seconds
Ran BH. Time taken: 0.002 seconds
Ran IHW-forest. Time taken: 23.01 seconds
Ran BH. Time taken: 0.127 seconds
Ran BH. Time taken: 0.002 seconds
Ran BH. Time taken: 0.003 seconds
Ran BH. Time taken: 0.002 seconds
Ran BH. Time taken: 0.065 seconds
Ran BH. Time taken: 0.05 seconds
Ran BH. Time taken: 0.042 seconds
Ran BH. Time taken: 0.05 seconds
Ran IHW-quantile. Time taken: 48.078 seconds
Ran IHW-quantile. Time taken: 55.687 seconds
Ran IHW-quantile. Time taken: 53.793 seconds
Ran IHW-quantile. Time taken: 51.573 seconds
Ran IHW-quantile. Time taken: 57.513 seconds
Ran IHW-quantile. Time taken: 49.303 seconds
Ran IHW-quantile. Time taken: 49.258 seconds
Ran IHW-quantile. Time taken: 56.728 seconds
Ran IHW-quantile. Time taken: 57.983 seconds
Ran IHW-quantile. Time taken: 55.437 seconds
Ran IHW-quantile. Time taken: 43.328 seconds
Ran IHW-quantile. Time taken: 58.164 seconds
Ran IHW-quantile. Time taken: 48.608 seconds
Ran IHW-quantile. Time taken: 52.834 seconds
Ran IHW-quantile. Time taken: 46.264 seconds
Ran IHW-quantile. Time taken: 53.444 seconds
Ran IHW-quantile. Time taken: 46.683 seconds
Ran IHW-quantile. Time taken: 58.098 seconds
Ran IHW-quantile. Time taken: 58.991 seconds
Ran IHW-quantile. Time taken: 54.208 seconds
Ran IHW-quantile. Time taken: 50.201 seconds
Ran IHW-quantile. Time taken: 54.841 seconds
Ran IHW-quantile. Time taken: 39.936 seconds
Ran IHW-quantile. Time taken: 47.885 seconds
Ran IHW-quantile. Time taken: 54.171 seconds
Ran IHW-quantile. Time taken: 41.645 seconds
Ran IHW-quantile. Time taken: 43.416 seconds
Ran IHW-quantile. Time taken: 44.729 seconds
Ran IHW-quantile. Time taken: 45.909 seconds
Ran IHW-quantile. Time taken: 41.629 seconds
Ran IHW-quantile. Time taken: 43.05 seconds
Ran IHW-forest. Time taken: 8.754 seconds
Ran IHW-forest. Time taken: 8.852 seconds
Ran IHW-forest. Time taken: 8.434 seconds
Ran IHW-forest. Time taken: 8.463 seconds
Ran IHW-forest. Time taken: 8.026 seconds
Ran IHW-forest. Time taken: 8.204 seconds
Ran IHW-forest. Time taken: 9.027 seconds
Ran IHW-forest. Time taken: 9.307 seconds
Ran IHW-forest. Time taken: 8.698 seconds
Ran IHW-forest. Time taken: 8.715 seconds
Ran IHW-forest. Time taken: 8.821 seconds
Ran IHW-forest. Time taken: 9.28 seconds
Ran IHW-forest. Time taken: 9.273 seconds
Ran BH. Time taken: 0.002 seconds
Ran BH. Time taken: 0.002 seconds
Ran IHW-forest. Time taken: 8.919 seconds
Ran IHW-forest. Time taken: 8.669 seconds
Ran BH. Time taken: 0.002 seconds
Ran IHW-forest. Time taken: 8.73 seconds
Ran IHW-forest. Time taken: 9.419 seconds
Ran IHW-forest. Time taken: 9.849 seconds
Ran BH. Time taken: 0.052 seconds
Ran IHW-forest. Time taken: 8.117 seconds
Ran BH. Time taken: 0.014 seconds
Ran IHW-forest. Time taken: 10.044 seconds
Ran IHW-forest. Time taken: 9.721 seconds
Ran IHW-forest. Time taken: 9.921 seconds
Ran IHW-forest. Time taken: 8.538 seconds
Ran BH. Time taken: 0.015 seconds
Ran IHW-forest. Time taken: 9.369 seconds
Ran IHW-forest. Time taken: 9.086 seconds
Ran BH. Time taken: 0.052 seconds
Ran IHW-forest. Time taken: 8.187 seconds
Ran BH. Time taken: 0.043 seconds
Ran BH. Time taken: 0.074 seconds
Ran BH. Time taken: 0.002 seconds
Ran BH. Time taken: 0.002 seconds
Ran IHW-forest. Time taken: 9.296 seconds
Ran BH. Time taken: 0.054 seconds
Ran BH. Time taken: 0.052 seconds
Ran BH. Time taken: 0.038 seconds
Ran BH. Time taken: 0.046 seconds
Ran BH. Time taken: 0.002 seconds
Ran IHW-forest. Time taken: 9.698 seconds
Ran BH. Time taken: 0.035 seconds
Ran BH. Time taken: 0.04 seconds
Ran BH. Time taken: 0.002 seconds
Ran BH. Time taken: 0.044 seconds
Ran BH. Time taken: 0.002 seconds
Ran BH. Time taken: 0.038 seconds
Ran BH. Time taken: 0.002 seconds
Ran IHW-forest. Time taken: 10.717 seconds
Ran BH. Time taken: 0.002 seconds
Ran BH. Time taken: 0.039 seconds
Ran BH. Time taken: 0.042 seconds
Ran BH. Time taken: 0.002 seconds
Ran BH. Time taken: 0.042 seconds
Ran IHW-quantile. Time taken: 88.507 seconds
Ran IHW-quantile. Time taken: 88.347 seconds
Ran IHW-quantile. Time taken: 76.04 seconds
Ran IHW-quantile. Time taken: 87.729 seconds
Ran IHW-forest. Time taken: 7.162 seconds
Ran IHW-forest. Time taken: 7.119 seconds
Ran IHW-forest. Time taken: 8.161 seconds
Ran BH. Time taken: 0.002 seconds
Ran BH. Time taken: 0.04 seconds
Ran BH. Time taken: 0.002 seconds
Ran IHW-forest. Time taken: 8.171 seconds
Ran BH. Time taken: 0.047 seconds
alpha = 0.1: FDPhat 0.1, Number of Rej. 130
Task completed!
Ran AdaPT. Time taken: 79.182 seconds
alpha = 0.1: FDPhat 0.0978, Number of Rej. 92
Task completed!
Ran AdaPT. Time taken: 81.926 seconds
alpha = 0.1: FDPhat 0.0989, Number of Rej. 91
Task completed!
Ran AdaPT. Time taken: 85.806 seconds
alpha = 0.1: FDPhat 0.0976, Number of Rej. 123
Task completed!
Ran AdaPT. Time taken: 82.165 seconds
Ran Boca-Leek. Time taken: 1.352 seconds
Ran Boca-Leek. Time taken: 1.15 seconds
Ran Boca-Leek. Time taken: 1.226 seconds
Ran Boca-Leek. Time taken: 1.167 seconds
alpha = 0.1: FDPhat 0.0946, Number of Rej. 74
Task completed!
Ran AdaPT. Time taken: 87.065 seconds
alpha = 0.1: FDPhat 0.0909, Number of Rej. 66
Task completed!
Ran AdaPT. Time taken: 88.432 seconds
Ran Clfdr-EM. Time taken: 2.125 seconds
Ran Boca-Leek. Time taken: 1.22 seconds
Ran Boca-Leek. Time taken: 1.336 seconds
alpha = 0.1: FDPhat 0.0991, Number of Rej. 111
Task completed!
Ran AdaPT. Time taken: 62.452 seconds
alpha = 0.1: FDPhat 0.0971, Number of Rej. 103
Task completed!
Ran AdaPT. Time taken: 63.339 seconds
Ran Clfdr-EM. Time taken: 6.74 seconds
alpha = 0.1: FDPhat 0.0991, Number of Rej. 111
Task completed!
Ran AdaPT. Time taken: 65.311 seconds
Ran Clfdr-EM. Time taken: 1.415 seconds
Ran Clfdr-EM. Time taken: 2.585 seconds
Ran Boca-Leek. Time taken: 1.052 seconds
alpha = 0.1: FDPhat 0.0943, Number of Rej. 106
Task completed!
Ran AdaPT. Time taken: 68.249 seconds
alpha = 0.1: FDPhat 0.096, Number of Rej. 125
Task completed!
Ran AdaPT. Time taken: 98.456 seconds
Ran IHW-quantile. Time taken: 125.86 seconds
Ran Boca-Leek. Time taken: 1.087 seconds
alpha = 0.1: FDPhat 0.0932, Number of Rej. 118
Task completed!
Ran AdaPT. Time taken: 66.343 seconds
alpha = 0.1: FDPhat 0.0992, Number of Rej. 121
Task completed!
alpha = 0.1: FDPhat 0.0988, Number of Rej. 81
Task completed!
Ran AdaPT. Time taken: 71.413 seconds
Ran AdaPT. Time taken: 100.768 seconds
Ran Boca-Leek. Time taken: 1.227 seconds
Ran Boca-Leek. Time taken: 1.272 seconds
Ran Boca-Leek. Time taken: 1.346 seconds
alpha = 0.1: FDPhat 0.093, Number of Rej. 43
Task completed!
Ran AdaPT. Time taken: 70.458 seconds
alpha = 0.1: FDPhat 0.0968, Number of Rej. 62
Task completed!
Ran AdaPT. Time taken: 67.021 seconds
Ran Clfdr-EM. Time taken: 17.397 seconds
alpha = 0.1: FDPhat 0.0949, Number of Rej. 137
Task completed!
alpha = 0.1: FDPhat 0.0896, Number of Rej. 67
Task completed!
Ran Boca-Leek. Time taken: 1.12 seconds
Ran AdaPT. Time taken: 71.359 seconds
Ran AdaPT. Time taken: 71.496 seconds
Ran Boca-Leek. Time taken: 1.158 seconds
alpha = 0.1: FDPhat 0.0948, Number of Rej. 116
Task completed!
Ran AdaPT. Time taken: 71.007 seconds
Ran IHW-quantile. Time taken: 139.711 seconds
Ran Boca-Leek. Time taken: 1.386 seconds
alpha = 0.1: FDPhat 0.0957, Number of Rej. 115
Task completed!
Ran AdaPT. Time taken: 74.769 seconds
alpha = 0.1: FDPhat 0.0957, Number of Rej. 115
Task completed!
Ran AdaPT. Time taken: 76.269 seconds
Ran IHW-quantile. Time taken: 134.122 seconds
alpha = 0.1: FDPhat 0.0909, Number of Rej. 77
Task completed!
Ran AdaPT. Time taken: 108.281 seconds
Ran Boca-Leek. Time taken: 1.137 seconds
Ran Boca-Leek. Time taken: 1.264 seconds
Ran Boca-Leek. Time taken: 1.186 seconds
Ran Boca-Leek. Time taken: 1.186 seconds
alpha = 0.1: FDPhat 0.0932, Number of Rej. 118
Task completed!
Ran AdaPT. Time taken: 71.259 seconds
Ran Boca-Leek. Time taken: 1.219 seconds
Ran IHW-forest. Time taken: 7.941 seconds
Ran Boca-Leek. Time taken: 1.36 seconds
Ran Boca-Leek. Time taken: 1.367 seconds
Ran Clfdr-EM. Time taken: 4.833 seconds
Ran Boca-Leek. Time taken: 1.297 seconds
alpha = 0.1: FDPhat 0.0847, Number of Rej. 59
Task completed!
Ran AdaPT. Time taken: 79.019 seconds
alpha = 0.1: FDPhat 0.0982, Number of Rej. 112
Task completed!
Ran AdaPT. Time taken: 80.062 seconds
Ran BH. Time taken: 0.002 seconds
Ran Boca-Leek. Time taken: 1.169 seconds
alpha = 0.1: FDPhat 0.1, Number of Rej. 40
Task completed!
Ran AdaPT. Time taken: 84.159 seconds
Ran Clfdr-EM. Time taken: 0.487 seconds
alpha = 0.1: FDPhat 0.0968, Number of Rej. 93
Task completed!
Ran AdaPT. Time taken: 83.252 seconds
alpha = 0.1: FDPhat 0.098, Number of Rej. 51
Task completed!
Ran AdaPT. Time taken: 80.79 seconds
alpha = 0.1: FDPhat 0.099, Number of Rej. 101
Task completed!
Ran Boca-Leek. Time taken: 1.198 seconds
Ran AdaPT. Time taken: 86.046 seconds
Ran Boca-Leek. Time taken: 1.07 seconds
alpha = 0.1: FDPhat 0.0882, Number of Rej. 68
Task completed!
Ran AdaPT. Time taken: 85.583 seconds
Ran IHW-forest. Time taken: 8.463 seconds
Ran IHW-forest. Time taken: 9.391 seconds
alpha = 0.1: FDPhat 0.0909, Number of Rej. 66
Task completed!
Ran AdaPT. Time taken: 84.859 seconds
Ran Boca-Leek. Time taken: 1.249 seconds
alpha = 0.1: FDPhat 0.0986, Number of Rej. 71
Task completed!
alpha = 0.1: FDPhat 0.1, Number of Rej. 120
Task completed!
Ran AdaPT. Time taken: 85.839 seconds
Ran AdaPT. Time taken: 85.642 seconds
Ran Boca-Leek. Time taken: 1.054 seconds
Ran Boca-Leek. Time taken: 1.12 seconds
Ran Boca-Leek. Time taken: 1.072 seconds
alpha = 0.1: FDPhat 0.0943, Number of Rej. 53
Task completed!
alpha = 0.1: FDPhat 0.0909, Number of Rej. 66
Task completed!
Ran AdaPT. Time taken: 86.675 seconds
Ran AdaPT. Time taken: 85.873 seconds
alpha = 0.1: FDPhat 0.099, Number of Rej. 101
Task completed!
Ran AdaPT. Time taken: 87.283 seconds
Ran BH. Time taken: 0.045 seconds
Ran BH. Time taken: 0.046 seconds
Ran Boca-Leek. Time taken: 1.155 seconds
Ran Clfdr-EM. Time taken: 13.966 seconds
Ran Boca-Leek. Time taken: 1.112 seconds
Ran Boca-Leek. Time taken: 1.129 seconds
Ran Boca-Leek. Time taken: 1.163 seconds
Ran Clfdr-EM. Time taken: 7.428 seconds
Ran Boca-Leek. Time taken: 1.131 seconds
Ran Boca-Leek. Time taken: 1.148 seconds
Ran Boca-Leek. Time taken: 1.125 seconds
Ran Clfdr-EM. Time taken: 17.902 seconds
Ran Clfdr-EM. Time taken: 0.332 seconds
Ran IHW-quantile. Time taken: 171.574 seconds
Ran Clfdr-EM. Time taken: 4.973 seconds
Ran Clfdr-EM. Time taken: 43.638 seconds
alpha = 0.1: FDPhat 0.0896, Number of Rej. 67
Task completed!
Ran AdaPT. Time taken: 97.759 seconds
Ran Clfdr-EM. Time taken: 8.784 seconds
Ran Boca-Leek. Time taken: 1.141 seconds
Ran Clfdr-EM. Time taken: 35.586 seconds
Ran IHW-forest. Time taken: 7.232 seconds
Ran Clfdr-EM. Time taken: 11.41 seconds
Ran Clfdr-EM. Time taken: 10.156 seconds
Ran Clfdr-EM. Time taken: 38.488 seconds
Ran Clfdr-EM. Time taken: 20.439 seconds
Ran BH. Time taken: 0.038 seconds
Ran Clfdr-EM. Time taken: 27.494 seconds
Ran Clfdr-EM. Time taken: 37.775 seconds
Ran Clfdr-EM. Time taken: 37.051 seconds
alpha = 0.1: FDPhat 0.0976, Number of Rej. 82
Task completed!
Ran AdaPT. Time taken: 78.245 seconds
Ran Clfdr-EM. Time taken: 17.342 seconds
Ran Clfdr-EM. Time taken: 37.546 seconds
Ran AdaPT-xgboost. Time taken: 44.742 seconds
Ran Clfdr-EM. Time taken: 35.029 seconds
Ran Boca-Leek. Time taken: 1.177 seconds
alpha = 0.1: FDPhat 0.0989, Number of Rej. 91
Task completed!
Ran AdaPT. Time taken: 77.008 seconds
Ran Clfdr-EM. Time taken: 9.26 seconds
alpha = 0.1: FDPhat 0.0909, Number of Rej. 99
Task completed!
Ran AdaPT. Time taken: 82.326 seconds
alpha = 0.1: FDPhat 0.0941, Number of Rej. 85
Task completed!
Ran AdaPT. Time taken: 85.897 seconds
Ran Clfdr-EM. Time taken: 37.091 seconds
Ran Clfdr-EM. Time taken: 37.466 seconds
Ran Clfdr-EM. Time taken: 39.122 seconds
Ran AdaPT-xgboost. Time taken: 43.138 seconds
Ran Clfdr-EM. Time taken: 38.531 seconds
Ran Boca-Leek. Time taken: 1.022 seconds
Ran Clfdr-EM. Time taken: 39.237 seconds
Ran AdaPT-xgboost. Time taken: 38.685 seconds
Ran Boca-Leek. Time taken: 1.102 seconds
Ran Boca-Leek. Time taken: 1.071 seconds
Ran AdaPT-xgboost. Time taken: 36.867 seconds
Ran Clfdr-EM. Time taken: 0.318 seconds
Ran Clfdr-EM. Time taken: 35.072 seconds
Ran Clfdr-EM. Time taken: 38.165 seconds
Ran Clfdr-EM. Time taken: 35.623 seconds
Ran Clfdr-EM. Time taken: 4.813 seconds
Ran Clfdr-EM. Time taken: 3.811 seconds
Ran Clfdr-EM. Time taken: 34.64 seconds
Ran Clfdr-EM. Time taken: 31.793 seconds
Ran AdaPT-xgboost. Time taken: 37.931 seconds
Ran Clfdr-EM. Time taken: 36.041 seconds
Ran AdaPT-xgboost. Time taken: 36.398 seconds
Ran AdaPT-xgboost. Time taken: 38.265 seconds
Ran AdaPT-xgboost. Time taken: 38.23 seconds
Ran AdaPT-xgboost. Time taken: 37.682 seconds
Ran AdaPT-xgboost. Time taken: 36.196 seconds
Ran AdaPT-xgboost. Time taken: 34.369 seconds
Ran AdaPT-xgboost. Time taken: 32.373 seconds
Ran AdaPT-xgboost. Time taken: 31.38 seconds
Ran AdaPT-xgboost. Time taken: 30.62 seconds
Ran AdaPT-xgboost. Time taken: 34.586 seconds
Ran AdaPT-xgboost. Time taken: 34.353 seconds
Ran AdaPT-xgboost. Time taken: 33.537 seconds
Ran AdaPT-xgboost. Time taken: 33.458 seconds
Ran AdaPT-xgboost. Time taken: 29.969 seconds
Ran AdaPT-xgboost. Time taken: 32.637 seconds
Ran AdaPT-xgboost. Time taken: 31.835 seconds
Ran AdaPT-xgboost. Time taken: 28.079 seconds
Ran AdaPT-xgboost. Time taken: 28.07 seconds
Ran AdaPT-xgboost. Time taken: 27.826 seconds
Ran AdaPT-xgboost. Time taken: 30.332 seconds
alpha = 0.1: FDPhat 0.0992, Number of Rej. 131
Task completed!
Ran AdaPT. Time taken: 63.981 seconds
Ran AdaPT-xgboost. Time taken: 26.933 seconds
Ran Clfdr-EM. Time taken: 30.579 seconds
Ran AdaPT-xgboost. Time taken: 29.817 seconds
Ran AdaPT-xgboost. Time taken: 26.181 seconds
Ran Boca-Leek. Time taken: 0.4 seconds
Ran AdaPT-xgboost. Time taken: 23.159 seconds
Ran AdaPT-xgboost. Time taken: 22.881 seconds
Ran AdaPT-xgboost. Time taken: 22.265 seconds
Ran AdaPT-xgboost. Time taken: 22.003 seconds
Ran AdaPT-xgboost. Time taken: 24.986 seconds
Ran AdaPT-xgboost. Time taken: 20.876 seconds
Ran AdaPT-xgboost. Time taken: 20.754 seconds
Ran AdaPT-xgboost. Time taken: 22.214 seconds
alpha = 0.1: FDPhat 0.0957, Number of Rej. 115
Task completed!
Ran AdaPT. Time taken: 60.092 seconds
alpha = 0.1: FDPhat 0.0909, Number of Rej. 88
Task completed!
Ran AdaPT. Time taken: 60.474 seconds
Ran Boca-Leek. Time taken: 0.144 seconds
Ran AdaPT-xgboost. Time taken: 17.971 seconds
Ran Boca-Leek. Time taken: 0.203 seconds
alpha = 0.1: FDPhat 0.0926, Number of Rej. 54
Task completed!
Ran AdaPT. Time taken: 43.164 seconds
Ran Boca-Leek. Time taken: 0.107 seconds
Ran AdaPT-xgboost. Time taken: 5.762 seconds
Ran Clfdr-EM. Time taken: 2.309 seconds
Ran Clfdr-EM. Time taken: 5.134 seconds
Ran Clfdr-EM. Time taken: 0.977 seconds
Ran Clfdr-EM. Time taken: 3.71 seconds
Ran AdaPT-xgboost. Time taken: 3.35 seconds
Ran AdaPT-xgboost. Time taken: 3.327 seconds
Ran AdaPT-xgboost. Time taken: 3.298 seconds
Ran AdaPT-xgboost. Time taken: 2.762 seconds
[1] "\n"
