- One or more packages recorded in the lockfile are not installed.
- Use `renv::status()` for more details.

##------ Sat Aug 19 01:08:07 2023 ------##
##------ Sat Aug 19 01:08:07 2023 ------## 

simulation run:1/70
simulation run:2/70
simulation run:3/70
simulation run:4/70
simulation run:5/70
simulation run:7/70
simulation run:6/70
simulation run:8/70
simulation run:9/70
simulation run:10/70
simulation run:11/70
simulation run:12/70
simulation run:13/70
simulation run:14/70
simulation run:15/70
simulation run:16/70
simulation run:17/70
simulation run:18/70
simulation run:19/70
simulation run:20/70
simulation run:21/70
simulation run:22/70
simulation run:23/70
simulation run:24/70
simulation run:25/70
simulation run:26/70
simulation run:27/70
simulation run:28/70
simulation run:29/70
simulation run:30/70
simulation run:31/70
simulation run:32/70
simulation run:33/70
simulation run:34/70
simulation run:35/70
simulation run:36/70
simulation run:37/70
simulation run:38/70
simulation run:39/70
simulation run:40/70
simulation run:41/70
simulation run:42/70
simulation run:43/70
simulation run:44/70
simulation run:45/70
simulation run:46/70
simulation run:47/70
simulation run:48/70
simulation run:49/70
simulation run:50/70
simulation run:51/70
simulation run:52/70
simulation run:53/70
simulation run:54/70
simulation run:55/70
simulation run:56/70
simulation run:57/70
Ran IHW-quantile. Time taken: 0.001 seconds
simulation run:58/70
simulation run:59/70
simulation run:60/70
simulation run:61/70
simulation run:62/70
simulation run:63/70
simulation run:64/70
Ran IHW-quantile. Time taken: 0.002 seconds
simulation run:65/70
simulation run:66/70
simulation run:67/70
simulation run:68/70
Ran IHW-quantile. Time taken: 0.061 seconds
simulation run:69/70
simulation run:70/70
Ran IHW-quantile. Time taken: 0.079 seconds
Ran IHW-quantile. Time taken: 0.001 seconds
Ran IHW-quantile. Time taken: 0.001 seconds
Ran IHW-quantile. Time taken: 0.001 seconds
Ran IHW-quantile. Time taken: 0.001 seconds
Ran IHW-quantile. Time taken: 0.002 seconds
Ran IHW-quantile. Time taken: 0.002 seconds
Ran IHW-forest. Time taken: 19.749 seconds
Ran IHW-forest. Time taken: 20.36 seconds
Ran IHW-forest. Time taken: 21.064 seconds
Ran IHW-forest. Time taken: 20.304 seconds
Ran IHW-forest. Time taken: 19.077 seconds
Ran BH. Time taken: 0.042 seconds
Ran IHW-forest. Time taken: 18.372 seconds
Ran IHW-forest. Time taken: 18.788 seconds
Ran IHW-forest. Time taken: 18.771 seconds
Ran IHW-forest. Time taken: 17.906 seconds
Ran BH. Time taken: 0.002 seconds
Ran IHW-forest. Time taken: 17.972 seconds
Ran BH. Time taken: 0.002 seconds
Ran BH. Time taken: 0.002 seconds
Ran BH. Time taken: 0.002 seconds
Ran BH. Time taken: 0.002 seconds
Ran BH. Time taken: 0.042 seconds
Ran BH. Time taken: 0.002 seconds
Ran BH. Time taken: 0.002 seconds
Ran BH. Time taken: 0.046 seconds
Ran IHW-quantile. Time taken: 36.128 seconds
Ran IHW-quantile. Time taken: 37.024 seconds
Ran IHW-quantile. Time taken: 37.969 seconds
Ran IHW-quantile. Time taken: 35.675 seconds
Ran IHW-quantile. Time taken: 37.127 seconds
Ran IHW-quantile. Time taken: 35.398 seconds
Ran IHW-quantile. Time taken: 33.123 seconds
Ran IHW-quantile. Time taken: 34.209 seconds
Ran IHW-quantile. Time taken: 37.223 seconds
Ran IHW-quantile. Time taken: Ran IHW-quantile. Time taken: 38.812 seconds
37.458 seconds
Ran IHW-quantile. Time taken: 37.649 seconds
Ran IHW-quantile. Time taken: 38.703 seconds
Ran IHW-quantile. Time taken: 36.822 seconds
Ran IHW-quantile. Time taken: 35.245 seconds
Ran IHW-quantile. Time taken: 36.715 seconds
Ran IHW-quantile. Time taken: 37.083 seconds
Ran IHW-quantile. Time taken: 36.318 seconds
Ran IHW-forest. Time taken: 7.484 seconds
Ran IHW-forest. Time taken: 8.315 seconds
Ran IHW-forest. Time taken: 9.054 seconds
Ran IHW-forest. Time taken: 7.9 seconds
Ran IHW-forest. Time taken: 7.086 seconds
Ran IHW-forest. Time taken: 7.699 seconds
Ran IHW-forest. Time taken: 8.176 seconds
Ran IHW-forest. Time taken: 8.555 seconds
Ran IHW-forest. Time taken: 8.685 seconds
Ran BH. Time taken: 0.041 seconds
Ran BH. Time taken: 0.05 seconds
Ran BH. Time taken: 0.05 seconds
Ran IHW-forest. Time taken: 8.148 seconds
Ran IHW-forest. Time taken: 8.569 seconds
Ran IHW-forest. Time taken: 8.454 seconds
Ran IHW-forest. Time taken: 8.757 seconds
Ran BH. Time taken: 0.047 seconds
Ran IHW-forest. Time taken: 8.103 seconds
Ran IHW-forest. Time taken: 7.818 seconds
Ran BH. Time taken: 0.002 seconds
Ran BH. Time taken: 0.048 seconds
Ran IHW-forest. Time taken: 7.863 seconds
Ran BH. Time taken: 0.002 seconds
Ran BH. Time taken: 0.002 seconds
Ran BH. Time taken: 0.038 seconds
Ran BH. Time taken: 0.044 seconds
Ran BH. Time taken: 0.002 seconds
Ran BH. Time taken: 0.05 seconds
Ran BH. Time taken: 0.002 seconds
Ran BH. Time taken: 0.04 seconds
Ran BH. Time taken: 0.002 seconds
Ran BH. Time taken: 0.001 seconds
Ran IHW-quantile. Time taken: 74.49 seconds
Ran IHW-quantile. Time taken: 73.202 seconds
Ran IHW-quantile. Time taken: 74.601 seconds
Ran IHW-quantile. Time taken: 74.49 seconds
Ran IHW-quantile. Time taken: 69.072 seconds
Ran IHW-quantile. Time taken: 73.493 seconds
Ran IHW-quantile. Time taken: 71.351 seconds
Ran IHW-quantile. Time taken: 73.566 seconds
Ran IHW-forest. Time taken: 7.982 seconds
Ran IHW-forest. Time taken: 8.294 seconds
Ran IHW-forest. Time taken: 8.139 seconds
Ran IHW-forest. Time taken: 7.943 seconds
Ran IHW-forest. Time taken: 8.439 seconds
Ran IHW-forest. Time taken: 8.725 seconds
Ran BH. Time taken: 0.002 seconds
Ran IHW-forest. Time taken: 8.244 seconds
Ran IHW-forest. Time taken: 7.605 seconds
Ran BH. Time taken: 0.038 seconds
Ran BH. Time taken: 0.038 seconds
Ran BH. Time taken: 0.002 seconds
Ran BH. Time taken: 0.039 seconds
Ran BH. Time taken: 0.051 seconds
Ran BH. Time taken: 0.034 seconds
Ran BH. Time taken: 0.002 seconds
alpha = 0.1: FDPhat 0.0943, Number of Rej. 53
Task completed!
Ran AdaPT. Time taken: 89.942 seconds
alpha = 0.1: FDPhat 0.0938, Number of Rej. 64
Task completed!
Ran AdaPT. Time taken: 88.543 seconds
Ran Boca-Leek. Time taken: 1.147 seconds
alpha = 0.1: FDPhat 0.0943, Number of Rej. 53
Task completed!
alpha = 0.1: FDPhat 0.0959, Number of Rej. 73
Task completed!
alpha = 0.1: FDPhat 0.0984, Number of Rej. 61
Task completed!
Ran AdaPT. Time taken: 93.945 seconds
Ran AdaPT. Time taken: 93.195 seconds
Ran AdaPT. Time taken: 92.933 seconds
alpha = 0.1: FDPhat 0.0833, Number of Rej. 48
Task completed!
Ran AdaPT. Time taken: 92.812 seconds
Ran Clfdr-EM. Time taken: 0.526 seconds
Ran Boca-Leek. Time taken: 1.27 seconds
alpha = 0.1: FDPhat 0.0893, Number of Rej. 56
Task completed!
Ran AdaPT. Time taken: 93.184 seconds
alpha = 0.1: FDPhat 0.0862, Number of Rej. 58
Task completed!
Ran AdaPT. Time taken: 67.609 seconds
Ran Boca-Leek. Time taken: 1.214 seconds
Ran Boca-Leek. Time taken: 1.196 seconds
Ran Boca-Leek. Time taken: 1.232 seconds
Ran Boca-Leek. Time taken: 1.229 seconds
Ran IHW-quantile. Time taken: 123.197 seconds
alpha = 0.1: FDPhat 0.0959, Number of Rej. 73
Task completed!
Ran AdaPT. Time taken: 70.772 seconds
Ran Clfdr-EM. Time taken: 0.485 seconds
alpha = 0.1: FDPhat 0.0877, Number of Rej. 57
Task completed!
Ran AdaPT. Time taken: 98.36 seconds
alpha = 0.1: FDPhat 0.0877, Number of Rej. 57
Task completed!
Ran AdaPT. Time taken: 70.847 seconds
alpha = 0.1: FDPhat 0.0959, Number of Rej. 73
Task completed!
alpha = 0.1: FDPhat 0.0741, Number of Rej. 27
Task completed!
Ran AdaPT. Time taken: 74.635 seconds
Ran AdaPT. Time taken: 72.658 seconds
Ran Boca-Leek. Time taken: 1.194 seconds
Ran Boca-Leek. Time taken: 1.116 seconds
alpha = 0.1: FDPhat 0.0909, Number of Rej. 33
Task completed!
Ran AdaPT. Time taken: 98.035 seconds
Ran Clfdr-EM. Time taken: 0.396 seconds
Ran Clfdr-EM. Time taken: 0.177 seconds
alpha = 0.1: FDPhat 0.0952, Number of Rej. 84
Task completed!
Ran Boca-Leek. Time taken: 1.18 seconds
Ran AdaPT. Time taken: 73.558 seconds
Ran Boca-Leek. Time taken: 1.296 seconds
alpha = 0.1: FDPhat 0.0938, Number of Rej. 64
Task completed!
Ran AdaPT. Time taken: 75.633 seconds
Ran Boca-Leek. Time taken: 1.236 seconds
Ran Boca-Leek. Time taken: 1.206 seconds
Ran Boca-Leek. Time taken: 1.241 seconds
alpha = 0.1: FDPhat 0.0896, Number of Rej. 67
Task completed!
Ran AdaPT. Time taken: 79.345 seconds
Ran Boca-Leek. Time taken: 1.259 seconds
alpha = 0.1: FDPhat 0.0962, Number of Rej. 52
Task completed!
Ran AdaPT. Time taken: 78.926 seconds
Ran Clfdr-EM. Time taken: 0.32 seconds
Ran Boca-Leek. Time taken: 1.128 seconds
Ran IHW-quantile. Time taken: 131.415 seconds
Ran Clfdr-EM. Time taken: 0.207 seconds
Ran Clfdr-EM. Time taken: 0.372 seconds
alpha = 0.1: FDPhat 0.0938, Number of Rej. 64
Task completed!
Ran AdaPT. Time taken: 104.031 seconds
Ran Boca-Leek. Time taken: 1.123 seconds
alpha = 0.1: FDPhat 0.0952, Number of Rej. 63
Task completed!
Ran AdaPT. Time taken: 77.451 seconds
Ran IHW-quantile. Time taken: 134.898 seconds
Ran Clfdr-EM. Time taken: 0.456 seconds
Ran Clfdr-EM. Time taken: 2.421 seconds
alpha = 0.1: FDPhat 0.0986, Number of Rej. 71
Task completed!
Ran AdaPT. Time taken: 78.917 seconds
Ran Boca-Leek. Time taken: 1.158 seconds
Ran IHW-forest. Time taken: 7.201 seconds
Ran Boca-Leek. Time taken: 1.23 seconds
Ran Clfdr-EM. Time taken: 0.189 seconds
alpha = 0.1: FDPhat 0.1, Number of Rej. 70
Task completed!
Ran AdaPT. Time taken: 81.056 seconds
Ran Boca-Leek. Time taken: 1.223 seconds
Ran Clfdr-EM. Time taken: 10.59 seconds
Ran BH. Time taken: 0.002 seconds
Ran Boca-Leek. Time taken: 1.16 seconds
Ran IHW-quantile. Time taken: 142.959 seconds
Ran Clfdr-EM. Time taken: 0.192 seconds
Ran Boca-Leek. Time taken: 1.144 seconds
Ran Clfdr-EM. Time taken: 2.693 seconds
Ran Clfdr-EM. Time taken: 1.971 seconds
Ran AdaPT. Time taken: 88.701 seconds
Ran Boca-Leek. Time taken: 1.179 seconds
Ran Clfdr-EM. Time taken: 0.441 seconds
Ran Clfdr-EM. Time taken: 10.149 seconds
Ran Boca-Leek. Time taken: 1.109 seconds
Ran IHW-forest. Time taken: 7.289 seconds
Ran IHW-forest. Time taken: 9.888 seconds
Ran AdaPT. Time taken: 92.906 seconds
Ran Clfdr-EM. Time taken: 19.145 seconds
alpha = 0.1: FDPhat 0.0833, Number of Rej. 12
Task completed!
Ran AdaPT. Time taken: 93.978 seconds
Ran IHW-quantile. Time taken: 151.062 seconds
Ran BH. Time taken: 0.001 seconds
Ran Clfdr-EM. Time taken: 0.49 seconds
Ran BH. Time taken: 0.034 seconds
Ran IHW-quantile. Time taken: 150.31 seconds
Ran Clfdr-EM. Time taken: 7.346 seconds
Ran Boca-Leek. Time taken: 0.968 seconds
Ran Boca-Leek. Time taken: 1.309 seconds
Ran IHW-forest. Time taken: 10.649 seconds
Ran IHW-quantile. Time taken: 153.34 seconds
Ran BH. Time taken: 0.002 seconds
Ran IHW-forest. Time taken: 6.293 seconds
Ran Clfdr-EM. Time taken: 2.515 seconds
Ran IHW-forest. Time taken: 6.52 seconds
Ran BH. Time taken: 0.001 seconds
alpha = 0.1: FDPhat 0.0938, Number of Rej. 64
Task completed!
Ran AdaPT. Time taken: 73.342 seconds
Ran BH. Time taken: 0.037 seconds
Ran IHW-forest. Time taken: 7.018 seconds
Ran Boca-Leek. Time taken: 1.127 seconds
alpha = 0.1: FDPhat 0.087, Number of Rej. 69
Task completed!
Ran AdaPT. Time taken: 75.028 seconds
alpha = 0.1: FDPhat 0.0972, Number of Rej. 72
Task completed!
Ran AdaPT. Time taken: 76.681 seconds
alpha = 0.1: FDPhat 0.098, Number of Rej. 51
Task completed!
Ran AdaPT. Time taken: 76.507 seconds
alpha = 0.1: FDPhat 0.0943, Number of Rej. 53
Task completed!
alpha = 0.1: FDPhat 0.1, Number of Rej. 60
Task completed!
Ran AdaPT. Time taken: 75.161 seconds
Ran BH. Time taken: 0.002 seconds
Ran AdaPT. Time taken: 77.419 seconds
alpha = 0.1: FDPhat 0.1, Number of Rej. 60
Task completed!
Ran AdaPT. Time taken: 77.14 seconds
Ran Boca-Leek. Time taken: 1.056 seconds
Ran Boca-Leek. Time taken: 1.112 seconds
Ran Boca-Leek. Time taken: 1.08 seconds
Ran Boca-Leek. Time taken: 0.993 seconds
alpha = 0.1: FDPhat 0.098, Number of Rej. 51
Task completed!
Ran AdaPT. Time taken: 78.551 seconds
Ran Boca-Leek. Time taken: 1.224 seconds
Ran Clfdr-EM. Time taken: 0.257 seconds
Ran Clfdr-EM. Time taken: 41.214 seconds
Ran Clfdr-EM. Time taken: 0.746 seconds
Ran Boca-Leek. Time taken: 1.109 seconds
Ran Clfdr-EM. Time taken: 42.364 seconds
Ran AdaPT-xgboost. Time taken: 40.746 seconds
Ran Clfdr-EM. Time taken: 0.374 seconds
Ran Clfdr-EM. Time taken: 0.321 seconds
Ran Boca-Leek. Time taken: 1.009 seconds
Ran AdaPT-xgboost. Time taken: 36.086 seconds
Ran Clfdr-EM. Time taken: 33.086 seconds
Ran Clfdr-EM. Time taken: 0.142 seconds
Ran AdaPT-xgboost. Time taken: 36.47 seconds
Ran AdaPT-xgboost. Time taken: 35.574 seconds
Ran Clfdr-EM. Time taken: 0.143 seconds
Ran AdaPT-xgboost. Time taken: 35.27 seconds
Ran AdaPT-xgboost. Time taken: 34.549 seconds
Ran AdaPT-xgboost. Time taken: 40.1 seconds
Ran AdaPT-xgboost. Time taken: 40.481 seconds
Ran AdaPT-xgboost. Time taken: 33.28 seconds
Ran Clfdr-EM. Time taken: 35.554 seconds
Ran AdaPT-xgboost. Time taken: 37.583 seconds
Ran AdaPT-xgboost. Time taken: 37.738 seconds
Ran AdaPT-xgboost. Time taken: 35.143 seconds
Ran AdaPT-xgboost. Time taken: 31.52 seconds
Ran Clfdr-EM. Time taken: 30.501 seconds
Ran AdaPT-xgboost. Time taken: 33.943 seconds
Ran AdaPT-xgboost. Time taken: 35.936 seconds
Ran Clfdr-EM. Time taken: 24.928 seconds
Ran AdaPT-xgboost. Time taken: 32.02 seconds
Ran Clfdr-EM. Time taken: 20.878 seconds
Ran AdaPT-xgboost. Time taken: 20.882 seconds
Ran AdaPT-xgboost. Time taken: 20.584 seconds
Ran AdaPT-xgboost. Time taken: 20.561 seconds
Ran AdaPT-xgboost. Time taken: 19.503 seconds
Ran AdaPT-xgboost. Time taken: 18.932 seconds
Ran AdaPT-xgboost. Time taken: 15.219 seconds
Ran AdaPT-xgboost. Time taken: 26.077 seconds
Ran AdaPT-xgboost. Time taken: 25.914 seconds
Ran AdaPT-xgboost. Time taken: 25.244 seconds
Ran AdaPT-xgboost. Time taken: 24.591 seconds
alpha = 0.1: FDPhat 0.0959, Number of Rej. 73
Task completed!
Ran AdaPT. Time taken: 33.543 seconds
alpha = 0.1: FDPhat 0.0946, Number of Rej. 74
Task completed!
Ran AdaPT. Time taken: 39.593 seconds
alpha = 0.1: FDPhat 0.0938, Number of Rej. 64
Task completed!
Ran AdaPT. Time taken: 37.875 seconds
Ran Boca-Leek. Time taken: 0.271 seconds
Ran Boca-Leek. Time taken: 0.263 seconds
alpha = 0.1: FDPhat 0.1, Number of Rej. 60
Task completed!
Ran AdaPT. Time taken: 61.927 seconds
Ran Boca-Leek. Time taken: 0.247 seconds
Ran Clfdr-EM. Time taken: 0.088 seconds
Ran AdaPT-xgboost. Time taken: 10.666 seconds
Ran AdaPT-xgboost. Time taken: 9.899 seconds
Ran Clfdr-EM. Time taken: 0.097 seconds
Ran AdaPT-xgboost. Time taken: 22.269 seconds
alpha = 0.1: FDPhat 0.1, Number of Rej. 80
Task completed!
Ran AdaPT. Time taken: 52.939 seconds
Ran Boca-Leek. Time taken: 0.41 seconds
Ran Clfdr-EM. Time taken: 1.431 seconds
alpha = 0.1: FDPhat 0.0923, Number of Rej. 65
Task completed!
Ran AdaPT. Time taken: 54.334 seconds
Ran Boca-Leek. Time taken: 0.234 seconds
Ran Clfdr-EM. Time taken: 0.029 seconds
Ran Boca-Leek. Time taken: 0.295 seconds
Ran Clfdr-EM. Time taken: 1.077 seconds
Ran Clfdr-EM. Time taken: 0.105 seconds
alpha = 0.1: FDPhat 0.0886, Number of Rej. 79
Task completed!
Ran AdaPT. Time taken: 48.856 seconds
Ran Boca-Leek. Time taken: 0.31 seconds
Ran Clfdr-EM. Time taken: 0.098 seconds
Ran AdaPT-xgboost. Time taken: 7.353 seconds
Ran AdaPT-xgboost. Time taken: 7.226 seconds
Ran AdaPT-xgboost. Time taken: 7.307 seconds
Ran AdaPT-xgboost. Time taken: 6.832 seconds
Ran AdaPT-xgboost. Time taken: 6.627 seconds
Ran AdaPT-xgboost. Time taken: 8.206 seconds
Ran AdaPT-xgboost. Time taken: 6.68 seconds
Ran IHW-quantile. Time taken: 232.42 seconds
Ran IHW-forest. Time taken: 0.6 seconds
Ran BH. Time taken: 0.002 seconds
alpha = 0.1: FDPhat 0.0909, Number of Rej. 55
Task completed!
Ran AdaPT. Time taken: 6.946 seconds
Ran Boca-Leek. Time taken: 0.103 seconds
Ran Clfdr-EM. Time taken: 0.035 seconds
Ran IHW-quantile. Time taken: 239.773 seconds
Ran IHW-forest. Time taken: 0.576 seconds
Ran BH. Time taken: 0.002 seconds
Ran AdaPT-xgboost. Time taken: 3.295 seconds
alpha = 0.1: FDPhat 0.0952, Number of Rej. 63
Task completed!
Ran AdaPT. Time taken: 5.956 seconds
Ran Boca-Leek. Time taken: 0.101 seconds
Ran IHW-quantile. Time taken: 252.789 seconds
Ran Clfdr-EM. Time taken: 0.038 seconds
Ran IHW-forest. Time taken: 0.367 seconds
Ran BH. Time taken: 0.002 seconds
Ran IHW-quantile. Time taken: 251.159 seconds
Ran IHW-forest. Time taken: 0.584 seconds
Ran BH. Time taken: 0.002 seconds
Ran AdaPT-xgboost. Time taken: 3.27 seconds
alpha = 0.1: FDPhat 0.1, Number of Rej. 70
Task completed!
Ran AdaPT. Time taken: 3.823 seconds
Ran Boca-Leek. Time taken: 0.064 seconds
Ran Clfdr-EM. Time taken: 0.022 seconds
alpha = 0.1: FDPhat 0.0933, Number of Rej. 75
Task completed!
Ran AdaPT-xgboost. Time taken: 1.973 seconds
Ran AdaPT. Time taken: 4.074 seconds
Ran Boca-Leek. Time taken: 0.064 seconds
Ran Clfdr-EM. Time taken: 2.225 seconds
Ran AdaPT-xgboost. Time taken: 2.047 seconds
[1] "\n"
