- One or more packages recorded in the lockfile are not installed.
- Use `renv::status()` for more details.

##------ Sat Aug 19 01:08:47 2023 ------##
##------ Sat Aug 19 01:08:47 2023 ------## 

simulation run:1/70
simulation run:2/70
simulation run:3/70
simulation run:4/70
simulation run:5/70
simulation run:7/70
simulation run:8/70
simulation run:6/70
simulation run:9/70
simulation run:10/70
simulation run:11/70
simulation run:12/70
simulation run:13/70
simulation run:14/70
simulation run:15/70
simulation run:16/70
simulation run:17/70
simulation run:18/70
simulation run:19/70
simulation run:20/70
simulation run:21/70
simulation run:22/70
simulation run:23/70
simulation run:24/70
simulation run:25/70
simulation run:26/70
simulation run:27/70
simulation run:28/70
simulation run:29/70
simulation run:30/70
simulation run:31/70
simulation run:32/70
simulation run:33/70
simulation run:34/70
simulation run:35/70
simulation run:36/70
simulation run:37/70
simulation run:38/70
simulation run:39/70
simulation run:40/70
simulation run:41/70
simulation run:42/70
simulation run:43/70
simulation run:44/70
simulation run:45/70
simulation run:46/70
simulation run:47/70
simulation run:48/70
simulation run:49/70
simulation run:50/70
simulation run:51/70
simulation run:52/70
simulation run:53/70
simulation run:54/70
simulation run:55/70
simulation run:56/70
simulation run:57/70
simulation run:58/70
Ran IHW-quantile. Time taken: 0.002 seconds
simulation run:59/70
simulation run:60/70
simulation run:61/70
simulation run:62/70
simulation run:63/70
simulation run:64/70
Ran IHW-quantile. Time taken: 0.001 seconds
simulation run:65/70
simulation run:66/70
simulation run:67/70
simulation run:68/70
simulation run:69/70
simulation run:70/70
Ran IHW-quantile. Time taken: 0.07 seconds
Ran IHW-quantile. Time taken: 0.002 seconds
Ran IHW-quantile. Time taken: 0.002 seconds
Ran IHW-quantile. Time taken: 0.069 seconds
Ran IHW-quantile. Time taken: 0.001 seconds
Ran IHW-quantile. Time taken: 0.001 seconds
Ran IHW-quantile. Time taken: 0.062 seconds
Ran IHW-quantile. Time taken: 0.002 seconds
Ran IHW-forest. Time taken: 13.754 seconds
Ran IHW-forest. Time taken: 13.924 seconds
Ran IHW-forest. Time taken: 15.433 seconds
Ran BH. Time taken: 0.042 seconds
Ran IHW-forest. Time taken: 17.136 seconds
Ran BH. Time taken: 0.002 seconds
Ran IHW-forest. Time taken: 14.514 seconds
Ran IHW-forest. Time taken: 14.145 seconds
Ran IHW-forest. Time taken: 14.691 seconds
Ran BH. Time taken: 0.054 seconds
Ran BH. Time taken: 0.055 seconds
Ran IHW-forest. Time taken: 12.759 seconds
Ran IHW-forest. Time taken: 19.702 seconds
Ran BH. Time taken: 0.002 seconds
Ran BH. Time taken: 0.002 seconds
Ran BH. Time taken: 0.054 seconds
Ran IHW-forest. Time taken: 15.643 seconds
Ran BH. Time taken: 0.002 seconds
Ran BH. Time taken: 0.002 seconds
Ran IHW-quantile. Time taken: 30.702 seconds
Ran BH. Time taken: 0.045 seconds
Ran IHW-quantile. Time taken: 31.712 seconds
Ran IHW-quantile. Time taken: 31.416 seconds
Ran IHW-quantile. Time taken: 28.956 seconds
Ran IHW-quantile. Time taken: 27.363 seconds
Ran IHW-quantile. Time taken: 26.843 seconds
Ran IHW-quantile. Time taken: 31.17 seconds
Ran IHW-quantile. Time taken: 29.426 seconds
Ran IHW-quantile. Time taken: 29.226 seconds
Ran IHW-quantile. Time taken: 29.288 seconds
Ran IHW-quantile. Time taken: 34.932 seconds
Ran IHW-quantile. Time taken: 33.454 seconds
Ran IHW-quantile. Time taken: 33.453 seconds
Ran IHW-quantile. Time taken: 32.202 seconds
Ran IHW-quantile. Time taken: 34.301 seconds
Ran IHW-quantile. Time taken: 35.833 seconds
Ran IHW-quantile. Time taken: 32.493 seconds
Ran IHW-forest. Time taken: 7.432 seconds
Ran IHW-forest. Time taken: 7.315 seconds
Ran IHW-forest. Time taken: 7.423 seconds
Ran IHW-forest. Time taken: 7.139 seconds
Ran IHW-forest. Time taken: 7.007 seconds
Ran BH. Time taken: 0.002 seconds
Ran IHW-forest. Time taken: 6.819 seconds
Ran IHW-forest. Time taken: 7.371 seconds
Ran IHW-forest. Time taken: 8.16 seconds
Ran IHW-forest. Time taken: 7.552 seconds
Ran BH. Time taken: 0.047 seconds
Ran BH. Time taken: 0.05 seconds
Ran BH. Time taken: 0.05 seconds
Ran IHW-forest. Time taken: 7.543 seconds
Ran BH. Time taken: 0.002 seconds
Ran BH. Time taken: 0.002 seconds
Ran IHW-forest. Time taken: 8.396 seconds
Ran BH. Time taken: 0.046 seconds
Ran BH. Time taken: 0.046 seconds
Ran BH. Time taken: 0.002 seconds
Ran IHW-forest. Time taken: 8.766 seconds
Ran IHW-forest. Time taken: 8.398 seconds
Ran BH. Time taken: 0.046 seconds
Ran IHW-forest. Time taken: 8.313 seconds
Ran IHW-forest. Time taken: 8.198 seconds
Ran BH. Time taken: 0.002 seconds
Ran BH. Time taken: 0.002 seconds
Ran BH. Time taken: 0.048 seconds
Ran BH. Time taken: 0.002 seconds
Ran BH. Time taken: 0.042 seconds
Ran IHW-quantile. Time taken: 66.467 seconds
Ran IHW-quantile. Time taken: 61.36 seconds
Ran IHW-quantile. Time taken: 65.986 seconds
Ran IHW-quantile. Time taken: 65.345 seconds
Ran IHW-quantile. Time taken: 66.886 seconds
Ran IHW-quantile. Time taken: 68.6 seconds
Ran IHW-quantile. Time taken: 66.97 seconds
Ran IHW-quantile. Time taken: 67.799 seconds
Ran IHW-forest. Time taken: 7.83 seconds
Ran IHW-forest. Time taken: 7.672 seconds
Ran IHW-forest. Time taken: 7.85 seconds
Ran IHW-forest. Time taken: 7.737 seconds
Ran BH. Time taken: 0.002 seconds
Ran BH. Time taken: 0.002 seconds
Ran BH. Time taken: 0.042 seconds
Ran IHW-forest. Time taken: 8.742 seconds
Ran IHW-forest. Time taken: 8.871 seconds
Ran IHW-forest. Time taken: 7.753 seconds
Ran BH. Time taken: 0.038 seconds
Ran BH. Time taken: 0.002 seconds
Ran IHW-forest. Time taken: 8.387 seconds
Ran BH. Time taken: 0.002 seconds
Ran BH. Time taken: 0.002 seconds
alpha = 0.1: FDPhat 0.0909, Number of Rej. 77
Task completed!
Ran AdaPT. Time taken: 66.432 seconds
alpha = 0.1: FDPhat 0.0889, Number of Rej. 45
Task completed!
Ran AdaPT. Time taken: 82.437 seconds
alpha = 0.1: FDPhat 0.0909, Number of Rej. 55
Task completed!
Ran AdaPT. Time taken: 88.85 seconds
alpha = 0.1: FDPhat 0.099, Number of Rej. 101
Task completed!
Ran AdaPT. Time taken: 61.05 seconds
alpha = 0.1: FDPhat 0.0833, Number of Rej. 36
Task completed!
Ran AdaPT. Time taken: 94.001 seconds
Ran Boca-Leek. Time taken: 1.095 seconds
alpha = 0.1: FDPhat 0.1, Number of Rej. 70
Task completed!
Ran AdaPT. Time taken: 90.313 seconds
Ran Boca-Leek. Time taken: 1.226 seconds
alpha = 0.1: FDPhat 0.093, Number of Rej. 43
Task completed!
Ran AdaPT. Time taken: 94.145 seconds
Ran IHW-quantile. Time taken: 112.388 seconds
alpha = 0.1: FDPhat 0.0971, Number of Rej. 103
Task completed!
Ran AdaPT. Time taken: 67.28 seconds
alpha = 0.1: FDPhat 0.0952, Number of Rej. 63
Task completed!
Ran AdaPT. Time taken: 87.804 seconds
Ran Boca-Leek. Time taken: 1.314 seconds
Ran Boca-Leek. Time taken: 1.137 seconds
Ran Clfdr-EM. Time taken: 0.173 seconds
Ran Boca-Leek. Time taken: 1.186 seconds
Ran Boca-Leek. Time taken: 1.286 seconds
Ran Boca-Leek. Time taken: 1.19 seconds
alpha = 0.1: FDPhat 0.0909, Number of Rej. 55
Task completed!
Ran AdaPT. Time taken: 93.624 seconds
Ran Clfdr-EM. Time taken: 2.46 seconds
alpha = 0.1: FDPhat 0.1, Number of Rej. 40
Task completed!
Ran AdaPT. Time taken: 93.938 seconds
Ran Boca-Leek. Time taken: 1.193 seconds
Ran Boca-Leek. Time taken: 1.206 seconds
Ran Clfdr-EM. Time taken: 0.403 seconds
alpha = 0.1: FDPhat 0.0946, Number of Rej. 74
Task completed!
Ran AdaPT. Time taken: 68.729 seconds
alpha = 0.1: FDPhat 0.0952, Number of Rej. 63
Task completed!
Ran AdaPT. Time taken: 72.852 seconds
Ran IHW-quantile. Time taken: 118.867 seconds
Ran Clfdr-EM. Time taken: 0.43 seconds
Ran Clfdr-EM. Time taken: 0.362 seconds
alpha = 0.1: FDPhat 0.0941, Number of Rej. 85
Task completed!
Ran AdaPT. Time taken: 76.176 seconds
alpha = 0.1: FDPhat 0.0952, Number of Rej. 63
Task completed!
Ran AdaPT. Time taken: 73.249 seconds
alpha = 0.1: FDPhat 0.0968, Number of Rej. 62
Task completed!
Ran AdaPT. Time taken: 74.624 seconds
Ran Boca-Leek. Time taken: 1.409 seconds
Ran Clfdr-EM. Time taken: 1.676 seconds
alpha = 0.1: FDPhat 0.0909, Number of Rej. 44
Task completed!
Ran AdaPT. Time taken: 94.271 seconds
Ran Boca-Leek. Time taken: 1.407 seconds
alpha = 0.1: FDPhat 0.087, Number of Rej. 23
Task completed!
Ran AdaPT. Time taken: 79.376 seconds
Ran Boca-Leek. Time taken: 1.006 seconds
Ran Boca-Leek. Time taken: 1.214 seconds
Ran Clfdr-EM. Time taken: 5.565 seconds
alpha = 0.1: FDPhat 0.0923, Number of Rej. 65
Task completed!
Ran Boca-Leek. Time taken: 1.024 seconds
Ran AdaPT. Time taken: 77.898 seconds
Ran Boca-Leek. Time taken: 1.212 seconds
alpha = 0.1: FDPhat 0.0986, Number of Rej. 71
Task completed!
Ran AdaPT. Time taken: 75.021 seconds
Ran Boca-Leek. Time taken: 1.338 seconds
alpha = 0.1: FDPhat 0.1, Number of Rej. 60
Task completed!
Ran AdaPT. Time taken: 101.244 seconds
Ran Clfdr-EM. Time taken: 0.235 seconds
alpha = 0.1: FDPhat 0.1, Number of Rej. 40
Task completed!
Ran AdaPT. Time taken: 76.451 seconds
Ran Boca-Leek. Time taken: 1.312 seconds
Ran IHW-forest. Time taken: 11.086 seconds
Ran Clfdr-EM. Time taken: 1.083 seconds
Ran Clfdr-EM. Time taken: 0.418 seconds
Ran Boca-Leek. Time taken: 1.308 seconds
alpha = 0.1: FDPhat 0.0962, Number of Rej. 52
Task completed!
Ran AdaPT. Time taken: 76.576 seconds
Ran Boca-Leek. Time taken: 1.185 seconds
Ran Boca-Leek. Time taken: 1.049 seconds
Ran Clfdr-EM. Time taken: 0.385 seconds
alpha = 0.1: FDPhat 0.087, Number of Rej. 23
Task completed!
Ran AdaPT. Time taken: 85.86 seconds
Ran Boca-Leek. Time taken: 1.096 seconds
Ran Boca-Leek. Time taken: 1.322 seconds
Ran Clfdr-EM. Time taken: 0.433 seconds
Ran BH. Time taken: 0.045 seconds
Ran Clfdr-EM. Time taken: 0.13 seconds
Ran IHW-forest. Time taken: 9.037 seconds
Ran Clfdr-EM. Time taken: 0.175 seconds
Ran Boca-Leek. Time taken: 1.069 seconds
Ran Clfdr-EM. Time taken: 0.126 seconds
Ran Boca-Leek. Time taken: 1.149 seconds
Ran BH. Time taken: 0.038 seconds
Ran IHW-quantile. Time taken: 138.18 seconds
Ran Clfdr-EM. Time taken: 0.336 seconds
Ran Clfdr-EM. Time taken: 11.188 seconds
Ran Clfdr-EM. Time taken: 3.381 seconds
Ran IHW-quantile. Time taken: 137.7 seconds
Ran Clfdr-EM. Time taken: 0.182 seconds
Ran Clfdr-EM. Time taken: 5.256 seconds
Ran IHW-quantile. Time taken: 138.966 seconds
Ran AdaPT. Time taken: 92.349 seconds
Ran Clfdr-EM. Time taken: 10.275 seconds
Ran IHW-quantile. Time taken: 141.908 seconds
Ran Boca-Leek. Time taken: 1.207 seconds
Ran Clfdr-EM. Time taken: 0.313 seconds
Ran IHW-forest. Time taken: 7.426 seconds
Ran IHW-forest. Time taken: 6.919 seconds
Ran IHW-forest. Time taken: 6.4 seconds
Ran BH. Time taken: 0.002 seconds
Ran IHW-forest. Time taken: 6.987 seconds
Ran BH. Time taken: 0.002 seconds
Ran BH. Time taken: 0.034 seconds
Ran BH. Time taken: 0.002 seconds
Ran Clfdr-EM. Time taken: 35.328 seconds
alpha = 0.1: FDPhat 0.0851, Number of Rej. 47
Task completed!
Ran AdaPT. Time taken: 72.483 seconds
alpha = 0.1: FDPhat 0.0968, Number of Rej. 62
Task completed!
Ran AdaPT. Time taken: 73.644 seconds
Ran AdaPT-xgboost. Time taken: 37.021 seconds
Ran AdaPT-xgboost. Time taken: 34.084 seconds
alpha = 0.1: FDPhat 0.098, Number of Rej. 51
Task completed!
Ran Boca-Leek. Time taken: 0.921 seconds
Ran AdaPT. Time taken: 79.979 seconds
Ran AdaPT-xgboost. Time taken: 33.925 seconds
Ran Boca-Leek. Time taken: 0.923 seconds
Ran Clfdr-EM. Time taken: 31.642 seconds
alpha = 0.1: FDPhat 0.0952, Number of Rej. 63
Task completed!
Ran AdaPT. Time taken: 80.119 seconds
alpha = 0.1: FDPhat 0.0926, Number of Rej. 54
Task completed!
Ran AdaPT. Time taken: 75.355 seconds
Ran Clfdr-EM. Time taken: 38.425 seconds
Ran Clfdr-EM. Time taken: 0.102 seconds
alpha = 0.1: FDPhat 0.0952, Number of Rej. 42
Task completed!
Ran AdaPT. Time taken: 82.168 seconds
Ran Boca-Leek. Time taken: 1.233 seconds
Ran Boca-Leek. Time taken: 0.842 seconds
Ran AdaPT-xgboost. Time taken: 32.879 seconds
Ran Boca-Leek. Time taken: 1.242 seconds
Ran AdaPT-xgboost. Time taken: 40.274 seconds
Ran Clfdr-EM. Time taken: 0.246 seconds
Ran Boca-Leek. Time taken: 1.157 seconds
Ran AdaPT-xgboost. Time taken: 31.231 seconds
Ran AdaPT-xgboost. Time taken: 32.033 seconds
Ran Clfdr-EM. Time taken: 0.391 seconds
Ran AdaPT-xgboost. Time taken: 40.614 seconds
alpha = 0.1: FDPhat 0.098, Number of Rej. 51
Task completed!
Ran AdaPT. Time taken: 81.909 seconds
Ran Clfdr-EM. Time taken: 0.372 seconds
Ran AdaPT-xgboost. Time taken: 30.614 seconds
Ran AdaPT-xgboost. Time taken: 40.282 seconds
Ran Clfdr-EM. Time taken: 9.306 seconds
Ran AdaPT-xgboost. Time taken: 29.792 seconds
Ran AdaPT-xgboost. Time taken: 39.903 seconds
Ran AdaPT-xgboost. Time taken: 38.978 seconds
Ran Boca-Leek. Time taken: 0.943 seconds
Ran AdaPT-xgboost. Time taken: 39.385 seconds
Ran AdaPT-xgboost. Time taken: 38.635 seconds
Ran AdaPT-xgboost. Time taken: 37.337 seconds
Ran AdaPT-xgboost. Time taken: 37.249 seconds
Ran AdaPT-xgboost. Time taken: 36.81 seconds
Ran AdaPT-xgboost. Time taken: 35.702 seconds
Ran AdaPT-xgboost. Time taken: 23.538 seconds
Ran AdaPT-xgboost. Time taken: 32.373 seconds
Ran AdaPT-xgboost. Time taken: 21.804 seconds
Ran AdaPT-xgboost. Time taken: 21.121 seconds
Ran AdaPT-xgboost. Time taken: 19.476 seconds
Ran AdaPT-xgboost. Time taken: 23.756 seconds
Ran AdaPT-xgboost. Time taken: 18.706 seconds
alpha = 0.1: FDPhat 0.0976, Number of Rej. 41
Task completed!
Ran AdaPT. Time taken: 51.494 seconds
Ran Clfdr-EM. Time taken: 23.658 seconds
Ran AdaPT-xgboost. Time taken: 17.877 seconds
Ran Boca-Leek. Time taken: 0.304 seconds
Ran Clfdr-EM. Time taken: 0.104 seconds
Ran AdaPT-xgboost. Time taken: 19.537 seconds
alpha = 0.1: FDPhat 0.093, Number of Rej. 86
Task completed!
Ran AdaPT. Time taken: 37.423 seconds
alpha = 0.1: FDPhat 0.0984, Number of Rej. 61
Task completed!
Ran AdaPT. Time taken: 57.635 seconds
alpha = 0.1: FDPhat 0.087, Number of Rej. 69
Task completed!
Ran AdaPT. Time taken: 40.186 seconds
alpha = 0.1: FDPhat 0.0952, Number of Rej. 63
Task completed!
Ran AdaPT. Time taken: 39.685 seconds
Ran Clfdr-EM. Time taken: 18.244 seconds
Ran Boca-Leek. Time taken: 0.318 seconds
Ran Boca-Leek. Time taken: 0.308 seconds
Ran Boca-Leek. Time taken: 0.318 seconds
Ran Boca-Leek. Time taken: 0.403 seconds
Ran Clfdr-EM. Time taken: 0.104 seconds
Ran Clfdr-EM. Time taken: 0.138 seconds
Ran Clfdr-EM. Time taken: 1.357 seconds
Ran Clfdr-EM. Time taken: 2.192 seconds
alpha = 0.1: FDPhat 0.0909, Number of Rej. 44
Task completed!
Ran AdaPT. Time taken: 47.129 seconds
Ran Boca-Leek. Time taken: 0.42 seconds
Ran AdaPT-xgboost. Time taken: 9.71 seconds
Ran Clfdr-EM. Time taken: 0.136 seconds
Ran AdaPT-xgboost. Time taken: 9.656 seconds
Ran AdaPT-xgboost. Time taken: 13.602 seconds
Ran AdaPT-xgboost. Time taken: 9.1 seconds
Ran AdaPT-xgboost. Time taken: 9.123 seconds
Ran AdaPT-xgboost. Time taken: 13.072 seconds
Ran AdaPT-xgboost. Time taken: 12.309 seconds
Ran AdaPT-xgboost. Time taken: 8.592 seconds
Ran IHW-quantile. Time taken: 248.158 seconds
Ran IHW-forest. Time taken: 0.946 seconds
Ran BH. Time taken: 0.002 seconds
Ran IHW-quantile. Time taken: 248.809 seconds
Ran IHW-forest. Time taken: 0.834 seconds
Ran BH. Time taken: 0.002 seconds
alpha = 0.1: FDPhat 0.0923, Number of Rej. 65
Task completed!
Ran AdaPT. Time taken: 9.239 seconds
Ran Boca-Leek. Time taken: 0.105 seconds
Ran Clfdr-EM. Time taken: 0.043 seconds
alpha = 0.1: FDPhat 0.098, Number of Rej. 51
Task completed!
Ran AdaPT. Time taken: 9.473 seconds
Ran Boca-Leek. Time taken: 0.129 seconds
Ran Clfdr-EM. Time taken: 0.21 seconds
Ran AdaPT-xgboost. Time taken: 5.198 seconds
Ran AdaPT-xgboost. Time taken: 4.325 seconds
Ran IHW-quantile. Time taken: 270.875 seconds
Ran IHW-forest. Time taken: 0.579 seconds
Ran BH. Time taken: 0.002 seconds
Ran IHW-quantile. Time taken: 278.123 seconds
Ran IHW-forest. Time taken: 0.568 seconds
Ran BH. Time taken: 0.002 seconds
alpha = 0.1: FDPhat 0.0909, Number of Rej. 44
Task completed!
Ran AdaPT. Time taken: 6.958 seconds
Ran Boca-Leek. Time taken: 0.105 seconds
alpha = 0.1: FDPhat 0.0882, Number of Rej. 34
Task completed!
Ran AdaPT. Time taken: 6.18 seconds
Ran Clfdr-EM. Time taken: 0.014 seconds
Ran Boca-Leek. Time taken: 0.102 seconds
Ran Clfdr-EM. Time taken: 0.015 seconds
Ran AdaPT-xgboost. Time taken: 3.217 seconds
Ran AdaPT-xgboost. Time taken: 3.115 seconds
Ran IHW-quantile. Time taken: 284.883 seconds
Ran IHW-quantile. Time taken: 289.707 seconds
Ran IHW-forest. Time taken: 0.358 seconds
Ran BH. Time taken: 0.002 seconds
Ran IHW-forest. Time taken: 0.365 seconds
Ran BH. Time taken: 0.001 seconds
alpha = 0.1: FDPhat 0.0984, Number of Rej. 61
Task completed!
Ran AdaPT. Time taken: 3.859 seconds
Ran Boca-Leek. Time taken: 0.065 seconds
Ran Clfdr-EM. Time taken: 0.089 seconds
alpha = 0.1: FDPhat 0.0625, Number of Rej. 16
Task completed!
Ran AdaPT. Time taken: 4.551 seconds
Ran Boca-Leek. Time taken: 0.066 seconds
Ran Clfdr-EM. Time taken: 0.606 seconds
Ran AdaPT-xgboost. Time taken: 2.114 seconds
Ran AdaPT-xgboost. Time taken: 2.005 seconds
[1] "\n"
