WARNING: ignoring environment value of R_HOME
- One or more packages recorded in the lockfile are not installed.
- Use `renv::status()` for more details.

##------ Fri Aug 18 03:37:39 2023 ------##
##------ Fri Aug 18 03:37:39 2023 ------## 

simulation run:1/42
simulation run:2/42
simulation run:3/42
simulation run:4/42
simulation run:5/42
simulation run:7/42
simulation run:6/42
simulation run:8/42
simulation run:9/42
simulation run:10/42
simulation run:11/42
simulation run:13/42
simulation run:12/42
simulation run:14/42
simulation run:16/42
simulation run:15/42
simulation run:17/42
simulation run:18/42
simulation run:19/42
simulation run:20/42
simulation run:21/42
simulation run:22/42
simulation run:23/42
simulation run:24/42
simulation run:25/42
simulation run:26/42
simulation run:27/42
simulation run:28/42
simulation run:29/42
simulation run:30/42
simulation run:31/42
simulation run:32/42
simulation run:33/42
simulation run:34/42
simulation run:35/42
simulation run:36/42
simulation run:37/42
simulation run:38/42
simulation run:39/42
simulation run:40/42
simulation run:41/42
simulation run:42/42
Ran IHW-quantile. Time taken: 0.001 seconds
Ran IHW-quantile. Time taken: 0.038 seconds
Ran IHW-forest. Time taken: 7.546 seconds
Ran IHW-forest. Time taken: 8.329 seconds
Ran BH. Time taken: 0.036 seconds
Ran BH. Time taken: 0.002 seconds
Ran IHW-quantile. Time taken: 19.98 seconds
Ran IHW-quantile. Time taken: 19.938 seconds
Ran IHW-quantile. Time taken: 21.371 seconds
Ran IHW-quantile. Time taken: 22.853 seconds
Ran IHW-quantile. Time taken: 20.279 seconds
Ran IHW-quantile. Time taken: 22.628 seconds
Ran IHW-quantile. Time taken: 22.12 seconds
Ran IHW-quantile. Time taken: 20.867 seconds
Ran IHW-quantile. Time taken: 22.291 seconds
Ran IHW-quantile. Time taken: 22.821 seconds
Ran IHW-quantile. Time taken: 22.583 seconds
Ran IHW-quantile. Time taken: 23.365 seconds
Ran IHW-quantile. Time taken: 22.399 seconds
Ran IHW-quantile. Time taken: 22.599 seconds
Ran IHW-quantile. Time taken: 23.533 seconds
Ran IHW-quantile. Time taken: 22.771 seconds
Ran IHW-quantile. Time taken: 24.276 seconds
Ran IHW-quantile. Time taken: 23.398 seconds
Ran IHW-quantile. Time taken: 23.806 seconds
Ran IHW-quantile. Time taken: 25.011 seconds
Ran IHW-quantile. Time taken: 23.099 seconds
Ran IHW-quantile. Time taken: 23.955 seconds
Ran IHW-quantile. Time taken: 23.118 seconds
Ran IHW-quantile. Time taken: 25.082 seconds
Ran IHW-quantile. Time taken: 24.603 seconds
Ran IHW-quantile. Time taken: 24.481 seconds
Ran IHW-quantile. Time taken: 25.165 seconds
Ran IHW-quantile. Time taken: 24.322 seconds
Ran IHW-quantile. Time taken: 24.736 seconds
Ran IHW-quantile. Time taken: 25.211 seconds
Ran IHW-quantile. Time taken: 25.977 seconds
Ran IHW-quantile. Time taken: 25.46 seconds
Ran IHW-forest. Time taken: 6.476 seconds
Ran IHW-forest. Time taken: 6.432 seconds
Ran IHW-forest. Time taken: 6.528 seconds
Ran IHW-forest. Time taken: 6.686 seconds
Ran IHW-forest. Time taken: 6.807 seconds
Ran IHW-forest. Time taken: 6.803 seconds
Ran BH. Time taken: 0.002 seconds
Ran IHW-forest. Time taken: 6.681 seconds
Ran BH. Time taken: 0.034 seconds
Ran IHW-forest. Time taken: 6.682 seconds
Ran IHW-forest. Time taken: 6.805 seconds
Ran IHW-forest. Time taken: 6.735 seconds
Ran IHW-forest. Time taken: 7.003 seconds
Ran IHW-forest. Time taken: 6.856 seconds
Ran IHW-forest. Time taken: 6.888 seconds
Ran IHW-forest. Time taken: 6.881 seconds
Ran IHW-forest. Time taken: 6.862 seconds
Ran BH. Time taken: 0.037 seconds
Ran BH. Time taken: 0.066 seconds
Ran BH. Time taken: 0.038 seconds
Ran BH. Time taken: 0.002 seconds
Ran IHW-forest. Time taken: 6.919 seconds
Ran IHW-forest. Time taken: 6.908 seconds
Ran BH. Time taken: 0.002 seconds
Ran BH. Time taken: 0.001 seconds
Ran IHW-forest. Time taken: 7.022 seconds
Ran IHW-forest. Time taken: 6.828 seconds
Ran IHW-forest. Time taken: 7.016 seconds
Ran IHW-forest. Time taken: 6.775 seconds
Ran BH. Time taken: 0.002 seconds
Ran BH. Time taken: 0.042 seconds
Ran IHW-forest. Time taken: 6.871 seconds
Ran IHW-forest. Time taken: 7.217 seconds
Ran BH. Time taken: 0.038 seconds
Ran IHW-forest. Time taken: 7.019 seconds
Ran IHW-forest. Time taken: 6.989 seconds
Ran BH. Time taken: 0.031 seconds
Ran BH. Time taken: 0.038 seconds
Ran IHW-forest. Time taken: 6.872 seconds
Ran IHW-forest. Time taken: 9.454 seconds
Ran BH. Time taken: 0.002 seconds
Ran IHW-forest. Time taken: 7.111 seconds
Ran IHW-forest. Time taken: 7.026 seconds
Ran BH. Time taken: 0.038 seconds
Ran IHW-forest. Time taken: 7.06 seconds
Ran IHW-forest. Time taken: 6.849 seconds
Ran BH. Time taken: 0.002 seconds
Ran BH. Time taken: 0.041 seconds
Ran IHW-forest. Time taken: 6.973 seconds
Ran BH. Time taken: 0.039 seconds
Ran BH. Time taken: 0.002 seconds
Ran BH. Time taken: 0.002 seconds
Ran BH. Time taken: 0.022 seconds
Ran BH. Time taken: 0.002 seconds
Ran BH. Time taken: 0.002 seconds
Ran BH. Time taken: 0.001 seconds
Ran BH. Time taken: 0.038 seconds
Ran BH. Time taken: 0.002 seconds
Ran BH. Time taken: 0.002 seconds
Ran BH. Time taken: 0.002 seconds
Ran BH. Time taken: 0.002 seconds
Ran BH. Time taken: 0.035 seconds
Ran BH. Time taken: 0.038 seconds
Ran BH. Time taken: 0.002 seconds
Ran IHW-quantile. Time taken: 58.229 seconds
Ran IHW-quantile. Time taken: 58.92 seconds
Ran IHW-quantile. Time taken: 59.301 seconds
Ran IHW-forest. Time taken: 7.125 seconds
Ran IHW-forest. Time taken: 7.02 seconds
Ran BH. Time taken: 0.002 seconds
Ran IHW-forest. Time taken: 7.167 seconds
Ran BH. Time taken: 0.002 seconds
Ran BH. Time taken: 0.042 seconds
alpha = 0.1: FDPhat 0.092, Number of Rej. 87
Task completed!
Ran AdaPT. Time taken: 76.025 seconds
alpha = 0.1: FDPhat 0.094, Number of Rej. 117
Task completed!
Ran AdaPT. Time taken: 57.475 seconds
alpha = 0.1: FDPhat 0.1, Number of Rej. 100
Task completed!
Ran AdaPT. Time taken: 58.462 seconds
alpha = 0.1: FDPhat 0.0978, Number of Rej. 92
Task completed!
Ran AdaPT. Time taken: 58.863 seconds
Ran Boca-Leek. Time taken: 1.179 seconds
Ran Boca-Leek. Time taken: 1.084 seconds
alpha = 0.1: FDPhat 0.0993, Number of Rej. 141
Task completed!
Ran AdaPT. Time taken: 58.226 seconds
Ran Boca-Leek. Time taken: 1.112 seconds
Ran Boca-Leek. Time taken: 1.123 seconds
alpha = 0.1: FDPhat 0.1, Number of Rej. 130
Task completed!
Ran AdaPT. Time taken: 64.471 seconds
alpha = 0.1: FDPhat 0.1, Number of Rej. 10
Task completed!
Ran AdaPT. Time taken: 67.719 seconds
Ran Boca-Leek. Time taken: 1.099 seconds
alpha = 0.1: FDPhat 0.0928, Number of Rej. 97
Task completed!
alpha = 0.1: FDPhat 0.0971, Number of Rej. 103
Task completed!
Ran AdaPT. Time taken: 61.27 seconds
Ran AdaPT. Time taken: 61.023 seconds
alpha = 0.1: FDPhat 0.0811, Number of Rej. 37
Task completed!
Ran AdaPT. Time taken: 64.241 seconds
alpha = 0.1: FDPhat 0.099, Number of Rej. 101
Task completed!
Ran AdaPT. Time taken: 66.938 seconds
alpha = 0.1: FDPhat 0.0984, Number of Rej. 122
Task completed!
Ran AdaPT. Time taken: 63.446 seconds
alpha = 0.1: FDPhat 0.0968, Number of Rej. 93
Task completed!
Ran AdaPT. Time taken: 88.042 seconds
alpha = 0.1: FDPhat 0.0945, Number of Rej. 127
Task completed!
Ran AdaPT. Time taken: 64.154 seconds
alpha = 0.1: FDPhat 0.0952, Number of Rej. 21
Task completed!
Ran AdaPT. Time taken: 67.832 seconds
alpha = 0.1: FDPhat 0.0957, Number of Rej. 94
Task completed!
Ran AdaPT. Time taken: 62.67 seconds
alpha = 0.1: FDPhat 0.0893, Number of Rej. 56
Task completed!
alpha = 0.1: FDPhat 0.096, Number of Rej. 125
Task completed!
Ran Boca-Leek. Time taken: 1.079 seconds
Ran AdaPT. Time taken: Ran AdaPT. Time taken: 68.347 seconds
67.101 seconds
Ran Boca-Leek. Time taken: 1.074 seconds
alpha = 0.1: FDPhat 0.0973, Number of Rej. 113
Task completed!
Ran AdaPT. Time taken: 65.554 seconds
alpha = 0.1: FDPhat 0.0993, Number of Rej. 141
Task completed!
Ran AdaPT. Time taken: 65.129 seconds
alpha = 0.1: FDPhat 0.0909, Number of Rej. 22
Task completed!
Ran AdaPT. Time taken: 72.789 seconds
Ran Boca-Leek. Time taken: 1.028 seconds
Ran Boca-Leek. Time taken: 1.138 seconds
Ran Boca-Leek. Time taken: 1.067 seconds
Ran Boca-Leek. Time taken: 1.047 seconds
alpha = 0.1: FDPhat 0.0909, Number of Rej. 66
Task completed!
Ran AdaPT. Time taken: 67.385 seconds
Ran Boca-Leek. Time taken: 1.063 seconds
alpha = 0.1: FDPhat 0.0926, Number of Rej. 54
Task completed!
Ran AdaPT. Time taken: 66.372 seconds
alpha = 0.1: FDPhat 0.0909, Number of Rej. 66
Task completed!
alpha = 0.1: FDPhat 0.0941, Number of Rej. 85
Task completed!
alpha = 0.1: FDPhat 0.0989, Number of Rej. 91
Task completed!
Ran AdaPT. Time taken: 68.134 seconds
Ran AdaPT. Time taken: 66.712 seconds
Ran AdaPT. Time taken: 71.894 seconds
Ran Boca-Leek. Time taken: 1.174 seconds
Ran Boca-Leek. Time taken: 1.028 seconds
Ran Boca-Leek. Time taken: 1.07 seconds
Ran Boca-Leek. Time taken: 1.085 seconds
alpha = 0.1: FDPhat 0.0952, Number of Rej. 21
Task completed!
Ran AdaPT. Time taken: 72.948 seconds
alpha = 0.1: FDPhat 0.0952, Number of Rej. 21
Task completed!
Ran Boca-Leek. Time taken: 1.075 seconds
Ran Boca-Leek. Time taken: 1.077 seconds
Ran AdaPT. Time taken: 69.239 seconds
alpha = 0.1: FDPhat 0.0952, Number of Rej. 21
Task completed!
Ran AdaPT. Time taken: 69.33 seconds
Ran Boca-Leek. Time taken: 1.091 seconds
Ran Boca-Leek. Time taken: 1.09 seconds
alpha = 0.1: FDPhat 0.0909, Number of Rej. 22
Task completed!
Ran AdaPT. Time taken: 72.716 seconds
Ran Clfdr-EM. Time taken: 0.455 seconds
Ran Boca-Leek. Time taken: 1.073 seconds
alpha = 0.1: FDPhat 0.1, Number of Rej. 60
Task completed!
Ran AdaPT. Time taken: 71.481 seconds
Ran Boca-Leek. Time taken: 1.053 seconds
Ran Boca-Leek. Time taken: 0.997 seconds
Ran Clfdr-EM. Time taken: 0.342 seconds
Ran Clfdr-EM. Time taken: 0.853 seconds
Ran Boca-Leek. Time taken: 1.11 seconds
Ran Boca-Leek. Time taken: 1.07 seconds
Ran Boca-Leek. Time taken: 1.111 seconds
Ran Clfdr-EM. Time taken: 12.26 seconds
Ran Boca-Leek. Time taken: 1.113 seconds
Ran Boca-Leek. Time taken: 1.135 seconds
Ran Boca-Leek. Time taken: 1.113 seconds
alpha = 0.1: FDPhat 0.0952, Number of Rej. 84
Task completed!
Ran AdaPT. Time taken: 73.71 seconds
Ran Clfdr-EM. Time taken: 0.282 seconds
alpha = 0.1: FDPhat 0.0992, Number of Rej. 121
Task completed!
Ran AdaPT. Time taken: 76.37 seconds
Ran Boca-Leek. Time taken: 1.148 seconds
alpha = 0.1: FDPhat 0.0952, Number of Rej. 105
Task completed!
Ran AdaPT. Time taken: 71.928 seconds
Ran Clfdr-EM. Time taken: 6.542 seconds
Ran Boca-Leek. Time taken: 1.153 seconds
Ran Clfdr-EM. Time taken: 5.218 seconds
Ran Clfdr-EM. Time taken: 0.314 seconds
Ran Clfdr-EM. Time taken: 2.037 seconds
Ran Clfdr-EM. Time taken: 0.31 seconds
Ran Boca-Leek. Time taken: 1.081 seconds
Ran Clfdr-EM. Time taken: 5.351 seconds
Ran Boca-Leek. Time taken: 1.15 seconds
Ran IHW-quantile. Time taken: 116.018 seconds
Ran Clfdr-EM. Time taken: 1.971 seconds
Ran Clfdr-EM. Time taken: 2.071 seconds
Ran Boca-Leek. Time taken: 1.143 seconds
Ran Clfdr-EM. Time taken: 5.442 seconds
Ran Clfdr-EM. Time taken: 4.797 seconds
Ran Clfdr-EM. Time taken: 4.975 seconds
Ran Clfdr-EM. Time taken: 12.229 seconds
Ran Clfdr-EM. Time taken: 11.233 seconds
Ran Clfdr-EM. Time taken: 5.205 seconds
Ran Clfdr-EM. Time taken: 7.671 seconds
Ran IHW-forest. Time taken: 6.683 seconds
Ran IHW-quantile. Time taken: 127.388 seconds
Ran Clfdr-EM. Time taken: 7.18 seconds
Ran BH. Time taken: 0.002 seconds
Ran Clfdr-EM. Time taken: 20.323 seconds
Ran Clfdr-EM. Time taken: 30.978 seconds
Ran Clfdr-EM. Time taken: 31.371 seconds
Ran IHW-quantile. Time taken: 135.229 seconds
Ran IHW-forest. Time taken: 6.46 seconds
Ran Clfdr-EM. Time taken: 17.459 seconds
Ran Clfdr-EM. Time taken: 34.057 seconds
Ran BH. Time taken: 0.002 seconds
Ran Clfdr-EM. Time taken: 36.48 seconds
Ran Clfdr-EM. Time taken: 31.18 seconds
Ran Clfdr-EM. Time taken: 34.163 seconds
alpha = 0.1: FDPhat 0.0976, Number of Rej. 123
Task completed!
Ran AdaPT. Time taken: 67.721 seconds
alpha = 0.1: FDPhat 0.098, Number of Rej. 102
Task completed!
Ran AdaPT. Time taken: 71.502 seconds
Ran IHW-forest. Time taken: 7.684 seconds
Ran Clfdr-EM. Time taken: 36.862 seconds
alpha = 0.1: FDPhat 0.0959, Number of Rej. 73
Task completed!
Ran AdaPT. Time taken: 72.868 seconds
Ran Boca-Leek. Time taken: 0.979 seconds
Ran Boca-Leek. Time taken: 1.415 seconds
Ran Clfdr-EM. Time taken: 36.946 seconds
Ran BH. Time taken: 0.002 seconds
Ran Clfdr-EM. Time taken: 39.517 seconds
Ran Clfdr-EM. Time taken: 36.376 seconds
Ran Clfdr-EM. Time taken: 38.42 seconds
Ran AdaPT-xgboost. Time taken: 36.597 seconds
Ran Boca-Leek. Time taken: 1.105 seconds
Ran AdaPT-xgboost. Time taken: 39.456 seconds
Ran AdaPT-xgboost. Time taken: 35.764 seconds
Ran AdaPT-xgboost. Time taken: 34.441 seconds
Ran AdaPT-xgboost. Time taken: 38.535 seconds
Ran AdaPT-xgboost. Time taken: 34.01 seconds
Ran AdaPT-xgboost. Time taken: 33.485 seconds
Ran AdaPT-xgboost. Time taken: 33.788 seconds
Ran AdaPT-xgboost. Time taken: 37.652 seconds
Ran AdaPT-xgboost. Time taken: 37.415 seconds
Ran AdaPT-xgboost. Time taken: 37.128 seconds
Ran AdaPT-xgboost. Time taken: 37.23 seconds
Ran AdaPT-xgboost. Time taken: 31.771 seconds
Ran AdaPT-xgboost. Time taken: 36.382 seconds
Ran Clfdr-EM. Time taken: 7.878 seconds
Ran AdaPT-xgboost. Time taken: 31.519 seconds
Ran AdaPT-xgboost. Time taken: 33.174 seconds
Ran AdaPT-xgboost. Time taken: 34.131 seconds
Ran AdaPT-xgboost. Time taken: 28.5 seconds
Ran AdaPT-xgboost. Time taken: 32.544 seconds
Ran AdaPT-xgboost. Time taken: 26.898 seconds
Ran AdaPT-xgboost. Time taken: 31.91 seconds
Ran AdaPT-xgboost. Time taken: 24.319 seconds
Ran AdaPT-xgboost. Time taken: 27.204 seconds
Ran AdaPT-xgboost. Time taken: 25.95 seconds
Ran AdaPT-xgboost. Time taken: 22.921 seconds
Ran AdaPT-xgboost. Time taken: 24.32 seconds
Ran AdaPT-xgboost. Time taken: 20.417 seconds
Ran AdaPT-xgboost. Time taken: 19.224 seconds
Ran AdaPT-xgboost. Time taken: 19.664 seconds
Ran Clfdr-EM. Time taken: 21.112 seconds
Ran AdaPT-xgboost. Time taken: 18.728 seconds
Ran AdaPT-xgboost. Time taken: 18.857 seconds
Ran Clfdr-EM. Time taken: 18.545 seconds
Ran AdaPT-xgboost. Time taken: 13.163 seconds
alpha = 0.1: FDPhat 0.0962, Number of Rej. 104
Task completed!
Ran AdaPT. Time taken: 41.413 seconds
Ran Boca-Leek. Time taken: 0.208 seconds
Ran Clfdr-EM. Time taken: 0.175 seconds
alpha = 0.1: FDPhat 0.0986, Number of Rej. 71
Task completed!
Ran AdaPT. Time taken: 33.058 seconds
Ran Boca-Leek. Time taken: 0.228 seconds
Ran Clfdr-EM. Time taken: 1.708 seconds
Ran AdaPT-xgboost. Time taken: 5.249 seconds
alpha = 0.1: FDPhat 0.0992, Number of Rej. 121
Task completed!
Ran AdaPT. Time taken: 26.833 seconds
Ran Boca-Leek. Time taken: 0.106 seconds
Ran AdaPT-xgboost. Time taken: 6.812 seconds
Ran AdaPT-xgboost. Time taken: 5.861 seconds
Ran AdaPT-xgboost. Time taken: 3.571 seconds
Ran Clfdr-EM. Time taken: 4.253 seconds
Ran AdaPT-xgboost. Time taken: 3.431 seconds
Ran IHW-quantile. Time taken: 220.714 seconds
Ran IHW-forest. Time taken: 0.387 seconds
Ran BH. Time taken: 0.002 seconds
alpha = 0.1: FDPhat 0.099, Number of Rej. 101
Task completed!
Ran AdaPT. Time taken: 3.725 seconds
Ran Boca-Leek. Time taken: 0.067 seconds
Ran Clfdr-EM. Time taken: 2.154 seconds
Ran IHW-quantile. Time taken: 230.302 seconds
Ran IHW-forest. Time taken: 0.374 seconds
Ran BH. Time taken: 0.002 seconds
Ran AdaPT-xgboost. Time taken: 2.169 seconds
alpha = 0.1: FDPhat 0.0959, Number of Rej. 73
Task completed!
Ran AdaPT. Time taken: 5.288 seconds
Ran Boca-Leek. Time taken: 0.065 seconds
Ran Clfdr-EM. Time taken: 0.399 seconds
Ran AdaPT-xgboost. Time taken: 2.144 seconds
[1] "\n"
