WARNING: ignoring environment value of R_HOME
- One or more packages recorded in the lockfile are not installed.
- Use `renv::status()` for more details.

##------ Fri Aug 18 03:37:57 2023 ------##
##------ Fri Aug 18 03:37:57 2023 ------## 

simulation run:1/42
simulation run:2/42
simulation run:3/42
simulation run:5/42
simulation run:4/42
simulation run:7/42
simulation run:8/42
simulation run:6/42
simulation run:9/42
simulation run:10/42
simulation run:11/42
simulation run:12/42
simulation run:14/42
simulation run:13/42
simulation run:15/42
simulation run:17/42
simulation run:16/42
simulation run:18/42
simulation run:19/42
simulation run:20/42
simulation run:21/42
simulation run:22/42
simulation run:23/42
simulation run:24/42
simulation run:25/42
simulation run:26/42
simulation run:27/42
simulation run:28/42
simulation run:29/42
simulation run:30/42
simulation run:31/42
simulation run:32/42
simulation run:33/42
simulation run:34/42
simulation run:35/42
simulation run:36/42
simulation run:37/42
simulation run:38/42
simulation run:39/42
simulation run:40/42
simulation run:41/42
simulation run:42/42
Ran IHW-quantile. Time taken: 0.036 seconds
Ran IHW-quantile. Time taken: 0.002 seconds
Ran IHW-quantile. Time taken: 0.001 seconds
Ran IHW-quantile. Time taken: 0.002 seconds
Ran IHW-quantile. Time taken: 0.037 seconds
Ran IHW-quantile. Time taken: 0.001 seconds
Ran IHW-quantile. Time taken: 0.002 seconds
Ran IHW-quantile. Time taken: 0.001 seconds
Ran IHW-quantile. Time taken: 0.001 seconds
Ran IHW-quantile. Time taken: 0.002 seconds
Ran IHW-quantile. Time taken: 0.043 seconds
Ran IHW-quantile. Time taken: 0.002 seconds
Ran IHW-quantile. Time taken: 0.037 seconds
Ran IHW-quantile. Time taken: 0.037 seconds
Ran IHW-forest. Time taken: 7.77 seconds
Ran IHW-forest. Time taken: 7.966 seconds
Ran IHW-forest. Time taken: 7.903 seconds
Ran IHW-forest. Time taken: 7.639 seconds
Ran IHW-forest. Time taken: 8.764 seconds
Ran IHW-forest. Time taken: 7.918 seconds
Ran IHW-forest. Time taken: 7.654 seconds
Ran IHW-forest. Time taken: 8.895 seconds
Ran IHW-forest. Time taken: 8.815 seconds
Ran BH. Time taken: 0.038 seconds
Ran IHW-forest. Time taken: 8.924 seconds
Ran IHW-forest. Time taken: 8.963 seconds
Ran IHW-forest. Time taken: 8.822 seconds
Ran BH. Time taken: 0.002 seconds
Ran IHW-forest. Time taken: 8.851 seconds
Ran BH. Time taken: 0.023 seconds
Ran BH. Time taken: 0.037 seconds
Ran IHW-forest. Time taken: 9.05 seconds
Ran BH. Time taken: 0.002 seconds
Ran BH. Time taken: 0.04 seconds
Ran BH. Time taken: 0.002 seconds
Ran BH. Time taken: 0.041 seconds
Ran BH. Time taken: 0.042 seconds
Ran BH. Time taken: 0.041 seconds
Ran BH. Time taken: 0.001 seconds
Ran BH. Time taken: 0.041 seconds
Ran BH. Time taken: 0.042 seconds
Ran BH. Time taken: 0.002 seconds
Ran IHW-quantile. Time taken: 93.172 seconds
Ran IHW-quantile. Time taken: 97.687 seconds
Ran IHW-quantile. Time taken: 96.001 seconds
Ran IHW-forest. Time taken: 6.053 seconds
Ran AdaPT. Time taken: 85.64 seconds
Ran AdaPT. Time taken: 88.778 seconds
Ran BH. Time taken: 0.002 seconds
Ran IHW-quantile. Time taken: 104.624 seconds
Ran IHW-quantile. Time taken: 106.132 seconds
Ran IHW-forest. Time taken: 6.438 seconds
Ran Boca-Leek. Time taken: 1.13 seconds
Ran IHW-forest. Time taken: 6.712 seconds
Ran Boca-Leek. Time taken: 1.221 seconds
Ran IHW-quantile. Time taken: 107.49 seconds
Ran IHW-quantile. Time taken: 108.028 seconds
Ran BH. Time taken: 0.001 seconds
Ran BH. Time taken: 0.046 seconds
Ran Clfdr-EM. Time taken: 0.391 seconds
Ran IHW-quantile. Time taken: 109.306 seconds
Ran AdaPT. Time taken: 95.044 seconds
Ran AdaPT. Time taken: 96.698 seconds
Ran IHW-quantile. Time taken: 111.586 seconds
Ran AdaPT. Time taken: 97.55 seconds
Ran IHW-forest. Time taken: 6.177 seconds
Ran Boca-Leek. Time taken: 1.142 seconds
Ran IHW-forest. Time taken: 6.792 seconds
Ran IHW-quantile. Time taken: 114.874 seconds
Ran Boca-Leek. Time taken: 1.128 seconds
Ran BH. Time taken: 0.002 seconds
Ran IHW-quantile. Time taken: 117.57 seconds
Ran Boca-Leek. Time taken: 1.113 seconds
Ran IHW-forest. Time taken: 6.911 seconds
Ran BH. Time taken: 0.002 seconds
Ran IHW-forest. Time taken: 6.835 seconds
Ran Clfdr-EM. Time taken: 0.413 seconds
Ran IHW-quantile. Time taken: 119.069 seconds
Ran IHW-quantile. Time taken: 117.926 seconds
Ran BH. Time taken: 0.002 seconds
Ran BH. Time taken: 0.001 seconds
Ran IHW-forest. Time taken: 7.047 seconds
Ran AdaPT. Time taken: 105.193 seconds
Ran AdaPT. Time taken: 103.792 seconds
Ran AdaPT. Time taken: 104.94 seconds
Ran IHW-quantile. Time taken: 121.687 seconds
Ran IHW-forest. Time taken: 6.614 seconds
Ran BH. Time taken: 0.048 seconds
Ran IHW-forest. Time taken: 6.091 seconds
Ran AdaPT. Time taken: 108.187 seconds
Ran BH. Time taken: 0.001 seconds
Ran Boca-Leek. Time taken: 1.255 seconds
Ran Boca-Leek. Time taken: 1.134 seconds
Ran IHW-forest. Time taken: 6.855 seconds
Ran Boca-Leek. Time taken: 1.124 seconds
Ran AdaPT. Time taken: 107.736 seconds
Ran BH. Time taken: 0.002 seconds
Ran AdaPT. Time taken: 109.534 seconds
Ran IHW-forest. Time taken: 6.86 seconds
Ran Boca-Leek. Time taken: 1.099 seconds
Ran IHW-forest. Time taken: 6.816 seconds
Ran BH. Time taken: 0.044 seconds
Ran Boca-Leek. Time taken: 1.158 seconds
Ran BH. Time taken: 0.042 seconds
Ran BH. Time taken: 0.002 seconds
Ran IHW-forest. Time taken: 6.842 seconds
Ran Boca-Leek. Time taken: 1.269 seconds
Ran AdaPT. Time taken: 113.981 seconds
Ran AdaPT. Time taken: 116.243 seconds
Ran BH. Time taken: 0.002 seconds
Ran Clfdr-EM. Time taken: 0.397 seconds
Ran Boca-Leek. Time taken: 1.206 seconds
Ran Boca-Leek. Time taken: 1.206 seconds
Ran Clfdr-EM. Time taken: 7.095 seconds
Ran AdaPT. Time taken: 118.759 seconds
Ran Clfdr-EM. Time taken: 0.436 seconds
Ran Clfdr-EM. Time taken: 0.439 seconds
Ran Boca-Leek. Time taken: 1.242 seconds
Ran Clfdr-EM. Time taken: 0.179 seconds
Ran AdaPT-xgboost. Time taken: 36.601 seconds
Ran Clfdr-EM. Time taken: 42.446 seconds
Ran Clfdr-EM. Time taken: 21.747 seconds
Ran AdaPT-xgboost. Time taken: 36.444 seconds
Ran Clfdr-EM. Time taken: 44.343 seconds
Ran Clfdr-EM. Time taken: 42.694 seconds
Ran Clfdr-EM. Time taken: 40.392 seconds
Ran Clfdr-EM. Time taken: 41.794 seconds
Ran AdaPT-xgboost. Time taken: 31.464 seconds
Ran AdaPT-xgboost. Time taken: 39.791 seconds
Ran Clfdr-EM. Time taken: 51.524 seconds
Ran AdaPT-xgboost. Time taken: 39.574 seconds
Ran AdaPT-xgboost. Time taken: 39.396 seconds
Ran AdaPT. Time taken: 79.027 seconds
Ran AdaPT-xgboost. Time taken: 32.115 seconds
Ran AdaPT-xgboost. Time taken: 38.566 seconds
Ran AdaPT-xgboost. Time taken: 31.068 seconds
Ran Boca-Leek. Time taken: 0.759 seconds
Ran AdaPT. Time taken: 78.524 seconds
Ran AdaPT. Time taken: 79.678 seconds
Ran Boca-Leek. Time taken: 0.776 seconds
Ran Boca-Leek. Time taken: 0.893 seconds
Ran AdaPT-xgboost. Time taken: 31.085 seconds
Ran AdaPT-xgboost. Time taken: 31.305 seconds
Ran Clfdr-EM. Time taken: 0.284 seconds
Ran AdaPT. Time taken: 78.127 seconds
Ran Boca-Leek. Time taken: 0.886 seconds
Ran AdaPT-xgboost. Time taken: 28.771 seconds
Ran Clfdr-EM. Time taken: 0.291 seconds
Ran AdaPT-xgboost. Time taken: 31.819 seconds
Ran AdaPT. Time taken: 76.729 seconds
Ran AdaPT. Time taken: 85.625 seconds
Ran AdaPT. Time taken: 79.533 seconds
Ran Boca-Leek. Time taken: 0.682 seconds
Ran Boca-Leek. Time taken: 0.881 seconds
Ran AdaPT. Time taken: 86.478 seconds
Ran Boca-Leek. Time taken: 0.773 seconds
Ran Clfdr-EM. Time taken: 0.126 seconds
Ran AdaPT. Time taken: 88.21 seconds
Ran Boca-Leek. Time taken: 0.861 seconds
Ran AdaPT. Time taken: 86.735 seconds
Ran Clfdr-EM. Time taken: 23.072 seconds
Ran AdaPT-xgboost. Time taken: 31.894 seconds
Ran Boca-Leek. Time taken: 0.831 seconds
Ran Clfdr-EM. Time taken: 1.326 seconds
Ran Boca-Leek. Time taken: 0.857 seconds
Ran Clfdr-EM. Time taken: 0.227 seconds
Ran AdaPT. Time taken: 79.448 seconds
Ran Clfdr-EM. Time taken: 0.252 seconds
Ran AdaPT. Time taken: 83.941 seconds
Ran AdaPT-xgboost. Time taken: 20.987 seconds
Ran Boca-Leek. Time taken: 0.803 seconds
Ran Clfdr-EM. Time taken: 26.153 seconds
Ran Boca-Leek. Time taken: 0.766 seconds
Ran Clfdr-EM. Time taken: 0.502 seconds
Ran AdaPT. Time taken: 90.803 seconds
Ran Clfdr-EM. Time taken: 0.242 seconds
Ran Boca-Leek. Time taken: 0.664 seconds
Ran Clfdr-EM. Time taken: 0.21 seconds
Ran AdaPT. Time taken: 92.866 seconds
Ran AdaPT-xgboost. Time taken: 23.394 seconds
Ran Boca-Leek. Time taken: 0.721 seconds
Ran Clfdr-EM. Time taken: 18.156 seconds
Ran Clfdr-EM. Time taken: 0.291 seconds
Ran Clfdr-EM. Time taken: 24.263 seconds
Ran AdaPT-xgboost. Time taken: 22.128 seconds
Ran AdaPT-xgboost. Time taken: 25.032 seconds
Ran AdaPT-xgboost. Time taken: 22.439 seconds
Ran AdaPT-xgboost. Time taken: 24.539 seconds
Ran AdaPT-xgboost. Time taken: 23.407 seconds
Ran AdaPT-xgboost. Time taken: 21.314 seconds
Ran AdaPT-xgboost. Time taken: 23.028 seconds
Ran AdaPT-xgboost. Time taken: 23.055 seconds
Ran AdaPT-xgboost. Time taken: 22.33 seconds
Ran AdaPT-xgboost. Time taken: 18.637 seconds
Ran AdaPT-xgboost. Time taken: 17.818 seconds
Ran AdaPT-xgboost. Time taken: 16.38 seconds
Ran IHW-quantile. Time taken: 276.034 seconds
Ran IHW-quantile. Time taken: 278.497 seconds
Ran IHW-forest. Time taken: 1.719 seconds
Ran BH. Time taken: 0.002 seconds
Ran IHW-forest. Time taken: 1.831 seconds
Ran BH. Time taken: 0.015 seconds
Ran IHW-quantile. Time taken: 284.693 seconds
Ran IHW-forest. Time taken: 1.821 seconds
Ran BH. Time taken: 0.002 seconds
Ran IHW-quantile. Time taken: 289.724 seconds
Ran IHW-forest. Time taken: 1.87 seconds
Ran BH. Time taken: 0.002 seconds
Ran IHW-quantile. Time taken: 300.542 seconds
Ran AdaPT. Time taken: 18.897 seconds
Ran IHW-quantile. Time taken: 300.649 seconds
Ran IHW-quantile. Time taken: 300.555 seconds
Ran Boca-Leek. Time taken: 0.223 seconds
Ran IHW-quantile. Time taken: 300.56 seconds
Ran IHW-quantile. Time taken: 300.458 seconds
Ran IHW-quantile. Time taken: 300.556 seconds
Ran IHW-quantile. Time taken: 300.491 seconds
Ran IHW-quantile. Time taken: 300.647 seconds
Ran IHW-quantile. Time taken: 300.584 seconds
Ran IHW-quantile. Time taken: 300.575 seconds
Ran IHW-forest. Time taken: 2.421 seconds
Ran IHW-forest. Time taken: 2.529 seconds
Ran IHW-forest. Time taken: 1.887 seconds
Ran BH. Time taken: 0.002 seconds
Ran IHW-forest. Time taken: 2.347 seconds
Ran IHW-forest. Time taken: 1.642 seconds
Ran IHW-forest. Time taken: 2.379 seconds
Ran BH. Time taken: 0.002 seconds
Ran IHW-forest. Time taken: 2.313 seconds
Ran BH. Time taken: 0.002 seconds
Ran BH. Time taken: 0.002 seconds
Ran BH. Time taken: 0.005 seconds
Ran IHW-forest. Time taken: 2.426 seconds
Ran BH. Time taken: 0.015 seconds
Ran BH. Time taken: 0.002 seconds
Ran IHW-forest. Time taken: 2.411 seconds
Ran IHW-forest. Time taken: 2.405 seconds
Ran BH. Time taken: 0.002 seconds
Ran BH. Time taken: 0.022 seconds
Ran BH. Time taken: 0.023 seconds
Ran AdaPT. Time taken: 26.537 seconds
Ran Boca-Leek. Time taken: 0.318 seconds
Ran Clfdr-EM. Time taken: 0.077 seconds
Ran Clfdr-EM. Time taken: 13.253 seconds
Ran AdaPT. Time taken: 27.995 seconds
Ran Boca-Leek. Time taken: 0.323 seconds
Ran AdaPT. Time taken: 25.859 seconds
Ran Boca-Leek. Time taken: 0.304 seconds
Ran AdaPT-xgboost. Time taken: 10.492 seconds
Ran AdaPT-xgboost. Time taken: 9.721 seconds
Ran Clfdr-EM. Time taken: 9.765 seconds
Ran AdaPT. Time taken: 23.267 seconds
Ran Clfdr-EM. Time taken: 6.724 seconds
Ran Boca-Leek. Time taken: 0.23 seconds
Ran Clfdr-EM. Time taken: 0.105 seconds
Ran AdaPT. Time taken: 23.911 seconds
Ran Boca-Leek. Time taken: 0.233 seconds
Ran Clfdr-EM. Time taken: 0.06 seconds
Ran AdaPT-xgboost. Time taken: 6.61 seconds
Ran AdaPT-xgboost. Time taken: 7.027 seconds
Ran AdaPT-xgboost. Time taken: 6.036 seconds
Ran AdaPT-xgboost. Time taken: 5.506 seconds
Ran AdaPT. Time taken: 30.873 seconds
Ran AdaPT. Time taken: 31.228 seconds
Ran AdaPT. Time taken: 31.914 seconds
Ran AdaPT. Time taken: 30.189 seconds
Ran Boca-Leek. Time taken: 0.101 seconds
Ran Boca-Leek. Time taken: 0.255 seconds
Ran Boca-Leek. Time taken: 0.128 seconds
Ran Clfdr-EM. Time taken: 0.026 seconds
Ran Boca-Leek. Time taken: 0.266 seconds
Ran AdaPT. Time taken: 34.196 seconds
Ran AdaPT. Time taken: 31.634 seconds
Ran Clfdr-EM. Time taken: 0.072 seconds
Ran AdaPT. Time taken: 33.577 seconds
Ran Clfdr-EM. Time taken: 0.082 seconds
Ran Clfdr-EM. Time taken: 0.178 seconds
Ran Boca-Leek. Time taken: 0.23 seconds
Ran Boca-Leek. Time taken: 0.244 seconds
Ran Boca-Leek. Time taken: 0.268 seconds
Ran Clfdr-EM. Time taken: 0.102 seconds
Ran AdaPT. Time taken: 33.024 seconds
Ran Clfdr-EM. Time taken: 1.256 seconds
Ran Boca-Leek. Time taken: 0.261 seconds
Ran AdaPT-xgboost. Time taken: 4.754 seconds
Ran AdaPT-xgboost. Time taken: 5.575 seconds
Ran AdaPT-xgboost. Time taken: 6.578 seconds
Ran AdaPT-xgboost. Time taken: 7.324 seconds
Ran AdaPT-xgboost. Time taken: 5.585 seconds
Ran AdaPT-xgboost. Time taken: 5.95 seconds
Ran Clfdr-EM. Time taken: 7.12 seconds
Ran Clfdr-EM. Time taken: 5.489 seconds
Ran AdaPT-xgboost. Time taken: 2.232 seconds
Ran AdaPT-xgboost. Time taken: 2.087 seconds
[1] "\n"
