WARNING: ignoring environment value of R_HOME
- One or more packages recorded in the lockfile are not installed.
- Use `renv::status()` for more details.

##------ Fri Aug 18 03:39:16 2023 ------##
##------ Fri Aug 18 03:39:16 2023 ------## 

simulation run:1/42
simulation run:2/42
simulation run:3/42
simulation run:4/42
simulation run:5/42
simulation run:6/42
simulation run:7/42
simulation run:8/42
simulation run:9/42
simulation run:10/42
simulation run:11/42
simulation run:12/42
simulation run:15/42
simulation run:13/42
simulation run:14/42
simulation run:16/42
simulation run:17/42
simulation run:18/42
simulation run:19/42
simulation run:20/42
simulation run:21/42
simulation run:23/42
simulation run:22/42
simulation run:24/42
simulation run:26/42
simulation run:25/42
simulation run:27/42
simulation run:29/42
simulation run:28/42
simulation run:30/42
simulation run:31/42
simulation run:32/42
simulation run:33/42
simulation run:34/42
simulation run:35/42
simulation run:36/42
simulation run:37/42
simulation run:38/42
simulation run:39/42
simulation run:41/42
simulation run:40/42
simulation run:42/42
Ran IHW-quantile. Time taken: 0.002 seconds
Ran IHW-quantile. Time taken: 0.002 seconds
Ran IHW-quantile. Time taken: 0.001 seconds
Ran IHW-quantile. Time taken: 9.264 seconds
Ran IHW-forest. Time taken: 6.571 seconds
Ran IHW-quantile. Time taken: 11.219 seconds
Ran IHW-quantile. Time taken: 9.787 seconds
Ran BH. Time taken: 0.001 seconds
Ran IHW-forest. Time taken: 3.38 seconds
Ran IHW-quantile. Time taken: 12.502 seconds
Ran IHW-forest. Time taken: 11.065 seconds
Ran BH. Time taken: 0.002 seconds
Ran IHW-quantile. Time taken: 18.972 seconds
Ran IHW-forest. Time taken: 10.663 seconds
Ran IHW-quantile. Time taken: 15.33 seconds
Ran IHW-forest. Time taken: 5.659 seconds
Ran IHW-forest. Time taken: 8.336 seconds
Ran BH. Time taken: 0.001 seconds
Ran BH. Time taken: 0.005 seconds
Ran BH. Time taken: 0.002 seconds
Ran IHW-quantile. Time taken: 19.343 seconds
Ran BH. Time taken: 0.046 seconds
Ran IHW-quantile. Time taken: 19.495 seconds
Ran IHW-quantile. Time taken: 25.292 seconds
Ran IHW-quantile. Time taken: 20.832 seconds
Ran IHW-quantile. Time taken: 21.228 seconds
Ran IHW-forest. Time taken: 5.492 seconds
Ran IHW-quantile. Time taken: 21.024 seconds
Ran IHW-quantile. Time taken: 21.4 seconds
Ran IHW-forest. Time taken: 5.707 seconds
Ran IHW-quantile. Time taken: 23.148 seconds
Ran IHW-quantile. Time taken: 23.045 seconds
Ran BH. Time taken: 0.002 seconds
Ran IHW-quantile. Time taken: 23.816 seconds
Ran IHW-forest. Time taken: 7.7 seconds
Ran IHW-quantile. Time taken: 25.787 seconds
Ran BH. Time taken: 0.002 seconds
Ran IHW-quantile. Time taken: 27.209 seconds
Ran IHW-quantile. Time taken: 25.142 seconds
Ran IHW-quantile. Time taken: 25.425 seconds
Ran BH. Time taken: 0.002 seconds
Ran IHW-quantile. Time taken: 26.226 seconds
Ran IHW-quantile. Time taken: 27.336 seconds
Ran IHW-quantile. Time taken: 28.647 seconds
Ran IHW-quantile. Time taken: 27.499 seconds
Ran IHW-quantile. Time taken: 27.421 seconds
Ran IHW-quantile. Time taken: 27.507 seconds
Ran IHW-quantile. Time taken: 28.155 seconds
Ran IHW-forest. Time taken: 6.981 seconds
Ran IHW-quantile. Time taken: 28.772 seconds
Ran IHW-forest. Time taken: 5.558 seconds
Ran IHW-forest. Time taken: 7.316 seconds
Ran IHW-forest. Time taken: 7.229 seconds
Ran BH. Time taken: 0.041 seconds
Ran IHW-forest. Time taken: 7.671 seconds
Ran IHW-forest. Time taken: 8.277 seconds
Ran IHW-forest. Time taken: 6.984 seconds
Ran BH. Time taken: 0.057 seconds
Ran IHW-forest. Time taken: 4.029 seconds
Ran IHW-forest. Time taken: 5.734 seconds
Ran IHW-forest. Time taken: 6.619 seconds
Ran BH. Time taken: 0.046 seconds
Ran IHW-forest. Time taken: 5.266 seconds
Ran IHW-forest. Time taken: 7.182 seconds
Ran BH. Time taken: 0.053 seconds
Ran IHW-forest. Time taken: 3.946 seconds
Ran BH. Time taken: 0.002 seconds
Ran IHW-forest. Time taken: 5.335 seconds
Ran BH. Time taken: 0.044 seconds
Ran BH. Time taken: 0.047 seconds
Ran BH. Time taken: 0.006 seconds
Ran BH. Time taken: 0.054 seconds
Ran BH. Time taken: 0.002 seconds
Ran BH. Time taken: 0.011 seconds
Ran IHW-forest. Time taken: 5.751 seconds
Ran IHW-forest. Time taken: 6.318 seconds
Ran IHW-forest. Time taken: 8.215 seconds
Ran IHW-forest. Time taken: 5.523 seconds
Ran BH. Time taken: 0.049 seconds
Ran IHW-forest. Time taken: 6.779 seconds
Ran BH. Time taken: 0.051 seconds
Ran BH. Time taken: 0.041 seconds
Ran BH. Time taken: 0.002 seconds
Ran BH. Time taken: 0.063 seconds
Ran IHW-forest. Time taken: 8.03 seconds
Ran BH. Time taken: 0.002 seconds
Ran IHW-forest. Time taken: 8.948 seconds
Ran BH. Time taken: 0.01 seconds
Ran BH. Time taken: 0.002 seconds
Ran IHW-forest. Time taken: 8.447 seconds
Ran BH. Time taken: 0.002 seconds
Ran BH. Time taken: 0.024 seconds
Ran BH. Time taken: 0.002 seconds
Ran IHW-quantile. Time taken: 61.726 seconds
Ran IHW-quantile. Time taken: 62.475 seconds
Ran IHW-quantile. Time taken: 65.621 seconds
Ran IHW-quantile. Time taken: 68.335 seconds
alpha = 0.1: FDPhat 0.0897, Number of Rej. 78
Task completed!
Ran AdaPT. Time taken: 54.185 seconds
Ran IHW-forest. Time taken: 7.152 seconds
Ran IHW-forest. Time taken: 7.581 seconds
Ran Boca-Leek. Time taken: 1.336 seconds
Ran BH. Time taken: 0.038 seconds
Ran IHW-forest. Time taken: 4.589 seconds
Ran IHW-forest. Time taken: 8.04 seconds
Ran BH. Time taken: 0.05 seconds
Ran BH. Time taken: 0.002 seconds
Ran BH. Time taken: 0.053 seconds
Ran Clfdr-EM. Time taken: 9.263 seconds
alpha = 0.1: FDPhat 0.0985, Number of Rej. 132
Task completed!
Ran AdaPT. Time taken: 69.252 seconds
Ran Boca-Leek. Time taken: 1.263 seconds
alpha = 0.1: FDPhat 0.0952, Number of Rej. 21
Task completed!
Ran AdaPT. Time taken: 65.843 seconds
alpha = 0.1: FDPhat 0.069, Number of Rej. 29
Task completed!
Ran AdaPT. Time taken: 86.146 seconds
alpha = 0.1: FDPhat 0.093, Number of Rej. 86
Task completed!
Ran AdaPT. Time taken: 60.642 seconds
alpha = 0.1: FDPhat 0.0741, Number of Rej. 27
Task completed!
Ran AdaPT. Time taken: 59.52 seconds
alpha = 0.1: FDPhat 0.096, Number of Rej. 125
Task completed!
Ran AdaPT. Time taken: 79.567 seconds
alpha = 0.1: FDPhat 0.0991, Number of Rej. 111
Task completed!
Ran AdaPT. Time taken: 76.757 seconds
Ran Clfdr-EM. Time taken: 2.047 seconds
Ran Boca-Leek. Time taken: 1.272 seconds
alpha = 0.1: FDPhat 0.0952, Number of Rej. 42
Task completed!
Ran AdaPT. Time taken: 63.483 seconds
Ran Boca-Leek. Time taken: 0.803 seconds
Ran Boca-Leek. Time taken: 1.328 seconds
Ran Boca-Leek. Time taken: 1.26 seconds
Ran AdaPT. Time taken: 65.554 seconds
Ran Boca-Leek. Time taken: 1.353 seconds
Ran Boca-Leek. Time taken: 1.211 seconds
alpha = 0.1: FDPhat 0.0952, Number of Rej. 42
Task completed!
Ran AdaPT. Time taken: 76.984 seconds
Ran Clfdr-EM. Time taken: 0.395 seconds
alpha = 0.1: FDPhat 0.0968, Number of Rej. 62
Task completed!
Ran AdaPT. Time taken: 67.93 seconds
alpha = 0.1: FDPhat 0.1, Number of Rej. 60
Task completed!
Ran Boca-Leek. Time taken: 1.035 seconds
Ran Clfdr-EM. Time taken: 0.283 seconds
Ran AdaPT. Time taken: 68.723 seconds
Ran IHW-quantile. Time taken: 105.923 seconds
alpha = 0.1: FDPhat 0.0988, Number of Rej. 81
Task completed!
Ran AdaPT. Time taken: 85.359 seconds
Ran Boca-Leek. Time taken: 1.271 seconds
alpha = 0.1: FDPhat 0.098, Number of Rej. 51
Task completed!
alpha = 0.1: FDPhat 0.098, Number of Rej. 51
Task completed!
Ran AdaPT. Time taken: 63.939 seconds
Ran AdaPT. Time taken: 71.762 seconds
alpha = 0.1: FDPhat 0.0948, Number of Rej. 116
Task completed!
Ran AdaPT. Time taken: 70.394 seconds
Ran Boca-Leek. Time taken: 0.81 seconds
Ran Boca-Leek. Time taken: 1.152 seconds
Ran AdaPT. Time taken: 74.348 seconds
Ran Boca-Leek. Time taken: 1.215 seconds
Ran Clfdr-EM. Time taken: 3.847 seconds
Ran Boca-Leek. Time taken: 1.182 seconds
Ran Clfdr-EM. Time taken: 4.952 seconds
alpha = 0.1: FDPhat 0.092, Number of Rej. 87
Task completed!
Ran AdaPT. Time taken: 71.073 seconds
Ran Boca-Leek. Time taken: 1.184 seconds
Ran Boca-Leek. Time taken: 1.193 seconds
alpha = 0.1: FDPhat 0.0948, Number of Rej. 116
Task completed!
Ran AdaPT. Time taken: 69.315 seconds
Ran Boca-Leek. Time taken: 1.217 seconds
Ran Boca-Leek. Time taken: 0.878 seconds
alpha = 0.1: FDPhat 0.1, Number of Rej. 110
Task completed!
Ran AdaPT. Time taken: 68.879 seconds
Ran IHW-forest. Time taken: 7.854 seconds
alpha = 0.1: FDPhat 0.1, Number of Rej. 80
Task completed!
Ran AdaPT. Time taken: 87.274 seconds
alpha = 0.1: FDPhat 0.0928, Number of Rej. 97
Task completed!
Ran AdaPT. Time taken: 77.717 seconds
alpha = 0.1: FDPhat 0.0989, Number of Rej. 91
Task completed!
Ran AdaPT. Time taken: 69.967 seconds
Ran Boca-Leek. Time taken: 1.528 seconds
Ran Boca-Leek. Time taken: 1.586 seconds
alpha = 0.1: FDPhat 0.0952, Number of Rej. 21
Task completed!
Ran AdaPT. Time taken: 77.194 seconds
Ran Boca-Leek. Time taken: 0.371 seconds
Ran IHW-quantile. Time taken: 122.167 seconds
alpha = 0.1: FDPhat 0.0968, Number of Rej. 93
Task completed!
Ran AdaPT. Time taken: 78.14 seconds
alpha = 0.1: FDPhat 0.087, Number of Rej. 23
Task completed!
Ran AdaPT. Time taken: 83.838 seconds
Ran Boca-Leek. Time taken: 1.96 seconds
Ran BH. Time taken: 0.001 seconds
Ran AdaPT-xgboost. Time taken: 29.586 seconds
alpha = 0.1: FDPhat 0.0962, Number of Rej. 52
Task completed!
Ran Clfdr-EM. Time taken: 5.173 seconds
Ran AdaPT. Time taken: 79.471 seconds
Ran Boca-Leek. Time taken: 1.07 seconds
Ran Boca-Leek. Time taken: 1.153 seconds
Ran Boca-Leek. Time taken: 1.153 seconds
alpha = 0.1: FDPhat 0.0921, Number of Rej. 76
Task completed!
Ran AdaPT. Time taken: 82.753 seconds
Ran Boca-Leek. Time taken: 1.166 seconds
Ran Clfdr-EM. Time taken: 20.007 seconds
Ran Boca-Leek. Time taken: 0.879 seconds
Ran Clfdr-EM. Time taken: 3.922 seconds
Ran Boca-Leek. Time taken: 1.172 seconds
Ran Clfdr-EM. Time taken: 0.325 seconds
Ran Boca-Leek. Time taken: 1.047 seconds
Ran Clfdr-EM. Time taken: 3.87 seconds
Ran Clfdr-EM. Time taken: 7.752 seconds
Ran IHW-quantile. Time taken: 125.84 seconds
Ran Clfdr-EM. Time taken: 6.154 seconds
Ran IHW-quantile. Time taken: 127.983 seconds
Ran IHW-forest. Time taken: 7.141 seconds
alpha = 0.1: FDPhat 0.0982, Number of Rej. 112
Task completed!
alpha = 0.1: FDPhat 0.1, Number of Rej. 50
Task completed!
Ran AdaPT. Time taken: 84.262 seconds
Ran AdaPT. Time taken: 87.972 seconds
Ran Clfdr-EM. Time taken: 20.081 seconds
Ran Clfdr-EM. Time taken: 15.687 seconds
Ran Clfdr-EM. Time taken: 17.585 seconds
Ran Clfdr-EM. Time taken: 18.007 seconds
Ran BH. Time taken: 0.042 seconds
Ran Clfdr-EM. Time taken: 9.142 seconds
Ran Boca-Leek. Time taken: 1.19 seconds
Ran Boca-Leek. Time taken: 1.228 seconds
Ran IHW-forest. Time taken: 6.128 seconds
Ran AdaPT-xgboost. Time taken: 34.184 seconds
Ran Clfdr-EM. Time taken: 12.796 seconds
Ran Clfdr-EM. Time taken: 0.354 seconds
Ran BH. Time taken: 0.001 seconds
Ran IHW-forest. Time taken: 7.584 seconds
Ran Clfdr-EM. Time taken: 4.313 seconds
Ran Clfdr-EM. Time taken: 38.645 seconds
Ran BH. Time taken: 0.002 seconds
alpha = 0.1: FDPhat 0.0909, Number of Rej. 11
Task completed!
Ran AdaPT. Time taken: 64.409 seconds
Ran Clfdr-EM. Time taken: 16.8 seconds
Ran AdaPT-xgboost. Time taken: 38.22 seconds
Ran Boca-Leek. Time taken: 0.955 seconds
Ran Clfdr-EM. Time taken: 36.796 seconds
Ran Clfdr-EM. Time taken: 37.415 seconds
Ran AdaPT-xgboost. Time taken: 40.49 seconds
Ran AdaPT-xgboost. Time taken: 33.763 seconds
Ran Clfdr-EM. Time taken: 0.295 seconds
Ran AdaPT. Time taken: 68.44 seconds
Ran Clfdr-EM. Time taken: 42.718 seconds
Ran Clfdr-EM. Time taken: 37.085 seconds
alpha = 0.1: FDPhat 0.0976, Number of Rej. 123
Task completed!
Ran AdaPT. Time taken: 67.539 seconds
Ran Boca-Leek. Time taken: 1.006 seconds
Ran Clfdr-EM. Time taken: 40.27 seconds
Ran Clfdr-EM. Time taken: 29.708 seconds
Ran Boca-Leek. Time taken: 0.974 seconds
Ran AdaPT-xgboost. Time taken: 42.011 seconds
Ran AdaPT-xgboost. Time taken: 31.96 seconds
Ran Clfdr-EM. Time taken: 0.318 seconds
alpha = 0.1: FDPhat 0.0946, Number of Rej. 74
Task completed!
Ran AdaPT-xgboost. Time taken: 32.824 seconds
Ran AdaPT. Time taken: 76.748 seconds
Ran Clfdr-EM. Time taken: 1.374 seconds
Ran AdaPT-xgboost. Time taken: 32.496 seconds
Ran AdaPT-xgboost. Time taken: 32.107 seconds
Ran Boca-Leek. Time taken: 0.815 seconds
Ran AdaPT-xgboost. Time taken: 32.093 seconds
Ran Clfdr-EM. Time taken: 38.101 seconds
Ran AdaPT-xgboost. Time taken: 35.002 seconds
Ran AdaPT-xgboost. Time taken: 29.717 seconds
Ran AdaPT-xgboost. Time taken: 38.121 seconds
Ran Clfdr-EM. Time taken: 38.975 seconds
Ran AdaPT-xgboost. Time taken: 36.747 seconds
Ran AdaPT-xgboost. Time taken: 26.539 seconds
Ran AdaPT-xgboost. Time taken: 36.963 seconds
Ran AdaPT-xgboost. Time taken: 36.289 seconds
Ran AdaPT-xgboost. Time taken: 24.797 seconds
Ran AdaPT-xgboost. Time taken: 35.91 seconds
Ran AdaPT-xgboost. Time taken: 23.814 seconds
Ran AdaPT-xgboost. Time taken: 23.116 seconds
Ran AdaPT-xgboost. Time taken: 34.318 seconds
Ran AdaPT-xgboost. Time taken: 34.318 seconds
Ran AdaPT-xgboost. Time taken: 32.332 seconds
Ran AdaPT-xgboost. Time taken: 20.884 seconds
Ran AdaPT-xgboost. Time taken: 19.835 seconds
Ran AdaPT-xgboost. Time taken: 27.447 seconds
Ran AdaPT-xgboost. Time taken: 18.463 seconds
Ran Clfdr-EM. Time taken: 16.753 seconds
Ran AdaPT-xgboost. Time taken: 26.647 seconds
Ran AdaPT-xgboost. Time taken: 24.512 seconds
Ran AdaPT-xgboost. Time taken: 27.056 seconds
Ran AdaPT. Time taken: 42.233 seconds
Ran Boca-Leek. Time taken: 0.253 seconds
alpha = 0.1: FDPhat 0.0957, Number of Rej. 94
Task completed!
Ran AdaPT. Time taken: 60.773 seconds
Ran Clfdr-EM. Time taken: 0.032 seconds
Ran AdaPT-xgboost. Time taken: 18.014 seconds
Ran Boca-Leek. Time taken: 0.226 seconds
Ran AdaPT-xgboost. Time taken: 15.467 seconds
alpha = 0.1: FDPhat 0.0973, Number of Rej. 113
Task completed!
Ran AdaPT. Time taken: 41.889 seconds
Ran Clfdr-EM. Time taken: 1.899 seconds
Ran Boca-Leek. Time taken: 0.234 seconds
Ran AdaPT-xgboost. Time taken: 7.61 seconds
Ran AdaPT. Time taken: 52.82 seconds
Ran Clfdr-EM. Time taken: 0.636 seconds
Ran Boca-Leek. Time taken: 0.223 seconds
Ran AdaPT-xgboost. Time taken: 6.481 seconds
Ran AdaPT-xgboost. Time taken: 6.846 seconds
Ran Clfdr-EM. Time taken: 4.574 seconds
Ran AdaPT-xgboost. Time taken: 5.81 seconds
Ran AdaPT-xgboost. Time taken: 3.673 seconds
Ran IHW-quantile. Time taken: 210.166 seconds
Ran IHW-forest. Time taken: 0.631 seconds
Ran BH. Time taken: 0.002 seconds
Ran AdaPT. Time taken: 7.586 seconds
Ran Boca-Leek. Time taken: 0.104 seconds
Ran Clfdr-EM. Time taken: 0.036 seconds
Ran AdaPT-xgboost. Time taken: 3.412 seconds
Ran IHW-quantile. Time taken: 229.139 seconds
Ran IHW-forest. Time taken: 0.393 seconds
Ran BH. Time taken: 0.002 seconds
Ran IHW-quantile. Time taken: 227.576 seconds
Ran IHW-forest. Time taken: 0.406 seconds
Ran BH. Time taken: 0.002 seconds
alpha = 0.1: FDPhat 0.0935, Number of Rej. 107
Task completed!
Ran AdaPT. Time taken: 3.913 seconds
Ran Boca-Leek. Time taken: 0.066 seconds
Ran Clfdr-EM. Time taken: 0.709 seconds
alpha = 0.1: FDPhat 0.0968, Number of Rej. 93
Task completed!
Ran AdaPT. Time taken: 4.99 seconds
Ran AdaPT-xgboost. Time taken: 2.216 seconds
Ran Boca-Leek. Time taken: 0.068 seconds
Ran Clfdr-EM. Time taken: 0.974 seconds
Ran AdaPT-xgboost. Time taken: 2.181 seconds
[1] "\n"
