
##------ Thu Aug 10 04:18:45 2023 ------##
##------ Thu Aug 10 04:18:45 2023 ------## 

simulation run:1/45
simulation run:2/45
simulation run:3/45
simulation run:4/45
simulation run:5/45
simulation run:7/45
simulation run:8/45
simulation run:6/45
simulation run:9/45
simulation run:10/45
simulation run:11/45
simulation run:12/45
simulation run:14/45
simulation run:13/45
simulation run:15/45
simulation run:16/45
simulation run:17/45
simulation run:18/45
simulation run:19/45
simulation run:20/45
simulation run:21/45
simulation run:22/45
simulation run:23/45
simulation run:24/45
simulation run:25/45
simulation run:26/45
simulation run:27/45
simulation run:28/45
simulation run:29/45
simulation run:30/45
simulation run:31/45
simulation run:32/45
simulation run:33/45
simulation run:34/45
simulation run:35/45
simulation run:36/45
simulation run:37/45
simulation run:38/45
simulation run:39/45
simulation run:40/45
simulation run:41/45
simulation run:42/45
simulation run:43/45
simulation run:44/45
simulation run:45/45
alpha = 0.1: FDPhat 0.0968, Number of Rej. 124
Task completed!
alpha = 0.1: FDPhat 0.0952, Number of Rej. 21
Task completed!
alpha = 0.1: FDPhat 0.1, Number of Rej. 30
Task completed!
alpha = 0.1: FDPhat 0.0984, Number of Rej. 61
Task completed!
alpha = 0.1: FDPhat 0.1, Number of Rej. 30
Task completed!
alpha = 0.1: FDPhat 0.0962, Number of Rej. 52
Task completed!
alpha = 0.1: FDPhat 0.0968, Number of Rej. 31
Task completed!
alpha = 0.1: FDPhat 0.098, Number of Rej. 51
Task completed!
alpha = 0.1: FDPhat 0.098, Number of Rej. 51
Task completed!
alpha = 0.1: FDPhat 0.087, Number of Rej. 23
Task completed!
alpha = 0.1: FDPhat 0.0909, Number of Rej. 22
Task completed!
alpha = 0.1: FDPhat 0.087, Number of Rej. 23
Task completed!
alpha = 0.1: FDPhat 0.1, Number of Rej. 110
Task completed!
alpha = 0.1: FDPhat 0.0952, Number of Rej. 63
Task completed!
alpha = 0.1: FDPhat 0.0857, Number of Rej. 35
Task completed!
alpha = 0.1: FDPhat 0.0962, Number of Rej. 52
Task completed!
alpha = 0.1: FDPhat 0.0811, Number of Rej. 37
Task completed!
alpha = 0.1: FDPhat 0.0994, Number of Rej. 171
Task completed!
alpha = 0.1: FDPhat 0.0857, Number of Rej. 35
Task completed!
alpha = 0.1: FDPhat 0.0957, Number of Rej. 115
Task completed!
alpha = 0.1: FDPhat 0.0982, Number of Rej. 112
Task completed!
alpha = 0.1: FDPhat 0.0938, Number of Rej. 64
Task completed!
alpha = 0.1: FDPhat 0.0985, Number of Rej. 132
Task completed!
alpha = 0.1: FDPhat 0.0976, Number of Rej. 123
Task completed!
alpha = 0.1: FDPhat 0.0971, Number of Rej. 103
Task completed!
alpha = 0.1: FDPhat 0.1, Number of Rej. 130
Task completed!
alpha = 0.1: FDPhat 0.0976, Number of Rej. 82
Task completed!
alpha = 0.1: FDPhat 0.0986, Number of Rej. 71
Task completed!
alpha = 0.1: FDPhat 0.0965, Number of Rej. 114
Task completed!
alpha = 0.1: FDPhat 0.0986, Number of Rej. 71
Task completed!
alpha = 0.1: FDPhat 0.0924, Number of Rej. 119
Task completed!
alpha = 0.1: FDPhat 0.093, Number of Rej. 86
Task completed!
alpha = 0.1: FDPhat 0.0941, Number of Rej. 85
Task completed!
alpha = 0.1: FDPhat 0.0968, Number of Rej. 93
Task completed!
alpha = 0.1: FDPhat 0.1, Number of Rej. 100
Task completed!
alpha = 0.1: FDPhat 0.093, Number of Rej. 86
Task completed!
alpha = 0.1: FDPhat 0.0918, Number of Rej. 98
Task completed!
alpha = 0.1: FDPhat 0.0917, Number of Rej. 109
Task completed!
alpha = 0.1: FDPhat 0.0943, Number of Rej. 106
Task completed!
alpha = 0.1: FDPhat 0.0909, Number of Rej. 88
Task completed!
alpha = 0.1: FDPhat 0.0943, Number of Rej. 53
Task completed!
alpha = 0.1: FDPhat 0.1, Number of Rej. 80
Task completed!
alpha = 0.1: FDPhat 0.1, Number of Rej. 110
Task completed!
alpha = 0.1: FDPhat 0.0957, Number of Rej. 94
Task completed!
alpha = 0.1: FDPhat 0.0962, Number of Rej. 52
Task completed!
[1] "\n"
