- One or more packages recorded in the lockfile are not installed.
- Use `renv::status()` for more details.

##------ Sat Aug 19 01:35:02 2023 ------##
##------ Sat Aug 19 01:35:02 2023 ------## 

simulation run:1/90
Ran IHW-quantile. Time taken: 0.001 seconds
Ran IHW-forest. Time taken: 0.393 seconds
Ran BH. Time taken: 0.001 seconds
alpha = 0.1: FDPhat 0.092, Number of Rej. 87
Task completed!
Ran AdaPT. Time taken: 5.181 seconds
Ran Boca-Leek. Time taken: 0.065 seconds
Ran Clfdr-EM. Time taken: 0.25 seconds
Ran AdaPT-xgboost. Time taken: 2.125 seconds
simulation run:2/90
Ran IHW-quantile. Time taken: 2.63 seconds
Ran IHW-forest. Time taken: 0.286 seconds
Ran BH. Time taken: 0.001 seconds
Ran AdaPT. Time taken: 4.822 seconds
Ran Boca-Leek. Time taken: 0.079 seconds
Ran Clfdr-EM. Time taken: 0.111 seconds
Ran AdaPT-xgboost. Time taken: 0.006 seconds
simulation run:3/90
Ran IHW-quantile. Time taken: 52.142 seconds
Ran IHW-forest. Time taken: 0.305 seconds
Ran BH. Time taken: 0.002 seconds
alpha = 0.1: FDPhat 0.1, Number of Rej. 130
Task completed!
Ran AdaPT. Time taken: 3.199 seconds
Ran Boca-Leek. Time taken: 0.063 seconds
Ran Clfdr-EM. Time taken: 1.374 seconds
Ran AdaPT-xgboost. Time taken: 0.006 seconds
simulation run:4/90
Ran IHW-quantile. Time taken: 1.174 seconds
Ran IHW-forest. Time taken: 0.293 seconds
Ran BH. Time taken: 0.002 seconds
alpha = 0.1: FDPhat 0.1, Number of Rej. 50
Task completed!
Ran AdaPT. Time taken: 3.211 seconds
Ran Boca-Leek. Time taken: 0.06 seconds
Ran Clfdr-EM. Time taken: 2.07 seconds
Ran AdaPT-xgboost. Time taken: 0.006 seconds
simulation run:5/90
Ran IHW-quantile. Time taken: 4.876 seconds
Ran IHW-forest. Time taken: 0.283 seconds
Ran BH. Time taken: 0.002 seconds
Ran AdaPT. Time taken: 5.124 seconds
Ran Boca-Leek. Time taken: 0.063 seconds
Ran Clfdr-EM. Time taken: 0.019 seconds
Ran AdaPT-xgboost. Time taken: 0.006 seconds
simulation run:6/90
Ran IHW-quantile. Time taken: 5.653 seconds
Ran IHW-forest. Time taken: 0.294 seconds
Ran BH. Time taken: 0.002 seconds
alpha = 0.1: FDPhat 0.1, Number of Rej. 60
Task completed!
Ran AdaPT. Time taken: 3.822 seconds
Ran Boca-Leek. Time taken: 0.063 seconds
Ran Clfdr-EM. Time taken: 0.084 seconds
Ran AdaPT-xgboost. Time taken: 0.006 seconds
simulation run:7/90
Ran IHW-quantile. Time taken: 1.424 seconds
Ran IHW-forest. Time taken: 0.286 seconds
Ran BH. Time taken: 0.002 seconds
alpha = 0.1: FDPhat 0.1, Number of Rej. 10
Task completed!
Ran AdaPT. Time taken: 3.703 seconds
Ran Boca-Leek. Time taken: 0.06 seconds
Ran Clfdr-EM. Time taken: 0.018 seconds
Ran AdaPT-xgboost. Time taken: 0.005 seconds
simulation run:8/90
Ran IHW-quantile. Time taken: 6.029 seconds
Ran IHW-forest. Time taken: 0.301 seconds
Ran BH. Time taken: 0.002 seconds
alpha = 0.1: FDPhat 0.099, Number of Rej. 101
Task completed!
Ran AdaPT. Time taken: 3.454 seconds
Ran Boca-Leek. Time taken: 0.063 seconds
Ran Clfdr-EM. Time taken: 0.084 seconds
Ran AdaPT-xgboost. Time taken: 0.005 seconds
simulation run:9/90
Ran IHW-quantile. Time taken: 1.177 seconds
Ran IHW-forest. Time taken: 0.297 seconds
Ran BH. Time taken: 0.002 seconds
alpha = 0.1: FDPhat 0.1, Number of Rej. 120
Task completed!
Ran AdaPT. Time taken: 3.393 seconds
Ran Boca-Leek. Time taken: 0.061 seconds
Ran Clfdr-EM. Time taken: 1.797 seconds
Ran AdaPT-xgboost. Time taken: 0.006 seconds
simulation run:10/90
Ran IHW-quantile. Time taken: 1.08 seconds
Ran IHW-forest. Time taken: 0.29 seconds
Ran BH. Time taken: 0.002 seconds
alpha = 0.1: FDPhat 0.0909, Number of Rej. 55
Task completed!
Ran AdaPT. Time taken: 3.335 seconds
Ran Boca-Leek. Time taken: 0.061 seconds
Ran Clfdr-EM. Time taken: 1.767 seconds
Ran AdaPT-xgboost. Time taken: 0.006 seconds
simulation run:11/90
Ran IHW-quantile. Time taken: 0.001 seconds
Ran IHW-forest. Time taken: 0.295 seconds
Ran BH. Time taken: 0.002 seconds
alpha = 0.1: FDPhat 0.0625, Number of Rej. 16
Task completed!
Ran AdaPT. Time taken: 4.637 seconds
Ran Boca-Leek. Time taken: 0.066 seconds
Ran Clfdr-EM. Time taken: 0.022 seconds
Ran AdaPT-xgboost. Time taken: 0.005 seconds
simulation run:12/90
Ran IHW-quantile. Time taken: 1.036 seconds
Ran IHW-forest. Time taken: 0.285 seconds
Ran BH. Time taken: 0.002 seconds
alpha = 0.1: FDPhat 0.0769, Number of Rej. 13
Task completed!
Ran AdaPT. Time taken: 4.028 seconds
Ran Boca-Leek. Time taken: 0.061 seconds
Ran Clfdr-EM. Time taken: 0.019 seconds
Ran AdaPT-xgboost. Time taken: 0.006 seconds
simulation run:13/90
Ran IHW-quantile. Time taken: 0.001 seconds
Ran IHW-forest. Time taken: 0.299 seconds
Ran BH. Time taken: 0.002 seconds
alpha = 0.1: FDPhat 0.1, Number of Rej. 40
Task completed!
Ran AdaPT. Time taken: 4.604 seconds
Ran Boca-Leek. Time taken: 0.067 seconds
Ran Clfdr-EM. Time taken: 0.01 seconds
Ran AdaPT-xgboost. Time taken: 0.005 seconds
simulation run:14/90
Ran IHW-quantile. Time taken: 1.159 seconds
Ran IHW-forest. Time taken: 0.293 seconds
Ran BH. Time taken: 0.002 seconds
alpha = 0.1: FDPhat 0.0862, Number of Rej. 58
Task completed!
Ran AdaPT. Time taken: 3.231 seconds
Ran Boca-Leek. Time taken: 0.061 seconds
Ran Clfdr-EM. Time taken: 2.12 seconds
Ran AdaPT-xgboost. Time taken: 0.006 seconds
simulation run:15/90
Ran IHW-quantile. Time taken: 1.251 seconds
Ran IHW-forest. Time taken: 0.296 seconds
Ran BH. Time taken: 0.003 seconds
alpha = 0.1: FDPhat 0.0986, Number of Rej. 71
Task completed!
Ran AdaPT. Time taken: 3.786 seconds
Ran Boca-Leek. Time taken: 0.061 seconds
Ran Clfdr-EM. Time taken: 0.703 seconds
Ran AdaPT-xgboost. Time taken: 0.006 seconds
simulation run:16/90
Ran IHW-quantile. Time taken: 21.248 seconds
Ran IHW-forest. Time taken: 0.292 seconds
Ran BH. Time taken: 0.002 seconds
Ran AdaPT. Time taken: 4.617 seconds
Ran Boca-Leek. Time taken: 0.066 seconds
Ran Clfdr-EM. Time taken: 0.02 seconds
Ran AdaPT-xgboost. Time taken: 0.005 seconds
simulation run:17/90
Ran IHW-quantile. Time taken: 0.997 seconds
Ran IHW-forest. Time taken: 0.29 seconds
Ran BH. Time taken: 0.002 seconds
Ran AdaPT. Time taken: 2.317 seconds
Ran Boca-Leek. Time taken: 0.062 seconds
Ran Clfdr-EM. Time taken: 0.008 seconds
Ran AdaPT-xgboost. Time taken: 0.006 seconds
simulation run:18/90
Ran IHW-quantile. Time taken: 1.07 seconds
Ran IHW-forest. Time taken: 0.289 seconds
Ran BH. Time taken: 0.003 seconds
alpha = 0.1: FDPhat 0.0769, Number of Rej. 26
Task completed!
Ran AdaPT. Time taken: 4.046 seconds
Ran Boca-Leek. Time taken: 0.062 seconds
Ran Clfdr-EM. Time taken: 0.538 seconds
Ran AdaPT-xgboost. Time taken: 0.006 seconds
simulation run:19/90
Ran IHW-quantile. Time taken: 1.196 seconds
Ran IHW-forest. Time taken: 0.299 seconds
Ran BH. Time taken: 0.002 seconds
alpha = 0.1: FDPhat 0.0938, Number of Rej. 64
Task completed!
Ran AdaPT. Time taken: 3.55 seconds
Ran Boca-Leek. Time taken: 0.062 seconds
Ran Clfdr-EM. Time taken: 1.854 seconds
Ran AdaPT-xgboost. Time taken: 0.006 seconds
simulation run:20/90
Ran IHW-quantile. Time taken: 1.199 seconds
Ran IHW-forest. Time taken: 0.295 seconds
Ran BH. Time taken: 0.002 seconds
alpha = 0.1: FDPhat 0.0968, Number of Rej. 62
Task completed!
Ran AdaPT. Time taken: 3.373 seconds
Ran Boca-Leek. Time taken: 0.062 seconds
Ran Clfdr-EM. Time taken: 1.769 seconds
Ran AdaPT-xgboost. Time taken: 0.006 seconds
simulation run:21/90
Ran IHW-quantile. Time taken: 1.054 seconds
Ran IHW-forest. Time taken: 0.287 seconds
Ran BH. Time taken: 0.003 seconds
alpha = 0.1: FDPhat 0.0833, Number of Rej. 12
Task completed!
Ran AdaPT. Time taken: 4.459 seconds
Ran Boca-Leek. Time taken: 0.061 seconds
Ran Clfdr-EM. Time taken: 2.041 seconds
Ran AdaPT-xgboost. Time taken: 0.006 seconds
simulation run:22/90
Ran IHW-quantile. Time taken: 1.127 seconds
Ran IHW-forest. Time taken: 0.295 seconds
Ran BH. Time taken: 0.002 seconds
alpha = 0.1: FDPhat 0.093, Number of Rej. 43
Task completed!
Ran AdaPT. Time taken: 3.547 seconds
Ran Boca-Leek. Time taken: 0.062 seconds
Ran Clfdr-EM. Time taken: 1.767 seconds
Ran AdaPT-xgboost. Time taken: 0.006 seconds
simulation run:23/90
Ran IHW-quantile. Time taken: 1.146 seconds
Ran IHW-forest. Time taken: 0.293 seconds
Ran BH. Time taken: 0.002 seconds
alpha = 0.1: FDPhat 0.0909, Number of Rej. 55
Task completed!
Ran AdaPT. Time taken: 3.545 seconds
Ran Boca-Leek. Time taken: 0.062 seconds
Ran Clfdr-EM. Time taken: 0.595 seconds
Ran AdaPT-xgboost. Time taken: 0.006 seconds
simulation run:24/90
Ran IHW-quantile. Time taken: 1.18 seconds
Ran IHW-forest. Time taken: 0.294 seconds
Ran BH. Time taken: 0.002 seconds
alpha = 0.1: FDPhat 0.0933, Number of Rej. 75
Task completed!
Ran AdaPT. Time taken: 3.063 seconds
Ran Boca-Leek. Time taken: 0.061 seconds
Ran Clfdr-EM. Time taken: 1.735 seconds
Ran AdaPT-xgboost. Time taken: 0.006 seconds
simulation run:25/90
Ran IHW-quantile. Time taken: 1.191 seconds
Ran IHW-forest. Time taken: 0.297 seconds
Ran BH. Time taken: 0.002 seconds
alpha = 0.1: FDPhat 0.0957, Number of Rej. 94
Task completed!
Ran AdaPT. Time taken: 3.2 seconds
Ran Boca-Leek. Time taken: 0.062 seconds
Ran Clfdr-EM. Time taken: 1.742 seconds
Ran AdaPT-xgboost. Time taken: 0.006 seconds
simulation run:26/90
Ran IHW-quantile. Time taken: 2.718 seconds
Ran IHW-forest. Time taken: 0.291 seconds
Ran BH. Time taken: 0.003 seconds
alpha = 0.1: FDPhat 0.0952, Number of Rej. 63
Task completed!
Ran AdaPT. Time taken: 3.479 seconds
Ran Boca-Leek. Time taken: 0.064 seconds
Ran Clfdr-EM. Time taken: 0.02 seconds
Ran AdaPT-xgboost. Time taken: 0.006 seconds
simulation run:27/90
Ran IHW-quantile. Time taken: 1.24 seconds
Ran IHW-forest. Time taken: 0.301 seconds
Ran BH. Time taken: 0.002 seconds
alpha = 0.1: FDPhat 0.0882, Number of Rej. 68
Task completed!
Ran AdaPT. Time taken: 3.669 seconds
Ran Boca-Leek. Time taken: 0.061 seconds
Ran Clfdr-EM. Time taken: 1.752 seconds
Ran AdaPT-xgboost. Time taken: 0.006 seconds
simulation run:28/90
Ran IHW-quantile. Time taken: 0.001 seconds
Ran IHW-forest. Time taken: 0.303 seconds
Ran BH. Time taken: 0.002 seconds
alpha = 0.1: FDPhat 0.098, Number of Rej. 51
Task completed!
Ran AdaPT. Time taken: 4.642 seconds
Ran Boca-Leek. Time taken: 0.067 seconds
Ran Clfdr-EM. Time taken: 0.022 seconds
Ran AdaPT-xgboost. Time taken: 0.005 seconds
simulation run:29/90
Ran IHW-quantile. Time taken: 5.114 seconds
Ran IHW-forest. Time taken: 0.287 seconds
Ran BH. Time taken: 0.002 seconds
Ran AdaPT. Time taken: 5.963 seconds
Ran Boca-Leek. Time taken: 0.065 seconds
Ran Clfdr-EM. Time taken: 0.021 seconds
Ran AdaPT-xgboost. Time taken: 0.005 seconds
simulation run:30/90
Ran IHW-quantile. Time taken: 6.274 seconds
Ran IHW-forest. Time taken: 0.301 seconds
Ran BH. Time taken: 0.002 seconds
alpha = 0.1: FDPhat 0.1, Number of Rej. 100
Task completed!
Ran AdaPT. Time taken: 3.356 seconds
Ran Boca-Leek. Time taken: 0.064 seconds
Ran Clfdr-EM. Time taken: 0.222 seconds
Ran AdaPT-xgboost. Time taken: 0.006 seconds
simulation run:31/90
Ran IHW-quantile. Time taken: 5.861 seconds
Ran IHW-forest. Time taken: 0.292 seconds
Ran BH. Time taken: 0.002 seconds
alpha = 0.1: FDPhat 0.0909, Number of Rej. 11
Task completed!
Ran AdaPT. Time taken: 4.328 seconds
Ran Boca-Leek. Time taken: 0.064 seconds
Ran Clfdr-EM. Time taken: 0.02 seconds
Ran AdaPT-xgboost. Time taken: 0.005 seconds
simulation run:32/90
Ran IHW-quantile. Time taken: 1.057 seconds
Ran IHW-forest. Time taken: 0.291 seconds
Ran BH. Time taken: 0.003 seconds
alpha = 0.1: FDPhat 0.0984, Number of Rej. 61
Task completed!
Ran AdaPT. Time taken: 3.086 seconds
Ran Boca-Leek. Time taken: 0.062 seconds
Ran Clfdr-EM. Time taken: 0.489 seconds
Ran AdaPT-xgboost. Time taken: 0.006 seconds
simulation run:33/90
Ran IHW-quantile. Time taken: 1.169 seconds
Ran IHW-forest. Time taken: 0.294 seconds
Ran BH. Time taken: 0.003 seconds
alpha = 0.1: FDPhat 0.0962, Number of Rej. 52
Task completed!
Ran AdaPT. Time taken: 3.589 seconds
Ran Boca-Leek. Time taken: 0.062 seconds
Ran Clfdr-EM. Time taken: 0.367 seconds
Ran AdaPT-xgboost. Time taken: 0.006 seconds
simulation run:34/90
Ran IHW-quantile. Time taken: 1.251 seconds
Ran IHW-forest. Time taken: 0.304 seconds
Ran BH. Time taken: 0.002 seconds
alpha = 0.1: FDPhat 0.0965, Number of Rej. 114
Task completed!
Ran AdaPT. Time taken: 3.555 seconds
Ran Boca-Leek. Time taken: 0.062 seconds
Ran Clfdr-EM. Time taken: 1.772 seconds
Ran AdaPT-xgboost. Time taken: 0.006 seconds
simulation run:35/90
Ran IHW-quantile. Time taken: 1.217 seconds
Ran IHW-forest. Time taken: 0.3 seconds
Ran BH. Time taken: 0.002 seconds
alpha = 0.1: FDPhat 0.1, Number of Rej. 90
Task completed!
Ran AdaPT. Time taken: 4.026 seconds
Ran Boca-Leek. Time taken: 0.062 seconds
Ran Clfdr-EM. Time taken: 1.87 seconds
Ran AdaPT-xgboost. Time taken: 0.006 seconds
simulation run:36/90
Ran IHW-quantile. Time taken: 0 seconds
Ran IHW-forest. Time taken: 0.289 seconds
Ran BH. Time taken: 0.002 seconds
Ran AdaPT. Time taken: 6.114 seconds
Ran Boca-Leek. Time taken: 0.067 seconds
Ran Clfdr-EM. Time taken: 0.01 seconds
Ran AdaPT-xgboost. Time taken: 0.006 seconds
simulation run:37/90
Ran IHW-quantile. Time taken: 1.26 seconds
Ran IHW-forest. Time taken: 0.295 seconds
Ran BH. Time taken: 0.003 seconds
alpha = 0.1: FDPhat 0.0976, Number of Rej. 82
Task completed!
Ran AdaPT. Time taken: 3.069 seconds
Ran Boca-Leek. Time taken: 0.062 seconds
Ran Clfdr-EM. Time taken: 2.098 seconds
Ran AdaPT-xgboost. Time taken: 0.008 seconds
simulation run:38/90
Ran IHW-quantile. Time taken: 1.113 seconds
Ran IHW-forest. Time taken: 0.287 seconds
Ran BH. Time taken: 0.003 seconds
alpha = 0.1: FDPhat 0.0667, Number of Rej. 15
Task completed!
Ran AdaPT. Time taken: 3.719 seconds
Ran Boca-Leek. Time taken: 0.061 seconds
Ran Clfdr-EM. Time taken: 1.84 seconds
Ran AdaPT-xgboost. Time taken: 0.006 seconds
simulation run:39/90
Ran IHW-quantile. Time taken: 1.107 seconds
Ran IHW-forest. Time taken: 0.294 seconds
Ran BH. Time taken: 0.002 seconds
alpha = 0.1: FDPhat 0.0857, Number of Rej. 35
Task completed!
Ran AdaPT. Time taken: 3.254 seconds
Ran Boca-Leek. Time taken: 0.061 seconds
Ran Clfdr-EM. Time taken: 0.018 seconds
Ran AdaPT-xgboost. Time taken: 0.006 seconds
simulation run:40/90
Ran IHW-quantile. Time taken: 1.205 seconds
Ran IHW-forest. Time taken: 0.295 seconds
Ran BH. Time taken: 0.003 seconds
alpha = 0.1: FDPhat 0.093, Number of Rej. 86
Task completed!
Ran AdaPT. Time taken: 3.391 seconds
Ran Boca-Leek. Time taken: 0.062 seconds
Ran Clfdr-EM. Time taken: 1.792 seconds
Ran AdaPT-xgboost. Time taken: 0.006 seconds
simulation run:41/90
Ran IHW-quantile. Time taken: 3.02 seconds
Ran IHW-forest. Time taken: 0.293 seconds
Ran BH. Time taken: 0.002 seconds
alpha = 0.1: FDPhat 0.0946, Number of Rej. 74
Task completed!
Ran AdaPT. Time taken: 4.562 seconds
Ran Boca-Leek. Time taken: 0.062 seconds
Ran Clfdr-EM. Time taken: 0.186 seconds
Ran AdaPT-xgboost. Time taken: 0.006 seconds
simulation run:42/90
Ran IHW-quantile. Time taken: 1.212 seconds
Ran IHW-forest. Time taken: 0.293 seconds
Ran BH. Time taken: 0.003 seconds
alpha = 0.1: FDPhat 0.0968, Number of Rej. 124
Task completed!
Ran AdaPT. Time taken: 3.234 seconds
Ran Boca-Leek. Time taken: 0.062 seconds
Ran Clfdr-EM. Time taken: 1.866 seconds
Ran AdaPT-xgboost. Time taken: 0.006 seconds
simulation run:43/90
Ran IHW-quantile. Time taken: 45.189 seconds
Ran IHW-forest. Time taken: 0.296 seconds
Ran BH. Time taken: 0.003 seconds
alpha = 0.1: FDPhat 0.0962, Number of Rej. 52
Task completed!
Ran AdaPT. Time taken: 4.707 seconds
Ran Boca-Leek. Time taken: 0.065 seconds
Ran Clfdr-EM. Time taken: 0.771 seconds
Ran AdaPT-xgboost. Time taken: 0.006 seconds
simulation run:44/90
Ran IHW-quantile. Time taken: 34.191 seconds
Ran IHW-forest. Time taken: 0.299 seconds
Ran BH. Time taken: 0.002 seconds
alpha = 0.1: FDPhat 0.1, Number of Rej. 70
Task completed!
Ran AdaPT. Time taken: 3.602 seconds
Ran Boca-Leek. Time taken: 0.066 seconds
Ran Clfdr-EM. Time taken: 0.058 seconds
Ran AdaPT-xgboost. Time taken: 0.006 seconds
simulation run:45/90
Ran IHW-quantile. Time taken: 34.788 seconds
Ran IHW-forest. Time taken: 0.294 seconds
Ran BH. Time taken: 0.003 seconds
alpha = 0.1: FDPhat 0.0889, Number of Rej. 45
Task completed!
Ran AdaPT. Time taken: 4.291 seconds
Ran Boca-Leek. Time taken: 0.065 seconds
Ran Clfdr-EM. Time taken: 0.022 seconds
Ran AdaPT-xgboost. Time taken: 0.005 seconds
simulation run:46/90
Ran IHW-quantile. Time taken: 1.178 seconds
Ran IHW-forest. Time taken: 0.295 seconds
Ran BH. Time taken: 0.002 seconds
alpha = 0.1: FDPhat 0.0933, Number of Rej. 75
Task completed!
Ran AdaPT. Time taken: 3.03 seconds
Ran Boca-Leek. Time taken: 0.061 seconds
Ran Clfdr-EM. Time taken: 1.744 seconds
Ran AdaPT-xgboost. Time taken: 0.006 seconds
simulation run:47/90
Ran IHW-quantile. Time taken: 21.414 seconds
Ran IHW-forest. Time taken: 0.308 seconds
Ran BH. Time taken: 0.003 seconds
alpha = 0.1: FDPhat 0.0957, Number of Rej. 115
Task completed!
Ran AdaPT. Time taken: 4.311 seconds
Ran Boca-Leek. Time taken: 0.066 seconds
Ran Clfdr-EM. Time taken: 1.063 seconds
Ran AdaPT-xgboost. Time taken: 0.007 seconds
simulation run:48/90
Ran IHW-quantile. Time taken: 1.131 seconds
Ran IHW-forest. Time taken: 0.286 seconds
Ran BH. Time taken: 0.003 seconds
Ran AdaPT. Time taken: 3.371 seconds
Ran Boca-Leek. Time taken: 0.062 seconds
Ran Clfdr-EM. Time taken: 1.762 seconds
Ran AdaPT-xgboost. Time taken: 0.006 seconds
simulation run:49/90
Ran IHW-quantile. Time taken: 1.146 seconds
Ran IHW-forest. Time taken: 0.292 seconds
Ran BH. Time taken: 0.002 seconds
alpha = 0.1: FDPhat 0.0857, Number of Rej. 35
Task completed!
Ran AdaPT. Time taken: 3.38 seconds
Ran Boca-Leek. Time taken: 0.061 seconds
Ran Clfdr-EM. Time taken: 2.401 seconds
Ran AdaPT-xgboost. Time taken: 0.006 seconds
simulation run:50/90
Ran IHW-quantile. Time taken: 1.115 seconds
Ran IHW-forest. Time taken: 0.287 seconds
Ran BH. Time taken: 0.003 seconds
Ran AdaPT. Time taken: 3.693 seconds
Ran Boca-Leek. Time taken: 0.061 seconds
Ran Clfdr-EM. Time taken: 1.787 seconds
Ran AdaPT-xgboost. Time taken: 0.006 seconds
simulation run:51/90
Ran IHW-quantile. Time taken: 1.121 seconds
Ran IHW-forest. Time taken: 0.291 seconds
Ran BH. Time taken: 0.003 seconds
alpha = 0.1: FDPhat 0.0893, Number of Rej. 56
Task completed!
Ran AdaPT. Time taken: 3.681 seconds
Ran Boca-Leek. Time taken: 0.061 seconds
Ran Clfdr-EM. Time taken: 1.886 seconds
Ran AdaPT-xgboost. Time taken: 0.006 seconds
simulation run:52/90
Ran IHW-quantile. Time taken: 1.133 seconds
Ran IHW-forest. Time taken: 0.292 seconds
Ran BH. Time taken: 0.003 seconds
alpha = 0.1: FDPhat 0.0952, Number of Rej. 84
Task completed!
Ran AdaPT. Time taken: 3.099 seconds
Ran Boca-Leek. Time taken: 0.061 seconds
Ran Clfdr-EM. Time taken: 0.008 seconds
Ran AdaPT-xgboost. Time taken: 0.005 seconds
simulation run:53/90
Ran IHW-quantile. Time taken: 1.217 seconds
Ran IHW-forest. Time taken: 0.292 seconds
Ran BH. Time taken: 0.003 seconds
alpha = 0.1: FDPhat 0.093, Number of Rej. 86
Task completed!
Ran AdaPT. Time taken: 3.161 seconds
Ran Boca-Leek. Time taken: 0.061 seconds
Ran Clfdr-EM. Time taken: 2.43 seconds
Ran AdaPT-xgboost. Time taken: 0.007 seconds
simulation run:54/90
Ran IHW-quantile. Time taken: 1.175 seconds
Ran IHW-forest. Time taken: 0.296 seconds
Ran BH. Time taken: 0.002 seconds
alpha = 0.1: FDPhat 0.0962, Number of Rej. 52
Task completed!
Ran AdaPT. Time taken: 3.192 seconds
Ran Boca-Leek. Time taken: 0.061 seconds
Ran Clfdr-EM. Time taken: 1.821 seconds
Ran AdaPT-xgboost. Time taken: 0.007 seconds
simulation run:55/90
Ran IHW-quantile. Time taken: 1.017 seconds
Ran IHW-forest. Time taken: 0.285 seconds
Ran BH. Time taken: 0.003 seconds
Ran AdaPT. Time taken: 4.343 seconds
Ran Boca-Leek. Time taken: 0.062 seconds
Ran Clfdr-EM. Time taken: 0.008 seconds
Ran AdaPT-xgboost. Time taken: 0.005 seconds
simulation run:56/90
Ran IHW-quantile. Time taken: 1.1 seconds
Ran IHW-forest. Time taken: 0.285 seconds
Ran BH. Time taken: 0.003 seconds
alpha = 0.1: FDPhat 0.0833, Number of Rej. 12
Task completed!
Ran AdaPT. Time taken: 3.682 seconds
Ran Boca-Leek. Time taken: 0.061 seconds
Ran Clfdr-EM. Time taken: 0.018 seconds
Ran AdaPT-xgboost. Time taken: 0.006 seconds
simulation run:57/90
Ran IHW-quantile. Time taken: 1.027 seconds
Ran IHW-forest. Time taken: 0.285 seconds
Ran BH. Time taken: 0.003 seconds
alpha = 0.1: FDPhat 0.0769, Number of Rej. 13
Task completed!
Ran AdaPT. Time taken: 4.725 seconds
Ran Boca-Leek. Time taken: 0.061 seconds
Ran Clfdr-EM. Time taken: 0.155 seconds
Ran AdaPT-xgboost. Time taken: 0.006 seconds
simulation run:58/90
Ran IHW-quantile. Time taken: 1.19 seconds
Ran IHW-forest. Time taken: 0.303 seconds
Ran BH. Time taken: 0.003 seconds
alpha = 0.1: FDPhat 0.0982, Number of Rej. 112
Task completed!
Ran AdaPT. Time taken: 3.19 seconds
Ran Boca-Leek. Time taken: 0.06 seconds
Ran Clfdr-EM. Time taken: 1.8 seconds
Ran AdaPT-xgboost. Time taken: 0.006 seconds
simulation run:59/90
Ran IHW-quantile. Time taken: 36.134 seconds
Ran IHW-forest. Time taken: 0.292 seconds
Ran BH. Time taken: 0.003 seconds
alpha = 0.1: FDPhat 0.0862, Number of Rej. 58
Task completed!
Ran AdaPT. Time taken: 3.785 seconds
Ran Boca-Leek. Time taken: 0.067 seconds
Ran Clfdr-EM. Time taken: 0.106 seconds
Ran AdaPT-xgboost. Time taken: 0.006 seconds
simulation run:60/90
Ran IHW-quantile. Time taken: 5.866 seconds
Ran IHW-forest. Time taken: 0.296 seconds
Ran BH. Time taken: 0.003 seconds
alpha = 0.1: FDPhat 0.0962, Number of Rej. 52
Task completed!
Ran AdaPT. Time taken: 3.489 seconds
Ran Boca-Leek. Time taken: 0.064 seconds
Ran Clfdr-EM. Time taken: 1.941 seconds
Ran AdaPT-xgboost. Time taken: 0.006 seconds
simulation run:61/90
Ran IHW-quantile. Time taken: 1.157 seconds
Ran IHW-forest. Time taken: 0.293 seconds
Ran BH. Time taken: 0.002 seconds
alpha = 0.1: FDPhat 0.0986, Number of Rej. 71
Task completed!
Ran AdaPT. Time taken: 3.686 seconds
Ran Boca-Leek. Time taken: 0.061 seconds
Ran Clfdr-EM. Time taken: 1.813 seconds
Ran AdaPT-xgboost. Time taken: 0.007 seconds
simulation run:62/90
Ran IHW-quantile. Time taken: 5.81 seconds
Ran IHW-forest. Time taken: 0.298 seconds
Ran BH. Time taken: 0.004 seconds
alpha = 0.1: FDPhat 0.0973, Number of Rej. 113
Task completed!
Ran AdaPT. Time taken: 3.574 seconds
Ran Boca-Leek. Time taken: 0.063 seconds
Ran Clfdr-EM. Time taken: 0.044 seconds
Ran AdaPT-xgboost. Time taken: 0.006 seconds
simulation run:63/90
Ran IHW-quantile. Time taken: 1.138 seconds
Ran IHW-forest. Time taken: 0.291 seconds
Ran BH. Time taken: 0.003 seconds
alpha = 0.1: FDPhat 0.1, Number of Rej. 70
Task completed!
Ran AdaPT. Time taken: 3.207 seconds
Ran Boca-Leek. Time taken: 0.061 seconds
Ran Clfdr-EM. Time taken: 1.754 seconds
Ran AdaPT-xgboost. Time taken: 0.006 seconds
simulation run:64/90
Ran IHW-quantile. Time taken: 1.179 seconds
Ran IHW-forest. Time taken: 0.291 seconds
Ran BH. Time taken: 0.004 seconds
alpha = 0.1: FDPhat 0.0972, Number of Rej. 72
Task completed!
Ran AdaPT. Time taken: 3.714 seconds
Ran Boca-Leek. Time taken: 0.061 seconds
Ran Clfdr-EM. Time taken: 1.787 seconds
Ran AdaPT-xgboost. Time taken: 0.006 seconds
simulation run:65/90
Ran IHW-quantile. Time taken: 1.053 seconds
Ran IHW-forest. Time taken: 0.289 seconds
Ran BH. Time taken: 0.002 seconds
Ran AdaPT. Time taken: 4.19 seconds
Ran Boca-Leek. Time taken: 0.063 seconds
Ran Clfdr-EM. Time taken: 0.25 seconds
Ran AdaPT-xgboost. Time taken: 0.006 seconds
simulation run:66/90
Ran IHW-quantile. Time taken: 1.271 seconds
Ran IHW-forest. Time taken: 0.294 seconds
Ran BH. Time taken: 0.003 seconds
alpha = 0.1: FDPhat 0.0957, Number of Rej. 94
Task completed!
Ran AdaPT. Time taken: 3.126 seconds
Ran Boca-Leek. Time taken: 0.062 seconds
Ran Clfdr-EM. Time taken: 1.752 seconds
Ran AdaPT-xgboost. Time taken: 0.006 seconds
simulation run:67/90
Ran IHW-quantile. Time taken: 26.662 seconds
Ran IHW-forest. Time taken: 0.287 seconds
Ran BH. Time taken: 0.003 seconds
alpha = 0.1: FDPhat 0.0833, Number of Rej. 12
Task completed!
Ran AdaPT. Time taken: 4.393 seconds
Ran Boca-Leek. Time taken: 0.067 seconds
Ran Clfdr-EM. Time taken: 0.021 seconds
Ran AdaPT-xgboost. Time taken: 0.006 seconds
simulation run:68/90
Ran IHW-quantile. Time taken: 1.174 seconds
Ran IHW-forest. Time taken: 0.299 seconds
Ran BH. Time taken: 0.003 seconds
alpha = 0.1: FDPhat 0.1, Number of Rej. 100
Task completed!
Ran AdaPT. Time taken: 3.318 seconds
Ran Boca-Leek. Time taken: 0.062 seconds
Ran Clfdr-EM. Time taken: 2.084 seconds
Ran AdaPT-xgboost. Time taken: 0.006 seconds
simulation run:69/90
Ran IHW-quantile. Time taken: 1.242 seconds
Ran IHW-forest. Time taken: 0.299 seconds
Ran BH. Time taken: 0.003 seconds
alpha = 0.1: FDPhat 0.0909, Number of Rej. 66
Task completed!
Ran AdaPT. Time taken: 3.562 seconds
Ran Boca-Leek. Time taken: 0.061 seconds
Ran Clfdr-EM. Time taken: 0.019 seconds
Ran AdaPT-xgboost. Time taken: 0.005 seconds
simulation run:70/90
Ran IHW-quantile. Time taken: 1.216 seconds
Ran IHW-forest. Time taken: 0.301 seconds
Ran BH. Time taken: 0.003 seconds
alpha = 0.1: FDPhat 0.1, Number of Rej. 120
Task completed!
Ran AdaPT. Time taken: 2.854 seconds
Ran Boca-Leek. Time taken: 0.062 seconds
Ran Clfdr-EM. Time taken: 1.863 seconds
Ran AdaPT-xgboost. Time taken: 0.006 seconds
simulation run:71/90
Ran IHW-quantile. Time taken: 6.583 seconds
Ran IHW-forest. Time taken: 0.296 seconds
Ran BH. Time taken: 0.003 seconds
alpha = 0.1: FDPhat 0.0968, Number of Rej. 124
Task completed!
Ran AdaPT. Time taken: 3.893 seconds
Ran Boca-Leek. Time taken: 0.065 seconds
Ran Clfdr-EM. Time taken: 0.157 seconds
Ran AdaPT-xgboost. Time taken: 0.007 seconds
simulation run:72/90
Ran IHW-quantile. Time taken: 3.085 seconds
Ran IHW-forest. Time taken: 0.296 seconds
Ran BH. Time taken: 0.004 seconds
alpha = 0.1: FDPhat 0.0947, Number of Rej. 95
Task completed!
Ran AdaPT. Time taken: 3.561 seconds
Ran Boca-Leek. Time taken: 0.063 seconds
Ran Clfdr-EM. Time taken: 2.246 seconds
Ran AdaPT-xgboost. Time taken: 0.006 seconds
simulation run:73/90
Ran IHW-quantile. Time taken: 2.702 seconds
Ran IHW-forest. Time taken: 0.286 seconds
Ran BH. Time taken: 0.003 seconds
alpha = 0.1: FDPhat 0.0833, Number of Rej. 36
Task completed!
Ran AdaPT. Time taken: 5.946 seconds
Ran Boca-Leek. Time taken: 0.064 seconds
Ran Clfdr-EM. Time taken: 0.019 seconds
Ran AdaPT-xgboost. Time taken: 0.005 seconds
simulation run:74/90
Ran IHW-quantile. Time taken: 6.271 seconds
Ran IHW-forest. Time taken: 0.291 seconds
Ran BH. Time taken: 0.003 seconds
alpha = 0.1: FDPhat 0.0952, Number of Rej. 63
Task completed!
Ran AdaPT. Time taken: 3.89 seconds
Ran Boca-Leek. Time taken: 0.065 seconds
Ran Clfdr-EM. Time taken: 0.275 seconds
Ran AdaPT-xgboost. Time taken: 0.006 seconds
simulation run:75/90
Ran IHW-quantile. Time taken: 1.046 seconds
Ran IHW-forest. Time taken: 0.29 seconds
Ran BH. Time taken: 0.003 seconds
alpha = 0.1: FDPhat 0.0909, Number of Rej. 33
Task completed!
Ran AdaPT. Time taken: 3.719 seconds
Ran Boca-Leek. Time taken: 0.062 seconds
Ran Clfdr-EM. Time taken: 0.019 seconds
Ran AdaPT-xgboost. Time taken: 0.006 seconds
simulation run:76/90
Ran IHW-quantile. Time taken: 1.017 seconds
Ran IHW-forest. Time taken: 0.285 seconds
Ran BH. Time taken: 0.003 seconds
Ran AdaPT. Time taken: 4.073 seconds
Ran Boca-Leek. Time taken: 0.061 seconds
Ran Clfdr-EM. Time taken: 0.008 seconds
Ran AdaPT-xgboost. Time taken: 0.006 seconds
simulation run:77/90
Ran IHW-quantile. Time taken: 1.071 seconds
Ran IHW-forest. Time taken: 0.288 seconds
Ran BH. Time taken: 0.003 seconds
Ran AdaPT. Time taken: 3.394 seconds
Ran Boca-Leek. Time taken: 0.062 seconds
Ran Clfdr-EM. Time taken: 1.826 seconds
Ran AdaPT-xgboost. Time taken: 0.007 seconds
simulation run:78/90
Ran IHW-quantile. Time taken: 1.242 seconds
Ran IHW-forest. Time taken: 0.292 seconds
Ran BH. Time taken: 0.004 seconds
alpha = 0.1: FDPhat 0.092, Number of Rej. 87
Task completed!
Ran AdaPT. Time taken: 3.867 seconds
Ran Boca-Leek. Time taken: 0.063 seconds
Ran Clfdr-EM. Time taken: 0.255 seconds
Ran AdaPT-xgboost. Time taken: 0.006 seconds
simulation run:79/90
Ran IHW-quantile. Time taken: 0.001 seconds
Ran IHW-forest. Time taken: 0.306 seconds
Ran BH. Time taken: 0.003 seconds
alpha = 0.1: FDPhat 0.0971, Number of Rej. 103
Task completed!
Ran AdaPT. Time taken: 3.789 seconds
Ran Boca-Leek. Time taken: 0.067 seconds
Ran Clfdr-EM. Time taken: 0.349 seconds
Ran AdaPT-xgboost. Time taken: 0.007 seconds
simulation run:80/90
Ran IHW-quantile. Time taken: 1.129 seconds
Ran IHW-forest. Time taken: 0.295 seconds
Ran BH. Time taken: 0.003 seconds
alpha = 0.1: FDPhat 0.0893, Number of Rej. 56
Task completed!
Ran AdaPT. Time taken: 3.076 seconds
Ran Boca-Leek. Time taken: 0.062 seconds
Ran Clfdr-EM. Time taken: 1.755 seconds
Ran AdaPT-xgboost. Time taken: 0.006 seconds
simulation run:81/90
Ran IHW-quantile. Time taken: 1.102 seconds
Ran IHW-forest. Time taken: 0.286 seconds
Ran BH. Time taken: 0.003 seconds
Ran AdaPT. Time taken: 4.037 seconds
Ran Boca-Leek. Time taken: 0.062 seconds
Ran Clfdr-EM. Time taken: 1.761 seconds
Ran AdaPT-xgboost. Time taken: 0.006 seconds
simulation run:82/90
Ran IHW-quantile. Time taken: 1.019 seconds
Ran IHW-forest. Time taken: 0.288 seconds
Ran BH. Time taken: 0.003 seconds
alpha = 0.1: FDPhat 0.0833, Number of Rej. 12
Task completed!
Ran AdaPT. Time taken: 4.217 seconds
Ran Boca-Leek. Time taken: 0.062 seconds
Ran Clfdr-EM. Time taken: 0.177 seconds
Ran AdaPT-xgboost. Time taken: 0.006 seconds
simulation run:83/90
Ran IHW-quantile. Time taken: 51.349 seconds
Ran IHW-forest. Time taken: 0.3 seconds
Ran BH. Time taken: 0.003 seconds
alpha = 0.1: FDPhat 0.0982, Number of Rej. 112
Task completed!
Ran AdaPT. Time taken: 3.351 seconds
Ran Boca-Leek. Time taken: 0.066 seconds
Ran Clfdr-EM. Time taken: 2.148 seconds
Ran AdaPT-xgboost. Time taken: 0.007 seconds
simulation run:84/90
Ran IHW-quantile. Time taken: 5.437 seconds
Ran IHW-forest. Time taken: 0.297 seconds
Ran BH. Time taken: 0.003 seconds
alpha = 0.1: FDPhat 0.0923, Number of Rej. 65
Task completed!
Ran AdaPT. Time taken: 3.519 seconds
Ran Boca-Leek. Time taken: 0.065 seconds
Ran Clfdr-EM. Time taken: 0.021 seconds
Ran AdaPT-xgboost. Time taken: 0.006 seconds
simulation run:85/90
Ran IHW-quantile. Time taken: 21.452 seconds
Ran IHW-forest. Time taken: 0.297 seconds
Ran BH. Time taken: 0.002 seconds
Ran AdaPT. Time taken: 4.715 seconds
Ran Boca-Leek. Time taken: 0.067 seconds
Ran Clfdr-EM. Time taken: 0.185 seconds
Ran AdaPT-xgboost. Time taken: 0.006 seconds
simulation run:86/90
Ran IHW-quantile. Time taken: 5.882 seconds
Ran IHW-forest. Time taken: 0.294 seconds
Ran BH. Time taken: 0.003 seconds
alpha = 0.1: FDPhat 0.08, Number of Rej. 25
Task completed!
Ran AdaPT. Time taken: 4.092 seconds
Ran Boca-Leek. Time taken: 0.065 seconds
Ran Clfdr-EM. Time taken: 1.742 seconds
Ran AdaPT-xgboost. Time taken: 0.007 seconds
simulation run:87/90
Ran IHW-quantile. Time taken: 1.138 seconds
Ran IHW-forest. Time taken: 0.294 seconds
Ran BH. Time taken: 0.002 seconds
alpha = 0.1: FDPhat 0.0962, Number of Rej. 52
Task completed!
Ran AdaPT. Time taken: 3.554 seconds
Ran Boca-Leek. Time taken: 0.062 seconds
Ran Clfdr-EM. Time taken: 1.737 seconds
Ran AdaPT-xgboost. Time taken: 0.006 seconds
simulation run:88/90
Ran IHW-quantile. Time taken: 5.505 seconds
Ran IHW-forest. Time taken: 0.288 seconds
Ran BH. Time taken: 0.003 seconds
Ran AdaPT. Time taken: 3.879 seconds
Ran Boca-Leek. Time taken: 0.064 seconds
Ran Clfdr-EM. Time taken: 1.949 seconds
Ran AdaPT-xgboost. Time taken: 0.006 seconds
simulation run:89/90
Ran IHW-quantile. Time taken: 35.867 seconds
Ran IHW-forest. Time taken: 0.288 seconds
Ran BH. Time taken: 0.003 seconds
alpha = 0.1: FDPhat 0.0588, Number of Rej. 34
Task completed!
Ran AdaPT. Time taken: 4.587 seconds
Ran Boca-Leek. Time taken: 0.066 seconds
Ran Clfdr-EM. Time taken: 0.009 seconds
Ran AdaPT-xgboost. Time taken: 0.006 seconds
simulation run:90/90
Ran IHW-quantile. Time taken: 1.081 seconds
Ran IHW-forest. Time taken: 0.292 seconds
Ran BH. Time taken: 0.003 seconds
alpha = 0.1: FDPhat 0.0968, Number of Rej. 62
Task completed!
Ran AdaPT. Time taken: 3.511 seconds
Ran Boca-Leek. Time taken: 0.062 seconds
Ran Clfdr-EM. Time taken: 0.075 seconds
Ran AdaPT-xgboost. Time taken: 0.006 seconds
[1] "\n"
