- One or more packages recorded in the lockfile are not installed.
- Use `renv::status()` for more details.

##------ Sat Aug 19 01:08:51 2023 ------##
##------ Sat Aug 19 01:08:51 2023 ------## 

simulation run:1/70
simulation run:2/70
simulation run:3/70
simulation run:4/70
simulation run:5/70
simulation run:6/70
simulation run:7/70
simulation run:8/70
simulation run:9/70
simulation run:10/70
simulation run:11/70
simulation run:12/70
simulation run:13/70
simulation run:14/70
simulation run:15/70
simulation run:16/70
simulation run:17/70
simulation run:18/70
simulation run:19/70
simulation run:20/70
simulation run:21/70
simulation run:22/70
simulation run:23/70
simulation run:24/70
simulation run:25/70
simulation run:26/70
simulation run:27/70
simulation run:28/70
simulation run:29/70
simulation run:30/70
simulation run:31/70
simulation run:32/70
simulation run:33/70
simulation run:34/70
simulation run:35/70
simulation run:36/70
simulation run:37/70
simulation run:38/70
simulation run:39/70
simulation run:40/70
simulation run:41/70
simulation run:42/70
simulation run:43/70
simulation run:44/70
simulation run:45/70
simulation run:46/70
simulation run:47/70
simulation run:48/70
simulation run:49/70
simulation run:50/70
simulation run:51/70
simulation run:52/70
Ran IHW-quantile. Time taken: 0.053 seconds
simulation run:53/70
simulation run:54/70
simulation run:55/70
simulation run:56/70
simulation run:57/70
Ran IHW-quantile. Time taken: 0.002 seconds
simulation run:58/70
simulation run:59/70
simulation run:60/70
simulation run:61/70
simulation run:62/70
simulation run:63/70
Ran IHW-quantile. Time taken: 0.001 seconds
Ran IHW-quantile. Time taken: 0.002 seconds
simulation run:64/70
simulation run:65/70
simulation run:66/70
simulation run:67/70
simulation run:68/70
simulation run:69/70
simulation run:70/70
