WARNING: ignoring environment value of R_HOME
- One or more packages recorded in the lockfile are not installed.
- Use `renv::status()` for more details.

##------ Fri Aug 18 03:36:57 2023 ------##
##------ Fri Aug 18 03:36:57 2023 ------## 

simulation run:1/42
simulation run:2/42
simulation run:3/42
simulation run:5/42
simulation run:7/42
simulation run:4/42
simulation run:8/42
simulation run:6/42
simulation run:9/42
simulation run:10/42
simulation run:11/42
simulation run:12/42
simulation run:13/42
simulation run:14/42
simulation run:15/42
simulation run:16/42
simulation run:17/42
simulation run:18/42
simulation run:19/42
simulation run:20/42
simulation run:21/42
simulation run:22/42
simulation run:23/42
simulation run:24/42
simulation run:25/42
simulation run:26/42
simulation run:27/42
simulation run:28/42
simulation run:29/42
simulation run:30/42
simulation run:31/42
simulation run:32/42
simulation run:33/42
simulation run:34/42
simulation run:35/42
simulation run:36/42
simulation run:37/42
simulation run:38/42
simulation run:39/42
simulation run:40/42
simulation run:41/42
simulation run:42/42
Ran IHW-quantile. Time taken: 0.001 seconds
Ran IHW-quantile. Time taken: 0.002 seconds
Ran IHW-quantile. Time taken: 0.001 seconds
Ran IHW-forest. Time taken: 7.683 seconds
Ran IHW-forest. Time taken: 8.415 seconds
Ran IHW-forest. Time taken: 7.695 seconds
Ran BH. Time taken: 0.038 seconds
Ran BH. Time taken: 0.042 seconds
Ran BH. Time taken: 0.002 seconds
Ran IHW-quantile. Time taken: 21.289 seconds
Ran IHW-quantile. Time taken: 21.132 seconds
Ran IHW-quantile. Time taken: 20.365 seconds
Ran IHW-quantile. Time taken: 22.451 seconds
Ran IHW-quantile. Time taken: 22.602 seconds
Ran IHW-quantile. Time taken: 22.581 seconds
Ran IHW-quantile. Time taken: 23.122 seconds
Ran IHW-quantile. Time taken: 21.28 seconds
Ran IHW-quantile. Time taken: 20.77 seconds
Ran IHW-quantile. Time taken: 22.858 seconds
Ran IHW-quantile. Time taken: 22.895 seconds
Ran IHW-quantile. Time taken: 23.359 seconds
Ran IHW-quantile. Time taken: 23.678 seconds
Ran IHW-quantile. Time taken: 22.71 seconds
Ran IHW-quantile. Time taken: 22.482 seconds
Ran IHW-quantile. Time taken: 22.436 seconds
Ran IHW-quantile. Time taken: 23.817 seconds
Ran IHW-quantile. Time taken: 24.699 seconds
Ran IHW-quantile. Time taken: 22.628 seconds
Ran IHW-quantile. Time taken: 23.138 seconds
Ran IHW-quantile. Time taken: 22.582 seconds
Ran IHW-quantile. Time taken: 24.95 seconds
Ran IHW-quantile. Time taken: 25.501 seconds
Ran IHW-quantile. Time taken: 25.374 seconds
Ran IHW-quantile. Time taken: 25.42 seconds
Ran IHW-quantile. Time taken: 24.79 seconds
Ran IHW-quantile. Time taken: 24.835 seconds
Ran IHW-quantile. Time taken: 26.131 seconds
Ran IHW-quantile. Time taken: 25.58 seconds
Ran IHW-quantile. Time taken: 26.085 seconds
Ran IHW-forest. Time taken: 6.679 seconds
Ran IHW-forest. Time taken: 6.545 seconds
Ran IHW-forest. Time taken: 6.536 seconds
Ran IHW-forest. Time taken: 6.591 seconds
Ran IHW-forest. Time taken: 6.624 seconds
Ran IHW-forest. Time taken: 6.653 seconds
Ran IHW-forest. Time taken: 6.61 seconds
Ran IHW-forest. Time taken: 6.444 seconds
Ran IHW-forest. Time taken: 6.65 seconds
Ran BH. Time taken: 0.002 seconds
Ran BH. Time taken: 0.043 seconds
Ran IHW-forest. Time taken: 6.696 seconds
Ran BH. Time taken: 0.034 seconds
Ran IHW-forest. Time taken: 7.15 seconds
Ran IHW-forest. Time taken: 6.548 seconds
Ran IHW-forest. Time taken: 7.196 seconds
Ran IHW-forest. Time taken: 6.579 seconds
Ran IHW-forest. Time taken: 9.121 seconds
Ran IHW-forest. Time taken: 6.662 seconds
Ran BH. Time taken: 0.034 seconds
Ran IHW-forest. Time taken: 7.124 seconds
Ran BH. Time taken: 0.038 seconds
Ran IHW-forest. Time taken: 7.176 seconds
Ran IHW-forest. Time taken: 7.217 seconds
Ran BH. Time taken: 0.002 seconds
Ran BH. Time taken: 0.002 seconds
Ran IHW-forest. Time taken: 7.298 seconds
Ran BH. Time taken: 0.039 seconds
Ran IHW-forest. Time taken: 7.405 seconds
Ran BH. Time taken: 0.043 seconds
Ran IHW-forest. Time taken: 9.229 seconds
Ran BH. Time taken: 0.039 seconds
Ran BH. Time taken: 0.041 seconds
Ran BH. Time taken: 0.002 seconds
Ran BH. Time taken: 0.002 seconds
Ran BH. Time taken: 0.035 seconds
Ran IHW-forest. Time taken: 7.495 seconds
Ran IHW-forest. Time taken: 7.479 seconds
Ran BH. Time taken: 0.002 seconds
Ran IHW-forest. Time taken: 7.436 seconds
Ran BH. Time taken: 0.002 seconds
Ran IHW-forest. Time taken: 7.416 seconds
Ran BH. Time taken: 0.042 seconds
Ran BH. Time taken: 0.002 seconds
Ran BH. Time taken: 0.002 seconds
Ran IHW-forest. Time taken: 7.441 seconds
Ran IHW-forest. Time taken: 7.41 seconds
Ran BH. Time taken: 0.042 seconds
Ran BH. Time taken: 0.038 seconds
Ran BH. Time taken: 0.002 seconds
Ran IHW-forest. Time taken: 7.405 seconds
Ran BH. Time taken: 0.042 seconds
Ran BH. Time taken: 0.042 seconds
Ran BH. Time taken: 0.002 seconds
Ran BH. Time taken: 0.042 seconds
Ran BH. Time taken: 0.002 seconds
Ran IHW-forest. Time taken: 10.483 seconds
Ran BH. Time taken: 0.022 seconds
Ran BH. Time taken: 0.002 seconds
Ran BH. Time taken: 0.04 seconds
Ran IHW-quantile. Time taken: 56.535 seconds
Ran IHW-quantile. Time taken: 62.741 seconds
Ran IHW-quantile. Time taken: 63.133 seconds
Ran IHW-forest. Time taken: 6.821 seconds
Ran BH. Time taken: 0.002 seconds
Ran IHW-forest. Time taken: 7.617 seconds
Ran IHW-forest. Time taken: 7.505 seconds
Ran BH. Time taken: 0.042 seconds
Ran BH. Time taken: 0.002 seconds
alpha = 0.1: FDPhat 0.1, Number of Rej. 90
Task completed!
Ran AdaPT. Time taken: 60.527 seconds
alpha = 0.1: FDPhat 0.0989, Number of Rej. 91
Task completed!
alpha = 0.1: FDPhat 0.0918, Number of Rej. 98
Task completed!
Ran AdaPT. Time taken: 81.598 seconds
Ran AdaPT. Time taken: 58.432 seconds
alpha = 0.1: FDPhat 0.1, Number of Rej. 90
Task completed!
Ran AdaPT. Time taken: 59.819 seconds
alpha = 0.1: FDPhat 0.0976, Number of Rej. 123
Task completed!
Ran AdaPT. Time taken: 62.695 seconds
Ran Boca-Leek. Time taken: 1.012 seconds
Ran Boca-Leek. Time taken: 1.102 seconds
Ran Boca-Leek. Time taken: 1.06 seconds
alpha = 0.1: FDPhat 0.0971, Number of Rej. 103
Task completed!
Ran AdaPT. Time taken: 85.042 seconds
alpha = 0.1: FDPhat 0.0909, Number of Rej. 22
Task completed!
Ran AdaPT. Time taken: 67.087 seconds
Ran Boca-Leek. Time taken: 1.062 seconds
alpha = 0.1: FDPhat 0.0667, Number of Rej. 15
Task completed!
Ran AdaPT. Time taken: 66.543 seconds
Ran Boca-Leek. Time taken: 1.006 seconds
alpha = 0.1: FDPhat 0.0882, Number of Rej. 34
Task completed!
Ran AdaPT. Time taken: 69.67 seconds
alpha = 0.1: FDPhat 0.1, Number of Rej. 90
Task completed!
Ran AdaPT. Time taken: 68.293 seconds
alpha = 0.1: FDPhat 0.0989, Number of Rej. 91
Task completed!
alpha = 0.1: FDPhat 0.0882, Number of Rej. 34
Task completed!
Ran AdaPT. Time taken: 68.854 seconds
Ran AdaPT. Time taken: 69.962 seconds
Ran Boca-Leek. Time taken: 1.069 seconds
Ran Boca-Leek. Time taken: 1 seconds
alpha = 0.1: FDPhat 0.0968, Number of Rej. 93
Task completed!
Ran AdaPT. Time taken: 67.985 seconds
alpha = 0.1: FDPhat 0.0952, Number of Rej. 126
Task completed!
Ran AdaPT. Time taken: 68.375 seconds
Ran Boca-Leek. Time taken: 1.073 seconds
alpha = 0.1: FDPhat 0.0985, Number of Rej. 132
Task completed!
Ran AdaPT. Time taken: 65.525 seconds
Ran Boca-Leek. Time taken: 0.996 seconds
Ran Boca-Leek. Time taken: 1.004 seconds
Ran Boca-Leek. Time taken: 1.027 seconds
Ran Boca-Leek. Time taken: 0.983 seconds
alpha = 0.1: FDPhat 0.0833, Number of Rej. 36
Task completed!
Ran AdaPT. Time taken: 72.182 seconds
alpha = 0.1: FDPhat 0.0956, Number of Rej. 136
Task completed!
Ran AdaPT. Time taken: 67.429 seconds
Ran Boca-Leek. Time taken: 1.06 seconds
Ran Boca-Leek. Time taken: 1.018 seconds
alpha = 0.1: FDPhat 0.1, Number of Rej. 40
Task completed!
alpha = 0.1: FDPhat 0.0886, Number of Rej. 79
Task completed!
Ran AdaPT. Time taken: 71.666 seconds
Ran AdaPT. Time taken: 67.856 seconds
alpha = 0.1: FDPhat 0.0928, Number of Rej. 97
Task completed!
Ran AdaPT. Time taken: 70.986 seconds
Ran Boca-Leek. Time taken: 1.144 seconds
Ran AdaPT. Time taken: 72.591 seconds
Ran Boca-Leek. Time taken: 1.015 seconds
alpha = 0.1: FDPhat 0.098, Number of Rej. 102
Task completed!
Ran AdaPT. Time taken: 75.163 seconds
alpha = 0.1: FDPhat 0.0909, Number of Rej. 22
Task completed!
Ran AdaPT. Time taken: 74.545 seconds
Ran Clfdr-EM. Time taken: 6.991 seconds
alpha = 0.1: FDPhat 0.0942, Number of Rej. 138
Task completed!
Ran AdaPT. Time taken: 70.649 seconds
Ran Boca-Leek. Time taken: 1.167 seconds
alpha = 0.1: FDPhat 0.1, Number of Rej. 100
Task completed!
Ran AdaPT. Time taken: 98.196 seconds
alpha = 0.1: FDPhat 0.0899, Number of Rej. 89
Task completed!
Ran AdaPT. Time taken: 74.479 seconds
alpha = 0.1: FDPhat 0.0909, Number of Rej. 22
Task completed!
Ran AdaPT. Time taken: 75.244 seconds
Ran Boca-Leek. Time taken: 1.125 seconds
Ran Boca-Leek. Time taken: 1.165 seconds
Ran Boca-Leek. Time taken: 1.013 seconds
alpha = 0.1: FDPhat 0.0968, Number of Rej. 93
Task completed!
Ran AdaPT. Time taken: 73.168 seconds
alpha = 0.1: FDPhat 0.0941, Number of Rej. 85
Task completed!
Ran AdaPT. Time taken: 75.378 seconds
alpha = 0.1: FDPhat 0.1, Number of Rej. 120
Task completed!
Ran AdaPT. Time taken: 74.117 seconds
Ran Boca-Leek. Time taken: 1.132 seconds
Ran Boca-Leek. Time taken: 1.025 seconds
Ran Boca-Leek. Time taken: 1.152 seconds
Ran Boca-Leek. Time taken: 1.133 seconds
Ran Clfdr-EM. Time taken: 10.478 seconds
Ran Boca-Leek. Time taken: 1.217 seconds
Ran Boca-Leek. Time taken: 1.171 seconds
Ran Clfdr-EM. Time taken: 10.253 seconds
Ran Boca-Leek. Time taken: 1.178 seconds
alpha = 0.1: FDPhat 0.0957, Number of Rej. 94
Task completed!
Ran AdaPT. Time taken: 73.678 seconds
Ran Clfdr-EM. Time taken: 0.349 seconds
Ran Boca-Leek. Time taken: 1.175 seconds
Ran Boca-Leek. Time taken: 1.106 seconds
Ran Clfdr-EM. Time taken: 5.252 seconds
Ran Boca-Leek. Time taken: 1.131 seconds
Ran IHW-quantile. Time taken: 123.52 seconds
alpha = 0.1: FDPhat 0.0938, Number of Rej. 32
Task completed!
Ran IHW-quantile. Time taken: 123.001 seconds
Ran AdaPT. Time taken: 82.622 seconds
Ran Clfdr-EM. Time taken: 6.312 seconds
Ran Clfdr-EM. Time taken: 5.801 seconds
Ran Boca-Leek. Time taken: 1.139 seconds
alpha = 0.1: FDPhat 0.0973, Number of Rej. 113
Task completed!
Ran AdaPT. Time taken: 81.135 seconds
Ran Clfdr-EM. Time taken: 21.877 seconds
Ran Clfdr-EM. Time taken: 7.223 seconds
Ran Boca-Leek. Time taken: 1.154 seconds
Ran Clfdr-EM. Time taken: 12.708 seconds
Ran Clfdr-EM. Time taken: 6.463 seconds
Ran Clfdr-EM. Time taken: 5.123 seconds
Ran Boca-Leek. Time taken: 1.158 seconds
Ran Clfdr-EM. Time taken: 0.352 seconds
Ran IHW-forest. Time taken: 6.654 seconds
Ran Clfdr-EM. Time taken: 20.618 seconds
Ran IHW-forest. Time taken: 6.572 seconds
Ran Clfdr-EM. Time taken: 26.681 seconds
Ran Clfdr-EM. Time taken: 20.798 seconds
Ran IHW-quantile. Time taken: 131.372 seconds
Ran BH. Time taken: 0.001 seconds
Ran Clfdr-EM. Time taken: 11.556 seconds
Ran Clfdr-EM. Time taken: 30.907 seconds
Ran BH. Time taken: 0.038 seconds
Ran Clfdr-EM. Time taken: 35.165 seconds
Ran IHW-forest. Time taken: 7.269 seconds
alpha = 0.1: FDPhat 0.1, Number of Rej. 110
Task completed!
alpha = 0.1: FDPhat 0.096, Number of Rej. 125
Task completed!
Ran AdaPT. Time taken: 64.745 seconds
Ran AdaPT. Time taken: 70.536 seconds
Ran Clfdr-EM. Time taken: 19.542 seconds
Ran Clfdr-EM. Time taken: 32.945 seconds
Ran Clfdr-EM. Time taken: 31.833 seconds
Ran BH. Time taken: 0.042 seconds
Ran Boca-Leek. Time taken: 1.053 seconds
Ran Clfdr-EM. Time taken: 36.827 seconds
Ran Boca-Leek. Time taken: 1.153 seconds
Ran Clfdr-EM. Time taken: 35.61 seconds
Ran Clfdr-EM. Time taken: 27.274 seconds
Ran Clfdr-EM. Time taken: 29.767 seconds
Ran Clfdr-EM. Time taken: 37.565 seconds
Ran AdaPT-xgboost. Time taken: 35.64 seconds
alpha = 0.1: FDPhat 0.0957, Number of Rej. 94
Task completed!
Ran AdaPT. Time taken: 73.574 seconds
Ran AdaPT-xgboost. Time taken: 35.682 seconds
Ran Boca-Leek. Time taken: 1.216 seconds
Ran AdaPT-xgboost. Time taken: 35.381 seconds
Ran Clfdr-EM. Time taken: 9.401 seconds
Ran Clfdr-EM. Time taken: 37.188 seconds
Ran Clfdr-EM. Time taken: 9.649 seconds
Ran AdaPT-xgboost. Time taken: 32.124 seconds
Ran AdaPT-xgboost. Time taken: 34.387 seconds
Ran Clfdr-EM. Time taken: 39.831 seconds
Ran Clfdr-EM. Time taken: 40.506 seconds
Ran AdaPT-xgboost. Time taken: 38.498 seconds
Ran AdaPT-xgboost. Time taken: 39.066 seconds
Ran Clfdr-EM. Time taken: 39.574 seconds
Ran Clfdr-EM. Time taken: 36.307 seconds
Ran AdaPT-xgboost. Time taken: 33.392 seconds
Ran AdaPT-xgboost. Time taken: 38.446 seconds
Ran AdaPT-xgboost. Time taken: 32.051 seconds
Ran AdaPT-xgboost. Time taken: 31.923 seconds
Ran AdaPT-xgboost. Time taken: 38.434 seconds
Ran AdaPT-xgboost. Time taken: 32.151 seconds
Ran AdaPT-xgboost. Time taken: 31.114 seconds
Ran Clfdr-EM. Time taken: 35.936 seconds
Ran AdaPT-xgboost. Time taken: 38.344 seconds
Ran AdaPT-xgboost. Time taken: 37.784 seconds
Ran Clfdr-EM. Time taken: 9.866 seconds
Ran AdaPT-xgboost. Time taken: 29.462 seconds
Ran AdaPT-xgboost. Time taken: 37.465 seconds
Ran AdaPT-xgboost. Time taken: 26.204 seconds
Ran AdaPT-xgboost. Time taken: 25.432 seconds
Ran AdaPT-xgboost. Time taken: 36.497 seconds
Ran AdaPT-xgboost. Time taken: 24.603 seconds
Ran AdaPT-xgboost. Time taken: 24.35 seconds
Ran AdaPT-xgboost. Time taken: 24.364 seconds
Ran AdaPT-xgboost. Time taken: 21.615 seconds
Ran AdaPT-xgboost. Time taken: 15.974 seconds
Ran AdaPT-xgboost. Time taken: 32.56 seconds
Ran AdaPT-xgboost. Time taken: 17.452 seconds
Ran AdaPT-xgboost. Time taken: 29.092 seconds
alpha = 0.1: FDPhat 0.0982, Number of Rej. 112
Task completed!
Ran AdaPT. Time taken: 43.975 seconds
Ran AdaPT-xgboost. Time taken: 16.902 seconds
Ran Boca-Leek. Time taken: 0.382 seconds
Ran AdaPT-xgboost. Time taken: 20.474 seconds
Ran AdaPT-xgboost. Time taken: 19.073 seconds
Ran AdaPT-xgboost. Time taken: 17.828 seconds
Ran AdaPT-xgboost. Time taken: 18.071 seconds
alpha = 0.1: FDPhat 0.0988, Number of Rej. 81
Task completed!
Ran AdaPT. Time taken: 47.207 seconds
Ran AdaPT-xgboost. Time taken: 13.964 seconds
Ran Clfdr-EM. Time taken: 2.219 seconds
Ran AdaPT-xgboost. Time taken: 12.868 seconds
Ran Boca-Leek. Time taken: 0.215 seconds
Ran Clfdr-EM. Time taken: 1.015 seconds
alpha = 0.1: FDPhat 0.0973, Number of Rej. 113
Task completed!
Ran AdaPT. Time taken: 38.332 seconds
Ran Boca-Leek. Time taken: 0.221 seconds
Ran AdaPT-xgboost. Time taken: 5.194 seconds
Ran AdaPT-xgboost. Time taken: 5.078 seconds
Ran Clfdr-EM. Time taken: 4.434 seconds
Ran AdaPT-xgboost. Time taken: 3.393 seconds
Ran IHW-quantile. Time taken: 202.886 seconds
Ran IHW-forest. Time taken: 0.384 seconds
Ran BH. Time taken: 0.001 seconds
alpha = 0.1: FDPhat 0.0938, Number of Rej. 96
Task completed!
Ran AdaPT. Time taken: 5.414 seconds
Ran Boca-Leek. Time taken: 0.066 seconds
Ran Clfdr-EM. Time taken: 0.476 seconds
Ran AdaPT-xgboost. Time taken: 2.264 seconds
Ran IHW-quantile. Time taken: 241.001 seconds
Ran IHW-forest. Time taken: 0.371 seconds
Ran BH. Time taken: 0.002 seconds
alpha = 0.1: FDPhat 0.0982, Number of Rej. 112
Task completed!
Ran AdaPT. Time taken: 3.859 seconds
Ran Boca-Leek. Time taken: 0.065 seconds
Ran IHW-quantile. Time taken: 248.378 seconds
Ran Clfdr-EM. Time taken: 0.39 seconds
Ran IHW-forest. Time taken: 0.374 seconds
Ran BH. Time taken: 0.001 seconds
Ran AdaPT-xgboost. Time taken: 1.98 seconds
alpha = 0.1: FDPhat 0.0947, Number of Rej. 95
Task completed!
Ran AdaPT. Time taken: 4.07 seconds
Ran Boca-Leek. Time taken: 0.065 seconds
Ran Clfdr-EM. Time taken: 1.64 seconds
Ran AdaPT-xgboost. Time taken: 2.201 seconds
[1] "\n"
