
##------ Thu Aug 10 04:18:45 2023 ------##
##------ Thu Aug 10 04:18:45 2023 ------## 

simulation run:1/45
simulation run:2/45
simulation run:3/45
simulation run:4/45
simulation run:5/45
simulation run:7/45
simulation run:6/45
simulation run:8/45
simulation run:9/45
simulation run:10/45
simulation run:11/45
simulation run:13/45
simulation run:12/45
simulation run:14/45
simulation run:15/45
simulation run:16/45
simulation run:17/45
simulation run:18/45
simulation run:19/45
simulation run:20/45
simulation run:21/45
simulation run:22/45
simulation run:23/45
simulation run:24/45
simulation run:25/45
simulation run:26/45
simulation run:27/45
simulation run:28/45
simulation run:29/45
simulation run:30/45
simulation run:31/45
simulation run:32/45
simulation run:33/45
simulation run:34/45
simulation run:35/45
simulation run:36/45
simulation run:37/45
simulation run:38/45
simulation run:39/45
simulation run:40/45
simulation run:41/45
simulation run:42/45
simulation run:43/45
simulation run:44/45
simulation run:45/45
alpha = 0.1: FDPhat 0.0909, Number of Rej. 66
Task completed!
alpha = 0.1: FDPhat 0.0984, Number of Rej. 122
Task completed!
alpha = 0.1: FDPhat 0.0952, Number of Rej. 126
Task completed!
alpha = 0.1: FDPhat 0.1, Number of Rej. 30
Task completed!
alpha = 0.1: FDPhat 0.0952, Number of Rej. 42
Task completed!
alpha = 0.1: FDPhat 0.0952, Number of Rej. 42
Task completed!
alpha = 0.1: FDPhat 0.0909, Number of Rej. 33
Task completed!
alpha = 0.1: FDPhat 0.08, Number of Rej. 25
Task completed!
alpha = 0.1: FDPhat 0.08, Number of Rej. 25
Task completed!
alpha = 0.1: FDPhat 0.0909, Number of Rej. 11
Task completed!
alpha = 0.1: FDPhat 0.0741, Number of Rej. 27
Task completed!
alpha = 0.1: FDPhat 0.0972, Number of Rej. 72
Task completed!
alpha = 0.1: FDPhat 0.0952, Number of Rej. 21
Task completed!
alpha = 0.1: FDPhat 0.0952, Number of Rej. 21
Task completed!
alpha = 0.1: FDPhat 0.0993, Number of Rej. 141
Task completed!
alpha = 0.1: FDPhat 0.0741, Number of Rej. 27
Task completed!
alpha = 0.1: FDPhat 0.1, Number of Rej. 20
Task completed!
alpha = 0.1: FDPhat 0.0964, Number of Rej. 83
Task completed!
alpha = 0.1: FDPhat 0.0984, Number of Rej. 122
Task completed!
alpha = 0.1: FDPhat 0.0959, Number of Rej. 73
Task completed!
alpha = 0.1: FDPhat 0.0957, Number of Rej. 115
Task completed!
alpha = 0.1: FDPhat 0.0921, Number of Rej. 76
Task completed!
alpha = 0.1: FDPhat 0.0966, Number of Rej. 145
Task completed!
alpha = 0.1: FDPhat 0.0972, Number of Rej. 72
Task completed!
alpha = 0.1: FDPhat 0.1, Number of Rej. 100
Task completed!
alpha = 0.1: FDPhat 0.0893, Number of Rej. 56
Task completed!
alpha = 0.1: FDPhat 0.0988, Number of Rej. 162
Task completed!
alpha = 0.1: FDPhat 0.0909, Number of Rej. 77
Task completed!
alpha = 0.1: FDPhat 0.098, Number of Rej. 102
Task completed!
alpha = 0.1: FDPhat 0.0893, Number of Rej. 56
Task completed!
alpha = 0.1: FDPhat 0.0962, Number of Rej. 52
Task completed!
alpha = 0.1: FDPhat 0.0946, Number of Rej. 74
Task completed!
alpha = 0.1: FDPhat 0.0988, Number of Rej. 172
Task completed!
alpha = 0.1: FDPhat 0.0962, Number of Rej. 104
Task completed!
alpha = 0.1: FDPhat 0.0989, Number of Rej. 91
Task completed!
alpha = 0.1: FDPhat 0.0938, Number of Rej. 96
Task completed!
alpha = 0.1: FDPhat 0.0946, Number of Rej. 74
Task completed!
alpha = 0.1: FDPhat 0.0991, Number of Rej. 111
Task completed!
alpha = 0.1: FDPhat 0.0952, Number of Rej. 84
Task completed!
alpha = 0.1: FDPhat 0.0899, Number of Rej. 89
Task completed!
alpha = 0.1: FDPhat 0.0992, Number of Rej. 121
Task completed!
alpha = 0.1: FDPhat 0.0968, Number of Rej. 62
Task completed!
alpha = 0.1: FDPhat 0.0921, Number of Rej. 76
Task completed!
alpha = 0.1: FDPhat 0.1, Number of Rej. 90
Task completed!
[1] "\n"
