- One or more packages recorded in the lockfile are not installed.
- Use `renv::status()` for more details.

##------ Sat Aug 19 01:35:36 2023 ------##
##------ Sat Aug 19 01:35:36 2023 ------## 

simulation run:1/90
Ran IHW-quantile. Time taken: 0.001 seconds
Ran IHW-forest. Time taken: 0.374 seconds
Ran BH. Time taken: 0.001 seconds
alpha = 0.1: FDPhat 0.1, Number of Rej. 10
Task completed!
Ran AdaPT. Time taken: 4.733 seconds
Ran Boca-Leek. Time taken: 0.064 seconds
Ran Clfdr-EM. Time taken: 0.024 seconds
Ran AdaPT-xgboost. Time taken: 2.16 seconds
simulation run:2/90
Ran IHW-quantile. Time taken: 1.195 seconds
Ran IHW-forest. Time taken: 0.299 seconds
Ran BH. Time taken: 0.001 seconds
alpha = 0.1: FDPhat 0.0964, Number of Rej. 83
Task completed!
Ran AdaPT. Time taken: 3.552 seconds
Ran Boca-Leek. Time taken: 0.078 seconds
Ran Clfdr-EM. Time taken: 1.831 seconds
Ran AdaPT-xgboost. Time taken: 0.005 seconds
simulation run:3/90
Ran IHW-quantile. Time taken: 2.594 seconds
Ran IHW-forest. Time taken: 0.296 seconds
Ran BH. Time taken: 0.002 seconds
alpha = 0.1: FDPhat 0.0625, Number of Rej. 16
Task completed!
Ran AdaPT. Time taken: 4.836 seconds
Ran Boca-Leek. Time taken: 0.063 seconds
Ran Clfdr-EM. Time taken: 0.019 seconds
Ran AdaPT-xgboost. Time taken: 0.007 seconds
simulation run:4/90
Ran IHW-quantile. Time taken: 1.062 seconds
Ran IHW-forest. Time taken: 0.29 seconds
Ran BH. Time taken: 0.002 seconds
alpha = 0.1: FDPhat 0.0909, Number of Rej. 33
Task completed!
Ran AdaPT. Time taken: 4.558 seconds
Ran Boca-Leek. Time taken: 0.061 seconds
Ran Clfdr-EM. Time taken: 0.019 seconds
Ran AdaPT-xgboost. Time taken: 0.006 seconds
simulation run:5/90
Ran IHW-quantile. Time taken: 1.286 seconds
Ran IHW-forest. Time taken: 0.301 seconds
Ran BH. Time taken: 0.003 seconds
alpha = 0.1: FDPhat 0.0897, Number of Rej. 78
Task completed!
Ran AdaPT. Time taken: 3.456 seconds
Ran Boca-Leek. Time taken: 0.061 seconds
Ran Clfdr-EM. Time taken: 1.795 seconds
Ran AdaPT-xgboost. Time taken: 0.006 seconds
simulation run:6/90
Ran IHW-quantile. Time taken: 5.272 seconds
Ran IHW-forest. Time taken: 0.293 seconds
Ran BH. Time taken: 0.002 seconds
alpha = 0.1: FDPhat 0.0625, Number of Rej. 16
Task completed!
Ran AdaPT. Time taken: 4.701 seconds
Ran Boca-Leek. Time taken: 0.068 seconds
Ran Clfdr-EM. Time taken: 0.34 seconds
Ran AdaPT-xgboost. Time taken: 0.006 seconds
simulation run:7/90
Ran IHW-quantile. Time taken: 1.203 seconds
Ran IHW-forest. Time taken: 0.301 seconds
Ran BH. Time taken: 0.002 seconds
alpha = 0.1: FDPhat 0.098, Number of Rej. 51
Task completed!
Ran AdaPT. Time taken: 3.76 seconds
Ran Boca-Leek. Time taken: 0.062 seconds
Ran Clfdr-EM. Time taken: 0.346 seconds
Ran AdaPT-xgboost. Time taken: 0.006 seconds
simulation run:8/90
Ran IHW-quantile. Time taken: 1.168 seconds
Ran IHW-forest. Time taken: 0.301 seconds
Ran BH. Time taken: 0.002 seconds
alpha = 0.1: FDPhat 0.1, Number of Rej. 30
Task completed!
Ran AdaPT. Time taken: 3.602 seconds
Ran Boca-Leek. Time taken: 0.061 seconds
Ran Clfdr-EM. Time taken: 0.019 seconds
Ran AdaPT-xgboost. Time taken: 0.006 seconds
simulation run:9/90
Ran IHW-quantile. Time taken: 1.248 seconds
Ran IHW-forest. Time taken: 0.299 seconds
Ran BH. Time taken: 0.002 seconds
alpha = 0.1: FDPhat 0.1, Number of Rej. 90
Task completed!
Ran AdaPT. Time taken: 3.621 seconds
Ran Boca-Leek. Time taken: 0.061 seconds
Ran Clfdr-EM. Time taken: 1.893 seconds
Ran AdaPT-xgboost. Time taken: 0.007 seconds
simulation run:10/90
Ran IHW-quantile. Time taken: 1.141 seconds
Ran IHW-forest. Time taken: 0.292 seconds
Ran BH. Time taken: 0.002 seconds
Ran AdaPT. Time taken: 3.967 seconds
Ran Boca-Leek. Time taken: 0.063 seconds
Ran Clfdr-EM. Time taken: 1.854 seconds
Ran AdaPT-xgboost. Time taken: 0.006 seconds
simulation run:11/90
Ran IHW-quantile. Time taken: 1.036 seconds
Ran IHW-forest. Time taken: 0.29 seconds
Ran BH. Time taken: 0.002 seconds
alpha = 0.1: FDPhat 0.0769, Number of Rej. 26
Task completed!
Ran AdaPT. Time taken: 4.398 seconds
Ran Boca-Leek. Time taken: 0.062 seconds
Ran Clfdr-EM. Time taken: 0.019 seconds
Ran AdaPT-xgboost. Time taken: 0.006 seconds
simulation run:12/90
Ran IHW-quantile. Time taken: 0.001 seconds
Ran IHW-forest. Time taken: 0.297 seconds
Ran BH. Time taken: 0.002 seconds
Ran AdaPT. Time taken: 5.249 seconds
Ran Boca-Leek. Time taken: 0.067 seconds
Ran Clfdr-EM. Time taken: 0.162 seconds
Ran AdaPT-xgboost. Time taken: 0.006 seconds
simulation run:13/90
Ran IHW-quantile. Time taken: 1.196 seconds
Ran IHW-forest. Time taken: 0.296 seconds
Ran BH. Time taken: 0.002 seconds
alpha = 0.1: FDPhat 0.1, Number of Rej. 80
Task completed!
Ran AdaPT. Time taken: 3.749 seconds
Ran Boca-Leek. Time taken: 0.064 seconds
Ran Clfdr-EM. Time taken: 2.201 seconds
Ran AdaPT-xgboost. Time taken: 0.006 seconds
simulation run:14/90
Ran IHW-quantile. Time taken: 52.183 seconds
Ran IHW-forest. Time taken: 0.302 seconds
Ran BH. Time taken: 0.002 seconds
alpha = 0.1: FDPhat 0.0968, Number of Rej. 124
Task completed!
Ran AdaPT. Time taken: 4.687 seconds
Ran Boca-Leek. Time taken: 0.069 seconds
Ran Clfdr-EM. Time taken: 0.266 seconds
Ran AdaPT-xgboost. Time taken: 0.006 seconds
simulation run:15/90
Ran IHW-quantile. Time taken: 6.575 seconds
Ran IHW-forest. Time taken: 0.305 seconds
Ran BH. Time taken: 0.003 seconds
alpha = 0.1: FDPhat 0.0977, Number of Rej. 133
Task completed!
Ran AdaPT. Time taken: 3.744 seconds
Ran Boca-Leek. Time taken: 0.065 seconds
Ran Clfdr-EM. Time taken: 0.191 seconds
Ran AdaPT-xgboost. Time taken: 0.006 seconds
simulation run:16/90
Ran IHW-quantile. Time taken: 1.141 seconds
Ran IHW-forest. Time taken: 0.304 seconds
Ran BH. Time taken: 0.002 seconds
alpha = 0.1: FDPhat 0.0847, Number of Rej. 59
Task completed!
Ran AdaPT. Time taken: 4.342 seconds
Ran Boca-Leek. Time taken: 0.063 seconds
Ran Clfdr-EM. Time taken: 1.933 seconds
Ran AdaPT-xgboost. Time taken: 0.006 seconds
simulation run:17/90
Ran IHW-quantile. Time taken: 1.246 seconds
Ran IHW-forest. Time taken: 0.303 seconds
Ran BH. Time taken: 0.002 seconds
alpha = 0.1: FDPhat 0.0935, Number of Rej. 107
Task completed!
Ran AdaPT. Time taken: 3.039 seconds
Ran Boca-Leek. Time taken: 0.063 seconds
Ran Clfdr-EM. Time taken: 2.167 seconds
Ran AdaPT-xgboost. Time taken: 0.006 seconds
simulation run:18/90
Ran IHW-quantile. Time taken: 1.284 seconds
Ran IHW-forest. Time taken: 0.302 seconds
Ran BH. Time taken: 0.002 seconds
alpha = 0.1: FDPhat 0.092, Number of Rej. 87
Task completed!
Ran AdaPT. Time taken: 4.605 seconds
Ran Boca-Leek. Time taken: 0.063 seconds
Ran Clfdr-EM. Time taken: 0.564 seconds
Ran AdaPT-xgboost. Time taken: 0.005 seconds
simulation run:19/90
Ran IHW-quantile. Time taken: 6.501 seconds
Ran IHW-forest. Time taken: 0.302 seconds
Ran BH. Time taken: 0.002 seconds
Ran AdaPT. Time taken: 4.014 seconds
Ran Boca-Leek. Time taken: 0.065 seconds
Ran Clfdr-EM. Time taken: 0.021 seconds
Ran AdaPT-xgboost. Time taken: 0.005 seconds
simulation run:20/90
Ran IHW-quantile. Time taken: 2.966 seconds
Ran IHW-forest. Time taken: 0.305 seconds
Ran BH. Time taken: 0.002 seconds
alpha = 0.1: FDPhat 0.0938, Number of Rej. 32
Task completed!
Ran AdaPT. Time taken: 4.185 seconds
Ran Boca-Leek. Time taken: 0.064 seconds
Ran Clfdr-EM. Time taken: 2.27 seconds
Ran AdaPT-xgboost. Time taken: 0.006 seconds
simulation run:21/90
Ran IHW-quantile. Time taken: 3.017 seconds
Ran IHW-forest. Time taken: 0.296 seconds
Ran BH. Time taken: 0.003 seconds
alpha = 0.1: FDPhat 0.0816, Number of Rej. 49
Task completed!
Ran AdaPT. Time taken: 3.537 seconds
Ran Boca-Leek. Time taken: 0.066 seconds
Ran Clfdr-EM. Time taken: 0.268 seconds
Ran AdaPT-xgboost. Time taken: 0.007 seconds
simulation run:22/90
Ran IHW-quantile. Time taken: 1.173 seconds
Ran IHW-forest. Time taken: 0.298 seconds
Ran BH. Time taken: 0.003 seconds
alpha = 0.1: FDPhat 0.087, Number of Rej. 69
Task completed!
Ran AdaPT. Time taken: 3.97 seconds
Ran Boca-Leek. Time taken: 0.063 seconds
Ran Clfdr-EM. Time taken: 0.31 seconds
Ran AdaPT-xgboost. Time taken: 0.006 seconds
simulation run:23/90
Ran IHW-quantile. Time taken: 51.634 seconds
Ran IHW-forest. Time taken: 0.295 seconds
Ran BH. Time taken: 0.003 seconds
alpha = 0.1: FDPhat 0.0952, Number of Rej. 42
Task completed!
Ran AdaPT. Time taken: 4.198 seconds
Ran Boca-Leek. Time taken: 0.065 seconds
Ran Clfdr-EM. Time taken: 0.022 seconds
Ran AdaPT-xgboost. Time taken: 0.006 seconds
simulation run:24/90
Ran IHW-quantile. Time taken: 1.264 seconds
Ran IHW-forest. Time taken: 0.302 seconds
Ran BH. Time taken: 0.002 seconds
alpha = 0.1: FDPhat 0.0948, Number of Rej. 116
Task completed!
Ran AdaPT. Time taken: 2.901 seconds
Ran Boca-Leek. Time taken: 0.062 seconds
Ran Clfdr-EM. Time taken: 1.79 seconds
Ran AdaPT-xgboost. Time taken: 0.007 seconds
simulation run:25/90
Ran IHW-quantile. Time taken: 1.25 seconds
Ran IHW-forest. Time taken: 0.295 seconds
Ran BH. Time taken: 0.003 seconds
alpha = 0.1: FDPhat 0.0938, Number of Rej. 64
Task completed!
Ran AdaPT. Time taken: 3.321 seconds
Ran Boca-Leek. Time taken: 0.064 seconds
Ran Clfdr-EM. Time taken: 2.15 seconds
Ran AdaPT-xgboost. Time taken: 0.007 seconds
simulation run:26/90
Ran IHW-quantile. Time taken: 2.981 seconds
Ran IHW-forest. Time taken: 0.292 seconds
Ran BH. Time taken: 0.002 seconds
alpha = 0.1: FDPhat 0.0769, Number of Rej. 26
Task completed!
Ran AdaPT. Time taken: 4 seconds
Ran Boca-Leek. Time taken: 0.066 seconds
Ran Clfdr-EM. Time taken: 0.327 seconds
Ran AdaPT-xgboost. Time taken: 0.007 seconds
simulation run:27/90
Ran IHW-quantile. Time taken: 1.095 seconds
Ran IHW-forest. Time taken: 0.298 seconds
Ran BH. Time taken: 0.003 seconds
alpha = 0.1: FDPhat 0.1, Number of Rej. 20
Task completed!
Ran AdaPT. Time taken: 3.785 seconds
Ran Boca-Leek. Time taken: 0.061 seconds
Ran Clfdr-EM. Time taken: 1.821 seconds
Ran AdaPT-xgboost. Time taken: 0.007 seconds
simulation run:28/90
Ran IHW-quantile. Time taken: 1.118 seconds
Ran IHW-forest. Time taken: 0.29 seconds
Ran BH. Time taken: 0.003 seconds
alpha = 0.1: FDPhat 0.0952, Number of Rej. 21
Task completed!
Ran AdaPT. Time taken: 3.438 seconds
Ran Boca-Leek. Time taken: 0.063 seconds
Ran Clfdr-EM. Time taken: 0.019 seconds
Ran AdaPT-xgboost. Time taken: 0.005 seconds
simulation run:29/90
Ran IHW-quantile. Time taken: 1.098 seconds
Ran IHW-forest. Time taken: 0.296 seconds
Ran BH. Time taken: 0.002 seconds
alpha = 0.1: FDPhat 0.08, Number of Rej. 25
Task completed!
Ran AdaPT. Time taken: 3.457 seconds
Ran Boca-Leek. Time taken: 0.064 seconds
Ran Clfdr-EM. Time taken: 1.942 seconds
Ran AdaPT-xgboost. Time taken: 0.006 seconds
simulation run:30/90
Ran IHW-quantile. Time taken: 0.001 seconds
Ran IHW-forest. Time taken: 0.309 seconds
Ran BH. Time taken: 0.003 seconds
alpha = 0.1: FDPhat 0.0989, Number of Rej. 91
Task completed!
Ran AdaPT. Time taken: 4.621 seconds
Ran Boca-Leek. Time taken: 0.068 seconds
Ran Clfdr-EM. Time taken: 0.37 seconds
Ran AdaPT-xgboost. Time taken: 0.006 seconds
simulation run:31/90
Ran IHW-quantile. Time taken: 1.153 seconds
Ran IHW-forest. Time taken: 0.302 seconds
Ran BH. Time taken: 0.002 seconds
alpha = 0.1: FDPhat 0.0933, Number of Rej. 75
Task completed!
Ran AdaPT. Time taken: 3.003 seconds
Ran Boca-Leek. Time taken: 0.062 seconds
Ran Clfdr-EM. Time taken: 1.766 seconds
Ran AdaPT-xgboost. Time taken: 0.006 seconds
simulation run:32/90
Ran IHW-quantile. Time taken: 1.296 seconds
Ran IHW-forest. Time taken: 0.306 seconds
Ran BH. Time taken: 0.003 seconds
alpha = 0.1: FDPhat 0.1, Number of Rej. 120
Task completed!
Ran AdaPT. Time taken: 2.93 seconds
Ran Boca-Leek. Time taken: 0.063 seconds
Ran Clfdr-EM. Time taken: 1.771 seconds
Ran AdaPT-xgboost. Time taken: 0.006 seconds
simulation run:33/90
Ran IHW-quantile. Time taken: 1.044 seconds
Ran IHW-forest. Time taken: 0.29 seconds
Ran BH. Time taken: 0.002 seconds
Ran AdaPT. Time taken: 3.689 seconds
Ran Boca-Leek. Time taken: 0.062 seconds
Ran Clfdr-EM. Time taken: 0.008 seconds
Ran AdaPT-xgboost. Time taken: 0.006 seconds
simulation run:34/90
Ran IHW-quantile. Time taken: 1.253 seconds
Ran IHW-forest. Time taken: 0.3 seconds
Ran BH. Time taken: 0.003 seconds
alpha = 0.1: FDPhat 0.1, Number of Rej. 70
Task completed!
Ran AdaPT. Time taken: 3.72 seconds
Ran Boca-Leek. Time taken: 0.063 seconds
Ran Clfdr-EM. Time taken: 2.333 seconds
Ran AdaPT-xgboost. Time taken: 0.006 seconds
simulation run:35/90
Ran IHW-quantile. Time taken: 6.629 seconds
Ran IHW-forest. Time taken: 0.314 seconds
Ran BH. Time taken: 0.003 seconds
alpha = 0.1: FDPhat 0.0966, Number of Rej. 145
Task completed!
Ran AdaPT. Time taken: 3.962 seconds
Ran Boca-Leek. Time taken: 0.066 seconds
Ran Clfdr-EM. Time taken: 0.302 seconds
Ran AdaPT-xgboost. Time taken: 0.007 seconds
simulation run:36/90
Ran IHW-quantile. Time taken: 6.31 seconds
Ran IHW-forest. Time taken: 0.3 seconds
Ran BH. Time taken: 0.002 seconds
alpha = 0.1: FDPhat 0.0833, Number of Rej. 24
Task completed!
Ran AdaPT. Time taken: 3.817 seconds
Ran Boca-Leek. Time taken: 0.065 seconds
Ran Clfdr-EM. Time taken: 0.02 seconds
Ran AdaPT-xgboost. Time taken: 0.006 seconds
simulation run:37/90
Ran IHW-quantile. Time taken: 1.164 seconds
Ran IHW-forest. Time taken: 0.299 seconds
Ran BH. Time taken: 0.002 seconds
alpha = 0.1: FDPhat 0.0857, Number of Rej. 35
Task completed!
Ran AdaPT. Time taken: 3.805 seconds
Ran Boca-Leek. Time taken: 0.062 seconds
Ran Clfdr-EM. Time taken: 1.793 seconds
Ran AdaPT-xgboost. Time taken: 0.006 seconds
simulation run:38/90
Ran IHW-quantile. Time taken: 1.29 seconds
Ran IHW-forest. Time taken: 0.301 seconds
Ran BH. Time taken: 0.003 seconds
alpha = 0.1: FDPhat 0.1, Number of Rej. 120
Task completed!
Ran AdaPT. Time taken: 3.277 seconds
Ran Boca-Leek. Time taken: 0.062 seconds
Ran Clfdr-EM. Time taken: 1.775 seconds
Ran AdaPT-xgboost. Time taken: 0.007 seconds
simulation run:39/90
Ran IHW-quantile. Time taken: 6.144 seconds
Ran IHW-forest. Time taken: 0.295 seconds
Ran BH. Time taken: 0.004 seconds
Ran AdaPT. Time taken: 3.882 seconds
Ran Boca-Leek. Time taken: 0.065 seconds
Ran Clfdr-EM. Time taken: 0.193 seconds
Ran AdaPT-xgboost. Time taken: 0.005 seconds
simulation run:40/90
Ran IHW-quantile. Time taken: 2.752 seconds
Ran IHW-forest. Time taken: 0.289 seconds
Ran BH. Time taken: 0.003 seconds
alpha = 0.1: FDPhat 0.0952, Number of Rej. 21
Task completed!
Ran AdaPT. Time taken: 3.981 seconds
Ran Boca-Leek. Time taken: 0.065 seconds
Ran Clfdr-EM. Time taken: 0.395 seconds
Ran AdaPT-xgboost. Time taken: 0.006 seconds
simulation run:41/90
Ran IHW-quantile. Time taken: 2.969 seconds
Ran IHW-forest. Time taken: 0.297 seconds
Ran BH. Time taken: 0.003 seconds
alpha = 0.1: FDPhat 0.0976, Number of Rej. 82
Task completed!
Ran AdaPT. Time taken: 3.666 seconds
Ran Boca-Leek. Time taken: 0.064 seconds
Ran Clfdr-EM. Time taken: 1.867 seconds
Ran AdaPT-xgboost. Time taken: 0.007 seconds
simulation run:42/90
Ran IHW-quantile. Time taken: 5.96 seconds
Ran IHW-forest. Time taken: 0.307 seconds
Ran BH. Time taken: 0.003 seconds
alpha = 0.1: FDPhat 0.0962, Number of Rej. 52
Task completed!
Ran AdaPT. Time taken: 3.934 seconds
Ran Boca-Leek. Time taken: 0.066 seconds
Ran Clfdr-EM. Time taken: 1.966 seconds
Ran AdaPT-xgboost. Time taken: 0.006 seconds
simulation run:43/90
Ran IHW-quantile. Time taken: 1.14 seconds
Ran IHW-forest. Time taken: 0.301 seconds
Ran BH. Time taken: 0.002 seconds
alpha = 0.1: FDPhat 0.0889, Number of Rej. 45
Task completed!
Ran AdaPT. Time taken: 3.642 seconds
Ran Boca-Leek. Time taken: 0.063 seconds
Ran Clfdr-EM. Time taken: 0.019 seconds
Ran AdaPT-xgboost. Time taken: 0.006 seconds
simulation run:44/90
Ran IHW-quantile. Time taken: 1.188 seconds
Ran IHW-forest. Time taken: 0.3 seconds
Ran BH. Time taken: 0.003 seconds
alpha = 0.1: FDPhat 0.1, Number of Rej. 60
Task completed!
Ran AdaPT. Time taken: 3.59 seconds
Ran Boca-Leek. Time taken: 0.062 seconds
Ran Clfdr-EM. Time taken: 1.868 seconds
Ran AdaPT-xgboost. Time taken: 0.007 seconds
simulation run:45/90
Ran IHW-quantile. Time taken: 1.038 seconds
Ran IHW-forest. Time taken: 0.293 seconds
Ran BH. Time taken: 0.004 seconds
alpha = 0.1: FDPhat 0.0833, Number of Rej. 24
Task completed!
Ran AdaPT. Time taken: 0.691 seconds
Ran Boca-Leek. Time taken: 0.065 seconds
Ran Clfdr-EM. Time taken: 0.008 seconds
Ran AdaPT-xgboost. Time taken: 0.006 seconds
simulation run:46/90
Ran IHW-quantile. Time taken: 1.098 seconds
Ran IHW-forest. Time taken: 0.296 seconds
Ran BH. Time taken: 0.003 seconds
alpha = 0.1: FDPhat 0.0952, Number of Rej. 21
Task completed!
Ran AdaPT. Time taken: 3.855 seconds
Ran Boca-Leek. Time taken: 0.064 seconds
Ran Clfdr-EM. Time taken: 0.019 seconds
Ran AdaPT-xgboost. Time taken: 0.006 seconds
simulation run:47/90
Ran IHW-quantile. Time taken: 21.129 seconds
Ran IHW-forest. Time taken: 0.293 seconds
Ran BH. Time taken: 0.003 seconds
alpha = 0.1: FDPhat 0.0769, Number of Rej. 26
Task completed!
Ran AdaPT. Time taken: 4.409 seconds
Ran Boca-Leek. Time taken: 0.067 seconds
Ran Clfdr-EM. Time taken: 0.021 seconds
Ran AdaPT-xgboost. Time taken: 0.006 seconds
simulation run:48/90
Ran IHW-quantile. Time taken: 2.75 seconds
Ran IHW-forest. Time taken: 0.293 seconds
Ran BH. Time taken: 0.003 seconds
alpha = 0.1: FDPhat 0.0952, Number of Rej. 42
Task completed!
Ran AdaPT. Time taken: 3.971 seconds
Ran Boca-Leek. Time taken: 0.066 seconds
Ran Clfdr-EM. Time taken: 0.019 seconds
Ran AdaPT-xgboost. Time taken: 0.006 seconds
simulation run:49/90
Ran IHW-quantile. Time taken: 1.183 seconds
Ran IHW-forest. Time taken: 0.306 seconds
Ran BH. Time taken: 0.002 seconds
alpha = 0.1: FDPhat 0.1, Number of Rej. 70
Task completed!
Ran AdaPT. Time taken: 3.149 seconds
Ran Boca-Leek. Time taken: 0.063 seconds
Ran Clfdr-EM. Time taken: 0.104 seconds
Ran AdaPT-xgboost. Time taken: 0.006 seconds
simulation run:50/90
Ran IHW-quantile. Time taken: 1.044 seconds
Ran IHW-forest. Time taken: 0.294 seconds
Ran BH. Time taken: 0.002 seconds
alpha = 0.1: FDPhat 0.0968, Number of Rej. 31
Task completed!
Ran AdaPT. Time taken: 3.994 seconds
Ran Boca-Leek. Time taken: 0.066 seconds
Ran Clfdr-EM. Time taken: 0.008 seconds
Ran AdaPT-xgboost. Time taken: 0.005 seconds
simulation run:51/90
Ran IHW-quantile. Time taken: 1.235 seconds
Ran IHW-forest. Time taken: 0.302 seconds
Ran BH. Time taken: 0.003 seconds
alpha = 0.1: FDPhat 0.0992, Number of Rej. 121
Task completed!
Ran AdaPT. Time taken: 2.745 seconds
Ran Boca-Leek. Time taken: 0.063 seconds
Ran Clfdr-EM. Time taken: 1.791 seconds
Ran AdaPT-xgboost. Time taken: 0.007 seconds
simulation run:52/90
Ran IHW-quantile. Time taken: 1.114 seconds
Ran IHW-forest. Time taken: 0.302 seconds
Ran BH. Time taken: 0.003 seconds
alpha = 0.1: FDPhat 0.0909, Number of Rej. 88
Task completed!
Ran AdaPT. Time taken: 3.096 seconds
Ran Boca-Leek. Time taken: 0.064 seconds
Ran Clfdr-EM. Time taken: 1.796 seconds
Ran AdaPT-xgboost. Time taken: 0.007 seconds
simulation run:53/90
Ran IHW-quantile. Time taken: 1.059 seconds
Ran IHW-forest. Time taken: 0.298 seconds
Ran BH. Time taken: 0.002 seconds
Ran AdaPT. Time taken: 3.828 seconds
Ran Boca-Leek. Time taken: 0.062 seconds
Ran Clfdr-EM. Time taken: 0.018 seconds
Ran AdaPT-xgboost. Time taken: 0.005 seconds
simulation run:54/90
Ran IHW-quantile. Time taken: 6.634 seconds
Ran IHW-forest. Time taken: 0.294 seconds
Ran BH. Time taken: 0.003 seconds
alpha = 0.1: FDPhat 0.0714, Number of Rej. 28
Task completed!
Ran AdaPT. Time taken: 3.853 seconds
Ran Boca-Leek. Time taken: 0.071 seconds
Ran Clfdr-EM. Time taken: 0.891 seconds
Ran AdaPT-xgboost. Time taken: 0.006 seconds
simulation run:55/90
Ran IHW-quantile. Time taken: 1.008 seconds
Ran IHW-forest. Time taken: 0.288 seconds
Ran BH. Time taken: 0.003 seconds
Ran AdaPT. Time taken: 3.193 seconds
Ran Boca-Leek. Time taken: 0.065 seconds
Ran Clfdr-EM. Time taken: 0.019 seconds
Ran AdaPT-xgboost. Time taken: 0.006 seconds
simulation run:56/90
Ran IHW-quantile. Time taken: 1.249 seconds
Ran IHW-forest. Time taken: 0.306 seconds
Ran BH. Time taken: 0.003 seconds
alpha = 0.1: FDPhat 0.0943, Number of Rej. 106
Task completed!
Ran AdaPT. Time taken: 2.918 seconds
Ran Boca-Leek. Time taken: 0.064 seconds
Ran Clfdr-EM. Time taken: 1.79 seconds
Ran AdaPT-xgboost. Time taken: 0.007 seconds
simulation run:57/90
Ran IHW-quantile. Time taken: 21.752 seconds
Ran IHW-forest. Time taken: 0.299 seconds
Ran BH. Time taken: 0.002 seconds
Ran AdaPT. Time taken: 4.036 seconds
Ran Boca-Leek. Time taken: 0.069 seconds
Ran Clfdr-EM. Time taken: 0.27 seconds
Ran AdaPT-xgboost. Time taken: 0.007 seconds
simulation run:58/90
Ran IHW-quantile. Time taken: 6.447 seconds
Ran IHW-forest. Time taken: 0.315 seconds
Ran BH. Time taken: 0.003 seconds
alpha = 0.1: FDPhat 0.0962, Number of Rej. 104
Task completed!
Ran AdaPT. Time taken: 3.857 seconds
Ran Boca-Leek. Time taken: 0.067 seconds
Ran Clfdr-EM. Time taken: 0.155 seconds
Ran AdaPT-xgboost. Time taken: 0.007 seconds
simulation run:59/90
Ran IHW-quantile. Time taken: 1.075 seconds
Ran IHW-forest. Time taken: 0.297 seconds
Ran BH. Time taken: 0.003 seconds
alpha = 0.1: FDPhat 0.0952, Number of Rej. 21
Task completed!
Ran AdaPT. Time taken: 4.662 seconds
Ran Boca-Leek. Time taken: 0.064 seconds
Ran Clfdr-EM. Time taken: 0.019 seconds
Ran AdaPT-xgboost. Time taken: 0.006 seconds
simulation run:60/90
Ran IHW-quantile. Time taken: 3.006 seconds
Ran IHW-forest. Time taken: 0.297 seconds
Ran BH. Time taken: 0.003 seconds
alpha = 0.1: FDPhat 0.0938, Number of Rej. 96
Task completed!
Ran AdaPT. Time taken: 3.126 seconds
Ran Boca-Leek. Time taken: 0.066 seconds
Ran Clfdr-EM. Time taken: 1.96 seconds
Ran AdaPT-xgboost. Time taken: 0.007 seconds
simulation run:61/90
Ran IHW-quantile. Time taken: 6.507 seconds
Ran IHW-forest. Time taken: 0.303 seconds
Ran BH. Time taken: 0.004 seconds
alpha = 0.1: FDPhat 0.0938, Number of Rej. 96
Task completed!
Ran AdaPT. Time taken: 3.408 seconds
Ran Boca-Leek. Time taken: 0.069 seconds
Ran Clfdr-EM. Time taken: 0.296 seconds
Ran AdaPT-xgboost. Time taken: 0.007 seconds
simulation run:62/90
Ran IHW-quantile. Time taken: 1.158 seconds
Ran IHW-forest. Time taken: 0.298 seconds
Ran BH. Time taken: 0.004 seconds
alpha = 0.1: FDPhat 0.0962, Number of Rej. 52
Task completed!
Ran AdaPT. Time taken: 3.808 seconds
Ran Boca-Leek. Time taken: 0.063 seconds
Ran Clfdr-EM. Time taken: 1.813 seconds
Ran AdaPT-xgboost. Time taken: 0.007 seconds
simulation run:63/90
Ran IHW-quantile. Time taken: 1.11 seconds
Ran IHW-forest. Time taken: 0.298 seconds
Ran BH. Time taken: 0.003 seconds
Ran AdaPT. Time taken: 3.472 seconds
Ran Boca-Leek. Time taken: 0.064 seconds
Ran Clfdr-EM. Time taken: 0.019 seconds
Ran AdaPT-xgboost. Time taken: 0.006 seconds
simulation run:64/90
Ran IHW-quantile. Time taken: 1.282 seconds
Ran IHW-forest. Time taken: 0.308 seconds
Ran BH. Time taken: 0.003 seconds
alpha = 0.1: FDPhat 0.0948, Number of Rej. 116
Task completed!
Ran AdaPT. Time taken: 3.362 seconds
Ran Boca-Leek. Time taken: 0.063 seconds
Ran Clfdr-EM. Time taken: 0.402 seconds
Ran AdaPT-xgboost. Time taken: 0.005 seconds
simulation run:65/90
Ran IHW-quantile. Time taken: 1.11 seconds
Ran IHW-forest. Time taken: 0.291 seconds
Ran BH. Time taken: 0.003 seconds
alpha = 0.1: FDPhat 0.0857, Number of Rej. 35
Task completed!
Ran AdaPT. Time taken: 3.864 seconds
Ran Boca-Leek. Time taken: 0.065 seconds
Ran Clfdr-EM. Time taken: 0.945 seconds
Ran AdaPT-xgboost. Time taken: 0.006 seconds
simulation run:66/90
Ran IHW-quantile. Time taken: 2.86 seconds
Ran IHW-forest. Time taken: 0.298 seconds
Ran BH. Time taken: 0.004 seconds
alpha = 0.1: FDPhat 0.087, Number of Rej. 69
Task completed!
Ran AdaPT. Time taken: 3.471 seconds
Ran Boca-Leek. Time taken: 0.066 seconds
Ran Clfdr-EM. Time taken: 0.426 seconds
Ran AdaPT-xgboost. Time taken: 0.006 seconds
simulation run:67/90
Ran IHW-quantile. Time taken: 48.823 seconds
Ran IHW-forest. Time taken: 0.294 seconds
Ran BH. Time taken: 0.003 seconds
alpha = 0.1: FDPhat 0.0909, Number of Rej. 11
Task completed!
Ran AdaPT. Time taken: 5.019 seconds
Ran Boca-Leek. Time taken: 0.066 seconds
Ran Clfdr-EM. Time taken: 0.021 seconds
Ran AdaPT-xgboost. Time taken: 0.006 seconds
simulation run:68/90
Ran IHW-quantile. Time taken: 21.261 seconds
Ran IHW-forest. Time taken: 0.303 seconds
Ran BH. Time taken: 0.003 seconds
Ran AdaPT. Time taken: 5.504 seconds
Ran Boca-Leek. Time taken: 0.067 seconds
Ran Clfdr-EM. Time taken: 0.009 seconds
Ran AdaPT-xgboost. Time taken: 0.005 seconds
simulation run:69/90
Ran IHW-quantile. Time taken: 5.53 seconds
Ran IHW-forest. Time taken: 0.307 seconds
Ran BH. Time taken: 0.003 seconds
alpha = 0.1: FDPhat 0.1, Number of Rej. 60
Task completed!
Ran AdaPT. Time taken: 3.703 seconds
Ran Boca-Leek. Time taken: 0.067 seconds
Ran Clfdr-EM. Time taken: 0.082 seconds
Ran AdaPT-xgboost. Time taken: 0.006 seconds
simulation run:70/90
Ran IHW-quantile. Time taken: 1.079 seconds
Ran IHW-forest. Time taken: 0.298 seconds
Ran BH. Time taken: 0.003 seconds
alpha = 0.1: FDPhat 0.0588, Number of Rej. 17
Task completed!
Ran AdaPT. Time taken: 3.874 seconds
Ran Boca-Leek. Time taken: 0.063 seconds
Ran Clfdr-EM. Time taken: 1.777 seconds
Ran AdaPT-xgboost. Time taken: 0.007 seconds
simulation run:71/90
Ran IHW-quantile. Time taken: 34.939 seconds
Ran IHW-forest. Time taken: 0.294 seconds
Ran BH. Time taken: 0.003 seconds
alpha = 0.1: FDPhat 0.0714, Number of Rej. 14
Task completed!
Ran AdaPT. Time taken: 4.482 seconds
Ran Boca-Leek. Time taken: 0.068 seconds
Ran Clfdr-EM. Time taken: 0.253 seconds
Ran AdaPT-xgboost. Time taken: 0.007 seconds
simulation run:72/90
Ran IHW-quantile. Time taken: 5.671 seconds
Ran IHW-forest. Time taken: 0.3 seconds
Ran BH. Time taken: 0.004 seconds
alpha = 0.1: FDPhat 0.0962, Number of Rej. 104
Task completed!
Ran AdaPT. Time taken: 3.553 seconds
Ran Boca-Leek. Time taken: 0.064 seconds
Ran Clfdr-EM. Time taken: 0.657 seconds
Ran AdaPT-xgboost. Time taken: 0.006 seconds
simulation run:73/90
Ran IHW-quantile. Time taken: 1.199 seconds
Ran IHW-forest. Time taken: 0.294 seconds
Ran BH. Time taken: 0.003 seconds
alpha = 0.1: FDPhat 0.0882, Number of Rej. 68
Task completed!
Ran AdaPT. Time taken: 3.081 seconds
Ran Boca-Leek. Time taken: 0.064 seconds
Ran Clfdr-EM. Time taken: 1.742 seconds
Ran AdaPT-xgboost. Time taken: 0.007 seconds
simulation run:74/90
Ran IHW-quantile. Time taken: 1.162 seconds
Ran IHW-forest. Time taken: 0.3 seconds
Ran BH. Time taken: 0.003 seconds
alpha = 0.1: FDPhat 0.0986, Number of Rej. 71
Task completed!
Ran AdaPT. Time taken: 3.457 seconds
Ran Boca-Leek. Time taken: 0.065 seconds
Ran Clfdr-EM. Time taken: 1.788 seconds
Ran AdaPT-xgboost. Time taken: 0.007 seconds
simulation run:75/90
Ran IHW-quantile. Time taken: 1.287 seconds
Ran IHW-forest. Time taken: 0.296 seconds
Ran BH. Time taken: 0.003 seconds
alpha = 0.1: FDPhat 0.0976, Number of Rej. 82
Task completed!
Ran AdaPT. Time taken: 3.562 seconds
Ran Boca-Leek. Time taken: 0.062 seconds
Ran Clfdr-EM. Time taken: 2.211 seconds
Ran AdaPT-xgboost. Time taken: 0.007 seconds
simulation run:76/90
Ran IHW-quantile. Time taken: 6.589 seconds
Ran IHW-forest. Time taken: 0.305 seconds
Ran BH. Time taken: 0.003 seconds
alpha = 0.1: FDPhat 0.0971, Number of Rej. 103
Task completed!
Ran AdaPT. Time taken: 3.209 seconds
Ran Boca-Leek. Time taken: 0.066 seconds
Ran Clfdr-EM. Time taken: 2.024 seconds
Ran AdaPT-xgboost. Time taken: 0.007 seconds
simulation run:77/90
Ran IHW-quantile. Time taken: 1.174 seconds
Ran IHW-forest. Time taken: 0.302 seconds
Ran BH. Time taken: 0.003 seconds
alpha = 0.1: FDPhat 0.0986, Number of Rej. 71
Task completed!
Ran AdaPT. Time taken: 3.432 seconds
Ran Boca-Leek. Time taken: 0.063 seconds
Ran Clfdr-EM. Time taken: 1.805 seconds
Ran AdaPT-xgboost. Time taken: 0.006 seconds
simulation run:78/90
Ran IHW-quantile. Time taken: 2.618 seconds
Ran IHW-forest. Time taken: 0.293 seconds
Ran BH. Time taken: 0.002 seconds
Ran AdaPT. Time taken: 4.858 seconds
Ran Boca-Leek. Time taken: 0.065 seconds
Ran Clfdr-EM. Time taken: 0.02 seconds
Ran AdaPT-xgboost. Time taken: 0.006 seconds
simulation run:79/90
Ran IHW-quantile. Time taken: 2.892 seconds
Ran IHW-forest. Time taken: 0.292 seconds
Ran BH. Time taken: 0.002 seconds
alpha = 0.1: FDPhat 0.0833, Number of Rej. 12
Task completed!
Ran AdaPT. Time taken: 3.613 seconds
Ran Boca-Leek. Time taken: 0.065 seconds
Ran Clfdr-EM. Time taken: 0.019 seconds
Ran AdaPT-xgboost. Time taken: 0.006 seconds
simulation run:80/90
Ran IHW-quantile. Time taken: 6.467 seconds
Ran IHW-forest. Time taken: 0.299 seconds
Ran BH. Time taken: 0.004 seconds
alpha = 0.1: FDPhat 0.0977, Number of Rej. 133
Task completed!
Ran AdaPT. Time taken: 3.81 seconds
Ran Boca-Leek. Time taken: 0.066 seconds
Ran Clfdr-EM. Time taken: 0.31 seconds
Ran AdaPT-xgboost. Time taken: 0.007 seconds
simulation run:81/90
Ran IHW-quantile. Time taken: 1.29 seconds
Ran IHW-forest. Time taken: 0.299 seconds
Ran BH. Time taken: 0.003 seconds
alpha = 0.1: FDPhat 0.0909, Number of Rej. 88
Task completed!
Ran AdaPT. Time taken: 3.217 seconds
Ran Boca-Leek. Time taken: 0.062 seconds
Ran Clfdr-EM. Time taken: 1.789 seconds
Ran AdaPT-xgboost. Time taken: 0.006 seconds
simulation run:82/90
Ran IHW-quantile. Time taken: 6.703 seconds
Ran IHW-forest. Time taken: 0.307 seconds
Ran BH. Time taken: 0.003 seconds
alpha = 0.1: FDPhat 0.0938, Number of Rej. 96
Task completed!
Ran AdaPT. Time taken: 4.007 seconds
Ran Boca-Leek. Time taken: 0.066 seconds
Ran Clfdr-EM. Time taken: 0.497 seconds
Ran AdaPT-xgboost. Time taken: 0.006 seconds
simulation run:83/90
Ran IHW-quantile. Time taken: 1.242 seconds
Ran IHW-forest. Time taken: 0.303 seconds
Ran BH. Time taken: 0.004 seconds
alpha = 0.1: FDPhat 0.0973, Number of Rej. 113
Task completed!
Ran AdaPT. Time taken: 3.437 seconds
Ran Boca-Leek. Time taken: 0.061 seconds
Ran Clfdr-EM. Time taken: 0.131 seconds
Ran AdaPT-xgboost. Time taken: 0.007 seconds
simulation run:84/90
Ran IHW-quantile. Time taken: 1.106 seconds
Ran IHW-forest. Time taken: 0.287 seconds
Ran BH. Time taken: 0.004 seconds
Ran AdaPT. Time taken: 3.481 seconds
Ran Boca-Leek. Time taken: 0.063 seconds
Ran Clfdr-EM. Time taken: 1.797 seconds
Ran AdaPT-xgboost. Time taken: 0.007 seconds
simulation run:85/90
Ran IHW-quantile. Time taken: 0.001 seconds
Ran IHW-forest. Time taken: 0.304 seconds
Ran BH. Time taken: 0.003 seconds
Ran AdaPT. Time taken: 4.38 seconds
Ran Boca-Leek. Time taken: 0.068 seconds
Ran Clfdr-EM. Time taken: 0.023 seconds
Ran AdaPT-xgboost. Time taken: 0.007 seconds
simulation run:86/90
Ran IHW-quantile. Time taken: 1.098 seconds
Ran IHW-forest. Time taken: 0.306 seconds
Ran BH. Time taken: 0.003 seconds
alpha = 0.1: FDPhat 0.0976, Number of Rej. 82
Task completed!
Ran AdaPT. Time taken: 3.096 seconds
Ran Boca-Leek. Time taken: 0.062 seconds
Ran Clfdr-EM. Time taken: 0.018 seconds
Ran AdaPT-xgboost. Time taken: 0.006 seconds
simulation run:87/90
Ran IHW-quantile. Time taken: 50.695 seconds
Ran IHW-forest. Time taken: 0.297 seconds
Ran BH. Time taken: 0.003 seconds
alpha = 0.1: FDPhat 0.0833, Number of Rej. 36
Task completed!
Ran AdaPT. Time taken: 4.384 seconds
Ran Boca-Leek. Time taken: 0.068 seconds
Ran Clfdr-EM. Time taken: 0.022 seconds
Ran AdaPT-xgboost. Time taken: 0.006 seconds
simulation run:88/90
Ran IHW-quantile. Time taken: 1.108 seconds
Ran IHW-forest. Time taken: 0.299 seconds
Ran BH. Time taken: 0.004 seconds
alpha = 0.1: FDPhat 0.0769, Number of Rej. 13
Task completed!
Ran AdaPT. Time taken: 3.793 seconds
Ran Boca-Leek. Time taken: 0.065 seconds
Ran Clfdr-EM. Time taken: 0.019 seconds
Ran AdaPT-xgboost. Time taken: 0.006 seconds
simulation run:89/90
Ran IHW-quantile. Time taken: 5.516 seconds
Ran IHW-forest. Time taken: 0.307 seconds
Ran BH. Time taken: 0.002 seconds
alpha = 0.1: FDPhat 0.0984, Number of Rej. 61
Task completed!
Ran AdaPT. Time taken: 3.635 seconds
Ran Boca-Leek. Time taken: 0.067 seconds
Ran Clfdr-EM. Time taken: 0.021 seconds
Ran AdaPT-xgboost. Time taken: 0.006 seconds
simulation run:90/90
Ran IHW-quantile. Time taken: 33.336 seconds
Ran IHW-forest. Time taken: 0.298 seconds
Ran BH. Time taken: 0.004 seconds
alpha = 0.1: FDPhat 0.0909, Number of Rej. 44
Task completed!
Ran AdaPT. Time taken: 4.217 seconds
Ran Boca-Leek. Time taken: 0.067 seconds
Ran Clfdr-EM. Time taken: 1.23 seconds
Ran AdaPT-xgboost. Time taken: 0.008 seconds
[1] "\n"
