- One or more packages recorded in the lockfile are not installed.
- Use `renv::status()` for more details.

##------ Sat Aug 19 01:35:04 2023 ------##
##------ Sat Aug 19 01:35:04 2023 ------## 

simulation run:1/90
Ran IHW-quantile. Time taken: 6.333 seconds
Ran IHW-forest. Time taken: 0.386 seconds
Ran BH. Time taken: 0.002 seconds
alpha = 0.1: FDPhat 0.0972, Number of Rej. 72
Task completed!
Ran AdaPT. Time taken: 4.493 seconds
Ran Boca-Leek. Time taken: 0.064 seconds
Ran Clfdr-EM. Time taken: 0.483 seconds
Ran AdaPT-xgboost. Time taken: 2.237 seconds
simulation run:2/90
Ran IHW-quantile. Time taken: 29.141 seconds
Ran IHW-forest. Time taken: 0.312 seconds
Ran BH. Time taken: 0.002 seconds
alpha = 0.1: FDPhat 0.0992, Number of Rej. 121
Task completed!
Ran AdaPT. Time taken: 4.638 seconds
Ran Boca-Leek. Time taken: 0.082 seconds
Ran Clfdr-EM. Time taken: 0.186 seconds
Ran AdaPT-xgboost. Time taken: 0.006 seconds
simulation run:3/90
Ran IHW-quantile. Time taken: 1.242 seconds
Ran IHW-forest. Time taken: 0.301 seconds
Ran BH. Time taken: 0.002 seconds
alpha = 0.1: FDPhat 0.092, Number of Rej. 87
Task completed!
Ran AdaPT. Time taken: 4.082 seconds
Ran Boca-Leek. Time taken: 0.063 seconds
Ran Clfdr-EM. Time taken: 1.831 seconds
Ran AdaPT-xgboost. Time taken: 0.006 seconds
simulation run:4/90
Ran IHW-quantile. Time taken: 44.748 seconds
Ran IHW-forest. Time taken: 0.285 seconds
Ran BH. Time taken: 0.003 seconds
Ran AdaPT. Time taken: 6.608 seconds
Ran Boca-Leek. Time taken: 0.067 seconds
Ran Clfdr-EM. Time taken: 0.022 seconds
Ran AdaPT-xgboost. Time taken: 0.006 seconds
simulation run:5/90
Ran IHW-quantile. Time taken: 2.88 seconds
Ran IHW-forest. Time taken: 0.305 seconds
Ran BH. Time taken: 0.002 seconds
alpha = 0.1: FDPhat 0.0957, Number of Rej. 94
Task completed!
Ran AdaPT. Time taken: 3.433 seconds
Ran Boca-Leek. Time taken: 0.064 seconds
Ran Clfdr-EM. Time taken: 0.509 seconds
Ran AdaPT-xgboost. Time taken: 0.006 seconds
simulation run:6/90
Ran IHW-quantile. Time taken: 1.211 seconds
Ran IHW-forest. Time taken: 0.301 seconds
Ran BH. Time taken: 0.002 seconds
alpha = 0.1: FDPhat 0.0968, Number of Rej. 124
Task completed!
Ran AdaPT. Time taken: 2.849 seconds
Ran Boca-Leek. Time taken: 0.062 seconds
Ran Clfdr-EM. Time taken: 1.818 seconds
Ran AdaPT-xgboost. Time taken: 0.007 seconds
simulation run:7/90
Ran IHW-quantile. Time taken: 1.107 seconds
Ran IHW-forest. Time taken: 0.298 seconds
Ran BH. Time taken: 0.002 seconds
alpha = 0.1: FDPhat 0.1, Number of Rej. 70
Task completed!
Ran AdaPT. Time taken: 3.676 seconds
Ran Boca-Leek. Time taken: 0.062 seconds
Ran Clfdr-EM. Time taken: 0.019 seconds
Ran AdaPT-xgboost. Time taken: 0.006 seconds
simulation run:8/90
Ran IHW-quantile. Time taken: 6.666 seconds
Ran IHW-forest. Time taken: 0.305 seconds
Ran BH. Time taken: 0.002 seconds
Ran AdaPT. Time taken: 4.099 seconds
Ran Boca-Leek. Time taken: 0.066 seconds
Ran Clfdr-EM. Time taken: 0.021 seconds
Ran AdaPT-xgboost. Time taken: 0.006 seconds
simulation run:9/90
Ran IHW-quantile. Time taken: 1.228 seconds
Ran IHW-forest. Time taken: 0.297 seconds
Ran BH. Time taken: 0.003 seconds
alpha = 0.1: FDPhat 0.0909, Number of Rej. 33
Task completed!
Ran AdaPT. Time taken: 3.799 seconds
Ran Boca-Leek. Time taken: 0.063 seconds
Ran Clfdr-EM. Time taken: 1.824 seconds
Ran AdaPT-xgboost. Time taken: 0.007 seconds
simulation run:10/90
Ran IHW-quantile. Time taken: 0.001 seconds
Ran IHW-forest. Time taken: 0.302 seconds
Ran BH. Time taken: 0.002 seconds
alpha = 0.1: FDPhat 0.1, Number of Rej. 40
Task completed!
Ran AdaPT. Time taken: 5.262 seconds
Ran Boca-Leek. Time taken: 0.068 seconds
Ran Clfdr-EM. Time taken: 0.023 seconds
Ran AdaPT-xgboost. Time taken: 0.006 seconds
simulation run:11/90
Ran IHW-quantile. Time taken: 6.645 seconds
Ran IHW-forest. Time taken: 0.3 seconds
Ran BH. Time taken: 0.002 seconds
alpha = 0.1: FDPhat 0.0811, Number of Rej. 37
Task completed!
Ran AdaPT. Time taken: 4.062 seconds
Ran Boca-Leek. Time taken: 0.068 seconds
Ran Clfdr-EM. Time taken: 0.022 seconds
Ran AdaPT-xgboost. Time taken: 0.073 seconds
simulation run:12/90
Ran IHW-quantile. Time taken: 1.222 seconds
Ran IHW-forest. Time taken: 0.298 seconds
Ran BH. Time taken: 0.002 seconds
alpha = 0.1: FDPhat 0.0938, Number of Rej. 64
Task completed!
Ran AdaPT. Time taken: 3.451 seconds
Ran Boca-Leek. Time taken: 0.06 seconds
Ran Clfdr-EM. Time taken: 2.347 seconds
Ran AdaPT-xgboost. Time taken: 0.006 seconds
simulation run:13/90
Ran IHW-quantile. Time taken: 1.037 seconds
Ran IHW-forest. Time taken: 0.286 seconds
Ran BH. Time taken: 0.003 seconds
Ran AdaPT. Time taken: 3.44 seconds
Ran Boca-Leek. Time taken: 0.061 seconds
Ran Clfdr-EM. Time taken: 0.019 seconds
Ran AdaPT-xgboost. Time taken: 0.007 seconds
simulation run:14/90
Ran IHW-quantile. Time taken: 1.217 seconds
Ran IHW-forest. Time taken: 0.3 seconds
Ran BH. Time taken: 0.003 seconds
alpha = 0.1: FDPhat 0.0957, Number of Rej. 115
Task completed!
Ran AdaPT. Time taken: 3.859 seconds
Ran Boca-Leek. Time taken: 0.063 seconds
Ran Clfdr-EM. Time taken: 1.856 seconds
Ran AdaPT-xgboost. Time taken: 0.007 seconds
simulation run:15/90
Ran IHW-quantile. Time taken: 6.671 seconds
Ran IHW-forest. Time taken: 0.312 seconds
Ran BH. Time taken: 0.002 seconds
alpha = 0.1: FDPhat 0.0942, Number of Rej. 138
Task completed!
Ran AdaPT. Time taken: 3.897 seconds
Ran Boca-Leek. Time taken: 0.065 seconds
Ran Clfdr-EM. Time taken: 0.01 seconds
Ran AdaPT-xgboost. Time taken: 0.006 seconds
simulation run:16/90
Ran IHW-quantile. Time taken: 67.252 seconds
Ran IHW-forest. Time taken: 0.304 seconds
Ran BH. Time taken: 0.002 seconds
alpha = 0.1: FDPhat 0.0947, Number of Rej. 95
Task completed!
Ran AdaPT. Time taken: 4.807 seconds
Ran Boca-Leek. Time taken: 0.068 seconds
Ran Clfdr-EM. Time taken: 0.309 seconds
Ran AdaPT-xgboost. Time taken: 0.007 seconds
simulation run:17/90
Ran IHW-quantile. Time taken: 40.55 seconds
Ran IHW-forest. Time taken: 0.311 seconds
Ran BH. Time taken: 0.003 seconds
alpha = 0.1: FDPhat 0.0985, Number of Rej. 132
Task completed!
Ran AdaPT. Time taken: 4.595 seconds
Ran Boca-Leek. Time taken: 0.066 seconds
Ran Clfdr-EM. Time taken: 0.231 seconds
Ran AdaPT-xgboost. Time taken: 0.007 seconds
simulation run:18/90
Ran IHW-quantile. Time taken: 0.001 seconds
Ran IHW-forest. Time taken: 0.305 seconds
Ran BH. Time taken: 0.002 seconds
alpha = 0.1: FDPhat 0.0909, Number of Rej. 22
Task completed!
Ran AdaPT. Time taken: 4.344 seconds
Ran Boca-Leek. Time taken: 0.069 seconds
Ran Clfdr-EM. Time taken: 0.01 seconds
Ran AdaPT-xgboost. Time taken: 0.006 seconds
simulation run:19/90
Ran IHW-quantile. Time taken: 1.188 seconds
Ran IHW-forest. Time taken: 0.297 seconds
Ran BH. Time taken: 0.003 seconds
alpha = 0.1: FDPhat 0.0862, Number of Rej. 58
Task completed!
Ran AdaPT. Time taken: 3.309 seconds
Ran Boca-Leek. Time taken: 0.063 seconds
Ran Clfdr-EM. Time taken: 1.836 seconds
Ran AdaPT-xgboost. Time taken: 0.006 seconds
simulation run:20/90
Ran IHW-quantile. Time taken: 1.293 seconds
Ran IHW-forest. Time taken: 0.306 seconds
Ran BH. Time taken: 0.002 seconds
alpha = 0.1: FDPhat 0.0897, Number of Rej. 78
Task completed!
Ran AdaPT. Time taken: 3.626 seconds
Ran Boca-Leek. Time taken: 0.064 seconds
Ran Clfdr-EM. Time taken: 2.224 seconds
Ran AdaPT-xgboost. Time taken: 0.006 seconds
simulation run:21/90
Ran IHW-quantile. Time taken: 1.247 seconds
Ran IHW-forest. Time taken: 0.312 seconds
Ran BH. Time taken: 0.002 seconds
alpha = 0.1: FDPhat 0.0946, Number of Rej. 74
Task completed!
Ran AdaPT. Time taken: 3.607 seconds
Ran Boca-Leek. Time taken: 0.065 seconds
Ran Clfdr-EM. Time taken: 2.735 seconds
Ran AdaPT-xgboost. Time taken: 0.007 seconds
simulation run:22/90
Ran IHW-quantile. Time taken: 50.237 seconds
Ran IHW-forest. Time taken: 0.307 seconds
Ran BH. Time taken: 0.002 seconds
alpha = 0.1: FDPhat 0.0893, Number of Rej. 56
Task completed!
Ran AdaPT. Time taken: 4.007 seconds
Ran Boca-Leek. Time taken: 0.068 seconds
Ran Clfdr-EM. Time taken: 0.712 seconds
Ran AdaPT-xgboost. Time taken: 0.007 seconds
simulation run:23/90
Ran IHW-quantile. Time taken: 2.929 seconds
Ran IHW-forest. Time taken: 0.302 seconds
Ran BH. Time taken: 0.004 seconds
alpha = 0.1: FDPhat 0.0973, Number of Rej. 113
Task completed!
Ran AdaPT. Time taken: 3.574 seconds
Ran Boca-Leek. Time taken: 0.065 seconds
Ran Clfdr-EM. Time taken: 0.193 seconds
Ran AdaPT-xgboost. Time taken: 0.006 seconds
simulation run:24/90
Ran IHW-quantile. Time taken: 1.175 seconds
Ran IHW-forest. Time taken: 0.299 seconds
Ran BH. Time taken: 0.003 seconds
alpha = 0.1: FDPhat 0.0909, Number of Rej. 33
Task completed!
Ran AdaPT. Time taken: 3.789 seconds
Ran Boca-Leek. Time taken: 0.064 seconds
Ran Clfdr-EM. Time taken: 1.806 seconds
Ran AdaPT-xgboost. Time taken: 0.007 seconds
simulation run:25/90
Ran IHW-quantile. Time taken: 2.807 seconds
Ran IHW-forest. Time taken: 0.304 seconds
Ran BH. Time taken: 0.003 seconds
alpha = 0.1: FDPhat 0.1, Number of Rej. 60
Task completed!
Ran AdaPT. Time taken: 3.312 seconds
Ran Boca-Leek. Time taken: 0.065 seconds
Ran Clfdr-EM. Time taken: 1.928 seconds
Ran AdaPT-xgboost. Time taken: 0.007 seconds
simulation run:26/90
Ran IHW-quantile. Time taken: 1.06 seconds
Ran IHW-forest. Time taken: 0.295 seconds
Ran BH. Time taken: 0.002 seconds
alpha = 0.1: FDPhat 0.1, Number of Rej. 30
Task completed!
Ran AdaPT. Time taken: 4.535 seconds
Ran Boca-Leek. Time taken: 0.063 seconds
Ran Clfdr-EM. Time taken: 1.77 seconds
Ran AdaPT-xgboost. Time taken: 0.006 seconds
simulation run:27/90
Ran IHW-quantile. Time taken: 41.152 seconds
Ran IHW-forest. Time taken: 0.313 seconds
Ran BH. Time taken: 0.004 seconds
alpha = 0.1: FDPhat 0.0965, Number of Rej. 114
Task completed!
Ran AdaPT. Time taken: 3.952 seconds
Ran Boca-Leek. Time taken: 0.067 seconds
Ran Clfdr-EM. Time taken: 2.182 seconds
Ran AdaPT-xgboost. Time taken: 0.007 seconds
simulation run:28/90
Ran IHW-quantile. Time taken: 1.196 seconds
Ran IHW-forest. Time taken: 0.301 seconds
Ran BH. Time taken: 0.004 seconds
alpha = 0.1: FDPhat 0.0952, Number of Rej. 63
Task completed!
Ran AdaPT. Time taken: 3.767 seconds
Ran Boca-Leek. Time taken: 0.064 seconds
Ran Clfdr-EM. Time taken: 0.019 seconds
Ran AdaPT-xgboost. Time taken: 0.006 seconds
simulation run:29/90
Ran IHW-quantile. Time taken: 6.101 seconds
Ran IHW-forest. Time taken: 0.306 seconds
Ran BH. Time taken: 0.003 seconds
Ran AdaPT. Time taken: 4.733 seconds
Ran Boca-Leek. Time taken: 0.066 seconds
Ran Clfdr-EM. Time taken: 0.021 seconds
Ran AdaPT-xgboost. Time taken: 0.006 seconds
simulation run:30/90
Ran IHW-quantile. Time taken: 0.001 seconds
Ran IHW-forest. Time taken: 0.314 seconds
Ran BH. Time taken: 0.003 seconds
alpha = 0.1: FDPhat 0.0938, Number of Rej. 96
Task completed!
Ran AdaPT. Time taken: 5.15 seconds
Ran Boca-Leek. Time taken: 0.07 seconds
Ran Clfdr-EM. Time taken: 0.023 seconds
Ran AdaPT-xgboost. Time taken: 0.006 seconds
simulation run:31/90
Ran IHW-quantile. Time taken: 3.089 seconds
Ran IHW-forest. Time taken: 0.311 seconds
Ran BH. Time taken: 0.002 seconds
alpha = 0.1: FDPhat 0.1, Number of Rej. 120
Task completed!
Ran AdaPT. Time taken: 3.263 seconds
Ran Boca-Leek. Time taken: 0.066 seconds
Ran Clfdr-EM. Time taken: 0.271 seconds
Ran AdaPT-xgboost. Time taken: 0.007 seconds
simulation run:32/90
Ran IHW-quantile. Time taken: 1.24 seconds
Ran IHW-forest. Time taken: 0.302 seconds
Ran BH. Time taken: 0.004 seconds
alpha = 0.1: FDPhat 0.099, Number of Rej. 101
Task completed!
Ran AdaPT. Time taken: 2.946 seconds
Ran Boca-Leek. Time taken: 0.064 seconds
Ran Clfdr-EM. Time taken: 1.829 seconds
Ran AdaPT-xgboost. Time taken: 0.007 seconds
simulation run:33/90
Ran IHW-quantile. Time taken: 1.231 seconds
Ran IHW-forest. Time taken: 0.301 seconds
Ran BH. Time taken: 0.004 seconds
alpha = 0.1: FDPhat 0.0886, Number of Rej. 79
Task completed!
Ran AdaPT. Time taken: 3.487 seconds
Ran Boca-Leek. Time taken: 0.064 seconds
Ran Clfdr-EM. Time taken: 1.818 seconds
Ran AdaPT-xgboost. Time taken: 0.007 seconds
simulation run:34/90
Ran IHW-quantile. Time taken: 1.165 seconds
Ran IHW-forest. Time taken: 0.302 seconds
Ran BH. Time taken: 0.003 seconds
alpha = 0.1: FDPhat 0.0968, Number of Rej. 62
Task completed!
Ran AdaPT. Time taken: 3.36 seconds
Ran Boca-Leek. Time taken: 0.062 seconds
Ran Clfdr-EM. Time taken: 1.811 seconds
Ran AdaPT-xgboost. Time taken: 0.006 seconds
simulation run:35/90
Ran IHW-quantile. Time taken: 1.256 seconds
Ran IHW-forest. Time taken: 0.309 seconds
Ran BH. Time taken: 0.003 seconds
alpha = 0.1: FDPhat 0.093, Number of Rej. 43
Task completed!
Ran AdaPT. Time taken: 3.764 seconds
Ran Boca-Leek. Time taken: 0.064 seconds
Ran Clfdr-EM. Time taken: 1.814 seconds
Ran AdaPT-xgboost. Time taken: 0.007 seconds
simulation run:36/90
Ran IHW-quantile. Time taken: 2.663 seconds
Ran IHW-forest. Time taken: 0.294 seconds
Ran BH. Time taken: 0.003 seconds
Ran AdaPT. Time taken: 4.432 seconds
Ran Boca-Leek. Time taken: 0.067 seconds
Ran Clfdr-EM. Time taken: 0.009 seconds
Ran AdaPT-xgboost. Time taken: 0.006 seconds
simulation run:37/90
Ran IHW-quantile. Time taken: 5.381 seconds
Ran IHW-forest. Time taken: 0.294 seconds
Ran BH. Time taken: 0.003 seconds
Ran AdaPT. Time taken: 4.506 seconds
Ran Boca-Leek. Time taken: 0.067 seconds
Ran Clfdr-EM. Time taken: 0.021 seconds
Ran AdaPT-xgboost. Time taken: 0.006 seconds
simulation run:38/90
Ran IHW-quantile. Time taken: 0.001 seconds
Ran IHW-forest. Time taken: 0.311 seconds
Ran BH. Time taken: 0.002 seconds
alpha = 0.1: FDPhat 0.0882, Number of Rej. 34
Task completed!
Ran AdaPT. Time taken: 5.018 seconds
Ran Boca-Leek. Time taken: 0.069 seconds
Ran Clfdr-EM. Time taken: 0.214 seconds
Ran AdaPT-xgboost. Time taken: 0.006 seconds
simulation run:39/90
Ran IHW-quantile. Time taken: 1.102 seconds
Ran IHW-forest. Time taken: 0.294 seconds
Ran BH. Time taken: 0.003 seconds
alpha = 0.1: FDPhat 0.0769, Number of Rej. 26
Task completed!
Ran AdaPT. Time taken: 3.503 seconds
Ran Boca-Leek. Time taken: 0.066 seconds
Ran Clfdr-EM. Time taken: 1.813 seconds
Ran AdaPT-xgboost. Time taken: 0.007 seconds
simulation run:40/90
Ran IHW-quantile. Time taken: 0.001 seconds
Ran IHW-forest. Time taken: 0.312 seconds
Ran BH. Time taken: 0.002 seconds
alpha = 0.1: FDPhat 0.0833, Number of Rej. 36
Task completed!
Ran AdaPT. Time taken: 4.569 seconds
Ran Boca-Leek. Time taken: 0.069 seconds
Ran Clfdr-EM. Time taken: 2.26 seconds
Ran AdaPT-xgboost. Time taken: 0.007 seconds
simulation run:41/90
Ran IHW-quantile. Time taken: 1.05 seconds
Ran IHW-forest. Time taken: 0.292 seconds
Ran BH. Time taken: 0.004 seconds
Ran AdaPT. Time taken: 4.725 seconds
Ran Boca-Leek. Time taken: 0.063 seconds
Ran Clfdr-EM. Time taken: 0.008 seconds
Ran AdaPT-xgboost. Time taken: 0.006 seconds
simulation run:42/90
Ran IHW-quantile. Time taken: 1.213 seconds
Ran IHW-forest. Time taken: 0.297 seconds
Ran BH. Time taken: 0.003 seconds
alpha = 0.1: FDPhat 0.0972, Number of Rej. 72
Task completed!
Ran AdaPT. Time taken: 4.313 seconds
Ran Boca-Leek. Time taken: 0.063 seconds
Ran Clfdr-EM. Time taken: 1.845 seconds
Ran AdaPT-xgboost. Time taken: 0.006 seconds
simulation run:43/90
Ran IHW-quantile. Time taken: 1.209 seconds
Ran IHW-forest. Time taken: 0.303 seconds
Ran BH. Time taken: 0.003 seconds
alpha = 0.1: FDPhat 0.0952, Number of Rej. 63
Task completed!
Ran AdaPT. Time taken: 4.324 seconds
Ran Boca-Leek. Time taken: 0.063 seconds
Ran Clfdr-EM. Time taken: 2.178 seconds
Ran AdaPT-xgboost. Time taken: 0.007 seconds
simulation run:44/90
Ran IHW-quantile. Time taken: 0.001 seconds
Ran IHW-forest. Time taken: 0.31 seconds
Ran BH. Time taken: 0.003 seconds
alpha = 0.1: FDPhat 0.0952, Number of Rej. 42
Task completed!
Ran AdaPT. Time taken: 4.303 seconds
Ran Boca-Leek. Time taken: 0.074 seconds
Ran Clfdr-EM. Time taken: 0.023 seconds
Ran AdaPT-xgboost. Time taken: 0.006 seconds
simulation run:45/90
Ran IHW-quantile. Time taken: 1.28 seconds
Ran IHW-forest. Time taken: 0.306 seconds
Ran BH. Time taken: 0.002 seconds
alpha = 0.1: FDPhat 0.1, Number of Rej. 70
Task completed!
Ran AdaPT. Time taken: 3.224 seconds
Ran Boca-Leek. Time taken: 0.065 seconds
Ran Clfdr-EM. Time taken: 1.811 seconds
Ran AdaPT-xgboost. Time taken: 0.006 seconds
simulation run:46/90
Ran IHW-quantile. Time taken: 1.054 seconds
Ran IHW-forest. Time taken: 0.304 seconds
Ran BH. Time taken: 0.003 seconds
Ran AdaPT. Time taken: 4.659 seconds
Ran Boca-Leek. Time taken: 0.064 seconds
Ran Clfdr-EM. Time taken: 0.018 seconds
Ran AdaPT-xgboost. Time taken: 0.007 seconds
simulation run:47/90
Ran IHW-quantile. Time taken: 1.267 seconds
Ran IHW-forest. Time taken: 0.31 seconds
Ran BH. Time taken: 0.003 seconds
alpha = 0.1: FDPhat 0.1, Number of Rej. 120
Task completed!
Ran AdaPT. Time taken: 2.982 seconds
Ran Boca-Leek. Time taken: 0.065 seconds
Ran Clfdr-EM. Time taken: 1.818 seconds
Ran AdaPT-xgboost. Time taken: 0.006 seconds
simulation run:48/90
Ran IHW-quantile. Time taken: 3.135 seconds
Ran IHW-forest. Time taken: 0.305 seconds
Ran BH. Time taken: 0.003 seconds
alpha = 0.1: FDPhat 0.0946, Number of Rej. 74
Task completed!
Ran AdaPT. Time taken: 4.036 seconds
Ran Boca-Leek. Time taken: 0.066 seconds
Ran Clfdr-EM. Time taken: 0.191 seconds
Ran AdaPT-xgboost. Time taken: 0.006 seconds
simulation run:49/90
Ran IHW-quantile. Time taken: 0 seconds
Ran IHW-forest. Time taken: 0.323 seconds
Ran BH. Time taken: 0.003 seconds
alpha = 0.1: FDPhat 0.0928, Number of Rej. 97
Task completed!
Ran AdaPT. Time taken: 4.728 seconds
Ran Boca-Leek. Time taken: 0.075 seconds
Ran Clfdr-EM. Time taken: 0.528 seconds
Ran AdaPT-xgboost. Time taken: 0.007 seconds
simulation run:50/90
Ran IHW-quantile. Time taken: 1.239 seconds
Ran IHW-forest. Time taken: 0.317 seconds
Ran BH. Time taken: 0.003 seconds
alpha = 0.1: FDPhat 0.0965, Number of Rej. 114
Task completed!
Ran AdaPT. Time taken: 2.997 seconds
Ran Boca-Leek. Time taken: 0.064 seconds
Ran Clfdr-EM. Time taken: 1.922 seconds
Ran AdaPT-xgboost. Time taken: 0.007 seconds
simulation run:51/90
Ran IHW-quantile. Time taken: 1.233 seconds
Ran IHW-forest. Time taken: 0.322 seconds
Ran BH. Time taken: 0.003 seconds
alpha = 0.1: FDPhat 0.098, Number of Rej. 51
Task completed!
Ran AdaPT. Time taken: 3.432 seconds
Ran Boca-Leek. Time taken: 0.066 seconds
Ran Clfdr-EM. Time taken: 1.795 seconds
Ran AdaPT-xgboost. Time taken: 0.006 seconds
simulation run:52/90
Ran IHW-quantile. Time taken: 1.072 seconds
Ran IHW-forest. Time taken: 0.3 seconds
Ran BH. Time taken: 0.004 seconds
Ran AdaPT. Time taken: 4.416 seconds
Ran Boca-Leek. Time taken: 0.066 seconds
Ran Clfdr-EM. Time taken: 0.019 seconds
Ran AdaPT-xgboost. Time taken: 0.006 seconds
simulation run:53/90
Ran IHW-quantile. Time taken: 1.244 seconds
Ran IHW-forest. Time taken: 0.323 seconds
Ran BH. Time taken: 0.004 seconds
alpha = 0.1: FDPhat 0.0935, Number of Rej. 139
Task completed!
Ran AdaPT. Time taken: 3.313 seconds
Ran Boca-Leek. Time taken: 0.065 seconds
Ran Clfdr-EM. Time taken: 0.336 seconds
Ran AdaPT-xgboost. Time taken: 0.008 seconds
simulation run:54/90
Ran IHW-quantile. Time taken: 1.276 seconds
Ran IHW-forest. Time taken: 0.312 seconds
Ran BH. Time taken: 0.003 seconds
alpha = 0.1: FDPhat 0.0948, Number of Rej. 116
Task completed!
Ran AdaPT. Time taken: 2.982 seconds
Ran Boca-Leek. Time taken: 0.065 seconds
Ran Clfdr-EM. Time taken: 1.829 seconds
Ran AdaPT-xgboost. Time taken: 0.006 seconds
simulation run:55/90
Ran IHW-quantile. Time taken: 0.001 seconds
Ran IHW-forest. Time taken: 0.311 seconds
Ran BH. Time taken: 0.003 seconds
alpha = 0.1: FDPhat 0.0982, Number of Rej. 112
Task completed!
Ran AdaPT. Time taken: 4.279 seconds
Ran Boca-Leek. Time taken: 0.069 seconds
Ran Clfdr-EM. Time taken: 0.79 seconds
Ran AdaPT-xgboost. Time taken: 0.006 seconds
simulation run:56/90
Ran IHW-quantile. Time taken: 0.001 seconds
Ran IHW-forest. Time taken: 0.311 seconds
Ran BH. Time taken: 0.003 seconds
alpha = 0.1: FDPhat 0.0946, Number of Rej. 74
Task completed!
Ran AdaPT. Time taken: 4.007 seconds
Ran Boca-Leek. Time taken: 0.07 seconds
Ran Clfdr-EM. Time taken: 0.072 seconds
Ran AdaPT-xgboost. Time taken: 0.006 seconds
simulation run:57/90
Ran IHW-quantile. Time taken: 1.264 seconds
Ran IHW-forest. Time taken: 0.304 seconds
Ran BH. Time taken: 0.003 seconds
alpha = 0.1: FDPhat 0.0979, Number of Rej. 143
Task completed!
Ran AdaPT. Time taken: 3.118 seconds
Ran Boca-Leek. Time taken: 0.068 seconds
Ran Clfdr-EM. Time taken: 1.902 seconds
Ran AdaPT-xgboost. Time taken: 0.006 seconds
simulation run:58/90
Ran IHW-quantile. Time taken: 1.254 seconds
Ran IHW-forest. Time taken: 0.31 seconds
Ran BH. Time taken: 0.004 seconds
alpha = 0.1: FDPhat 0.092, Number of Rej. 87
Task completed!
Ran AdaPT. Time taken: 3.113 seconds
Ran Boca-Leek. Time taken: 0.065 seconds
Ran Clfdr-EM. Time taken: 0.306 seconds
Ran AdaPT-xgboost. Time taken: 0.007 seconds
simulation run:59/90
Ran IHW-quantile. Time taken: 1.053 seconds
Ran IHW-forest. Time taken: 0.29 seconds
Ran BH. Time taken: 0.004 seconds
Ran AdaPT. Time taken: 4.268 seconds
Ran Boca-Leek. Time taken: 0.064 seconds
Ran Clfdr-EM. Time taken: 0.121 seconds
Ran AdaPT-xgboost. Time taken: 0.008 seconds
simulation run:60/90
Ran IHW-quantile. Time taken: 1.146 seconds
Ran IHW-forest. Time taken: 0.299 seconds
Ran BH. Time taken: 0.003 seconds
alpha = 0.1: FDPhat 0.0909, Number of Rej. 33
Task completed!
Ran AdaPT. Time taken: 3.483 seconds
Ran Boca-Leek. Time taken: 0.064 seconds
Ran Clfdr-EM. Time taken: 0.02 seconds
Ran AdaPT-xgboost. Time taken: 0.006 seconds
simulation run:61/90
Ran IHW-quantile. Time taken: 3.136 seconds
Ran IHW-forest. Time taken: 0.306 seconds
Ran BH. Time taken: 0.003 seconds
alpha = 0.1: FDPhat 0.0976, Number of Rej. 82
Task completed!
Ran AdaPT. Time taken: 4.034 seconds
Ran Boca-Leek. Time taken: 0.067 seconds
Ran Clfdr-EM. Time taken: 0.681 seconds
Ran AdaPT-xgboost. Time taken: 0.006 seconds
simulation run:62/90
Ran IHW-quantile. Time taken: 1.29 seconds
Ran IHW-forest. Time taken: 0.308 seconds
Ran BH. Time taken: 0.004 seconds
alpha = 0.1: FDPhat 0.0984, Number of Rej. 61
Task completed!
Ran AdaPT. Time taken: 3.13 seconds
Ran Boca-Leek. Time taken: 0.068 seconds
Ran Clfdr-EM. Time taken: 2.17 seconds
Ran AdaPT-xgboost. Time taken: 0.006 seconds
simulation run:63/90
Ran IHW-quantile. Time taken: 1.201 seconds
Ran IHW-forest. Time taken: 0.304 seconds
Ran BH. Time taken: 0.002 seconds
alpha = 0.1: FDPhat 0.0952, Number of Rej. 63
Task completed!
Ran AdaPT. Time taken: 3.455 seconds
Ran Boca-Leek. Time taken: 0.065 seconds
Ran Clfdr-EM. Time taken: 1.781 seconds
Ran AdaPT-xgboost. Time taken: 0.007 seconds
simulation run:64/90
Ran IHW-quantile. Time taken: 1.126 seconds
Ran IHW-forest. Time taken: 0.296 seconds
Ran BH. Time taken: 0.004 seconds
Ran AdaPT. Time taken: 3.819 seconds
Ran Boca-Leek. Time taken: 0.065 seconds
Ran Clfdr-EM. Time taken: 1.784 seconds
Ran AdaPT-xgboost. Time taken: 0.007 seconds
simulation run:65/90
Ran IHW-quantile. Time taken: 1.168 seconds
Ran IHW-forest. Time taken: 0.305 seconds
Ran BH. Time taken: 0.003 seconds
alpha = 0.1: FDPhat 0.098, Number of Rej. 51
Task completed!
Ran AdaPT. Time taken: 3.466 seconds
Ran Boca-Leek. Time taken: 0.064 seconds
Ran Clfdr-EM. Time taken: 1.792 seconds
Ran AdaPT-xgboost. Time taken: 0.006 seconds
simulation run:66/90
Ran IHW-quantile. Time taken: 5.273 seconds
Ran IHW-forest. Time taken: 0.293 seconds
Ran BH. Time taken: 0.004 seconds
alpha = 0.1: FDPhat 0.0952, Number of Rej. 21
Task completed!
Ran AdaPT. Time taken: 5.556 seconds
Ran Boca-Leek. Time taken: 0.067 seconds
Ran Clfdr-EM. Time taken: 0.01 seconds
Ran AdaPT-xgboost. Time taken: 0.006 seconds
simulation run:67/90
Ran IHW-quantile. Time taken: 1.183 seconds
Ran IHW-forest. Time taken: 0.3 seconds
Ran BH. Time taken: 0.004 seconds
alpha = 0.1: FDPhat 0.0833, Number of Rej. 48
Task completed!
Ran AdaPT. Time taken: 3.338 seconds
Ran Boca-Leek. Time taken: 0.065 seconds
Ran Clfdr-EM. Time taken: 0.273 seconds
Ran AdaPT-xgboost. Time taken: 0.007 seconds
simulation run:68/90
Ran IHW-quantile. Time taken: 1.052 seconds
Ran IHW-forest. Time taken: 0.294 seconds
Ran BH. Time taken: 0.002 seconds
alpha = 0.1: FDPhat 0.0769, Number of Rej. 26
Task completed!
Ran AdaPT. Time taken: 3.741 seconds
Ran Boca-Leek. Time taken: 0.065 seconds
Ran Clfdr-EM. Time taken: 0.021 seconds
Ran AdaPT-xgboost. Time taken: 0.006 seconds
simulation run:69/90
Ran IHW-quantile. Time taken: 39.298 seconds
Ran IHW-forest. Time taken: 0.306 seconds
Ran BH. Time taken: 0.003 seconds
alpha = 0.1: FDPhat 0.0952, Number of Rej. 42
Task completed!
Ran AdaPT. Time taken: 4.648 seconds
Ran Boca-Leek. Time taken: 0.069 seconds
Ran Clfdr-EM. Time taken: 0.009 seconds
Ran AdaPT-xgboost. Time taken: 0.006 seconds
simulation run:70/90
Ran IHW-quantile. Time taken: 6.217 seconds
Ran IHW-forest. Time taken: 0.297 seconds
Ran BH. Time taken: 0.004 seconds
Ran AdaPT. Time taken: 3.925 seconds
Ran Boca-Leek. Time taken: 0.066 seconds
Ran Clfdr-EM. Time taken: 0.193 seconds
Ran AdaPT-xgboost. Time taken: 0.006 seconds
simulation run:71/90
Ran IHW-quantile. Time taken: 1.146 seconds
Ran IHW-forest. Time taken: 0.302 seconds
Ran BH. Time taken: 0.003 seconds
alpha = 0.1: FDPhat 0.0946, Number of Rej. 74
Task completed!
Ran AdaPT. Time taken: 3.146 seconds
Ran Boca-Leek. Time taken: 0.063 seconds
Ran Clfdr-EM. Time taken: 1.816 seconds
Ran AdaPT-xgboost. Time taken: 0.007 seconds
simulation run:72/90
Ran IHW-quantile. Time taken: 1.212 seconds
Ran IHW-forest. Time taken: 0.302 seconds
Ran BH. Time taken: 0.003 seconds
alpha = 0.1: FDPhat 0.0933, Number of Rej. 75
Task completed!
Ran AdaPT. Time taken: 3.59 seconds
Ran Boca-Leek. Time taken: 0.064 seconds
Ran Clfdr-EM. Time taken: 1.8 seconds
Ran AdaPT-xgboost. Time taken: 0.006 seconds
simulation run:73/90
Ran IHW-quantile. Time taken: 0.001 seconds
Ran IHW-forest. Time taken: 0.302 seconds
Ran BH. Time taken: 0.003 seconds
alpha = 0.1: FDPhat 0.0769, Number of Rej. 26
Task completed!
Ran AdaPT. Time taken: 5.026 seconds
Ran Boca-Leek. Time taken: 0.067 seconds
Ran Clfdr-EM. Time taken: 0.024 seconds
Ran AdaPT-xgboost. Time taken: 0.006 seconds
simulation run:74/90
Ran IHW-quantile. Time taken: 0.001 seconds
Ran IHW-forest. Time taken: 0.311 seconds
Ran BH. Time taken: 0.003 seconds
alpha = 0.1: FDPhat 0.0968, Number of Rej. 31
Task completed!
Ran AdaPT. Time taken: 4.271 seconds
Ran Boca-Leek. Time taken: 0.07 seconds
Ran Clfdr-EM. Time taken: 0.023 seconds
Ran AdaPT-xgboost. Time taken: 0.006 seconds
simulation run:75/90
Ran IHW-quantile. Time taken: 1.271 seconds
Ran IHW-forest. Time taken: 0.305 seconds
Ran BH. Time taken: 0.004 seconds
alpha = 0.1: FDPhat 0.097, Number of Rej. 134
Task completed!
Ran AdaPT. Time taken: 2.95 seconds
Ran Boca-Leek. Time taken: 0.064 seconds
Ran Clfdr-EM. Time taken: 1.81 seconds
Ran AdaPT-xgboost. Time taken: 0.006 seconds
simulation run:76/90
Ran IHW-quantile. Time taken: 2.902 seconds
Ran IHW-forest. Time taken: 0.304 seconds
Ran BH. Time taken: 0.002 seconds
Ran AdaPT. Time taken: 4.082 seconds
Ran Boca-Leek. Time taken: 0.066 seconds
Ran Clfdr-EM. Time taken: 0.602 seconds
Ran AdaPT-xgboost. Time taken: 0.007 seconds
simulation run:77/90
Ran IHW-quantile. Time taken: 1.142 seconds
Ran IHW-forest. Time taken: 0.292 seconds
Ran BH. Time taken: 0.004 seconds
alpha = 0.1: FDPhat 0.069, Number of Rej. 29
Task completed!
Ran AdaPT. Time taken: 3.52 seconds
Ran Boca-Leek. Time taken: 0.063 seconds
Ran Clfdr-EM. Time taken: 1.891 seconds
Ran AdaPT-xgboost. Time taken: 0.007 seconds
simulation run:78/90
Ran IHW-quantile. Time taken: 3.211 seconds
Ran IHW-forest. Time taken: 0.314 seconds
Ran BH. Time taken: 0.003 seconds
alpha = 0.1: FDPhat 0.0976, Number of Rej. 123
Task completed!
Ran AdaPT. Time taken: 3.803 seconds
Ran Boca-Leek. Time taken: 0.065 seconds
Ran Clfdr-EM. Time taken: 0.495 seconds
Ran AdaPT-xgboost. Time taken: 0.007 seconds
simulation run:79/90
Ran IHW-quantile. Time taken: 1.172 seconds
Ran IHW-forest. Time taken: 0.293 seconds
Ran BH. Time taken: 0.005 seconds
alpha = 0.1: FDPhat 0.1, Number of Rej. 40
Task completed!
Ran AdaPT. Time taken: 4.593 seconds
Ran Boca-Leek. Time taken: 0.063 seconds
Ran Clfdr-EM. Time taken: 1.797 seconds
Ran AdaPT-xgboost. Time taken: 0.007 seconds
simulation run:80/90
Ran IHW-quantile. Time taken: 1.175 seconds
Ran IHW-forest. Time taken: 0.296 seconds
Ran BH. Time taken: 0.004 seconds
alpha = 0.1: FDPhat 0.0714, Number of Rej. 28
Task completed!
Ran AdaPT. Time taken: 3.52 seconds
Ran Boca-Leek. Time taken: 0.062 seconds
Ran Clfdr-EM. Time taken: 1.877 seconds
Ran AdaPT-xgboost. Time taken: 0.006 seconds
simulation run:81/90
Ran IHW-quantile. Time taken: 47.982 seconds
Ran IHW-forest. Time taken: 0.3 seconds
Ran BH. Time taken: 0.004 seconds
alpha = 0.1: FDPhat 0.0941, Number of Rej. 85
Task completed!
Ran AdaPT. Time taken: 4.075 seconds
Ran Boca-Leek. Time taken: 0.069 seconds
Ran Clfdr-EM. Time taken: 2.684 seconds
Ran AdaPT-xgboost. Time taken: 0.007 seconds
simulation run:82/90
Ran IHW-quantile. Time taken: 1.064 seconds
Ran IHW-forest. Time taken: 0.292 seconds
Ran BH. Time taken: 0.004 seconds
alpha = 0.1: FDPhat 0.0909, Number of Rej. 22
Task completed!
Ran AdaPT. Time taken: 4.04 seconds
Ran Boca-Leek. Time taken: 0.062 seconds
Ran Clfdr-EM. Time taken: 0.009 seconds
Ran AdaPT-xgboost. Time taken: 0.006 seconds
simulation run:83/90
Ran IHW-quantile. Time taken: 1.271 seconds
Ran IHW-forest. Time taken: 0.3 seconds
Ran BH. Time taken: 0.004 seconds
alpha = 0.1: FDPhat 0.0988, Number of Rej. 81
Task completed!
Ran AdaPT. Time taken: 3.187 seconds
Ran Boca-Leek. Time taken: 0.063 seconds
Ran Clfdr-EM. Time taken: 1.797 seconds
Ran AdaPT-xgboost. Time taken: 0.006 seconds
simulation run:84/90
Ran IHW-quantile. Time taken: 1.087 seconds
Ran IHW-forest. Time taken: 0.3 seconds
Ran BH. Time taken: 0.003 seconds
alpha = 0.1: FDPhat 0.1, Number of Rej. 10
Task completed!
Ran AdaPT. Time taken: 3.477 seconds
Ran Boca-Leek. Time taken: 0.064 seconds
Ran Clfdr-EM. Time taken: 1.797 seconds
Ran AdaPT-xgboost. Time taken: 0.007 seconds
simulation run:85/90
Ran IHW-quantile. Time taken: 1.161 seconds
Ran IHW-forest. Time taken: 0.305 seconds
Ran BH. Time taken: 0.003 seconds
alpha = 0.1: FDPhat 0.098, Number of Rej. 51
Task completed!
Ran AdaPT. Time taken: 3.65 seconds
Ran Boca-Leek. Time taken: 0.065 seconds
Ran Clfdr-EM. Time taken: 1.784 seconds
Ran AdaPT-xgboost. Time taken: 0.006 seconds
simulation run:86/90
Ran IHW-quantile. Time taken: 1.043 seconds
Ran IHW-forest. Time taken: 0.29 seconds
Ran BH. Time taken: 0.004 seconds
Ran AdaPT. Time taken: 3.992 seconds
Ran Boca-Leek. Time taken: 0.063 seconds
Ran Clfdr-EM. Time taken: 0.344 seconds
Ran AdaPT-xgboost. Time taken: 0.007 seconds
simulation run:87/90
Ran IHW-quantile. Time taken: 0.001 seconds
Ran IHW-forest. Time taken: 0.305 seconds
Ran BH. Time taken: 0.003 seconds
alpha = 0.1: FDPhat 0.0833, Number of Rej. 24
Task completed!
Ran AdaPT. Time taken: 4.255 seconds
Ran Boca-Leek. Time taken: 0.069 seconds
Ran Clfdr-EM. Time taken: 2.767 seconds
Ran AdaPT-xgboost. Time taken: 0.006 seconds
simulation run:88/90
Ran IHW-quantile. Time taken: 39.611 seconds
Ran IHW-forest. Time taken: 0.309 seconds
Ran BH. Time taken: 0.004 seconds
alpha = 0.1: FDPhat 0.0938, Number of Rej. 96
Task completed!
Ran AdaPT. Time taken: 3.806 seconds
Ran Boca-Leek. Time taken: 0.068 seconds
Ran Clfdr-EM. Time taken: 2.142 seconds
Ran AdaPT-xgboost. Time taken: 0.007 seconds
simulation run:89/90
Ran IHW-quantile. Time taken: 2.959 seconds
Ran IHW-forest. Time taken: 0.304 seconds
Ran BH. Time taken: 0.002 seconds
alpha = 0.1: FDPhat 0.0938, Number of Rej. 32
Task completed!
Ran AdaPT. Time taken: 3.742 seconds
Ran Boca-Leek. Time taken: 0.065 seconds
Ran Clfdr-EM. Time taken: 1.856 seconds
Ran AdaPT-xgboost. Time taken: 0.007 seconds
simulation run:90/90
Ran IHW-quantile. Time taken: 29.087 seconds
Ran IHW-forest. Time taken: 0.295 seconds
Ran BH. Time taken: 0.004 seconds
alpha = 0.1: FDPhat 0.0833, Number of Rej. 12
Task completed!
Ran AdaPT. Time taken: 4.086 seconds
Ran Boca-Leek. Time taken: 0.067 seconds
Ran Clfdr-EM. Time taken: 0.022 seconds
Ran AdaPT-xgboost. Time taken: 0.006 seconds
[1] "\n"
