- One or more packages recorded in the lockfile are not installed.
- Use `renv::status()` for more details.

##------ Sat Aug 19 01:36:07 2023 ------##
##------ Sat Aug 19 01:36:07 2023 ------## 

simulation run:1/90
Ran IHW-quantile. Time taken: 0.001 seconds
Ran IHW-forest. Time taken: 0.383 seconds
Ran BH. Time taken: 0.002 seconds
alpha = 0.1: FDPhat 0.098, Number of Rej. 51
Task completed!
Ran AdaPT. Time taken: 4.721 seconds
Ran Boca-Leek. Time taken: 0.065 seconds
Ran Clfdr-EM. Time taken: 0.023 seconds
Ran AdaPT-xgboost. Time taken: 2.039 seconds
simulation run:2/90
Ran IHW-quantile. Time taken: 0.002 seconds
Ran IHW-forest. Time taken: 0.302 seconds
Ran BH. Time taken: 0.001 seconds
alpha = 0.1: FDPhat 0.0833, Number of Rej. 12
Task completed!
Ran AdaPT. Time taken: 4.729 seconds
Ran Boca-Leek. Time taken: 0.082 seconds
Ran Clfdr-EM. Time taken: 0.054 seconds
Ran AdaPT-xgboost. Time taken: 0.005 seconds
simulation run:3/90
Ran IHW-quantile. Time taken: 30.952 seconds
Ran IHW-forest. Time taken: 0.298 seconds
Ran BH. Time taken: 0.002 seconds
alpha = 0.1: FDPhat 0.0816, Number of Rej. 49
Task completed!
Ran AdaPT. Time taken: 3.887 seconds
Ran Boca-Leek. Time taken: 0.065 seconds
Ran Clfdr-EM. Time taken: 0.021 seconds
Ran AdaPT-xgboost. Time taken: 0.006 seconds
simulation run:4/90
Ran IHW-quantile. Time taken: 21.7 seconds
Ran IHW-forest. Time taken: 0.288 seconds
Ran BH. Time taken: 0.002 seconds
Ran AdaPT. Time taken: 4.099 seconds
Ran Boca-Leek. Time taken: 0.064 seconds
Ran Clfdr-EM. Time taken: 0.021 seconds
Ran AdaPT-xgboost. Time taken: 0.006 seconds
simulation run:5/90
Ran IHW-quantile. Time taken: 1.178 seconds
Ran IHW-forest. Time taken: 0.296 seconds
Ran BH. Time taken: 0.002 seconds
alpha = 0.1: FDPhat 0.0976, Number of Rej. 82
Task completed!
Ran AdaPT. Time taken: 3.67 seconds
Ran Boca-Leek. Time taken: 0.061 seconds
Ran Clfdr-EM. Time taken: 1.761 seconds
Ran AdaPT-xgboost. Time taken: 0.006 seconds
simulation run:6/90
Ran IHW-quantile. Time taken: 1.076 seconds
Ran IHW-forest. Time taken: 0.289 seconds
Ran BH. Time taken: 0.002 seconds
alpha = 0.1: FDPhat 0.0962, Number of Rej. 52
Task completed!
Ran AdaPT. Time taken: 3.662 seconds
Ran Boca-Leek. Time taken: 0.062 seconds
Ran Clfdr-EM. Time taken: 0.008 seconds
Ran AdaPT-xgboost. Time taken: 0.005 seconds
simulation run:7/90
Ran IHW-quantile. Time taken: 46.048 seconds
Ran IHW-forest. Time taken: 0.298 seconds
Ran BH. Time taken: 0.002 seconds
alpha = 0.1: FDPhat 0.094, Number of Rej. 117
Task completed!
Ran AdaPT. Time taken: 4.19 seconds
Ran Boca-Leek. Time taken: 0.064 seconds
Ran Clfdr-EM. Time taken: 0.968 seconds
Ran AdaPT-xgboost. Time taken: 0.006 seconds
simulation run:8/90
Ran IHW-quantile. Time taken: 1.049 seconds
Ran IHW-forest. Time taken: 0.285 seconds
Ran BH. Time taken: 0.002 seconds
alpha = 0.1: FDPhat 0.0833, Number of Rej. 12
Task completed!
Ran AdaPT. Time taken: 4.757 seconds
Ran Boca-Leek. Time taken: 0.06 seconds
Ran Clfdr-EM. Time taken: 2.049 seconds
Ran AdaPT-xgboost. Time taken: 0.006 seconds
simulation run:9/90
Ran IHW-quantile. Time taken: 1.079 seconds
Ran IHW-forest. Time taken: 0.287 seconds
Ran BH. Time taken: 0.002 seconds
Ran AdaPT. Time taken: 3.745 seconds
Ran Boca-Leek. Time taken: 0.061 seconds
Ran Clfdr-EM. Time taken: 0.018 seconds
Ran AdaPT-xgboost. Time taken: 0.006 seconds
simulation run:10/90
Ran IHW-quantile. Time taken: 0.001 seconds
Ran IHW-forest. Time taken: 0.296 seconds
Ran BH. Time taken: 0.002 seconds
Ran AdaPT. Time taken: 4.63 seconds
Ran Boca-Leek. Time taken: 0.065 seconds
Ran Clfdr-EM. Time taken: 0.022 seconds
Ran AdaPT-xgboost. Time taken: 0.006 seconds
simulation run:11/90
Ran IHW-quantile. Time taken: 1.153 seconds
Ran IHW-forest. Time taken: 0.289 seconds
Ran BH. Time taken: 0.002 seconds
alpha = 0.1: FDPhat 0.1, Number of Rej. 60
Task completed!
Ran AdaPT. Time taken: 3.828 seconds
Ran Boca-Leek. Time taken: 0.061 seconds
Ran Clfdr-EM. Time taken: 1.845 seconds
Ran AdaPT-xgboost. Time taken: 0.006 seconds
simulation run:12/90
Ran IHW-quantile. Time taken: 1.272 seconds
Ran IHW-forest. Time taken: 0.3 seconds
Ran BH. Time taken: 0.002 seconds
alpha = 0.1: FDPhat 0.0957, Number of Rej. 115
Task completed!
Ran AdaPT. Time taken: 3.368 seconds
Ran Boca-Leek. Time taken: 0.062 seconds
Ran Clfdr-EM. Time taken: 2.073 seconds
Ran AdaPT-xgboost. Time taken: 0.006 seconds
simulation run:13/90
Ran IHW-quantile. Time taken: 1.293 seconds
Ran IHW-forest. Time taken: 0.301 seconds
Ran BH. Time taken: 0.002 seconds
alpha = 0.1: FDPhat 0.1, Number of Rej. 140
Task completed!
Ran AdaPT. Time taken: 2.817 seconds
Ran Boca-Leek. Time taken: 0.061 seconds
Ran Clfdr-EM. Time taken: 0.301 seconds
Ran AdaPT-xgboost. Time taken: 0.006 seconds
simulation run:14/90
Ran IHW-quantile. Time taken: 1.095 seconds
Ran IHW-forest. Time taken: 0.289 seconds
Ran BH. Time taken: 0.002 seconds
Ran AdaPT. Time taken: 3.748 seconds
Ran Boca-Leek. Time taken: 0.062 seconds
Ran Clfdr-EM. Time taken: 1.869 seconds
Ran AdaPT-xgboost. Time taken: 0.005 seconds
simulation run:15/90
Ran IHW-quantile. Time taken: 1.109 seconds
Ran IHW-forest. Time taken: 0.292 seconds
Ran BH. Time taken: 0.003 seconds
alpha = 0.1: FDPhat 0.0893, Number of Rej. 56
Task completed!
Ran AdaPT. Time taken: 3.736 seconds
Ran Boca-Leek. Time taken: 0.061 seconds
Ran Clfdr-EM. Time taken: 2.2 seconds
Ran AdaPT-xgboost. Time taken: 0.006 seconds
simulation run:16/90
Ran IHW-quantile. Time taken: 1.229 seconds
Ran IHW-forest. Time taken: 0.298 seconds
Ran BH. Time taken: 0.002 seconds
alpha = 0.1: FDPhat 0.0968, Number of Rej. 62
Task completed!
Ran AdaPT. Time taken: 3.06 seconds
Ran Boca-Leek. Time taken: 0.061 seconds
Ran Clfdr-EM. Time taken: 1.744 seconds
Ran AdaPT-xgboost. Time taken: 0.006 seconds
simulation run:17/90
Ran IHW-quantile. Time taken: 0.001 seconds
Ran IHW-forest. Time taken: 0.297 seconds
Ran BH. Time taken: 0.002 seconds
alpha = 0.1: FDPhat 0.0877, Number of Rej. 57
Task completed!
Ran AdaPT. Time taken: 4.986 seconds
Ran Boca-Leek. Time taken: 0.065 seconds
Ran Clfdr-EM. Time taken: 0.127 seconds
Ran AdaPT-xgboost. Time taken: 0.006 seconds
simulation run:18/90
Ran IHW-quantile. Time taken: 6.402 seconds
Ran IHW-forest. Time taken: 0.303 seconds
Ran BH. Time taken: 0.002 seconds
alpha = 0.1: FDPhat 0.096, Number of Rej. 125
Task completed!
Ran AdaPT. Time taken: 3.663 seconds
Ran Boca-Leek. Time taken: 0.064 seconds
Ran Clfdr-EM. Time taken: 1.278 seconds
Ran AdaPT-xgboost. Time taken: 0.006 seconds
simulation run:19/90
Ran IHW-quantile. Time taken: 1.142 seconds
Ran IHW-forest. Time taken: 0.289 seconds
Ran BH. Time taken: 0.002 seconds
Ran AdaPT. Time taken: 3.39 seconds
Ran Boca-Leek. Time taken: 0.062 seconds
Ran Clfdr-EM. Time taken: 2.12 seconds
Ran AdaPT-xgboost. Time taken: 0.006 seconds
simulation run:20/90
Ran IHW-quantile. Time taken: 1.219 seconds
Ran IHW-forest. Time taken: 0.299 seconds
Ran BH. Time taken: 0.002 seconds
alpha = 0.1: FDPhat 0.0957, Number of Rej. 115
Task completed!
Ran AdaPT. Time taken: 3.284 seconds
Ran Boca-Leek. Time taken: 0.061 seconds
Ran Clfdr-EM. Time taken: 1.031 seconds
Ran AdaPT-xgboost. Time taken: 0.006 seconds
simulation run:21/90
Ran IHW-quantile. Time taken: 0.001 seconds
Ran IHW-forest. Time taken: 0.293 seconds
Ran BH. Time taken: 0.002 seconds
Ran AdaPT. Time taken: 4.555 seconds
Ran Boca-Leek. Time taken: 0.066 seconds
Ran Clfdr-EM. Time taken: 0.071 seconds
Ran AdaPT-xgboost. Time taken: 0.006 seconds
simulation run:22/90
Ran IHW-quantile. Time taken: 1.038 seconds
Ran IHW-forest. Time taken: 0.287 seconds
Ran BH. Time taken: 0.003 seconds
alpha = 0.1: FDPhat 0.093, Number of Rej. 43
Task completed!
Ran AdaPT. Time taken: 3.97 seconds
Ran Boca-Leek. Time taken: 0.062 seconds
Ran Clfdr-EM. Time taken: 0.188 seconds
Ran AdaPT-xgboost. Time taken: 0.006 seconds
simulation run:23/90
Ran IHW-quantile. Time taken: 26.156 seconds
Ran IHW-forest. Time taken: 0.298 seconds
Ran BH. Time taken: 0.003 seconds
alpha = 0.1: FDPhat 0.1, Number of Rej. 60
Task completed!
Ran AdaPT. Time taken: 3.82 seconds
Ran Boca-Leek. Time taken: 0.066 seconds
Ran Clfdr-EM. Time taken: 0.119 seconds
Ran AdaPT-xgboost. Time taken: 0.006 seconds
simulation run:24/90
Ran IHW-quantile. Time taken: 5.042 seconds
Ran IHW-forest. Time taken: 0.286 seconds
Ran BH. Time taken: 0.002 seconds
Ran AdaPT. Time taken: 5.125 seconds
Ran Boca-Leek. Time taken: 0.064 seconds
Ran Clfdr-EM. Time taken: 0.02 seconds
Ran AdaPT-xgboost. Time taken: 0.006 seconds
simulation run:25/90
Ran IHW-quantile. Time taken: 1.132 seconds
Ran IHW-forest. Time taken: 0.293 seconds
Ran BH. Time taken: 0.002 seconds
alpha = 0.1: FDPhat 0.0976, Number of Rej. 41
Task completed!
Ran AdaPT. Time taken: 3.428 seconds
Ran Boca-Leek. Time taken: 0.061 seconds
Ran Clfdr-EM. Time taken: 1.785 seconds
Ran AdaPT-xgboost. Time taken: 0.006 seconds
simulation run:26/90
Ran IHW-quantile. Time taken: 1.182 seconds
Ran IHW-forest. Time taken: 0.291 seconds
Ran BH. Time taken: 0.002 seconds
alpha = 0.1: FDPhat 0.0909, Number of Rej. 44
Task completed!
Ran AdaPT. Time taken: 3.716 seconds
Ran Boca-Leek. Time taken: 0.061 seconds
Ran Clfdr-EM. Time taken: 1.757 seconds
Ran AdaPT-xgboost. Time taken: 0.006 seconds
simulation run:27/90
Ran IHW-quantile. Time taken: 1.234 seconds
Ran IHW-forest. Time taken: 0.296 seconds
Ran BH. Time taken: 0.003 seconds
alpha = 0.1: FDPhat 0.0909, Number of Rej. 55
Task completed!
Ran AdaPT. Time taken: 3.588 seconds
Ran Boca-Leek. Time taken: 0.062 seconds
Ran Clfdr-EM. Time taken: 1.758 seconds
Ran AdaPT-xgboost. Time taken: 0.006 seconds
simulation run:28/90
Ran IHW-quantile. Time taken: 5.791 seconds
Ran IHW-forest. Time taken: 0.288 seconds
Ran BH. Time taken: 0.002 seconds
Ran AdaPT. Time taken: 5.038 seconds
Ran Boca-Leek. Time taken: 0.064 seconds
Ran Clfdr-EM. Time taken: 0.02 seconds
Ran AdaPT-xgboost. Time taken: 0.006 seconds
simulation run:29/90
Ran IHW-quantile. Time taken: 3.057 seconds
Ran IHW-forest. Time taken: 0.306 seconds
Ran BH. Time taken: 0.002 seconds
alpha = 0.1: FDPhat 0.0962, Number of Rej. 104
Task completed!
Ran AdaPT. Time taken: 3.121 seconds
Ran Boca-Leek. Time taken: 0.063 seconds
Ran Clfdr-EM. Time taken: 1.485 seconds
Ran AdaPT-xgboost. Time taken: 0.006 seconds
simulation run:30/90
Ran IHW-quantile. Time taken: 1.158 seconds
Ran IHW-forest. Time taken: 0.291 seconds
Ran BH. Time taken: 0.002 seconds
alpha = 0.1: FDPhat 0.1, Number of Rej. 30
Task completed!
Ran AdaPT. Time taken: 3.435 seconds
Ran Boca-Leek. Time taken: 0.062 seconds
Ran Clfdr-EM. Time taken: 1.899 seconds
Ran AdaPT-xgboost. Time taken: 0.006 seconds
simulation run:31/90
Ran IHW-quantile. Time taken: 1.195 seconds
Ran IHW-forest. Time taken: 0.291 seconds
Ran BH. Time taken: 0.002 seconds
alpha = 0.1: FDPhat 0.08, Number of Rej. 25
Task completed!
Ran AdaPT. Time taken: 3.748 seconds
Ran Boca-Leek. Time taken: 0.061 seconds
Ran Clfdr-EM. Time taken: 1.765 seconds
Ran AdaPT-xgboost. Time taken: 0.006 seconds
simulation run:32/90
Ran IHW-quantile. Time taken: 6.812 seconds
Ran IHW-forest. Time taken: 0.298 seconds
Ran BH. Time taken: 0.003 seconds
alpha = 0.1: FDPhat 0.0976, Number of Rej. 82
Task completed!
Ran AdaPT. Time taken: 4.047 seconds
Ran Boca-Leek. Time taken: 0.064 seconds
Ran Clfdr-EM. Time taken: 0.864 seconds
Ran AdaPT-xgboost. Time taken: 0.006 seconds
simulation run:33/90
Ran IHW-quantile. Time taken: 1.192 seconds
Ran IHW-forest. Time taken: 0.295 seconds
Ran BH. Time taken: 0.003 seconds
alpha = 0.1: FDPhat 0.0952, Number of Rej. 105
Task completed!
Ran AdaPT. Time taken: 3.223 seconds
Ran Boca-Leek. Time taken: 0.062 seconds
Ran Clfdr-EM. Time taken: 0.397 seconds
Ran AdaPT-xgboost. Time taken: 0.007 seconds
simulation run:34/90
Ran IHW-quantile. Time taken: 1.093 seconds
Ran IHW-forest. Time taken: 0.29 seconds
Ran BH. Time taken: 0.002 seconds
Ran AdaPT. Time taken: 3.674 seconds
Ran Boca-Leek. Time taken: 0.061 seconds
Ran Clfdr-EM. Time taken: 0.273 seconds
Ran AdaPT-xgboost. Time taken: 0.005 seconds
simulation run:35/90
Ran IHW-quantile. Time taken: 5.354 seconds
Ran IHW-forest. Time taken: 0.292 seconds
Ran BH. Time taken: 0.003 seconds
alpha = 0.1: FDPhat 0.0984, Number of Rej. 61
Task completed!
Ran AdaPT. Time taken: 3.624 seconds
Ran Boca-Leek. Time taken: 0.064 seconds
Ran Clfdr-EM. Time taken: 0.021 seconds
Ran AdaPT-xgboost. Time taken: 0.006 seconds
simulation run:36/90
Ran IHW-quantile. Time taken: 1.249 seconds
Ran IHW-forest. Time taken: 0.297 seconds
Ran BH. Time taken: 0.002 seconds
alpha = 0.1: FDPhat 0.099, Number of Rej. 101
Task completed!
Ran AdaPT. Time taken: 3.321 seconds
Ran Boca-Leek. Time taken: 0.062 seconds
Ran Clfdr-EM. Time taken: 1.777 seconds
Ran AdaPT-xgboost. Time taken: 0.006 seconds
simulation run:37/90
Ran IHW-quantile. Time taken: 0.001 seconds
Ran IHW-forest. Time taken: 0.294 seconds
Ran BH. Time taken: 0.002 seconds
Ran AdaPT. Time taken: 5.772 seconds
Ran Boca-Leek. Time taken: 0.067 seconds
Ran Clfdr-EM. Time taken: 0.01 seconds
Ran AdaPT-xgboost. Time taken: 0.005 seconds
simulation run:38/90
Ran IHW-quantile. Time taken: 6.816 seconds
Ran IHW-forest. Time taken: 0.304 seconds
Ran BH. Time taken: 0.002 seconds
alpha = 0.1: FDPhat 0.0935, Number of Rej. 107
Task completed!
Ran AdaPT. Time taken: 4.299 seconds
Ran Boca-Leek. Time taken: 0.064 seconds
Ran Clfdr-EM. Time taken: 0.391 seconds
Ran AdaPT-xgboost. Time taken: 0.006 seconds
simulation run:39/90
Ran IHW-quantile. Time taken: 1.129 seconds
Ran IHW-forest. Time taken: 0.291 seconds
Ran BH. Time taken: 0.003 seconds
alpha = 0.1: FDPhat 0.0833, Number of Rej. 36
Task completed!
Ran AdaPT. Time taken: 3.825 seconds
Ran Boca-Leek. Time taken: 0.061 seconds
Ran Clfdr-EM. Time taken: 0.718 seconds
Ran AdaPT-xgboost. Time taken: 0.006 seconds
simulation run:40/90
Ran IHW-quantile. Time taken: 1.104 seconds
Ran IHW-forest. Time taken: 0.299 seconds
Ran BH. Time taken: 0.002 seconds
alpha = 0.1: FDPhat 0.1, Number of Rej. 80
Task completed!
Ran AdaPT. Time taken: 3.096 seconds
Ran Boca-Leek. Time taken: 0.062 seconds
Ran Clfdr-EM. Time taken: 1.779 seconds
Ran AdaPT-xgboost. Time taken: 0.006 seconds
simulation run:41/90
Ran IHW-quantile. Time taken: 1.246 seconds
Ran IHW-forest. Time taken: 0.299 seconds
Ran BH. Time taken: 0.003 seconds
alpha = 0.1: FDPhat 0.096, Number of Rej. 125
Task completed!
Ran AdaPT. Time taken: 2.943 seconds
Ran Boca-Leek. Time taken: 0.063 seconds
Ran Clfdr-EM. Time taken: 1.787 seconds
Ran AdaPT-xgboost. Time taken: 0.006 seconds
simulation run:42/90
Ran IHW-quantile. Time taken: 1.066 seconds
Ran IHW-forest. Time taken: 0.285 seconds
Ran BH. Time taken: 0.003 seconds
alpha = 0.1: FDPhat 0.0909, Number of Rej. 22
Task completed!
Ran AdaPT. Time taken: 3.74 seconds
Ran Boca-Leek. Time taken: 0.061 seconds
Ran Clfdr-EM. Time taken: 0.018 seconds
Ran AdaPT-xgboost. Time taken: 0.005 seconds
simulation run:43/90
Ran IHW-quantile. Time taken: 29.24 seconds
Ran IHW-forest. Time taken: 0.286 seconds
Ran BH. Time taken: 0.003 seconds
Ran AdaPT. Time taken: 4.47 seconds
Ran Boca-Leek. Time taken: 0.067 seconds
Ran Clfdr-EM. Time taken: 0.02 seconds
Ran AdaPT-xgboost. Time taken: 0.006 seconds
simulation run:44/90
Ran IHW-quantile. Time taken: 1.234 seconds
Ran IHW-forest. Time taken: 0.302 seconds
Ran BH. Time taken: 0.003 seconds
alpha = 0.1: FDPhat 0.0847, Number of Rej. 59
Task completed!
Ran AdaPT. Time taken: 3.568 seconds
Ran Boca-Leek. Time taken: 0.062 seconds
Ran Clfdr-EM. Time taken: 2.085 seconds
Ran AdaPT-xgboost. Time taken: 0.006 seconds
simulation run:45/90
Ran IHW-quantile. Time taken: 0.001 seconds
Ran IHW-forest. Time taken: 0.302 seconds
Ran BH. Time taken: 0.002 seconds
alpha = 0.1: FDPhat 0.0893, Number of Rej. 56
Task completed!
Ran AdaPT. Time taken: 4.087 seconds
Ran Boca-Leek. Time taken: 0.067 seconds
Ran Clfdr-EM. Time taken: 0.136 seconds
Ran AdaPT-xgboost. Time taken: 0.006 seconds
simulation run:46/90
Ran IHW-quantile. Time taken: 1.244 seconds
Ran IHW-forest. Time taken: 0.305 seconds
Ran BH. Time taken: 0.002 seconds
alpha = 0.1: FDPhat 0.096, Number of Rej. 125
Task completed!
Ran AdaPT. Time taken: 3.124 seconds
Ran Boca-Leek. Time taken: 0.062 seconds
Ran Clfdr-EM. Time taken: 1.764 seconds
Ran AdaPT-xgboost. Time taken: 0.007 seconds
simulation run:47/90
Ran IHW-quantile. Time taken: 1.245 seconds
Ran IHW-forest. Time taken: 0.302 seconds
Ran BH. Time taken: 0.003 seconds
alpha = 0.1: FDPhat 0.0984, Number of Rej. 61
Task completed!
Ran AdaPT. Time taken: 3.079 seconds
Ran Boca-Leek. Time taken: 0.063 seconds
Ran Clfdr-EM. Time taken: 1.759 seconds
Ran AdaPT-xgboost. Time taken: 0.006 seconds
simulation run:48/90
Ran IHW-quantile. Time taken: 6.068 seconds
Ran IHW-forest. Time taken: 0.299 seconds
Ran BH. Time taken: 0.003 seconds
alpha = 0.1: FDPhat 0.0952, Number of Rej. 63
Task completed!
Ran AdaPT. Time taken: 4.144 seconds
Ran Boca-Leek. Time taken: 0.066 seconds
Ran Clfdr-EM. Time taken: 2.422 seconds
Ran AdaPT-xgboost. Time taken: 0.006 seconds
simulation run:49/90
Ran IHW-quantile. Time taken: 1.216 seconds
Ran IHW-forest. Time taken: 0.298 seconds
Ran BH. Time taken: 0.002 seconds
alpha = 0.1: FDPhat 0.0943, Number of Rej. 53
Task completed!
Ran AdaPT. Time taken: 3.277 seconds
Ran Boca-Leek. Time taken: 0.062 seconds
Ran Clfdr-EM. Time taken: 1.766 seconds
Ran AdaPT-xgboost. Time taken: 0.006 seconds
simulation run:50/90
Ran IHW-quantile. Time taken: 1.034 seconds
Ran IHW-forest. Time taken: 0.29 seconds
Ran BH. Time taken: 0.003 seconds
alpha = 0.1: FDPhat 0.0811, Number of Rej. 37
Task completed!
Ran AdaPT. Time taken: 3.625 seconds
Ran Boca-Leek. Time taken: 0.063 seconds
Ran Clfdr-EM. Time taken: 0.018 seconds
Ran AdaPT-xgboost. Time taken: 0.005 seconds
simulation run:51/90
Ran IHW-quantile. Time taken: 0 seconds
Ran IHW-forest. Time taken: 0.293 seconds
Ran BH. Time taken: 0.002 seconds
Ran AdaPT. Time taken: 5.959 seconds
Ran Boca-Leek. Time taken: 0.068 seconds
Ran Clfdr-EM. Time taken: 1.039 seconds
Ran AdaPT-xgboost. Time taken: 0.006 seconds
simulation run:52/90
Ran IHW-quantile. Time taken: 1.229 seconds
Ran IHW-forest. Time taken: 0.305 seconds
Ran BH. Time taken: 0.002 seconds
alpha = 0.1: FDPhat 0.0933, Number of Rej. 75
Task completed!
Ran AdaPT. Time taken: 3.405 seconds
Ran Boca-Leek. Time taken: 0.063 seconds
Ran Clfdr-EM. Time taken: 1.832 seconds
Ran AdaPT-xgboost. Time taken: 0.006 seconds
simulation run:53/90
Ran IHW-quantile. Time taken: 1.049 seconds
Ran IHW-forest. Time taken: 0.285 seconds
Ran BH. Time taken: 0.003 seconds
alpha = 0.1: FDPhat 0.1, Number of Rej. 20
Task completed!
Ran AdaPT. Time taken: 3.439 seconds
Ran Boca-Leek. Time taken: 0.062 seconds
Ran Clfdr-EM. Time taken: 0.018 seconds
Ran AdaPT-xgboost. Time taken: 0.005 seconds
simulation run:54/90
Ran IHW-quantile. Time taken: 2.781 seconds
Ran IHW-forest. Time taken: 0.296 seconds
Ran BH. Time taken: 0.003 seconds
alpha = 0.1: FDPhat 0.0952, Number of Rej. 84
Task completed!
Ran AdaPT. Time taken: 3.271 seconds
Ran Boca-Leek. Time taken: 0.065 seconds
Ran Clfdr-EM. Time taken: 0.019 seconds
Ran AdaPT-xgboost. Time taken: 0.006 seconds
simulation run:55/90
Ran IHW-quantile. Time taken: 1.026 seconds
Ran IHW-forest. Time taken: 0.293 seconds
Ran BH. Time taken: 0.002 seconds
Ran AdaPT. Time taken: 4.018 seconds
Ran Boca-Leek. Time taken: 0.063 seconds
Ran Clfdr-EM. Time taken: 0.008 seconds
Ran AdaPT-xgboost. Time taken: 0.005 seconds
simulation run:56/90
Ran IHW-quantile. Time taken: 1.062 seconds
Ran IHW-forest. Time taken: 0.287 seconds
Ran BH. Time taken: 0.003 seconds
alpha = 0.1: FDPhat 0.1, Number of Rej. 20
Task completed!
Ran AdaPT. Time taken: 3.47 seconds
Ran Boca-Leek. Time taken: 0.062 seconds
Ran Clfdr-EM. Time taken: 0.018 seconds
Ran AdaPT-xgboost. Time taken: 0.006 seconds
simulation run:57/90
Ran IHW-quantile. Time taken: 1.216 seconds
Ran IHW-forest. Time taken: 0.295 seconds
Ran BH. Time taken: 0.003 seconds
alpha = 0.1: FDPhat 0.0897, Number of Rej. 78
Task completed!
Ran AdaPT. Time taken: 3.314 seconds
Ran Boca-Leek. Time taken: 0.062 seconds
Ran Clfdr-EM. Time taken: 2.059 seconds
Ran AdaPT-xgboost. Time taken: 0.006 seconds
simulation run:58/90
Ran IHW-quantile. Time taken: 6.024 seconds
Ran IHW-forest. Time taken: 0.305 seconds
Ran BH. Time taken: 0.002 seconds
alpha = 0.1: FDPhat 0.0984, Number of Rej. 122
Task completed!
Ran AdaPT. Time taken: 3.164 seconds
Ran Boca-Leek. Time taken: 0.066 seconds
Ran Clfdr-EM. Time taken: 0.418 seconds
Ran AdaPT-xgboost. Time taken: 0.005 seconds
simulation run:59/90
Ran IHW-quantile. Time taken: 1.074 seconds
Ran IHW-forest. Time taken: 0.288 seconds
Ran BH. Time taken: 0.003 seconds
alpha = 0.1: FDPhat 0.0833, Number of Rej. 12
Task completed!
Ran AdaPT. Time taken: 3.514 seconds
Ran Boca-Leek. Time taken: 0.063 seconds
Ran Clfdr-EM. Time taken: 2.077 seconds
Ran AdaPT-xgboost. Time taken: 0.006 seconds
simulation run:60/90
Ran IHW-quantile. Time taken: 1.228 seconds
Ran IHW-forest. Time taken: 0.295 seconds
Ran BH. Time taken: 0.003 seconds
alpha = 0.1: FDPhat 0.0992, Number of Rej. 121
Task completed!
Ran AdaPT. Time taken: 4.047 seconds
Ran Boca-Leek. Time taken: 0.064 seconds
Ran Clfdr-EM. Time taken: 0.287 seconds
Ran AdaPT-xgboost. Time taken: 0.005 seconds
simulation run:61/90
Ran IHW-quantile. Time taken: 1.279 seconds
Ran IHW-forest. Time taken: 0.299 seconds
Ran BH. Time taken: 0.003 seconds
alpha = 0.1: FDPhat 0.0978, Number of Rej. 92
Task completed!
Ran AdaPT. Time taken: 3.296 seconds
Ran Boca-Leek. Time taken: 0.063 seconds
Ran Clfdr-EM. Time taken: 2.083 seconds
Ran AdaPT-xgboost. Time taken: 0.006 seconds
simulation run:62/90
Ran IHW-quantile. Time taken: 1.082 seconds
Ran IHW-forest. Time taken: 0.298 seconds
Ran BH. Time taken: 0.002 seconds
alpha = 0.1: FDPhat 0.0938, Number of Rej. 64
Task completed!
Ran AdaPT. Time taken: 3.573 seconds
Ran Boca-Leek. Time taken: 0.063 seconds
Ran Clfdr-EM. Time taken: 0.018 seconds
Ran AdaPT-xgboost. Time taken: 0.005 seconds
simulation run:63/90
Ran IHW-quantile. Time taken: 1.075 seconds
Ran IHW-forest. Time taken: 0.287 seconds
Ran BH. Time taken: 0.004 seconds
alpha = 0.1: FDPhat 0.0882, Number of Rej. 34
Task completed!
Ran AdaPT. Time taken: 4.089 seconds
Ran Boca-Leek. Time taken: 0.063 seconds
Ran Clfdr-EM. Time taken: 1.735 seconds
Ran AdaPT-xgboost. Time taken: 0.007 seconds
simulation run:64/90
Ran IHW-quantile. Time taken: 1.212 seconds
Ran IHW-forest. Time taken: 0.296 seconds
Ran BH. Time taken: 0.004 seconds
alpha = 0.1: FDPhat 0.093, Number of Rej. 86
Task completed!
Ran AdaPT. Time taken: 3.448 seconds
Ran Boca-Leek. Time taken: 0.062 seconds
Ran Clfdr-EM. Time taken: 0.479 seconds
Ran AdaPT-xgboost. Time taken: 0.007 seconds
simulation run:65/90
Ran IHW-quantile. Time taken: 0.001 seconds
Ran IHW-forest. Time taken: 0.301 seconds
Ran BH. Time taken: 0.003 seconds
alpha = 0.1: FDPhat 0.0968, Number of Rej. 62
Task completed!
Ran AdaPT. Time taken: 4.445 seconds
Ran Boca-Leek. Time taken: 0.068 seconds
Ran Clfdr-EM. Time taken: 2.177 seconds
Ran AdaPT-xgboost. Time taken: 0.006 seconds
simulation run:66/90
Ran IHW-quantile. Time taken: 6.631 seconds
Ran IHW-forest. Time taken: 0.304 seconds
Ran BH. Time taken: 0.002 seconds
alpha = 0.1: FDPhat 0.0988, Number of Rej. 81
Task completed!
Ran AdaPT. Time taken: 4.806 seconds
Ran Boca-Leek. Time taken: 0.066 seconds
Ran Clfdr-EM. Time taken: 0.398 seconds
Ran AdaPT-xgboost. Time taken: 0.006 seconds
simulation run:67/90
Ran IHW-quantile. Time taken: 1.052 seconds
Ran IHW-forest. Time taken: 0.285 seconds
Ran BH. Time taken: 0.003 seconds
alpha = 0.1: FDPhat 0.0714, Number of Rej. 14
Task completed!
Ran AdaPT. Time taken: 4.241 seconds
Ran Boca-Leek. Time taken: 0.063 seconds
Ran Clfdr-EM. Time taken: 0.018 seconds
Ran AdaPT-xgboost. Time taken: 0.005 seconds
simulation run:68/90
Ran IHW-quantile. Time taken: 3.06 seconds
Ran IHW-forest. Time taken: 0.296 seconds
Ran BH. Time taken: 0.003 seconds
alpha = 0.1: FDPhat 0.0986, Number of Rej. 71
Task completed!
Ran AdaPT. Time taken: 4.439 seconds
Ran Boca-Leek. Time taken: 0.064 seconds
Ran Clfdr-EM. Time taken: 0.44 seconds
Ran AdaPT-xgboost. Time taken: 0.006 seconds
simulation run:69/90
Ran IHW-quantile. Time taken: 1.144 seconds
Ran IHW-forest. Time taken: 0.295 seconds
Ran BH. Time taken: 0.003 seconds
alpha = 0.1: FDPhat 0.0938, Number of Rej. 32
Task completed!
Ran AdaPT. Time taken: 3.665 seconds
Ran Boca-Leek. Time taken: 0.063 seconds
Ran Clfdr-EM. Time taken: 0.018 seconds
Ran AdaPT-xgboost. Time taken: 0.005 seconds
simulation run:70/90
Ran IHW-quantile. Time taken: 6.443 seconds
Ran IHW-forest. Time taken: 0.297 seconds
Ran BH. Time taken: 0.003 seconds
alpha = 0.1: FDPhat 0.0973, Number of Rej. 113
Task completed!
Ran AdaPT. Time taken: 4.083 seconds
Ran Boca-Leek. Time taken: 0.064 seconds
Ran Clfdr-EM. Time taken: 0.475 seconds
Ran AdaPT-xgboost. Time taken: 0.006 seconds
simulation run:71/90
Ran IHW-quantile. Time taken: 0.001 seconds
Ran IHW-forest. Time taken: 0.297 seconds
Ran BH. Time taken: 0.002 seconds
alpha = 0.1: FDPhat 0.0833, Number of Rej. 36
Task completed!
Ran AdaPT. Time taken: 4.126 seconds
Ran Boca-Leek. Time taken: 0.066 seconds
Ran Clfdr-EM. Time taken: 0.348 seconds
Ran AdaPT-xgboost. Time taken: 0.006 seconds
simulation run:72/90
Ran IHW-quantile. Time taken: 1.06 seconds
Ran IHW-forest. Time taken: 0.286 seconds
Ran BH. Time taken: 0.004 seconds
alpha = 0.1: FDPhat 0.0968, Number of Rej. 31
Task completed!
Ran AdaPT. Time taken: 4.696 seconds
Ran Boca-Leek. Time taken: 0.062 seconds
Ran Clfdr-EM. Time taken: 0.018 seconds
Ran AdaPT-xgboost. Time taken: 0.006 seconds
simulation run:73/90
Ran IHW-quantile. Time taken: 1.239 seconds
Ran IHW-forest. Time taken: 0.295 seconds
Ran BH. Time taken: 0.002 seconds
alpha = 0.1: FDPhat 0.0964, Number of Rej. 83
Task completed!
Ran AdaPT. Time taken: 3.082 seconds
Ran Boca-Leek. Time taken: 0.062 seconds
Ran Clfdr-EM. Time taken: 2.071 seconds
Ran AdaPT-xgboost. Time taken: 0.007 seconds
simulation run:74/90
Ran IHW-quantile. Time taken: 5.583 seconds
Ran IHW-forest. Time taken: 0.297 seconds
Ran BH. Time taken: 0.002 seconds
alpha = 0.1: FDPhat 0.08, Number of Rej. 25
Task completed!
Ran AdaPT. Time taken: 4.443 seconds
Ran Boca-Leek. Time taken: 0.064 seconds
Ran Clfdr-EM. Time taken: 0.009 seconds
Ran AdaPT-xgboost. Time taken: 0.005 seconds
simulation run:75/90
Ran IHW-quantile. Time taken: 0.001 seconds
Ran IHW-forest. Time taken: 0.293 seconds
Ran BH. Time taken: 0.002 seconds
alpha = 0.1: FDPhat 0.069, Number of Rej. 29
Task completed!
Ran AdaPT. Time taken: 4.337 seconds
Ran Boca-Leek. Time taken: 0.069 seconds
Ran Clfdr-EM. Time taken: 0.022 seconds
Ran AdaPT-xgboost. Time taken: 0.006 seconds
simulation run:76/90
Ran IHW-quantile. Time taken: 1.234 seconds
Ran IHW-forest. Time taken: 0.301 seconds
Ran BH. Time taken: 0.002 seconds
alpha = 0.1: FDPhat 0.1, Number of Rej. 90
Task completed!
Ran AdaPT. Time taken: 3.825 seconds
Ran Boca-Leek. Time taken: 0.063 seconds
Ran Clfdr-EM. Time taken: 1.856 seconds
Ran AdaPT-xgboost. Time taken: 0.006 seconds
simulation run:77/90
Ran IHW-quantile. Time taken: 5.792 seconds
Ran IHW-forest. Time taken: 0.309 seconds
Ran BH. Time taken: 0.002 seconds
alpha = 0.1: FDPhat 0.0973, Number of Rej. 113
Task completed!
Ran AdaPT. Time taken: 3.346 seconds
Ran Boca-Leek. Time taken: 0.065 seconds
Ran Clfdr-EM. Time taken: 0.044 seconds
Ran AdaPT-xgboost. Time taken: 0.005 seconds
simulation run:78/90
Ran IHW-quantile. Time taken: 0.001 seconds
Ran IHW-forest. Time taken: 0.308 seconds
Ran BH. Time taken: 0.002 seconds
alpha = 0.1: FDPhat 0.1, Number of Rej. 60
Task completed!
Ran AdaPT. Time taken: 4.976 seconds
Ran Boca-Leek. Time taken: 0.068 seconds
Ran Clfdr-EM. Time taken: 0.181 seconds
Ran AdaPT-xgboost. Time taken: 0.006 seconds
simulation run:79/90
Ran IHW-quantile. Time taken: 6.366 seconds
Ran IHW-forest. Time taken: 0.303 seconds
Ran BH. Time taken: 0.002 seconds
alpha = 0.1: FDPhat 0.0943, Number of Rej. 106
Task completed!
Ran AdaPT. Time taken: 3.72 seconds
Ran Boca-Leek. Time taken: 0.066 seconds
Ran Clfdr-EM. Time taken: 0.021 seconds
Ran AdaPT-xgboost. Time taken: 0.006 seconds
simulation run:80/90
Ran IHW-quantile. Time taken: 1.179 seconds
Ran IHW-forest. Time taken: 0.297 seconds
Ran BH. Time taken: 0.003 seconds
alpha = 0.1: FDPhat 0.0896, Number of Rej. 67
Task completed!
Ran AdaPT. Time taken: 3.625 seconds
Ran Boca-Leek. Time taken: 0.061 seconds
Ran Clfdr-EM. Time taken: 1.743 seconds
Ran AdaPT-xgboost. Time taken: 0.007 seconds
simulation run:81/90
Ran IHW-quantile. Time taken: 6.482 seconds
Ran IHW-forest. Time taken: 0.3 seconds
Ran BH. Time taken: 0.003 seconds
alpha = 0.1: FDPhat 0.098, Number of Rej. 102
Task completed!
Ran AdaPT. Time taken: 3.565 seconds
Ran Boca-Leek. Time taken: 0.064 seconds
Ran Clfdr-EM. Time taken: 0.199 seconds
Ran AdaPT-xgboost. Time taken: 0.006 seconds
simulation run:82/90
Ran IHW-quantile. Time taken: 1.078 seconds
Ran IHW-forest. Time taken: 0.297 seconds
Ran BH. Time taken: 0.003 seconds
alpha = 0.1: FDPhat 0.0986, Number of Rej. 71
Task completed!
Ran AdaPT. Time taken: 3.409 seconds
Ran Boca-Leek. Time taken: 0.062 seconds
Ran Clfdr-EM. Time taken: 0.628 seconds
Ran AdaPT-xgboost. Time taken: 0.006 seconds
simulation run:83/90
Ran IHW-quantile. Time taken: 1.177 seconds
Ran IHW-forest. Time taken: 0.293 seconds
Ran BH. Time taken: 0.003 seconds
alpha = 0.1: FDPhat 0.1, Number of Rej. 50
Task completed!
Ran AdaPT. Time taken: 3.574 seconds
Ran Boca-Leek. Time taken: 0.063 seconds
Ran Clfdr-EM. Time taken: 1.768 seconds
Ran AdaPT-xgboost. Time taken: 0.006 seconds
simulation run:84/90
Ran IHW-quantile. Time taken: 6.473 seconds
Ran IHW-forest. Time taken: 0.292 seconds
Ran BH. Time taken: 0.003 seconds
alpha = 0.1: FDPhat 0.087, Number of Rej. 46
Task completed!
Ran AdaPT. Time taken: 4.048 seconds
Ran Boca-Leek. Time taken: 0.064 seconds
Ran Clfdr-EM. Time taken: 0.121 seconds
Ran AdaPT-xgboost. Time taken: 0.006 seconds
simulation run:85/90
Ran IHW-quantile. Time taken: 5.143 seconds
Ran IHW-forest. Time taken: 0.302 seconds
Ran BH. Time taken: 0.002 seconds
alpha = 0.1: FDPhat 0.1, Number of Rej. 70
Task completed!
Ran AdaPT. Time taken: 3.398 seconds
Ran Boca-Leek. Time taken: 0.065 seconds
Ran Clfdr-EM. Time taken: 0.637 seconds
Ran AdaPT-xgboost. Time taken: 0.006 seconds
simulation run:86/90
Ran IHW-quantile. Time taken: 2.429 seconds
Ran IHW-forest. Time taken: 0.283 seconds
Ran BH. Time taken: 0.002 seconds
Ran AdaPT. Time taken: 5.029 seconds
Ran Boca-Leek. Time taken: 0.063 seconds
Ran Clfdr-EM. Time taken: 0.019 seconds
Ran AdaPT-xgboost. Time taken: 0.006 seconds
simulation run:87/90
Ran IHW-quantile. Time taken: 2.972 seconds
Ran IHW-forest. Time taken: 0.29 seconds
Ran BH. Time taken: 0.003 seconds
alpha = 0.1: FDPhat 0.093, Number of Rej. 43
Task completed!
Ran AdaPT. Time taken: 3.481 seconds
Ran Boca-Leek. Time taken: 0.063 seconds
Ran Clfdr-EM. Time taken: 0.335 seconds
Ran AdaPT-xgboost. Time taken: 0.006 seconds
simulation run:88/90
Ran IHW-quantile. Time taken: 1.123 seconds
Ran IHW-forest. Time taken: 0.291 seconds
Ran BH. Time taken: 0.003 seconds
alpha = 0.1: FDPhat 0.0893, Number of Rej. 56
Task completed!
Ran AdaPT. Time taken: 4.449 seconds
Ran Boca-Leek. Time taken: 0.062 seconds
Ran Clfdr-EM. Time taken: 1.782 seconds
Ran AdaPT-xgboost. Time taken: 0.006 seconds
simulation run:89/90
Ran IHW-quantile. Time taken: 2.572 seconds
Ran IHW-forest. Time taken: 0.288 seconds
Ran BH. Time taken: 0.002 seconds
Ran AdaPT. Time taken: 4.982 seconds
Ran Boca-Leek. Time taken: 0.063 seconds
Ran Clfdr-EM. Time taken: 0.009 seconds
Ran AdaPT-xgboost. Time taken: 0.005 seconds
simulation run:90/90
Ran IHW-quantile. Time taken: 1.155 seconds
Ran IHW-forest. Time taken: 0.291 seconds
Ran BH. Time taken: 0.004 seconds
alpha = 0.1: FDPhat 0.087, Number of Rej. 46
Task completed!
Ran AdaPT. Time taken: 3.472 seconds
Ran Boca-Leek. Time taken: 0.062 seconds
Ran Clfdr-EM. Time taken: 1.834 seconds
Ran AdaPT-xgboost. Time taken: 0.006 seconds
[1] "\n"
