- One or more packages recorded in the lockfile are not installed.
- Use `renv::status()` for more details.

##------ Sat Aug 19 01:07:52 2023 ------##
##------ Sat Aug 19 01:07:52 2023 ------## 

simulation run:1/70
simulation run:2/70
simulation run:3/70
simulation run:4/70
simulation run:6/70
simulation run:5/70
simulation run:7/70
simulation run:8/70
simulation run:9/70
simulation run:10/70
simulation run:12/70
simulation run:11/70
simulation run:13/70
simulation run:14/70
simulation run:15/70
simulation run:16/70
simulation run:17/70
simulation run:18/70
simulation run:19/70
simulation run:20/70
simulation run:21/70
simulation run:22/70
simulation run:23/70
simulation run:24/70
simulation run:25/70
simulation run:26/70
simulation run:27/70
simulation run:28/70
simulation run:29/70
simulation run:30/70
simulation run:31/70
simulation run:32/70
simulation run:33/70
simulation run:34/70
simulation run:35/70
simulation run:36/70
simulation run:37/70
simulation run:38/70
simulation run:39/70
simulation run:40/70
simulation run:41/70
simulation run:42/70
simulation run:43/70
simulation run:44/70
simulation run:45/70
simulation run:46/70
simulation run:47/70
simulation run:48/70
simulation run:49/70
simulation run:50/70
simulation run:51/70
simulation run:52/70
simulation run:53/70
simulation run:54/70
simulation run:55/70
Ran IHW-quantile. Time taken: 0.002 seconds
simulation run:56/70
simulation run:57/70
simulation run:58/70
Ran IHW-quantile. Time taken: 0.002 seconds
simulation run:59/70
simulation run:60/70
simulation run:61/70
simulation run:62/70
simulation run:63/70
simulation run:64/70
simulation run:65/70
Ran IHW-quantile. Time taken: 0.001 seconds
simulation run:66/70
Ran IHW-quantile. Time taken: 0.001 seconds
simulation run:67/70
simulation run:68/70
simulation run:69/70
simulation run:70/70
Ran IHW-quantile. Time taken: 0.408 seconds
Ran IHW-quantile. Time taken: 0.002 seconds
Ran IHW-quantile. Time taken: 0.002 seconds
Ran IHW-quantile. Time taken: 0.002 seconds
Ran IHW-quantile. Time taken: 0.002 seconds
Ran IHW-quantile. Time taken: 0.001 seconds
Ran IHW-forest. Time taken: 12.547 seconds
Ran IHW-forest. Time taken: 13.185 seconds
Ran IHW-forest. Time taken: 10.529 seconds
Ran IHW-forest. Time taken: 14.663 seconds
Ran IHW-forest. Time taken: 14.031 seconds
Ran BH. Time taken: 0.058 seconds
Ran BH. Time taken: 0.05 seconds
Ran BH. Time taken: 0.002 seconds
Ran IHW-forest. Time taken: 10.59 seconds
Ran IHW-forest. Time taken: 11.166 seconds
Ran BH. Time taken: 0.058 seconds
Ran IHW-forest. Time taken: 10.368 seconds
Ran BH. Time taken: 0.038 seconds
Ran IHW-forest. Time taken: 10.996 seconds
Ran BH. Time taken: 0.042 seconds
Ran BH. Time taken: 0.002 seconds
Ran BH. Time taken: 0.002 seconds
Ran IHW-forest. Time taken: 10.282 seconds
Ran BH. Time taken: 0.05 seconds
Ran BH. Time taken: 0.002 seconds
Ran IHW-quantile. Time taken: 34.245 seconds
Ran IHW-quantile. Time taken: 28.811 seconds
Ran IHW-quantile. Time taken: 36.436 seconds
Ran IHW-quantile. Time taken: 30.018 seconds
Ran IHW-quantile. Time taken: 30.396 seconds
Ran IHW-quantile. Time taken: 36.718 seconds
Ran IHW-quantile. Time taken: 25.492 seconds
Ran IHW-quantile. Time taken: 33.003 seconds
Ran IHW-quantile. Time taken: 29.123 seconds
Ran IHW-quantile. Time taken: 35.18 seconds
Ran IHW-quantile. Time taken: 32.681 seconds
Ran IHW-quantile. Time taken: 32.433 seconds
Ran IHW-quantile. Time taken: 28.133 seconds
Ran IHW-quantile. Time taken: 36.71 seconds
Ran IHW-quantile. Time taken: 28.729 seconds
Ran IHW-quantile. Time taken: 30.523 seconds
Ran IHW-quantile. Time taken: 30.195 seconds
Ran IHW-forest. Time taken: 7.838 seconds
Ran IHW-forest. Time taken: 8.181 seconds
Ran IHW-forest. Time taken: 7.718 seconds
Ran IHW-forest. Time taken: 7.815 seconds
Ran IHW-forest. Time taken: 7.81 seconds
Ran IHW-forest. Time taken: 7.723 seconds
Ran IHW-forest. Time taken: 7.807 seconds
Ran IHW-forest. Time taken: 8.06 seconds
Ran IHW-forest. Time taken: 10.972 seconds
Ran IHW-forest. Time taken: 8.109 seconds
Ran BH. Time taken: 0.053 seconds
Ran BH. Time taken: 0.002 seconds
Ran IHW-forest. Time taken: 7.847 seconds
Ran IHW-forest. Time taken: 8.064 seconds
Ran BH. Time taken: 0.046 seconds
Ran IHW-forest. Time taken: 8.116 seconds
Ran BH. Time taken: 0.039 seconds
Ran IHW-forest. Time taken: 7.833 seconds
Ran BH. Time taken: 0.001 seconds
Ran BH. Time taken: 0.042 seconds
Ran IHW-forest. Time taken: 8.134 seconds
Ran IHW-forest. Time taken: 8.157 seconds
Ran IHW-forest. Time taken: 8.065 seconds
Ran BH. Time taken: 0.002 seconds
Ran BH. Time taken: 0.001 seconds
Ran BH. Time taken: 0.002 seconds
Ran BH. Time taken: 0.037 seconds
Ran BH. Time taken: 0.045 seconds
Ran BH. Time taken: 0.049 seconds
Ran BH. Time taken: 0.002 seconds
Ran BH. Time taken: 0.052 seconds
Ran BH. Time taken: 0.002 seconds
Ran BH. Time taken: 0.056 seconds
Ran BH. Time taken: 0.002 seconds
Ran IHW-quantile. Time taken: 70.314 seconds
Ran IHW-quantile. Time taken: 71.691 seconds
Ran IHW-quantile. Time taken: 77.917 seconds
Ran IHW-quantile. Time taken: 78.198 seconds
Ran IHW-quantile. Time taken: 72.482 seconds
Ran IHW-quantile. Time taken: 74.003 seconds
Ran IHW-quantile. Time taken: 72.166 seconds
Ran IHW-forest. Time taken: 7.903 seconds
Ran IHW-forest. Time taken: 7.81 seconds
Ran IHW-forest. Time taken: 7.823 seconds
Ran BH. Time taken: 0.002 seconds
Ran IHW-forest. Time taken: 7.896 seconds
Ran IHW-forest. Time taken: 7.736 seconds
Ran BH. Time taken: 0.04 seconds
Ran BH. Time taken: 0.002 seconds
Ran IHW-forest. Time taken: 7.856 seconds
Ran IHW-forest. Time taken: 7.973 seconds
Ran BH. Time taken: 0.002 seconds
Ran BH. Time taken: 0.002 seconds
Ran BH. Time taken: 0.051 seconds
Ran BH. Time taken: 0.051 seconds
alpha = 0.1: FDPhat 0.0985, Number of Rej. 132
Task completed!
Ran AdaPT. Time taken: 85.673 seconds
alpha = 0.1: FDPhat 0.0965, Number of Rej. 114
Task completed!
Ran AdaPT. Time taken: 91.91 seconds
alpha = 0.1: FDPhat 0.1, Number of Rej. 100
Task completed!
Ran AdaPT. Time taken: 90.785 seconds
Ran Boca-Leek. Time taken: 1.303 seconds
Ran Boca-Leek. Time taken: 1.336 seconds
alpha = 0.1: FDPhat 0.099, Number of Rej. 101
Task completed!
Ran AdaPT. Time taken: 67.854 seconds
alpha = 0.1: FDPhat 0.0992, Number of Rej. 131
Task completed!
Ran AdaPT. Time taken: 64.7 seconds
alpha = 0.1: FDPhat 0.1, Number of Rej. 80
Task completed!
Ran Boca-Leek. Time taken: 1.332 seconds
Ran AdaPT. Time taken: 99.101 seconds
alpha = 0.1: FDPhat 0.0897, Number of Rej. 78
Task completed!
Ran AdaPT. Time taken: 65.775 seconds
alpha = 0.1: FDPhat 0.0921, Number of Rej. 76
Task completed!
Ran AdaPT. Time taken: 96.372 seconds
alpha = 0.1: FDPhat 0.096, Number of Rej. 125
Task completed!
Ran AdaPT. Time taken: 92.17 seconds
Ran Clfdr-EM. Time taken: 2.68 seconds
Ran Boca-Leek. Time taken: 1.288 seconds
alpha = 0.1: FDPhat 0.092, Number of Rej. 87
Task completed!
Ran AdaPT. Time taken: 101.74 seconds
Ran Boca-Leek. Time taken: 1.226 seconds
Ran Boca-Leek. Time taken: 1.308 seconds
Ran Boca-Leek. Time taken: 1.189 seconds
Ran Boca-Leek. Time taken: 1.292 seconds
alpha = 0.1: FDPhat 0.0833, Number of Rej. 48
Task completed!
Ran AdaPT. Time taken: 74.698 seconds
Ran Boca-Leek. Time taken: 1.29 seconds
Ran Boca-Leek. Time taken: 1.342 seconds
alpha = 0.1: FDPhat 0.0946, Number of Rej. 148
Task completed!
Ran AdaPT. Time taken: 76.98 seconds
alpha = 0.1: FDPhat 0.0928, Number of Rej. 97
Task completed!
Ran AdaPT. Time taken: 108.44 seconds
Ran Boca-Leek. Time taken: 1.257 seconds
Ran Clfdr-EM. Time taken: 8.408 seconds
alpha = 0.1: FDPhat 0.098, Number of Rej. 51
Task completed!
Ran AdaPT. Time taken: 79.105 seconds
Ran Clfdr-EM. Time taken: 3.95 seconds
alpha = 0.1: FDPhat 0.0952, Number of Rej. 21
Task completed!
Ran AdaPT. Time taken: 82.799 seconds
alpha = 0.1: FDPhat 0.0971, Number of Rej. 103
Task completed!
Ran AdaPT. Time taken: 109.704 seconds
Ran Boca-Leek. Time taken: 2.319 seconds
Ran Boca-Leek. Time taken: 1.438 seconds
alpha = 0.1: FDPhat 0.0984, Number of Rej. 122
Task completed!
Ran AdaPT. Time taken: 81.522 seconds
Ran Boca-Leek. Time taken: 1.276 seconds
Ran Clfdr-EM. Time taken: 5.238 seconds
alpha = 0.1: FDPhat 0.0988, Number of Rej. 81
Task completed!
Ran AdaPT. Time taken: 84.731 seconds
alpha = 0.1: FDPhat 0.0921, Number of Rej. 76
Task completed!
Ran AdaPT. Time taken: 83.335 seconds
Ran Boca-Leek. Time taken: 1.156 seconds
alpha = 0.1: FDPhat 0.0968, Number of Rej. 124
Task completed!
Ran AdaPT. Time taken: 83.3 seconds
Ran Clfdr-EM. Time taken: 10.172 seconds
alpha = 0.1: FDPhat 0.0921, Number of Rej. 76
Task completed!
Ran AdaPT. Time taken: 116.181 seconds
Ran Boca-Leek. Time taken: 1.324 seconds
Ran IHW-quantile. Time taken: 128.749 seconds
Ran Boca-Leek. Time taken: 1.211 seconds
alpha = 0.1: FDPhat 0.0982, Number of Rej. 112
Task completed!
Ran AdaPT. Time taken: 86.949 seconds
alpha = 0.1: FDPhat 0.1, Number of Rej. 70
Task completed!
Ran AdaPT. Time taken: 88.86 seconds
Ran Boca-Leek. Time taken: 1.228 seconds
Ran Boca-Leek. Time taken: 1.242 seconds
Ran Boca-Leek. Time taken: 1.191 seconds
Ran Boca-Leek. Time taken: 1.287 seconds
alpha = 0.1: FDPhat 0.0977, Number of Rej. 133
Task completed!
Ran AdaPT. Time taken: 88.068 seconds
Ran Boca-Leek. Time taken: 1.19 seconds
alpha = 0.1: FDPhat 0.0982, Number of Rej. 112
Task completed!
Ran AdaPT. Time taken: 88.874 seconds
Ran Boca-Leek. Time taken: 1.243 seconds
alpha = 0.1: FDPhat 0.0928, Number of Rej. 97
Task completed!
Ran AdaPT. Time taken: 91.491 seconds
Ran IHW-quantile. Time taken: 139.825 seconds
Ran IHW-quantile. Time taken: 147.198 seconds
Ran Boca-Leek. Time taken: 1.163 seconds
Ran IHW-quantile. Time taken: 151.935 seconds
Ran Boca-Leek. Time taken: 1.214 seconds
Ran IHW-quantile. Time taken: 151.117 seconds
Ran Clfdr-EM. Time taken: 6.328 seconds
Ran IHW-forest. Time taken: 7.625 seconds
Ran Clfdr-EM. Time taken: 12.33 seconds
Ran Boca-Leek. Time taken: 1.165 seconds
Ran Clfdr-EM. Time taken: 5.694 seconds
Ran IHW-quantile. Time taken: 154.195 seconds
Ran BH. Time taken: 0.002 seconds
Ran Clfdr-EM. Time taken: 7.801 seconds
Ran IHW-quantile. Time taken: 149.324 seconds
Ran IHW-quantile. Time taken: 150.303 seconds
Ran Clfdr-EM. Time taken: 6.914 seconds
Ran Clfdr-EM. Time taken: 4.121 seconds
Ran Clfdr-EM. Time taken: 17.89 seconds
Ran IHW-forest. Time taken: 7.665 seconds
Ran IHW-forest. Time taken: 8.098 seconds
Ran Clfdr-EM. Time taken: 21.947 seconds
Ran Clfdr-EM. Time taken: 8.193 seconds
Ran IHW-forest. Time taken: 8.118 seconds
Ran BH. Time taken: 0.002 seconds
Ran IHW-forest. Time taken: 8.33 seconds
Ran Clfdr-EM. Time taken: 32.336 seconds
Ran BH. Time taken: 0.002 seconds
Ran Clfdr-EM. Time taken: 9.115 seconds
Ran BH. Time taken: 0.05 seconds
Ran IHW-forest. Time taken: 7.86 seconds
Ran Clfdr-EM. Time taken: 18.698 seconds
Ran Clfdr-EM. Time taken: 21.953 seconds
Ran BH. Time taken: 0.05 seconds
Ran IHW-forest. Time taken: 7.516 seconds
Ran IHW-forest. Time taken: 8.35 seconds
Ran Clfdr-EM. Time taken: 38.653 seconds
Ran BH. Time taken: 0.037 seconds
Ran BH. Time taken: 0.002 seconds
Ran Clfdr-EM. Time taken: 42.153 seconds
Ran BH. Time taken: 0.002 seconds
Ran Clfdr-EM. Time taken: 47.454 seconds
Ran Clfdr-EM. Time taken: 37.203 seconds
alpha = 0.1: FDPhat 0.0943, Number of Rej. 106
Task completed!
Ran AdaPT. Time taken: 76.097 seconds
alpha = 0.1: FDPhat 0.0957, Number of Rej. 94
Task completed!
Ran AdaPT. Time taken: 78.769 seconds
alpha = 0.1: FDPhat 0.0962, Number of Rej. 104
Task completed!
Ran AdaPT. Time taken: 77.464 seconds
alpha = 0.1: FDPhat 0.0926, Number of Rej. 108
Task completed!
Ran AdaPT. Time taken: 82.003 seconds
Ran Clfdr-EM. Time taken: 26.431 seconds
alpha = 0.1: FDPhat 0.0952, Number of Rej. 63
Task completed!
Ran Boca-Leek. Time taken: 1.06 seconds
Ran AdaPT. Time taken: 81.281 seconds
Ran Boca-Leek. Time taken: 1.075 seconds
alpha = 0.1: FDPhat 0.0976, Number of Rej. 123
Task completed!
Ran AdaPT. Time taken: 77.886 seconds
Ran Clfdr-EM. Time taken: 47.864 seconds
Ran Boca-Leek. Time taken: 0.922 seconds
Ran Boca-Leek. Time taken: 1.038 seconds
Ran Boca-Leek. Time taken: 1.001 seconds
Ran Boca-Leek. Time taken: 1.246 seconds
Ran AdaPT-xgboost. Time taken: 43.774 seconds
Ran Clfdr-EM. Time taken: 40.534 seconds
Ran Clfdr-EM. Time taken: 37.166 seconds
Ran Clfdr-EM. Time taken: 1.561 seconds
Ran AdaPT-xgboost. Time taken: 43.891 seconds
Ran AdaPT-xgboost. Time taken: 35.491 seconds
Ran Clfdr-EM. Time taken: 11.532 seconds
Ran AdaPT-xgboost. Time taken: 34.547 seconds
Ran AdaPT-xgboost. Time taken: 34.275 seconds
alpha = 0.1: FDPhat 0.0946, Number of Rej. 74
Task completed!
Ran AdaPT. Time taken: 96.009 seconds
Ran AdaPT-xgboost. Time taken: 34.127 seconds
Ran AdaPT-xgboost. Time taken: 32.514 seconds
Ran AdaPT-xgboost. Time taken: 33.249 seconds
Ran AdaPT-xgboost. Time taken: 43.345 seconds
Ran Boca-Leek. Time taken: 1.041 seconds
Ran AdaPT-xgboost. Time taken: 42.412 seconds
Ran AdaPT-xgboost. Time taken: 31.994 seconds
Ran AdaPT-xgboost. Time taken: 31.459 seconds
Ran AdaPT-xgboost. Time taken: 40.689 seconds
Ran Clfdr-EM. Time taken: 23.297 seconds
Ran AdaPT-xgboost. Time taken: 30.312 seconds
Ran AdaPT-xgboost. Time taken: 30.432 seconds
Ran AdaPT-xgboost. Time taken: 40.103 seconds
Ran Clfdr-EM. Time taken: 27.542 seconds
Ran AdaPT-xgboost. Time taken: 38.766 seconds
Ran AdaPT-xgboost. Time taken: 39.091 seconds
Ran Clfdr-EM. Time taken: 29.432 seconds
Ran AdaPT-xgboost. Time taken: 30.482 seconds
Ran AdaPT-xgboost. Time taken: 36.759 seconds
Ran AdaPT-xgboost. Time taken: 25.718 seconds
Ran AdaPT-xgboost. Time taken: 25.008 seconds
Ran AdaPT-xgboost. Time taken: 21.477 seconds
Ran AdaPT-xgboost. Time taken: 34.009 seconds
Ran Clfdr-EM. Time taken: 32.641 seconds
Ran AdaPT-xgboost. Time taken: 31.178 seconds
alpha = 0.1: FDPhat 0.0986, Number of Rej. 142
Task completed!
Ran AdaPT. Time taken: 48.123 seconds
Ran AdaPT-xgboost. Time taken: 14.2 seconds
Ran Boca-Leek. Time taken: 0.348 seconds
alpha = 0.1: FDPhat 0.0968, Number of Rej. 93
Task completed!
Ran AdaPT. Time taken: 50.193 seconds
Ran Clfdr-EM. Time taken: 0.052 seconds
alpha = 0.1: FDPhat 0.0957, Number of Rej. 94
Task completed!
Ran AdaPT. Time taken: 56.125 seconds
alpha = 0.1: FDPhat 0.0973, Number of Rej. 113
Task completed!
Ran AdaPT. Time taken: 64.063 seconds
Ran Boca-Leek. Time taken: 0.324 seconds
Ran AdaPT-xgboost. Time taken: 13.214 seconds
Ran AdaPT-xgboost. Time taken: 12.858 seconds
Ran Boca-Leek. Time taken: 0.246 seconds
Ran Boca-Leek. Time taken: 0.31 seconds
Ran Clfdr-EM. Time taken: 0.779 seconds
Ran Clfdr-EM. Time taken: 2.274 seconds
Ran Clfdr-EM. Time taken: 25.061 seconds
alpha = 0.1: FDPhat 0.0976, Number of Rej. 82
Task completed!
Ran AdaPT. Time taken: 58.768 seconds
Ran Boca-Leek. Time taken: 0.578 seconds
Ran AdaPT-xgboost. Time taken: 8.049 seconds
Ran Clfdr-EM. Time taken: 8.282 seconds
alpha = 0.1: FDPhat 0.0938, Number of Rej. 64
Task completed!
Ran AdaPT. Time taken: 63.261 seconds
Ran AdaPT-xgboost. Time taken: 8.305 seconds
Ran AdaPT-xgboost. Time taken: 8.157 seconds
Ran Boca-Leek. Time taken: 0.531 seconds
alpha = 0.1: FDPhat 0.092, Number of Rej. 87
Task completed!
Ran AdaPT. Time taken: 69.952 seconds
alpha = 0.1: FDPhat 0.0968, Number of Rej. 93
Task completed!
Ran AdaPT. Time taken: 63.288 seconds
Ran AdaPT-xgboost. Time taken: 18.815 seconds
Ran Clfdr-EM. Time taken: 7.297 seconds
Ran Clfdr-EM. Time taken: 1.927 seconds
Ran AdaPT-xgboost. Time taken: 6.608 seconds
Ran Boca-Leek. Time taken: 0.316 seconds
Ran Boca-Leek. Time taken: 0.314 seconds
Ran Clfdr-EM. Time taken: 1.486 seconds
Ran Clfdr-EM. Time taken: 2.427 seconds
Ran AdaPT-xgboost. Time taken: 14.579 seconds
Ran AdaPT-xgboost. Time taken: 8.461 seconds
Ran AdaPT-xgboost. Time taken: 9.095 seconds
Ran AdaPT-xgboost. Time taken: 8.001 seconds
Ran AdaPT-xgboost. Time taken: 7.756 seconds
Ran IHW-quantile. Time taken: 283.418 seconds
Ran IHW-forest. Time taken: 0.927 seconds
Ran BH. Time taken: 0.002 seconds
Ran IHW-quantile. Time taken: 285.819 seconds
Ran IHW-forest. Time taken: 0.968 seconds
Ran BH. Time taken: 0.002 seconds
Ran IHW-quantile. Time taken: 284.294 seconds
Ran IHW-forest. Time taken: 0.957 seconds
Ran BH. Time taken: 0.002 seconds
alpha = 0.1: FDPhat 0.1, Number of Rej. 80
Task completed!
Ran AdaPT. Time taken: 10.608 seconds
Ran Boca-Leek. Time taken: 0.104 seconds
Ran Clfdr-EM. Time taken: 0.912 seconds
alpha = 0.1: FDPhat 0.0972, Number of Rej. 72
Task completed!
Ran AdaPT. Time taken: 9.427 seconds
Ran Boca-Leek. Time taken: 0.116 seconds
Ran IHW-quantile. Time taken: 300.445 seconds
Ran Clfdr-EM. Time taken: 0.696 seconds
Ran IHW-quantile. Time taken: 296.655 seconds
Ran IHW-forest. Time taken: 0.926 seconds
Ran BH. Time taken: 0.002 seconds
Ran IHW-forest. Time taken: 0.998 seconds
Ran AdaPT-xgboost. Time taken: 4.749 seconds
Ran BH. Time taken: 0.002 seconds
alpha = 0.1: FDPhat 0.0935, Number of Rej. 107
Task completed!
Ran AdaPT. Time taken: 7.481 seconds
Ran Boca-Leek. Time taken: 0.107 seconds
Ran Clfdr-EM. Time taken: 0.938 seconds
Ran AdaPT-xgboost. Time taken: 4.549 seconds
Ran AdaPT-xgboost. Time taken: 3.315 seconds
alpha = 0.1: FDPhat 0.0971, Number of Rej. 103
Task completed!
Ran AdaPT. Time taken: 6.782 seconds
Ran Boca-Leek. Time taken: 0.101 seconds
alpha = 0.1: FDPhat 0.0974, Number of Rej. 154
Task completed!
Ran AdaPT. Time taken: 5.979 seconds
Ran Boca-Leek. Time taken: 0.065 seconds
Ran Clfdr-EM. Time taken: 0.492 seconds
Ran Clfdr-EM. Time taken: 1.164 seconds
Ran IHW-quantile. Time taken: 301.356 seconds
Ran AdaPT-xgboost. Time taken: 2.544 seconds
Ran IHW-forest. Time taken: 0.552 seconds
Ran BH. Time taken: 0.002 seconds
Ran AdaPT-xgboost. Time taken: 2.602 seconds
alpha = 0.1: FDPhat 0.0968, Number of Rej. 93
Task completed!
Ran AdaPT. Time taken: 4.894 seconds
Ran Boca-Leek. Time taken: 0.065 seconds
Ran Clfdr-EM. Time taken: 0.944 seconds
Ran AdaPT-xgboost. Time taken: 2.067 seconds
[1] "\n"
