- One or more packages recorded in the lockfile are not installed.
- Use `renv::status()` for more details.

##------ Sat Aug 19 01:35:59 2023 ------##
##------ Sat Aug 19 01:35:59 2023 ------## 

simulation run:1/90
Ran IHW-quantile. Time taken: 5.999 seconds
Ran IHW-forest. Time taken: 0.391 seconds
Ran BH. Time taken: 0.001 seconds
alpha = 0.1: FDPhat 0.1, Number of Rej. 130
Task completed!
Ran AdaPT. Time taken: 3.91 seconds
Ran Boca-Leek. Time taken: 0.063 seconds
Ran Clfdr-EM. Time taken: 0.023 seconds
Ran AdaPT-xgboost. Time taken: 2.219 seconds
simulation run:2/90
Ran IHW-quantile. Time taken: 0.001 seconds
Ran IHW-forest. Time taken: 0.312 seconds
Ran BH. Time taken: 0.002 seconds
alpha = 0.1: FDPhat 0.0976, Number of Rej. 41
Task completed!
Ran AdaPT. Time taken: 5.22 seconds
Ran Boca-Leek. Time taken: 0.082 seconds
Ran Clfdr-EM. Time taken: 0.056 seconds
Ran AdaPT-xgboost. Time taken: 0.005 seconds
simulation run:3/90
Ran IHW-quantile. Time taken: 56.641 seconds
Ran IHW-forest. Time taken: 0.296 seconds
Ran BH. Time taken: 0.001 seconds
alpha = 0.1: FDPhat 0.0816, Number of Rej. 49
Task completed!
Ran AdaPT. Time taken: 4.337 seconds
Ran Boca-Leek. Time taken: 0.065 seconds
Ran Clfdr-EM. Time taken: 0.193 seconds
Ran AdaPT-xgboost. Time taken: 0.006 seconds
simulation run:4/90
Ran IHW-quantile. Time taken: 1.259 seconds
Ran IHW-forest. Time taken: 0.298 seconds
Ran BH. Time taken: 0.002 seconds
alpha = 0.1: FDPhat 0.0984, Number of Rej. 122
Task completed!
Ran AdaPT. Time taken: 3.563 seconds
Ran Boca-Leek. Time taken: 0.06 seconds
Ran Clfdr-EM. Time taken: 0.161 seconds
Ran AdaPT-xgboost. Time taken: 0.005 seconds
simulation run:5/90
Ran IHW-quantile. Time taken: 2.957 seconds
Ran IHW-forest. Time taken: 0.297 seconds
Ran BH. Time taken: 0.002 seconds
alpha = 0.1: FDPhat 0.0962, Number of Rej. 52
Task completed!
Ran AdaPT. Time taken: 4.179 seconds
Ran Boca-Leek. Time taken: 0.064 seconds
Ran Clfdr-EM. Time taken: 0.466 seconds
Ran AdaPT-xgboost. Time taken: 0.005 seconds
simulation run:6/90
Ran IHW-quantile. Time taken: 6.587 seconds
Ran IHW-forest. Time taken: 0.304 seconds
Ran BH. Time taken: 0.002 seconds
alpha = 0.1: FDPhat 0.097, Number of Rej. 165
Task completed!
Ran AdaPT. Time taken: 3.477 seconds
Ran Boca-Leek. Time taken: 0.064 seconds
Ran Clfdr-EM. Time taken: 0.59 seconds
Ran AdaPT-xgboost. Time taken: 0.006 seconds
simulation run:7/90
Ran IHW-quantile. Time taken: 3.01 seconds
Ran IHW-forest. Time taken: 0.296 seconds
Ran BH. Time taken: 0.002 seconds
alpha = 0.1: FDPhat 0.0968, Number of Rej. 31
Task completed!
Ran AdaPT. Time taken: 4.066 seconds
Ran Boca-Leek. Time taken: 0.063 seconds
Ran Clfdr-EM. Time taken: 1.929 seconds
Ran AdaPT-xgboost. Time taken: 0.006 seconds
simulation run:8/90
Ran IHW-quantile. Time taken: 1.214 seconds
Ran IHW-forest. Time taken: 0.3 seconds
Ran BH. Time taken: 0.003 seconds
alpha = 0.1: FDPhat 0.0965, Number of Rej. 114
Task completed!
Ran AdaPT. Time taken: 3.009 seconds
Ran Boca-Leek. Time taken: 0.061 seconds
Ran Clfdr-EM. Time taken: 1.92 seconds
Ran AdaPT-xgboost. Time taken: 0.006 seconds
simulation run:9/90
Ran IHW-quantile. Time taken: 1.216 seconds
Ran IHW-forest. Time taken: 0.298 seconds
Ran BH. Time taken: 0.002 seconds
alpha = 0.1: FDPhat 0.0962, Number of Rej. 52
Task completed!
Ran AdaPT. Time taken: 3.35 seconds
Ran Boca-Leek. Time taken: 0.061 seconds
Ran Clfdr-EM. Time taken: 2.191 seconds
Ran AdaPT-xgboost. Time taken: 0.006 seconds
simulation run:10/90
Ran IHW-quantile. Time taken: 1.045 seconds
Ran IHW-forest. Time taken: 0.289 seconds
Ran BH. Time taken: 0.002 seconds
alpha = 0.1: FDPhat 0.0714, Number of Rej. 14
Task completed!
Ran AdaPT. Time taken: 3.604 seconds
Ran Boca-Leek. Time taken: 0.062 seconds
Ran Clfdr-EM. Time taken: 0.018 seconds
Ran AdaPT-xgboost. Time taken: 0.005 seconds
simulation run:11/90
Ran IHW-quantile. Time taken: 1.091 seconds
Ran IHW-forest. Time taken: 0.288 seconds
Ran BH. Time taken: 0.002 seconds
alpha = 0.1: FDPhat 0.08, Number of Rej. 25
Task completed!
Ran AdaPT. Time taken: 3.913 seconds
Ran Boca-Leek. Time taken: 0.061 seconds
Ran Clfdr-EM. Time taken: 0.223 seconds
Ran AdaPT-xgboost. Time taken: 0.006 seconds
simulation run:12/90
Ran IHW-quantile. Time taken: 1.188 seconds
Ran IHW-forest. Time taken: 0.306 seconds
Ran BH. Time taken: 0.002 seconds
alpha = 0.1: FDPhat 0.0947, Number of Rej. 95
Task completed!
Ran AdaPT. Time taken: 3.644 seconds
Ran Boca-Leek. Time taken: 0.061 seconds
Ran Clfdr-EM. Time taken: 0.02 seconds
Ran AdaPT-xgboost. Time taken: 0.006 seconds
simulation run:13/90
Ran IHW-quantile. Time taken: 1.205 seconds
Ran IHW-forest. Time taken: 0.298 seconds
Ran BH. Time taken: 0.002 seconds
alpha = 0.1: FDPhat 0.0952, Number of Rej. 126
Task completed!
Ran AdaPT. Time taken: 2.841 seconds
Ran Boca-Leek. Time taken: 0.062 seconds
Ran Clfdr-EM. Time taken: 1.22 seconds
Ran AdaPT-xgboost. Time taken: 0.006 seconds
simulation run:14/90
Ran IHW-quantile. Time taken: 6.433 seconds
Ran IHW-forest. Time taken: 0.3 seconds
Ran BH. Time taken: 0.002 seconds
alpha = 0.1: FDPhat 0.0897, Number of Rej. 78
Task completed!
Ran AdaPT. Time taken: 4.306 seconds
Ran Boca-Leek. Time taken: 0.065 seconds
Ran Clfdr-EM. Time taken: 0.626 seconds
Ran AdaPT-xgboost. Time taken: 0.006 seconds
simulation run:15/90
Ran IHW-quantile. Time taken: 37.799 seconds
Ran IHW-forest. Time taken: 0.291 seconds
Ran BH. Time taken: 0.003 seconds
Ran AdaPT. Time taken: 5.833 seconds
Ran Boca-Leek. Time taken: 0.067 seconds
Ran Clfdr-EM. Time taken: 0.022 seconds
Ran AdaPT-xgboost. Time taken: 0.005 seconds
simulation run:16/90
Ran IHW-quantile. Time taken: 0 seconds
Ran IHW-forest. Time taken: 0.299 seconds
Ran BH. Time taken: 0.002 seconds
alpha = 0.1: FDPhat 0.0769, Number of Rej. 13
Task completed!
Ran AdaPT. Time taken: 4.636 seconds
Ran Boca-Leek. Time taken: 0.069 seconds
Ran Clfdr-EM. Time taken: 0.022 seconds
Ran AdaPT-xgboost. Time taken: 0.005 seconds
simulation run:17/90
Ran IHW-quantile. Time taken: 1.068 seconds
Ran IHW-forest. Time taken: 0.301 seconds
Ran BH. Time taken: 0.003 seconds
alpha = 0.1: FDPhat 0.0968, Number of Rej. 31
Task completed!
Ran AdaPT. Time taken: 3.443 seconds
Ran Boca-Leek. Time taken: 0.066 seconds
Ran Clfdr-EM. Time taken: 0.019 seconds
Ran AdaPT-xgboost. Time taken: 0.005 seconds
simulation run:18/90
Ran IHW-quantile. Time taken: 1.341 seconds
Ran IHW-forest. Time taken: 0.306 seconds
Ran BH. Time taken: 0.002 seconds
alpha = 0.1: FDPhat 0.0968, Number of Rej. 62
Task completed!
Ran AdaPT. Time taken: 3.631 seconds
Ran Boca-Leek. Time taken: 0.063 seconds
Ran Clfdr-EM. Time taken: 1.786 seconds
Ran AdaPT-xgboost. Time taken: 0.006 seconds
simulation run:19/90
Ran IHW-quantile. Time taken: 1.118 seconds
Ran IHW-forest. Time taken: 0.302 seconds
Ran BH. Time taken: 0.002 seconds
alpha = 0.1: FDPhat 0.0896, Number of Rej. 67
Task completed!
Ran AdaPT. Time taken: 3.324 seconds
Ran Boca-Leek. Time taken: 0.064 seconds
Ran Clfdr-EM. Time taken: 0.104 seconds
Ran AdaPT-xgboost. Time taken: 0.006 seconds
simulation run:20/90
Ran IHW-quantile. Time taken: 1.158 seconds
Ran IHW-forest. Time taken: 0.296 seconds
Ran BH. Time taken: 0.002 seconds
alpha = 0.1: FDPhat 0.0877, Number of Rej. 57
Task completed!
Ran AdaPT. Time taken: 4.345 seconds
Ran Boca-Leek. Time taken: 0.081 seconds
Ran Clfdr-EM. Time taken: 1.805 seconds
Ran AdaPT-xgboost. Time taken: 0.006 seconds
simulation run:21/90
Ran IHW-quantile. Time taken: 1.282 seconds
Ran IHW-forest. Time taken: 0.304 seconds
Ran BH. Time taken: 0.002 seconds
alpha = 0.1: FDPhat 0.099, Number of Rej. 101
Task completed!
Ran AdaPT. Time taken: 3.361 seconds
Ran Boca-Leek. Time taken: 0.062 seconds
Ran Clfdr-EM. Time taken: 1.778 seconds
Ran AdaPT-xgboost. Time taken: 0.006 seconds
simulation run:22/90
Ran IHW-quantile. Time taken: 1.269 seconds
Ran IHW-forest. Time taken: 0.298 seconds
Ran BH. Time taken: 0.003 seconds
alpha = 0.1: FDPhat 0.0941, Number of Rej. 85
Task completed!
Ran AdaPT. Time taken: 3.662 seconds
Ran Boca-Leek. Time taken: 0.063 seconds
Ran Clfdr-EM. Time taken: 1.775 seconds
Ran AdaPT-xgboost. Time taken: 0.006 seconds
simulation run:23/90
Ran IHW-quantile. Time taken: 0.001 seconds
Ran IHW-forest. Time taken: 0.301 seconds
Ran BH. Time taken: 0.002 seconds
alpha = 0.1: FDPhat 0.0968, Number of Rej. 31
Task completed!
Ran AdaPT. Time taken: 4.164 seconds
Ran Boca-Leek. Time taken: 0.067 seconds
Ran Clfdr-EM. Time taken: 0.023 seconds
Ran AdaPT-xgboost. Time taken: 0.006 seconds
simulation run:24/90
Ran IHW-quantile. Time taken: 1.297 seconds
Ran IHW-forest. Time taken: 0.301 seconds
Ran BH. Time taken: 0.003 seconds
alpha = 0.1: FDPhat 0.0973, Number of Rej. 113
Task completed!
Ran AdaPT. Time taken: 3.27 seconds
Ran Boca-Leek. Time taken: 0.062 seconds
Ran Clfdr-EM. Time taken: 2.26 seconds
Ran AdaPT-xgboost. Time taken: 0.006 seconds
simulation run:25/90
Ran IHW-quantile. Time taken: 3.071 seconds
Ran IHW-forest. Time taken: 0.311 seconds
Ran BH. Time taken: 0.002 seconds
alpha = 0.1: FDPhat 0.099, Number of Rej. 101
Task completed!
Ran AdaPT. Time taken: 3.405 seconds
Ran Boca-Leek. Time taken: 0.065 seconds
Ran Clfdr-EM. Time taken: 0.02 seconds
Ran AdaPT-xgboost. Time taken: 0.006 seconds
simulation run:26/90
Ran IHW-quantile. Time taken: 2.874 seconds
Ran IHW-forest. Time taken: 0.287 seconds
Ran BH. Time taken: 0.003 seconds
alpha = 0.1: FDPhat 0.0769, Number of Rej. 26
Task completed!
Ran AdaPT. Time taken: 3.675 seconds
Ran Boca-Leek. Time taken: 0.064 seconds
Ran Clfdr-EM. Time taken: 0.019 seconds
Ran AdaPT-xgboost. Time taken: 0.006 seconds
simulation run:27/90
Ran IHW-quantile. Time taken: 1.267 seconds
Ran IHW-forest. Time taken: 0.297 seconds
Ran BH. Time taken: 0.002 seconds
alpha = 0.1: FDPhat 0.0909, Number of Rej. 77
Task completed!
Ran AdaPT. Time taken: 3.092 seconds
Ran Boca-Leek. Time taken: 0.061 seconds
Ran Clfdr-EM. Time taken: 2.132 seconds
Ran AdaPT-xgboost. Time taken: 0.006 seconds
simulation run:28/90
Ran IHW-quantile. Time taken: 6.618 seconds
Ran IHW-forest. Time taken: 0.292 seconds
Ran BH. Time taken: 0.003 seconds
alpha = 0.1: FDPhat 0.0714, Number of Rej. 28
Task completed!
Ran AdaPT. Time taken: 3.803 seconds
Ran Boca-Leek. Time taken: 0.065 seconds
Ran Clfdr-EM. Time taken: 0.525 seconds
Ran AdaPT-xgboost. Time taken: 0.007 seconds
simulation run:29/90
Ran IHW-quantile. Time taken: 0.001 seconds
Ran IHW-forest. Time taken: 0.294 seconds
Ran BH. Time taken: 0.002 seconds
alpha = 0.1: FDPhat 0.0909, Number of Rej. 11
Task completed!
Ran AdaPT. Time taken: 6.058 seconds
Ran Boca-Leek. Time taken: 0.071 seconds
Ran Clfdr-EM. Time taken: 0.009 seconds
Ran AdaPT-xgboost. Time taken: 0.006 seconds
simulation run:30/90
Ran IHW-quantile. Time taken: 0.001 seconds
Ran IHW-forest. Time taken: 0.298 seconds
Ran BH. Time taken: 0.002 seconds
alpha = 0.1: FDPhat 0.0769, Number of Rej. 13
Task completed!
Ran AdaPT. Time taken: 4.345 seconds
Ran Boca-Leek. Time taken: 0.068 seconds
Ran Clfdr-EM. Time taken: 0.024 seconds
Ran AdaPT-xgboost. Time taken: 0.006 seconds
simulation run:31/90
Ran IHW-quantile. Time taken: 1.172 seconds
Ran IHW-forest. Time taken: 0.297 seconds
Ran BH. Time taken: 0.002 seconds
alpha = 0.1: FDPhat 0.0877, Number of Rej. 57
Task completed!
Ran AdaPT. Time taken: 3.263 seconds
Ran Boca-Leek. Time taken: 0.061 seconds
Ran Clfdr-EM. Time taken: 1.802 seconds
Ran AdaPT-xgboost. Time taken: 0.007 seconds
simulation run:32/90
Ran IHW-quantile. Time taken: 6.345 seconds
Ran IHW-forest. Time taken: 0.292 seconds
Ran BH. Time taken: 0.003 seconds
alpha = 0.1: FDPhat 0.0862, Number of Rej. 58
Task completed!
Ran AdaPT. Time taken: 3.959 seconds
Ran Boca-Leek. Time taken: 0.066 seconds
Ran Clfdr-EM. Time taken: 0.441 seconds
Ran AdaPT-xgboost. Time taken: 0.006 seconds
simulation run:33/90
Ran IHW-quantile. Time taken: 1.029 seconds
Ran IHW-forest. Time taken: 0.291 seconds
Ran BH. Time taken: 0.002 seconds
Ran AdaPT. Time taken: 4.347 seconds
Ran Boca-Leek. Time taken: 0.062 seconds
Ran Clfdr-EM. Time taken: 0.008 seconds
Ran AdaPT-xgboost. Time taken: 0.005 seconds
simulation run:34/90
Ran IHW-quantile. Time taken: 0.001 seconds
Ran IHW-forest. Time taken: 0.3 seconds
Ran BH. Time taken: 0.003 seconds
alpha = 0.1: FDPhat 0.0968, Number of Rej. 62
Task completed!
Ran AdaPT. Time taken: 4.41 seconds
Ran Boca-Leek. Time taken: 0.066 seconds
Ran Clfdr-EM. Time taken: 2.186 seconds
Ran AdaPT-xgboost. Time taken: 0.007 seconds
simulation run:35/90
Ran IHW-quantile. Time taken: 2.661 seconds
Ran IHW-forest. Time taken: 0.294 seconds
Ran BH. Time taken: 0.003 seconds
Ran AdaPT. Time taken: 3.637 seconds
Ran Boca-Leek. Time taken: 0.064 seconds
Ran Clfdr-EM. Time taken: 0.009 seconds
Ran AdaPT-xgboost. Time taken: 0.006 seconds
simulation run:36/90
Ran IHW-quantile. Time taken: 2.952 seconds
Ran IHW-forest. Time taken: 0.298 seconds
Ran BH. Time taken: 0.003 seconds
alpha = 0.1: FDPhat 0.0938, Number of Rej. 32
Task completed!
Ran AdaPT. Time taken: 3.708 seconds
Ran Boca-Leek. Time taken: 0.064 seconds
Ran Clfdr-EM. Time taken: 1.849 seconds
Ran AdaPT-xgboost. Time taken: 0.006 seconds
simulation run:37/90
Ran IHW-quantile. Time taken: 1.2 seconds
Ran IHW-forest. Time taken: 0.302 seconds
Ran BH. Time taken: 0.003 seconds
alpha = 0.1: FDPhat 0.0982, Number of Rej. 112
Task completed!
Ran AdaPT. Time taken: 3.255 seconds
Ran Boca-Leek. Time taken: 0.062 seconds
Ran Clfdr-EM. Time taken: 0.19 seconds
Ran AdaPT-xgboost. Time taken: 0.006 seconds
simulation run:38/90
Ran IHW-quantile. Time taken: 1.237 seconds
Ran IHW-forest. Time taken: 0.299 seconds
Ran BH. Time taken: 0.003 seconds
alpha = 0.1: FDPhat 0.0896, Number of Rej. 67
Task completed!
Ran AdaPT. Time taken: 3.367 seconds
Ran Boca-Leek. Time taken: 0.064 seconds
Ran Clfdr-EM. Time taken: 1.793 seconds
Ran AdaPT-xgboost. Time taken: 0.007 seconds
simulation run:39/90
Ran IHW-quantile. Time taken: 1.03 seconds
Ran IHW-forest. Time taken: 0.289 seconds
Ran BH. Time taken: 0.003 seconds
alpha = 0.1: FDPhat 0.1, Number of Rej. 30
Task completed!
Ran AdaPT. Time taken: 3.551 seconds
Ran Boca-Leek. Time taken: 0.062 seconds
Ran Clfdr-EM. Time taken: 0.008 seconds
Ran AdaPT-xgboost. Time taken: 0.006 seconds
simulation run:40/90
Ran IHW-quantile. Time taken: 1.186 seconds
Ran IHW-forest. Time taken: 0.295 seconds
Ran BH. Time taken: 0.003 seconds
alpha = 0.1: FDPhat 0.0946, Number of Rej. 74
Task completed!
Ran AdaPT. Time taken: 3.168 seconds
Ran Boca-Leek. Time taken: 0.062 seconds
Ran Clfdr-EM. Time taken: 1.758 seconds
Ran AdaPT-xgboost. Time taken: 0.006 seconds
simulation run:41/90
Ran IHW-quantile. Time taken: 2.708 seconds
Ran IHW-forest. Time taken: 0.288 seconds
Ran BH. Time taken: 0.003 seconds
alpha = 0.1: FDPhat 0.087, Number of Rej. 23
Task completed!
Ran AdaPT. Time taken: 3.794 seconds
Ran Boca-Leek. Time taken: 0.068 seconds
Ran Clfdr-EM. Time taken: 0.009 seconds
Ran AdaPT-xgboost. Time taken: 0.006 seconds
simulation run:42/90
Ran IHW-quantile. Time taken: 1.214 seconds
Ran IHW-forest. Time taken: 0.3 seconds
Ran BH. Time taken: 0.003 seconds
alpha = 0.1: FDPhat 0.0909, Number of Rej. 77
Task completed!
Ran AdaPT. Time taken: 4.544 seconds
Ran Boca-Leek. Time taken: 0.064 seconds
Ran Clfdr-EM. Time taken: 1.822 seconds
Ran AdaPT-xgboost. Time taken: 0.006 seconds
simulation run:43/90
Ran IHW-quantile. Time taken: 5.671 seconds
Ran IHW-forest. Time taken: 0.303 seconds
Ran BH. Time taken: 0.003 seconds
alpha = 0.1: FDPhat 0.0943, Number of Rej. 106
Task completed!
Ran AdaPT. Time taken: 3.625 seconds
Ran Boca-Leek. Time taken: 0.065 seconds
Ran Clfdr-EM. Time taken: 0.01 seconds
Ran AdaPT-xgboost. Time taken: 0.006 seconds
simulation run:44/90
Ran IHW-quantile. Time taken: 2.855 seconds
Ran IHW-forest. Time taken: 0.292 seconds
Ran BH. Time taken: 0.003 seconds
alpha = 0.1: FDPhat 0.0889, Number of Rej. 45
Task completed!
Ran AdaPT. Time taken: 3.499 seconds
Ran Boca-Leek. Time taken: 0.063 seconds
Ran Clfdr-EM. Time taken: 0.019 seconds
Ran AdaPT-xgboost. Time taken: 0.006 seconds
simulation run:45/90
Ran IHW-quantile. Time taken: 5.389 seconds
Ran IHW-forest. Time taken: 0.301 seconds
Ran BH. Time taken: 0.003 seconds
alpha = 0.1: FDPhat 0.0909, Number of Rej. 33
Task completed!
Ran AdaPT. Time taken: 4.167 seconds
Ran Boca-Leek. Time taken: 0.066 seconds
Ran Clfdr-EM. Time taken: 0.02 seconds
Ran AdaPT-xgboost. Time taken: 0.007 seconds
simulation run:46/90
Ran IHW-quantile. Time taken: 1.093 seconds
Ran IHW-forest. Time taken: 0.286 seconds
Ran BH. Time taken: 0.003 seconds
Ran AdaPT. Time taken: 3.69 seconds
Ran Boca-Leek. Time taken: 0.062 seconds
Ran Clfdr-EM. Time taken: 0.798 seconds
Ran AdaPT-xgboost. Time taken: 0.006 seconds
simulation run:47/90
Ran IHW-quantile. Time taken: 1.099 seconds
Ran IHW-forest. Time taken: 0.291 seconds
Ran BH. Time taken: 0.003 seconds
alpha = 0.1: FDPhat 0.08, Number of Rej. 25
Task completed!
Ran AdaPT. Time taken: 3.428 seconds
Ran Boca-Leek. Time taken: 0.063 seconds
Ran Clfdr-EM. Time taken: 1.776 seconds
Ran AdaPT-xgboost. Time taken: 0.006 seconds
simulation run:48/90
Ran IHW-quantile. Time taken: 6.595 seconds
Ran IHW-forest. Time taken: 0.291 seconds
Ran BH. Time taken: 0.003 seconds
alpha = 0.1: FDPhat 0.0811, Number of Rej. 37
Task completed!
Ran AdaPT. Time taken: 3.783 seconds
Ran Boca-Leek. Time taken: 0.064 seconds
Ran Clfdr-EM. Time taken: 0.021 seconds
Ran AdaPT-xgboost. Time taken: 0.006 seconds
simulation run:49/90
Ran IHW-quantile. Time taken: 30.822 seconds
Ran IHW-forest. Time taken: 0.306 seconds
Ran BH. Time taken: 0.002 seconds
alpha = 0.1: FDPhat 0.0984, Number of Rej. 61
Task completed!
Ran AdaPT. Time taken: 3.803 seconds
Ran Boca-Leek. Time taken: 0.066 seconds
Ran Clfdr-EM. Time taken: 0.089 seconds
Ran AdaPT-xgboost. Time taken: 0.007 seconds
simulation run:50/90
Ran IHW-quantile. Time taken: 2.858 seconds
Ran IHW-forest. Time taken: 0.299 seconds
Ran BH. Time taken: 0.003 seconds
alpha = 0.1: FDPhat 0.0984, Number of Rej. 61
Task completed!
Ran AdaPT. Time taken: 3.581 seconds
Ran Boca-Leek. Time taken: 0.064 seconds
Ran Clfdr-EM. Time taken: 0.239 seconds
Ran AdaPT-xgboost. Time taken: 0.007 seconds
simulation run:51/90
Ran IHW-quantile. Time taken: 63.161 seconds
Ran IHW-forest. Time taken: 0.318 seconds
Ran BH. Time taken: 0.003 seconds
alpha = 0.1: FDPhat 0.0971, Number of Rej. 103
Task completed!
Ran AdaPT. Time taken: 3.508 seconds
Ran Boca-Leek. Time taken: 0.067 seconds
Ran Clfdr-EM. Time taken: 0.319 seconds
Ran AdaPT-xgboost. Time taken: 0.006 seconds
simulation run:52/90
Ran IHW-quantile. Time taken: 1.168 seconds
Ran IHW-forest. Time taken: 0.305 seconds
Ran BH. Time taken: 0.003 seconds
alpha = 0.1: FDPhat 0.0909, Number of Rej. 77
Task completed!
Ran AdaPT. Time taken: 3.05 seconds
Ran Boca-Leek. Time taken: 0.063 seconds
Ran Clfdr-EM. Time taken: 1.768 seconds
Ran AdaPT-xgboost. Time taken: 0.006 seconds
simulation run:53/90
Ran IHW-quantile. Time taken: 1.146 seconds
Ran IHW-forest. Time taken: 0.292 seconds
Ran BH. Time taken: 0.003 seconds
alpha = 0.1: FDPhat 0.0923, Number of Rej. 65
Task completed!
Ran AdaPT. Time taken: 3.793 seconds
Ran Boca-Leek. Time taken: 0.063 seconds
Ran Clfdr-EM. Time taken: 0.019 seconds
Ran AdaPT-xgboost. Time taken: 0.006 seconds
simulation run:54/90
Ran IHW-quantile. Time taken: 5.41 seconds
Ran IHW-forest. Time taken: 0.299 seconds
Ran BH. Time taken: 0.003 seconds
alpha = 0.1: FDPhat 0.0943, Number of Rej. 53
Task completed!
Ran AdaPT. Time taken: 3.61 seconds
Ran Boca-Leek. Time taken: 0.067 seconds
Ran Clfdr-EM. Time taken: 0.021 seconds
Ran AdaPT-xgboost. Time taken: 0.006 seconds
simulation run:55/90
Ran IHW-quantile. Time taken: 1.062 seconds
Ran IHW-forest. Time taken: 0.302 seconds
Ran BH. Time taken: 0.002 seconds
Ran AdaPT. Time taken: 3.68 seconds
Ran Boca-Leek. Time taken: 0.062 seconds
Ran Clfdr-EM. Time taken: 1.766 seconds
Ran AdaPT-xgboost. Time taken: 0.006 seconds
simulation run:56/90
Ran IHW-quantile. Time taken: 1.645 seconds
Ran IHW-forest. Time taken: 0.307 seconds
Ran BH. Time taken: 0.003 seconds
alpha = 0.1: FDPhat 0.0909, Number of Rej. 66
Task completed!
Ran AdaPT. Time taken: 3.831 seconds
Ran Boca-Leek. Time taken: 0.063 seconds
Ran Clfdr-EM. Time taken: 2.229 seconds
Ran AdaPT-xgboost. Time taken: 0.007 seconds
simulation run:57/90
Ran IHW-quantile. Time taken: 1.198 seconds
Ran IHW-forest. Time taken: 0.298 seconds
Ran BH. Time taken: 0.002 seconds
Ran AdaPT. Time taken: 3.45 seconds
Ran Boca-Leek. Time taken: 0.068 seconds
Ran Clfdr-EM. Time taken: 1.892 seconds
Ran AdaPT-xgboost. Time taken: 0.007 seconds
simulation run:58/90
Ran IHW-quantile. Time taken: 21.682 seconds
Ran IHW-forest. Time taken: 0.307 seconds
Ran BH. Time taken: 0.003 seconds
alpha = 0.1: FDPhat 0.0982, Number of Rej. 112
Task completed!
Ran AdaPT. Time taken: 3.723 seconds
Ran Boca-Leek. Time taken: 0.066 seconds
Ran Clfdr-EM. Time taken: 0.394 seconds
Ran AdaPT-xgboost. Time taken: 0.005 seconds
simulation run:59/90
Ran IHW-quantile. Time taken: 1.249 seconds
Ran IHW-forest. Time taken: 0.293 seconds
Ran BH. Time taken: 0.003 seconds
alpha = 0.1: FDPhat 0.0943, Number of Rej. 53
Task completed!
Ran AdaPT. Time taken: 3.605 seconds
Ran Boca-Leek. Time taken: 0.061 seconds
Ran Clfdr-EM. Time taken: 2.118 seconds
Ran AdaPT-xgboost. Time taken: 0.006 seconds
simulation run:60/90
Ran IHW-quantile. Time taken: 1.144 seconds
Ran IHW-forest. Time taken: 0.291 seconds
Ran BH. Time taken: 0.004 seconds
alpha = 0.1: FDPhat 0.0862, Number of Rej. 58
Task completed!
Ran AdaPT. Time taken: 3.675 seconds
Ran Boca-Leek. Time taken: 0.064 seconds
Ran Clfdr-EM. Time taken: 1.822 seconds
Ran AdaPT-xgboost. Time taken: 0.007 seconds
simulation run:61/90
Ran IHW-quantile. Time taken: 6.397 seconds
Ran IHW-forest. Time taken: 0.292 seconds
Ran BH. Time taken: 0.003 seconds
alpha = 0.1: FDPhat 0.0893, Number of Rej. 56
Task completed!
Ran AdaPT. Time taken: 3.962 seconds
Ran Boca-Leek. Time taken: 0.065 seconds
Ran Clfdr-EM. Time taken: 0.023 seconds
Ran AdaPT-xgboost. Time taken: 0.007 seconds
simulation run:62/90
Ran IHW-quantile. Time taken: 1.189 seconds
Ran IHW-forest. Time taken: 0.306 seconds
Ran BH. Time taken: 0.003 seconds
alpha = 0.1: FDPhat 0.0986, Number of Rej. 71
Task completed!
Ran AdaPT. Time taken: 3.337 seconds
Ran Boca-Leek. Time taken: 0.065 seconds
Ran Clfdr-EM. Time taken: 1.777 seconds
Ran AdaPT-xgboost. Time taken: 0.006 seconds
simulation run:63/90
Ran IHW-quantile. Time taken: 0 seconds
Ran IHW-forest. Time taken: 0.309 seconds
Ran BH. Time taken: 0.002 seconds
alpha = 0.1: FDPhat 0.0959, Number of Rej. 73
Task completed!
Ran AdaPT. Time taken: 5.114 seconds
Ran Boca-Leek. Time taken: 0.068 seconds
Ran Clfdr-EM. Time taken: 0.01 seconds
Ran AdaPT-xgboost. Time taken: 0.006 seconds
simulation run:64/90
Ran IHW-quantile. Time taken: 6.458 seconds
Ran IHW-forest. Time taken: 0.309 seconds
Ran BH. Time taken: 0.002 seconds
alpha = 0.1: FDPhat 0.0962, Number of Rej. 104
Task completed!
Ran AdaPT. Time taken: 3.441 seconds
Ran Boca-Leek. Time taken: 0.066 seconds
Ran Clfdr-EM. Time taken: 0.155 seconds
Ran AdaPT-xgboost. Time taken: 0.007 seconds
simulation run:65/90
Ran IHW-quantile. Time taken: 1.041 seconds
Ran IHW-forest. Time taken: 0.291 seconds
Ran BH. Time taken: 0.002 seconds
Ran AdaPT. Time taken: 4.101 seconds
Ran Boca-Leek. Time taken: 0.063 seconds
Ran Clfdr-EM. Time taken: 1.751 seconds
Ran AdaPT-xgboost. Time taken: 0.006 seconds
simulation run:66/90
Ran IHW-quantile. Time taken: 1.206 seconds
Ran IHW-forest. Time taken: 0.3 seconds
Ran BH. Time taken: 0.003 seconds
alpha = 0.1: FDPhat 0.093, Number of Rej. 43
Task completed!
Ran AdaPT. Time taken: 3.923 seconds
Ran Boca-Leek. Time taken: 0.063 seconds
Ran Clfdr-EM. Time taken: 2.13 seconds
Ran AdaPT-xgboost. Time taken: 0.006 seconds
simulation run:67/90
Ran IHW-quantile. Time taken: 0.001 seconds
Ran IHW-forest. Time taken: 0.304 seconds
Ran BH. Time taken: 0.003 seconds
alpha = 0.1: FDPhat 0.1, Number of Rej. 50
Task completed!
Ran AdaPT. Time taken: 4.263 seconds
Ran Boca-Leek. Time taken: 0.067 seconds
Ran Clfdr-EM. Time taken: 0.023 seconds
Ran AdaPT-xgboost. Time taken: 0.006 seconds
simulation run:68/90
Ran IHW-quantile. Time taken: 1.163 seconds
Ran IHW-forest. Time taken: 0.304 seconds
Ran BH. Time taken: 0.004 seconds
alpha = 0.1: FDPhat 0.0946, Number of Rej. 74
Task completed!
Ran AdaPT. Time taken: 3.087 seconds
Ran Boca-Leek. Time taken: 0.063 seconds
Ran Clfdr-EM. Time taken: 0.02 seconds
Ran AdaPT-xgboost. Time taken: 0.006 seconds
simulation run:69/90
Ran IHW-quantile. Time taken: 1.128 seconds
Ran IHW-forest. Time taken: 0.286 seconds
Ran BH. Time taken: 0.004 seconds
alpha = 0.1: FDPhat 0.0952, Number of Rej. 42
Task completed!
Ran AdaPT. Time taken: 3.708 seconds
Ran Boca-Leek. Time taken: 0.063 seconds
Ran Clfdr-EM. Time taken: 0.438 seconds
Ran AdaPT-xgboost. Time taken: 0.007 seconds
simulation run:70/90
Ran IHW-quantile. Time taken: 1.262 seconds
Ran IHW-forest. Time taken: 0.3 seconds
Ran BH. Time taken: 0.002 seconds
alpha = 0.1: FDPhat 0.0968, Number of Rej. 93
Task completed!
Ran AdaPT. Time taken: 4.258 seconds
Ran Boca-Leek. Time taken: 0.062 seconds
Ran Clfdr-EM. Time taken: 0.649 seconds
Ran AdaPT-xgboost. Time taken: 0.007 seconds
simulation run:71/90
Ran IHW-quantile. Time taken: 1.27 seconds
Ran IHW-forest. Time taken: 0.301 seconds
Ran BH. Time taken: 0.003 seconds
alpha = 0.1: FDPhat 0.0965, Number of Rej. 114
Task completed!
Ran AdaPT. Time taken: 2.961 seconds
Ran Boca-Leek. Time taken: 0.062 seconds
Ran Clfdr-EM. Time taken: 1.798 seconds
Ran AdaPT-xgboost. Time taken: 0.007 seconds
simulation run:72/90
Ran IHW-quantile. Time taken: 2.898 seconds
Ran IHW-forest. Time taken: 0.295 seconds
Ran BH. Time taken: 0.003 seconds
alpha = 0.1: FDPhat 0.0556, Number of Rej. 18
Task completed!
Ran AdaPT. Time taken: 3.992 seconds
Ran Boca-Leek. Time taken: 0.063 seconds
Ran Clfdr-EM. Time taken: 0.372 seconds
Ran AdaPT-xgboost. Time taken: 0.007 seconds
simulation run:73/90
Ran IHW-quantile. Time taken: 1.186 seconds
Ran IHW-forest. Time taken: 0.297 seconds
Ran BH. Time taken: 0.003 seconds
alpha = 0.1: FDPhat 0.082, Number of Rej. 61
Task completed!
Ran AdaPT. Time taken: 3.274 seconds
Ran Boca-Leek. Time taken: 0.062 seconds
Ran Clfdr-EM. Time taken: 1.766 seconds
Ran AdaPT-xgboost. Time taken: 0.005 seconds
simulation run:74/90
Ran IHW-quantile. Time taken: 1.109 seconds
Ran IHW-forest. Time taken: 0.3 seconds
Ran BH. Time taken: 0.003 seconds
alpha = 0.1: FDPhat 0.087, Number of Rej. 69
Task completed!
Ran AdaPT. Time taken: 3.718 seconds
Ran Boca-Leek. Time taken: 0.062 seconds
Ran Clfdr-EM. Time taken: 1.856 seconds
Ran AdaPT-xgboost. Time taken: 0.006 seconds
simulation run:75/90
Ran IHW-quantile. Time taken: 0.001 seconds
Ran IHW-forest. Time taken: 0.309 seconds
Ran BH. Time taken: 0.002 seconds
alpha = 0.1: FDPhat 0.0972, Number of Rej. 72
Task completed!
Ran AdaPT. Time taken: 3.807 seconds
Ran Boca-Leek. Time taken: 0.069 seconds
Ran Clfdr-EM. Time taken: 0.023 seconds
Ran AdaPT-xgboost. Time taken: 0.006 seconds
simulation run:76/90
Ran IHW-quantile. Time taken: 0.001 seconds
Ran IHW-forest. Time taken: 0.316 seconds
Ran BH. Time taken: 0.003 seconds
alpha = 0.1: FDPhat 0.1, Number of Rej. 80
Task completed!
Ran AdaPT. Time taken: 4.213 seconds
Ran Boca-Leek. Time taken: 0.068 seconds
Ran Clfdr-EM. Time taken: 0.487 seconds
Ran AdaPT-xgboost. Time taken: 0.006 seconds
simulation run:77/90
Ran IHW-quantile. Time taken: 2.553 seconds
Ran IHW-forest. Time taken: 0.298 seconds
Ran BH. Time taken: 0.003 seconds
alpha = 0.1: FDPhat 0.1, Number of Rej. 20
Task completed!
Ran AdaPT. Time taken: 3.882 seconds
Ran Boca-Leek. Time taken: 0.065 seconds
Ran Clfdr-EM. Time taken: 0.009 seconds
Ran AdaPT-xgboost. Time taken: 0.006 seconds
simulation run:78/90
Ran IHW-quantile. Time taken: 1.211 seconds
Ran IHW-forest. Time taken: 0.311 seconds
Ran BH. Time taken: 0.002 seconds
alpha = 0.1: FDPhat 0.0982, Number of Rej. 112
Task completed!
Ran AdaPT. Time taken: 3.308 seconds
Ran Boca-Leek. Time taken: 0.064 seconds
Ran Clfdr-EM. Time taken: 1.821 seconds
Ran AdaPT-xgboost. Time taken: 0.007 seconds
simulation run:79/90
Ran IHW-quantile. Time taken: 30.074 seconds
Ran IHW-forest. Time taken: 0.315 seconds
Ran BH. Time taken: 0.003 seconds
alpha = 0.1: FDPhat 0.1, Number of Rej. 160
Task completed!
Ran AdaPT. Time taken: 3.541 seconds
Ran Boca-Leek. Time taken: 0.067 seconds
Ran Clfdr-EM. Time taken: 0.022 seconds
Ran AdaPT-xgboost. Time taken: 0.006 seconds
simulation run:80/90
Ran IHW-quantile. Time taken: 0.001 seconds
Ran IHW-forest. Time taken: 0.309 seconds
Ran BH. Time taken: 0.003 seconds
alpha = 0.1: FDPhat 0.0926, Number of Rej. 54
Task completed!
Ran AdaPT. Time taken: 4.648 seconds
Ran Boca-Leek. Time taken: 0.069 seconds
Ran Clfdr-EM. Time taken: 0.328 seconds
Ran AdaPT-xgboost. Time taken: 0.007 seconds
simulation run:81/90
Ran IHW-quantile. Time taken: 1.049 seconds
Ran IHW-forest. Time taken: 0.297 seconds
Ran BH. Time taken: 0.003 seconds
alpha = 0.1: FDPhat 0.0588, Number of Rej. 17
Task completed!
Ran AdaPT. Time taken: 3.434 seconds
Ran Boca-Leek. Time taken: 0.064 seconds
Ran Clfdr-EM. Time taken: 0.019 seconds
Ran AdaPT-xgboost. Time taken: 0.005 seconds
simulation run:82/90
Ran IHW-quantile. Time taken: 1.041 seconds
Ran IHW-forest. Time taken: 0.289 seconds
Ran BH. Time taken: 0.003 seconds
Ran AdaPT. Time taken: 3.921 seconds
Ran Boca-Leek. Time taken: 0.063 seconds
Ran Clfdr-EM. Time taken: 0.008 seconds
Ran AdaPT-xgboost. Time taken: 0.006 seconds
simulation run:83/90
Ran IHW-quantile. Time taken: 6.156 seconds
Ran IHW-forest. Time taken: 0.302 seconds
Ran BH. Time taken: 0.003 seconds
alpha = 0.1: FDPhat 0.1, Number of Rej. 50
Task completed!
Ran AdaPT. Time taken: 3.571 seconds
Ran Boca-Leek. Time taken: 0.065 seconds
Ran Clfdr-EM. Time taken: 0.935 seconds
Ran AdaPT-xgboost. Time taken: 0.006 seconds
simulation run:84/90
Ran IHW-quantile. Time taken: 22.117 seconds
Ran IHW-forest. Time taken: 0.31 seconds
Ran BH. Time taken: 0.003 seconds
alpha = 0.1: FDPhat 0.0928, Number of Rej. 97
Task completed!
Ran AdaPT. Time taken: 4.282 seconds
Ran Boca-Leek. Time taken: 0.068 seconds
Ran Clfdr-EM. Time taken: 0.111 seconds
Ran AdaPT-xgboost. Time taken: 0.007 seconds
simulation run:85/90
Ran IHW-quantile. Time taken: 1.183 seconds
Ran IHW-forest. Time taken: 0.296 seconds
Ran BH. Time taken: 0.004 seconds
alpha = 0.1: FDPhat 0.0989, Number of Rej. 91
Task completed!
Ran AdaPT. Time taken: 3.453 seconds
Ran Boca-Leek. Time taken: 0.063 seconds
Ran Clfdr-EM. Time taken: 1.78 seconds
Ran AdaPT-xgboost. Time taken: 0.006 seconds
simulation run:86/90
Ran IHW-quantile. Time taken: 6.328 seconds
Ran IHW-forest. Time taken: 0.296 seconds
Ran BH. Time taken: 0.003 seconds
alpha = 0.1: FDPhat 0.0952, Number of Rej. 63
Task completed!
Ran AdaPT. Time taken: 4.064 seconds
Ran Boca-Leek. Time taken: 0.065 seconds
Ran Clfdr-EM. Time taken: 0.02 seconds
Ran AdaPT-xgboost. Time taken: 0.005 seconds
simulation run:87/90
Ran IHW-quantile. Time taken: 3.149 seconds
Ran IHW-forest. Time taken: 0.297 seconds
Ran BH. Time taken: 0.004 seconds
alpha = 0.1: FDPhat 0.0972, Number of Rej. 72
Task completed!
Ran AdaPT. Time taken: 3.969 seconds
Ran Boca-Leek. Time taken: 0.063 seconds
Ran Clfdr-EM. Time taken: 0.606 seconds
Ran AdaPT-xgboost. Time taken: 0.006 seconds
simulation run:88/90
Ran IHW-quantile. Time taken: 1.109 seconds
Ran IHW-forest. Time taken: 0.299 seconds
Ran BH. Time taken: 0.002 seconds
alpha = 0.1: FDPhat 0.1, Number of Rej. 60
Task completed!
Ran AdaPT. Time taken: 3.083 seconds
Ran Boca-Leek. Time taken: 0.063 seconds
Ran Clfdr-EM. Time taken: 1.803 seconds
Ran AdaPT-xgboost. Time taken: 0.007 seconds
simulation run:89/90
Ran IHW-quantile. Time taken: 1.181 seconds
Ran IHW-forest. Time taken: 0.302 seconds
Ran BH. Time taken: 0.003 seconds
alpha = 0.1: FDPhat 0.0893, Number of Rej. 56
Task completed!
Ran AdaPT. Time taken: 3.712 seconds
Ran Boca-Leek. Time taken: 0.062 seconds
Ran Clfdr-EM. Time taken: 1.354 seconds
Ran AdaPT-xgboost. Time taken: 0.006 seconds
simulation run:90/90
Ran IHW-quantile. Time taken: 21.439 seconds
Ran IHW-forest. Time taken: 0.291 seconds
Ran BH. Time taken: 0.003 seconds
alpha = 0.1: FDPhat 0.0909, Number of Rej. 11
Task completed!
Ran AdaPT. Time taken: 4.784 seconds
Ran Boca-Leek. Time taken: 0.067 seconds
Ran Clfdr-EM. Time taken: 0.021 seconds
Ran AdaPT-xgboost. Time taken: 0.005 seconds
[1] "\n"
