WARNING: ignoring environment value of R_HOME
- One or more packages recorded in the lockfile are not installed.
- Use `renv::status()` for more details.

##------ Fri Aug 18 03:38:05 2023 ------##
##------ Fri Aug 18 03:38:05 2023 ------## 

simulation run:1/42
simulation run:2/42
simulation run:3/42
simulation run:5/42
simulation run:4/42
simulation run:6/42
simulation run:7/42
simulation run:8/42
simulation run:9/42
simulation run:10/42
simulation run:11/42
simulation run:12/42
simulation run:13/42
simulation run:14/42
simulation run:15/42
simulation run:16/42
simulation run:17/42
simulation run:18/42
simulation run:19/42
simulation run:20/42
simulation run:21/42
simulation run:22/42
simulation run:23/42
simulation run:24/42
simulation run:25/42
simulation run:26/42
simulation run:27/42
simulation run:28/42
simulation run:29/42
simulation run:30/42
simulation run:31/42
simulation run:32/42
simulation run:33/42
simulation run:34/42
simulation run:35/42
simulation run:36/42
simulation run:37/42
simulation run:38/42
simulation run:39/42
simulation run:40/42
simulation run:41/42
simulation run:42/42
Ran IHW-quantile. Time taken: 0.002 seconds
Ran IHW-quantile. Time taken: 0.002 seconds
Ran IHW-quantile. Time taken: 0.057 seconds
Ran IHW-forest. Time taken: 7.033 seconds
Ran IHW-forest. Time taken: 7.379 seconds
Ran BH. Time taken: 0.002 seconds
Ran BH. Time taken: 0.042 seconds
Ran IHW-forest. Time taken: 8.237 seconds
Ran BH. Time taken: 0.002 seconds
Ran IHW-quantile. Time taken: 21.717 seconds
Ran IHW-quantile. Time taken: 19.16 seconds
Ran IHW-quantile. Time taken: 19.077 seconds
Ran IHW-quantile. Time taken: 22.348 seconds
Ran IHW-quantile. Time taken: 21.518 seconds
Ran IHW-quantile. Time taken: 20.936 seconds
Ran IHW-quantile. Time taken: 21.289 seconds
Ran IHW-quantile. Time taken: 22.434 seconds
Ran IHW-quantile. Time taken: 22.801 seconds
Ran IHW-quantile. Time taken: 24.141 seconds
Ran IHW-quantile. Time taken: 20.213 seconds
Ran IHW-quantile. Time taken: 23.118 seconds
Ran IHW-quantile. Time taken: 23.635 seconds
Ran IHW-quantile. Time taken: 22.934 seconds
Ran IHW-quantile. Time taken: 23.367 seconds
Ran IHW-quantile. Time taken: 22.644 seconds
Ran IHW-quantile. Time taken: 23.169 seconds
Ran IHW-quantile. Time taken: 22.218 seconds
Ran IHW-quantile. Time taken: 22.288 seconds
Ran IHW-quantile. Time taken: 21.637 seconds
Ran IHW-quantile. Time taken: 22.061 seconds
Ran IHW-quantile. Time taken: 22.505 seconds
Ran IHW-quantile. Time taken: 20.857 seconds
Ran IHW-quantile. Time taken: 20.917 seconds
Ran IHW-quantile. Time taken: 24.937 seconds
Ran IHW-quantile. Time taken: 23.627 seconds
Ran IHW-quantile. Time taken: 22.901 seconds
Ran IHW-quantile. Time taken: 24.121 seconds
Ran IHW-quantile. Time taken: 24.82 seconds
Ran IHW-forest. Time taken: 6.386 seconds
Ran IHW-quantile. Time taken: 25.611 seconds
Ran IHW-forest. Time taken: 6.363 seconds
Ran IHW-forest. Time taken: 6.319 seconds
Ran IHW-forest. Time taken: 6.305 seconds
Ran IHW-forest. Time taken: 6.506 seconds
Ran IHW-forest. Time taken: 6.218 seconds
Ran BH. Time taken: 0.002 seconds
Ran IHW-forest. Time taken: 6.876 seconds
Ran BH. Time taken: 0.002 seconds
Ran BH. Time taken: 0.002 seconds
Ran IHW-forest. Time taken: 6.509 seconds
Ran IHW-forest. Time taken: 6.176 seconds
Ran BH. Time taken: 0.038 seconds
Ran IHW-forest. Time taken: 6.974 seconds
Ran BH. Time taken: 0.038 seconds
Ran IHW-forest. Time taken: 7.221 seconds
Ran IHW-forest. Time taken: 6.385 seconds
Ran BH. Time taken: 0.002 seconds
Ran IHW-forest. Time taken: 6.94 seconds
Ran IHW-forest. Time taken: 6.278 seconds
Ran IHW-forest. Time taken: 7.064 seconds
Ran IHW-forest. Time taken: 6.206 seconds
Ran IHW-forest. Time taken: 6.32 seconds
Ran IHW-forest. Time taken: 6.16 seconds
Ran IHW-forest. Time taken: 7.223 seconds
Ran IHW-forest. Time taken: 6.402 seconds
Ran IHW-forest. Time taken: 7.132 seconds
Ran BH. Time taken: 0.04 seconds
Ran IHW-forest. Time taken: 7.011 seconds
Ran IHW-forest. Time taken: 7.112 seconds
Ran BH. Time taken: 0.038 seconds
Ran BH. Time taken: 0.002 seconds
Ran IHW-forest. Time taken: 7.096 seconds
Ran BH. Time taken: 0.038 seconds
Ran IHW-forest. Time taken: 8.808 seconds
Ran BH. Time taken: 0.038 seconds
Ran BH. Time taken: 0.038 seconds
Ran IHW-forest. Time taken: 6.93 seconds
Ran BH. Time taken: 0.002 seconds
Ran BH. Time taken: 0.046 seconds
Ran BH. Time taken: 0.002 seconds
Ran BH. Time taken: 0.002 seconds
Ran BH. Time taken: 0.002 seconds
Ran BH. Time taken: 0.002 seconds
Ran BH. Time taken: 0.038 seconds
Ran BH. Time taken: 0.002 seconds
Ran IHW-forest. Time taken: 7.03 seconds
Ran BH. Time taken: 0.039 seconds
Ran IHW-forest. Time taken: 8.972 seconds
Ran BH. Time taken: 0.046 seconds
Ran IHW-forest. Time taken: 7.229 seconds
Ran BH. Time taken: 0.002 seconds
Ran BH. Time taken: 0.002 seconds
Ran BH. Time taken: 0.038 seconds
Ran IHW-forest. Time taken: 7.228 seconds
Ran BH. Time taken: 0.026 seconds
Ran BH. Time taken: 0.027 seconds
Ran BH. Time taken: 0.031 seconds
Ran BH. Time taken: 0.05 seconds
Ran BH. Time taken: 0.031 seconds
Ran IHW-quantile. Time taken: 54.369 seconds
Ran IHW-quantile. Time taken: 55.422 seconds
Ran IHW-quantile. Time taken: 61.56 seconds
Ran IHW-forest. Time taken: 7.982 seconds
Ran IHW-forest. Time taken: 5.972 seconds
Ran BH. Time taken: 0.002 seconds
Ran BH. Time taken: 0.034 seconds
Ran IHW-forest. Time taken: 8.086 seconds
Ran BH. Time taken: 0.046 seconds
alpha = 0.1: FDPhat 0.0989, Number of Rej. 91
Task completed!
Ran AdaPT. Time taken: 66.853 seconds
alpha = 0.1: FDPhat 0.0952, Number of Rej. 126
Task completed!
Ran AdaPT. Time taken: 62.061 seconds
Ran Boca-Leek. Time taken: 0.898 seconds
Ran Boca-Leek. Time taken: 0.974 seconds
Ran Clfdr-EM. Time taken: 5.203 seconds
Ran AdaPT. Time taken: 54.736 seconds
alpha = 0.1: FDPhat 0.0938, Number of Rej. 96
Task completed!
Ran AdaPT. Time taken: 52.031 seconds
alpha = 0.1: FDPhat 0.0667, Number of Rej. 15
Task completed!
Ran AdaPT. Time taken: 54.851 seconds
alpha = 0.1: FDPhat 0.1, Number of Rej. 110
Task completed!
Ran AdaPT. Time taken: 56.678 seconds
alpha = 0.1: FDPhat 0.0991, Number of Rej. 111
Task completed!
Ran AdaPT. Time taken: 55.727 seconds
alpha = 0.1: FDPhat 0.1, Number of Rej. 60
Task completed!
Ran AdaPT. Time taken: 60.772 seconds
alpha = 0.1: FDPhat 0.0973, Number of Rej. 113
Task completed!
Ran AdaPT. Time taken: 62.921 seconds
Ran Boca-Leek. Time taken: 0.9 seconds
alpha = 0.1: FDPhat 0.0965, Number of Rej. 114
Task completed!
Ran AdaPT. Time taken: 55.527 seconds
Ran Boca-Leek. Time taken: 0.777 seconds
Ran Boca-Leek. Time taken: 0.803 seconds
Ran Boca-Leek. Time taken: 0.822 seconds
Ran Clfdr-EM. Time taken: 0.255 seconds
Ran Boca-Leek. Time taken: 0.804 seconds
Ran Boca-Leek. Time taken: 0.802 seconds
alpha = 0.1: FDPhat 0.099, Number of Rej. 101
Task completed!
Ran AdaPT. Time taken: 58.477 seconds
Ran Boca-Leek. Time taken: 1.353 seconds
Ran Boca-Leek. Time taken: 1.329 seconds
alpha = 0.1: FDPhat 0.1, Number of Rej. 70
Task completed!
Ran AdaPT. Time taken: 62.445 seconds
alpha = 0.1: FDPhat 0.0909, Number of Rej. 33
Task completed!
Ran AdaPT. Time taken: 65.071 seconds
alpha = 0.1: FDPhat 0.0918, Number of Rej. 98
Task completed!
Ran AdaPT. Time taken: 63.436 seconds
alpha = 0.1: FDPhat 0.0943, Number of Rej. 106
Task completed!
Ran AdaPT. Time taken: 64.958 seconds
alpha = 0.1: FDPhat 0.0909, Number of Rej. 33
Task completed!
Ran AdaPT. Time taken: 68.769 seconds
Ran Boca-Leek. Time taken: 0.816 seconds
alpha = 0.1: FDPhat 0.0965, Number of Rej. 114
Task completed!
Ran AdaPT. Time taken: 64.153 seconds
Ran Boca-Leek. Time taken: 1.336 seconds
Ran Boca-Leek. Time taken: 0.812 seconds
alpha = 0.1: FDPhat 0.0943, Number of Rej. 159
Task completed!
Ran AdaPT. Time taken: 70.714 seconds
Ran Boca-Leek. Time taken: 0.775 seconds
Ran Clfdr-EM. Time taken: 2.587 seconds
alpha = 0.1: FDPhat 0.0947, Number of Rej. 95
Task completed!
Ran AdaPT. Time taken: 69.115 seconds
alpha = 0.1: FDPhat 0.0973, Number of Rej. 113
Task completed!
Ran AdaPT. Time taken: 67.156 seconds
Ran Clfdr-EM. Time taken: 8.499 seconds
Ran Boca-Leek. Time taken: 1.344 seconds
alpha = 0.1: FDPhat 0.096, Number of Rej. 125
Task completed!
Ran AdaPT. Time taken: 91.803 seconds
alpha = 0.1: FDPhat 0.0909, Number of Rej. 55
Task completed!
Ran AdaPT. Time taken: 70.876 seconds
Ran Boca-Leek. Time taken: 1.369 seconds
alpha = 0.1: FDPhat 0.0962, Number of Rej. 104
Task completed!
Ran AdaPT. Time taken: 69.607 seconds
Ran Boca-Leek. Time taken: 0.902 seconds
Ran Boca-Leek. Time taken: 0.819 seconds
Ran Boca-Leek. Time taken: 0.828 seconds
alpha = 0.1: FDPhat 0.0973, Number of Rej. 113
Task completed!
Ran AdaPT. Time taken: 69.088 seconds
alpha = 0.1: FDPhat 0.092, Number of Rej. 87
Task completed!
Ran AdaPT. Time taken: 69.012 seconds
Ran Clfdr-EM. Time taken: 3.15 seconds
alpha = 0.1: FDPhat 0.0909, Number of Rej. 55
Task completed!
Ran AdaPT. Time taken: 76.242 seconds
Ran Boca-Leek. Time taken: 0.93 seconds
Ran Boca-Leek. Time taken: 0.923 seconds
Ran Boca-Leek. Time taken: 1.339 seconds
Ran Boca-Leek. Time taken: 1.228 seconds
Ran Boca-Leek. Time taken: 1.033 seconds
alpha = 0.1: FDPhat 0.098, Number of Rej. 51
Task completed!
Ran AdaPT. Time taken: 74.691 seconds
Ran Clfdr-EM. Time taken: 3.841 seconds
Ran Boca-Leek. Time taken: 1.208 seconds
Ran IHW-quantile. Time taken: 112.335 seconds
Ran Boca-Leek. Time taken: 1.178 seconds
Ran Clfdr-EM. Time taken: 4.489 seconds
alpha = 0.1: FDPhat 0.0909, Number of Rej. 33
Task completed!
Ran AdaPT. Time taken: 80.932 seconds
alpha = 0.1: FDPhat 0.0992, Number of Rej. 121
Task completed!
Ran AdaPT. Time taken: 74.53 seconds
alpha = 0.1: FDPhat 0.0926, Number of Rej. 54
Task completed!
Ran AdaPT. Time taken: 77.691 seconds
Ran Boca-Leek. Time taken: 1.153 seconds
Ran Clfdr-EM. Time taken: 30.855 seconds
alpha = 0.1: FDPhat 0.0965, Number of Rej. 114
Task completed!
Ran AdaPT. Time taken: 80.795 seconds
Ran Clfdr-EM. Time taken: 4.264 seconds
Ran Clfdr-EM. Time taken: 4.548 seconds
Ran Boca-Leek. Time taken: 0.615 seconds
Ran Boca-Leek. Time taken: 0.695 seconds
alpha = 0.1: FDPhat 0.0976, Number of Rej. 41
Task completed!
Ran AdaPT. Time taken: 79.234 seconds
Ran Boca-Leek. Time taken: 1.633 seconds
Ran Clfdr-EM. Time taken: 9.297 seconds
Ran IHW-forest. Time taken: 6.234 seconds
Ran Boca-Leek. Time taken: 1.539 seconds
Ran BH. Time taken: 0.002 seconds
Ran IHW-quantile. Time taken: 125.095 seconds
Ran Clfdr-EM. Time taken: 26.189 seconds
Ran Clfdr-EM. Time taken: 0.454 seconds
Ran Boca-Leek. Time taken: 0.7 seconds
Ran Clfdr-EM. Time taken: 3.569 seconds
Ran AdaPT-xgboost. Time taken: 26.73 seconds
alpha = 0.1: FDPhat 0.0957, Number of Rej. 115
Task completed!
Ran AdaPT. Time taken: 83.72 seconds
Ran Clfdr-EM. Time taken: 12.536 seconds
Ran Clfdr-EM. Time taken: 17.82 seconds
Ran IHW-quantile. Time taken: 125.478 seconds
Ran Boca-Leek. Time taken: 1.035 seconds
Ran Clfdr-EM. Time taken: 31.129 seconds
Ran Clfdr-EM. Time taken: 14.252 seconds
Ran Clfdr-EM. Time taken: 30.749 seconds
Ran Clfdr-EM. Time taken: 11.565 seconds
Ran Clfdr-EM. Time taken: 28.542 seconds
Ran IHW-forest. Time taken: 6.163 seconds
Ran AdaPT-xgboost. Time taken: 41.471 seconds
Ran Clfdr-EM. Time taken: 35.076 seconds
Ran BH. Time taken: 0.002 seconds
Ran Clfdr-EM. Time taken: 26.35 seconds
Ran IHW-forest. Time taken: 8.338 seconds
Ran Clfdr-EM. Time taken: 12.572 seconds
Ran AdaPT-xgboost. Time taken: 28.426 seconds
Ran Clfdr-EM. Time taken: 34.104 seconds
Ran BH. Time taken: 0.002 seconds
Ran Clfdr-EM. Time taken: 35.844 seconds
Ran Clfdr-EM. Time taken: 40.016 seconds
Ran Clfdr-EM. Time taken: 36.005 seconds
Ran AdaPT-xgboost. Time taken: 37.497 seconds
Ran AdaPT-xgboost. Time taken: 38.22 seconds
alpha = 0.1: FDPhat 0.0962, Number of Rej. 104
Task completed!
Ran AdaPT. Time taken: 68.894 seconds
Ran Clfdr-EM. Time taken: 36.899 seconds
alpha = 0.1: FDPhat 0.0973, Number of Rej. 113
Task completed!
Ran AdaPT. Time taken: 76.833 seconds
alpha = 0.1: FDPhat 0.0941, Number of Rej. 85
Task completed!
Ran AdaPT. Time taken: 78.589 seconds
Ran Boca-Leek. Time taken: 0.719 seconds
Ran AdaPT-xgboost. Time taken: 30.607 seconds
Ran Boca-Leek. Time taken: 0.87 seconds
Ran AdaPT-xgboost. Time taken: 36.334 seconds
Ran Clfdr-EM. Time taken: 30.823 seconds
Ran Boca-Leek. Time taken: 0.864 seconds
Ran Clfdr-EM. Time taken: 35.919 seconds
Ran AdaPT-xgboost. Time taken: 35.234 seconds
Ran AdaPT-xgboost. Time taken: 31.301 seconds
Ran Clfdr-EM. Time taken: 0.291 seconds
Ran Clfdr-EM. Time taken: 24.27 seconds
Ran AdaPT-xgboost. Time taken: 34.496 seconds
Ran AdaPT-xgboost. Time taken: 35.779 seconds
Ran Clfdr-EM. Time taken: 31.353 seconds
Ran AdaPT-xgboost. Time taken: 30.581 seconds
Ran AdaPT-xgboost. Time taken: 32.636 seconds
Ran AdaPT-xgboost. Time taken: 27.44 seconds
Ran AdaPT-xgboost. Time taken: 27.12 seconds
Ran AdaPT-xgboost. Time taken: 27.532 seconds
Ran AdaPT-xgboost. Time taken: 32.32 seconds
Ran AdaPT-xgboost. Time taken: 36.532 seconds
Ran AdaPT-xgboost. Time taken: 26.98 seconds
Ran AdaPT-xgboost. Time taken: 32.706 seconds
Ran Clfdr-EM. Time taken: 12.733 seconds
Ran AdaPT-xgboost. Time taken: 17.738 seconds
Ran AdaPT-xgboost. Time taken: 34.308 seconds
Ran AdaPT-xgboost. Time taken: 32.167 seconds
Ran AdaPT-xgboost. Time taken: 29.587 seconds
Ran AdaPT-xgboost. Time taken: 26.011 seconds
Ran Clfdr-EM. Time taken: 19.699 seconds
Ran AdaPT-xgboost. Time taken: 30.684 seconds
Ran AdaPT-xgboost. Time taken: 32.055 seconds
Ran AdaPT-xgboost. Time taken: 28.819 seconds
Ran AdaPT-xgboost. Time taken: 17.711 seconds
Ran AdaPT-xgboost. Time taken: 21.439 seconds
Ran AdaPT-xgboost. Time taken: 11.318 seconds
alpha = 0.1: FDPhat 0.0926, Number of Rej. 54
Task completed!
Ran AdaPT. Time taken: 51.134 seconds
Ran Boca-Leek. Time taken: 0.102 seconds
Ran AdaPT-xgboost. Time taken: 27.153 seconds
Ran AdaPT-xgboost. Time taken: 19.331 seconds
Ran AdaPT-xgboost. Time taken: 23.056 seconds
alpha = 0.1: FDPhat 0.1, Number of Rej. 130
Task completed!
Ran AdaPT. Time taken: 39.751 seconds
Ran Clfdr-EM. Time taken: 1.019 seconds
Ran Boca-Leek. Time taken: 0.277 seconds
Ran AdaPT-xgboost. Time taken: 18.56 seconds
Ran Clfdr-EM. Time taken: 0.088 seconds
alpha = 0.1: FDPhat 0.0948, Number of Rej. 116
Task completed!
Ran AdaPT. Time taken: 38.353 seconds
Ran AdaPT-xgboost. Time taken: 8.184 seconds
Ran Boca-Leek. Time taken: 0.094 seconds
Ran AdaPT-xgboost. Time taken: 5.473 seconds
Ran Clfdr-EM. Time taken: 1.511 seconds
Ran AdaPT-xgboost. Time taken: 6.2 seconds
Ran AdaPT-xgboost. Time taken: 4.804 seconds
Ran IHW-quantile. Time taken: 196.635 seconds
Ran IHW-forest. Time taken: 0.6 seconds
Ran BH. Time taken: 0.002 seconds
Ran IHW-quantile. Time taken: 204.241 seconds
Ran IHW-forest. Time taken: 0.365 seconds
Ran BH. Time taken: 0.002 seconds
alpha = 0.1: FDPhat 0.0909, Number of Rej. 77
Task completed!
Ran AdaPT. Time taken: 6.234 seconds
Ran Boca-Leek. Time taken: 0.102 seconds
Ran Clfdr-EM. Time taken: 3.515 seconds
alpha = 0.1: FDPhat 0.0957, Number of Rej. 94
Task completed!
Ran AdaPT. Time taken: 4.702 seconds
Ran Boca-Leek. Time taken: 0.066 seconds
Ran IHW-quantile. Time taken: 211.671 seconds
Ran IHW-forest. Time taken: 0.588 seconds
Ran BH. Time taken: 0.002 seconds
Ran Clfdr-EM. Time taken: 2.106 seconds
Ran AdaPT-xgboost. Time taken: 3.335 seconds
Ran AdaPT-xgboost. Time taken: 2.152 seconds
alpha = 0.1: FDPhat 0.0896, Number of Rej. 67
Task completed!
Ran AdaPT. Time taken: 5.082 seconds
Ran Boca-Leek. Time taken: 0.067 seconds
Ran Clfdr-EM. Time taken: 0.314 seconds
Ran AdaPT-xgboost. Time taken: 2.141 seconds
[1] "\n"
