WARNING: ignoring environment value of R_HOME
- One or more packages recorded in the lockfile are not installed.
- Use `renv::status()` for more details.

##------ Fri Aug 18 03:38:20 2023 ------##
##------ Fri Aug 18 03:38:20 2023 ------## 

simulation run:1/42
simulation run:2/42
simulation run:3/42
simulation run:5/42
simulation run:7/42
simulation run:4/42
simulation run:6/42
simulation run:8/42
simulation run:9/42
simulation run:10/42
simulation run:11/42
simulation run:12/42
simulation run:13/42
simulation run:14/42
simulation run:15/42
simulation run:16/42
simulation run:17/42
simulation run:18/42
simulation run:19/42
simulation run:20/42
simulation run:21/42
simulation run:22/42
simulation run:23/42
simulation run:24/42
simulation run:25/42
simulation run:26/42
simulation run:27/42
simulation run:28/42
simulation run:29/42
simulation run:30/42
simulation run:31/42
simulation run:32/42
simulation run:33/42
simulation run:34/42
simulation run:35/42
simulation run:36/42
simulation run:37/42
simulation run:38/42
simulation run:39/42
simulation run:40/42
simulation run:41/42
simulation run:42/42
Ran IHW-quantile. Time taken: 0.002 seconds
Ran IHW-quantile. Time taken: 0.002 seconds
Ran IHW-quantile. Time taken: 0.001 seconds
Ran IHW-quantile. Time taken: 0.001 seconds
Ran IHW-quantile. Time taken: 0.002 seconds
Ran IHW-quantile. Time taken: 0.002 seconds
Ran IHW-quantile. Time taken: 0.037 seconds
Ran IHW-quantile. Time taken: 0.042 seconds
Ran IHW-quantile. Time taken: 0.002 seconds
Ran IHW-quantile. Time taken: 0.001 seconds
Ran IHW-quantile. Time taken: 0.037 seconds
Ran IHW-quantile. Time taken: 0.001 seconds
Ran IHW-quantile. Time taken: 0.001 seconds
Ran IHW-quantile. Time taken: 0.038 seconds
Ran IHW-quantile. Time taken: 0.042 seconds
Ran IHW-quantile. Time taken: 0.001 seconds
Ran IHW-quantile. Time taken: 0.001 seconds
Ran IHW-quantile. Time taken: 0.042 seconds
Ran IHW-quantile. Time taken: 0.001 seconds
Ran IHW-quantile. Time taken: 0.002 seconds
Ran IHW-forest. Time taken: 7.518 seconds
Ran IHW-forest. Time taken: 7.396 seconds
Ran IHW-forest. Time taken: 7.435 seconds
Ran IHW-forest. Time taken: 8.209 seconds
Ran IHW-forest. Time taken: 7.599 seconds
Ran IHW-forest. Time taken: 7.531 seconds
Ran IHW-forest. Time taken: 7.461 seconds
Ran IHW-forest. Time taken: 8.353 seconds
Ran IHW-forest. Time taken: 8.265 seconds
Ran IHW-forest. Time taken: 8.255 seconds
Ran IHW-forest. Time taken: 7.578 seconds
Ran BH. Time taken: 0.002 seconds
Ran IHW-forest. Time taken: 7.54 seconds
Ran IHW-forest. Time taken: 7.437 seconds
Ran IHW-forest. Time taken: 8.291 seconds
Ran IHW-forest. Time taken: 7.377 seconds
Ran BH. Time taken: 0.002 seconds
Ran IHW-forest. Time taken: 8.323 seconds
Ran BH. Time taken: 0.001 seconds
Ran BH. Time taken: 0.038 seconds
Ran BH. Time taken: 0.002 seconds
Ran IHW-forest. Time taken: 8.312 seconds
Ran IHW-forest. Time taken: 8.204 seconds
Ran BH. Time taken: 0.039 seconds
Ran IHW-forest. Time taken: 8.359 seconds
Ran BH. Time taken: 0.038 seconds
Ran IHW-forest. Time taken: 8.255 seconds
Ran BH. Time taken: 0.002 seconds
Ran BH. Time taken: 0.043 seconds
Ran BH. Time taken: 0.002 seconds
Ran BH. Time taken: 0.038 seconds
Ran BH. Time taken: 0.002 seconds
Ran BH. Time taken: 0.002 seconds
Ran BH. Time taken: 0.042 seconds
Ran BH. Time taken: 0.042 seconds
Ran BH. Time taken: 0.042 seconds
Ran BH. Time taken: 0.042 seconds
Ran BH. Time taken: 0.038 seconds
Ran BH. Time taken: 0.002 seconds
Ran BH. Time taken: 0.042 seconds
Ran AdaPT. Time taken: 82.601 seconds
Ran Boca-Leek. Time taken: 1.028 seconds
Ran IHW-quantile. Time taken: 104.281 seconds
Ran AdaPT. Time taken: 89.476 seconds
Ran AdaPT. Time taken: 90.57 seconds
Ran AdaPT. Time taken: 89.492 seconds
Ran AdaPT. Time taken: 93.716 seconds
Ran Boca-Leek. Time taken: 1.254 seconds
Ran Boca-Leek. Time taken: 1.246 seconds
Ran Boca-Leek. Time taken: 1.28 seconds
Ran Boca-Leek. Time taken: 1.241 seconds
Ran IHW-forest. Time taken: 7.125 seconds
Ran AdaPT. Time taken: 96.884 seconds
Ran AdaPT. Time taken: 99.14 seconds
Ran IHW-quantile. Time taken: 114.37 seconds
Ran Clfdr-EM. Time taken: 0.186 seconds
Ran BH. Time taken: 0.042 seconds
Ran AdaPT. Time taken: 99.057 seconds
Ran Boca-Leek. Time taken: 1.152 seconds
Ran Boca-Leek. Time taken: 1.18 seconds
Ran AdaPT. Time taken: 101.083 seconds
Ran AdaPT. Time taken: 102.053 seconds
Ran Boca-Leek. Time taken: 1.201 seconds
Ran AdaPT. Time taken: 104.155 seconds
Ran Boca-Leek. Time taken: 1.319 seconds
Ran Boca-Leek. Time taken: 1.189 seconds
Ran Clfdr-EM. Time taken: 1.069 seconds
Ran IHW-forest. Time taken: 7.192 seconds
Ran Boca-Leek. Time taken: 1.258 seconds
Ran AdaPT. Time taken: 106.926 seconds
Ran Clfdr-EM. Time taken: 0.451 seconds
Ran BH. Time taken: 0.031 seconds
Ran AdaPT. Time taken: 110.112 seconds
Ran AdaPT. Time taken: 111.54 seconds
Ran Boca-Leek. Time taken: 1.138 seconds
Ran AdaPT. Time taken: 109.701 seconds
Ran AdaPT. Time taken: 109.982 seconds
Ran Boca-Leek. Time taken: 1.216 seconds
Ran AdaPT. Time taken: 111.581 seconds
Ran AdaPT. Time taken: 113.469 seconds
Ran AdaPT. Time taken: 113.049 seconds
Ran Boca-Leek. Time taken: 1.249 seconds
Ran Boca-Leek. Time taken: 1.175 seconds
Ran AdaPT. Time taken: 115.82 seconds
Ran Boca-Leek. Time taken: 1.287 seconds
Ran Boca-Leek. Time taken: 1.193 seconds
Ran Boca-Leek. Time taken: 1.279 seconds
Ran Clfdr-EM. Time taken: 0.462 seconds
Ran Boca-Leek. Time taken: 1.318 seconds
Ran Boca-Leek. Time taken: 1.272 seconds
Ran Clfdr-EM. Time taken: 47.833 seconds
Ran AdaPT-xgboost. Time taken: 38.055 seconds
Ran Clfdr-EM. Time taken: 46.289 seconds
Ran Clfdr-EM. Time taken: 48.308 seconds
Ran Clfdr-EM. Time taken: 48.426 seconds
Ran Clfdr-EM. Time taken: 46.949 seconds
Ran AdaPT-xgboost. Time taken: 41.383 seconds
Ran Clfdr-EM. Time taken: 48.882 seconds
Ran AdaPT-xgboost. Time taken: 40.317 seconds
Ran Clfdr-EM. Time taken: 44.663 seconds
Ran Clfdr-EM. Time taken: 48.489 seconds
Ran Clfdr-EM. Time taken: 44.552 seconds
Ran AdaPT-xgboost. Time taken: 38.456 seconds
Ran Clfdr-EM. Time taken: 47.842 seconds
Ran Clfdr-EM. Time taken: 45.807 seconds
Ran Clfdr-EM. Time taken: 46.682 seconds
Ran Clfdr-EM. Time taken: 46.898 seconds
Ran Clfdr-EM. Time taken: 44.987 seconds
Ran Clfdr-EM. Time taken: 49.242 seconds
Ran Clfdr-EM. Time taken: 48.764 seconds
Ran AdaPT-xgboost. Time taken: 36.978 seconds
Ran AdaPT-xgboost. Time taken: 35.564 seconds
Ran AdaPT-xgboost. Time taken: 35.505 seconds
Ran AdaPT-xgboost. Time taken: 34.839 seconds
Ran AdaPT. Time taken: 81.845 seconds
Ran Boca-Leek. Time taken: 0.835 seconds
Ran AdaPT-xgboost. Time taken: 36.093 seconds
Ran AdaPT-xgboost. Time taken: 34.839 seconds
Ran Clfdr-EM. Time taken: 3.515 seconds
Ran AdaPT-xgboost. Time taken: 35.112 seconds
Ran AdaPT-xgboost. Time taken: 30.633 seconds
Ran AdaPT-xgboost. Time taken: 31.672 seconds
Ran AdaPT-xgboost. Time taken: 29.053 seconds
Ran AdaPT-xgboost. Time taken: 30.672 seconds
Ran AdaPT. Time taken: 86.502 seconds
Ran AdaPT-xgboost. Time taken: 29.277 seconds
Ran Boca-Leek. Time taken: 0.548 seconds
Ran AdaPT-xgboost. Time taken: 32.495 seconds
Ran AdaPT-xgboost. Time taken: 32.418 seconds
Ran AdaPT-xgboost. Time taken: 32.704 seconds
Ran AdaPT-xgboost. Time taken: 31.308 seconds
Ran AdaPT-xgboost. Time taken: 19.902 seconds
Ran Clfdr-EM. Time taken: 20.871 seconds
Ran AdaPT-xgboost. Time taken: 18.614 seconds
Ran IHW-quantile. Time taken: 298.591 seconds
Ran IHW-quantile. Time taken: 300.845 seconds
Ran IHW-quantile. Time taken: 300.716 seconds
Ran IHW-quantile. Time taken: 300.633 seconds
Ran IHW-quantile. Time taken: 300.658 seconds
Ran IHW-quantile. Time taken: 300.769 seconds
Ran IHW-quantile. Time taken: 300.682 seconds
Ran IHW-quantile. Time taken: 300.662 seconds
Ran IHW-forest. Time taken: 2.409 seconds
Ran IHW-quantile. Time taken: 300.582 seconds
Ran IHW-quantile. Time taken: 300.71 seconds
Ran IHW-quantile. Time taken: 300.587 seconds
Ran IHW-quantile. Time taken: 299.158 seconds
Ran IHW-quantile. Time taken: 300.725 seconds
Ran IHW-quantile. Time taken: 300.761 seconds
Ran IHW-quantile. Time taken: 300.652 seconds
Ran IHW-quantile. Time taken: 300.741 seconds
Ran IHW-quantile. Time taken: 300.56 seconds
Ran BH. Time taken: 0.001 seconds
Ran IHW-quantile. Time taken: 300.886 seconds
Ran IHW-quantile. Time taken: 300.581 seconds
Ran IHW-quantile. Time taken: 300.606 seconds
Ran IHW-forest. Time taken: 2.714 seconds
Ran IHW-forest. Time taken: 2.851 seconds
Ran IHW-forest. Time taken: 3.152 seconds
Ran IHW-forest. Time taken: 3.313 seconds
Ran IHW-forest. Time taken: 3.231 seconds
Ran IHW-forest. Time taken: 2.906 seconds
Ran IHW-forest. Time taken: 3.31 seconds
Ran IHW-forest. Time taken: 3.04 seconds
Ran BH. Time taken: 0.002 seconds
Ran BH. Time taken: 0.002 seconds
Ran IHW-forest. Time taken: 3.302 seconds
Ran IHW-forest. Time taken: 2.926 seconds
Ran BH. Time taken: 0.001 seconds
Ran BH. Time taken: 0.003 seconds
Ran IHW-forest. Time taken: 3.04 seconds
Ran BH. Time taken: 0.002 seconds
Ran IHW-forest. Time taken: 3.188 seconds
Ran BH. Time taken: 0.023 seconds
Ran BH. Time taken: 0.002 seconds
Ran IHW-forest. Time taken: 3.197 seconds
Ran IHW-forest. Time taken: 3.037 seconds
Ran IHW-forest. Time taken: 3.063 seconds
Ran BH. Time taken: 0.001 seconds
Ran BH. Time taken: 0.001 seconds
Ran IHW-forest. Time taken: 2.941 seconds
Ran BH. Time taken: 0.002 seconds
Ran IHW-forest. Time taken: 3.135 seconds
Ran IHW-forest. Time taken: 3.05 seconds
Ran BH. Time taken: 0.002 seconds
Ran IHW-forest. Time taken: 2.994 seconds
Ran BH. Time taken: 0.022 seconds
Ran BH. Time taken: 0.017 seconds
Ran BH. Time taken: 0.017 seconds
Ran BH. Time taken: 0.031 seconds
Ran BH. Time taken: 0.001 seconds
Ran BH. Time taken: 0.002 seconds
Ran BH. Time taken: 0.002 seconds
Ran BH. Time taken: 0.002 seconds
Ran AdaPT. Time taken: 40.601 seconds
Ran AdaPT. Time taken: 45.545 seconds
Ran AdaPT. Time taken: 42.809 seconds
Ran Boca-Leek. Time taken: 0.525 seconds
Ran Boca-Leek. Time taken: 0.553 seconds
Ran AdaPT. Time taken: 42.538 seconds
Ran Boca-Leek. Time taken: 0.596 seconds
Ran AdaPT. Time taken: 42.104 seconds
Ran AdaPT. Time taken: 42.4 seconds
Ran AdaPT. Time taken: 45.327 seconds
Ran AdaPT. Time taken: 42.905 seconds
Ran Boca-Leek. Time taken: 0.592 seconds
Ran Boca-Leek. Time taken: 0.585 seconds
Ran AdaPT. Time taken: 44.293 seconds
Ran Boca-Leek. Time taken: 0.593 seconds
Ran AdaPT. Time taken: 45.293 seconds
Ran AdaPT. Time taken: 47.29 seconds
Ran AdaPT. Time taken: 46.056 seconds
Ran Boca-Leek. Time taken: 0.591 seconds
Ran AdaPT. Time taken: 46.613 seconds
Ran Boca-Leek. Time taken: 0.546 seconds
Ran AdaPT. Time taken: 47.622 seconds
Ran AdaPT. Time taken: 47.686 seconds
Ran AdaPT. Time taken: 45.637 seconds
Ran Boca-Leek. Time taken: 0.544 seconds
Ran Clfdr-EM. Time taken: 4.976 seconds
Ran AdaPT. Time taken: 47.055 seconds
Ran Boca-Leek. Time taken: 0.648 seconds
Ran Boca-Leek. Time taken: 0.569 seconds
Ran Clfdr-EM. Time taken: 0.185 seconds
Ran Boca-Leek. Time taken: 0.496 seconds
Ran AdaPT. Time taken: 48.675 seconds
Ran Boca-Leek. Time taken: 0.583 seconds
Ran Boca-Leek. Time taken: 0.588 seconds
Ran Boca-Leek. Time taken: 0.563 seconds
Ran Boca-Leek. Time taken: 0.571 seconds
Ran Clfdr-EM. Time taken: 0.08 seconds
Ran Boca-Leek. Time taken: 0.559 seconds
Ran Clfdr-EM. Time taken: 0.183 seconds
Ran Boca-Leek. Time taken: 0.577 seconds
Ran Clfdr-EM. Time taken: 0.379 seconds
Ran AdaPT. Time taken: 51.168 seconds
Ran Boca-Leek. Time taken: 0.572 seconds
Ran Clfdr-EM. Time taken: 3.977 seconds
Ran AdaPT. Time taken: 56.004 seconds
Ran Boca-Leek. Time taken: 0.574 seconds
Ran Clfdr-EM. Time taken: 20.492 seconds
Ran Clfdr-EM. Time taken: 19.23 seconds
Ran AdaPT-xgboost. Time taken: 17.766 seconds
Ran Clfdr-EM. Time taken: 19.346 seconds
Ran Clfdr-EM. Time taken: 21.281 seconds
Ran Clfdr-EM. Time taken: 19.924 seconds
Ran Clfdr-EM. Time taken: 18.476 seconds
Ran AdaPT-xgboost. Time taken: 18.5 seconds
Ran Clfdr-EM. Time taken: 21.514 seconds
Ran Clfdr-EM. Time taken: 19.64 seconds
Ran AdaPT-xgboost. Time taken: 17.697 seconds
Ran AdaPT-xgboost. Time taken: 18.32 seconds
Ran AdaPT-xgboost. Time taken: 18.089 seconds
Ran Clfdr-EM. Time taken: 20.752 seconds
Ran Clfdr-EM. Time taken: 19.332 seconds
Ran Clfdr-EM. Time taken: 21.17 seconds
Ran Clfdr-EM. Time taken: 20.631 seconds
Ran AdaPT-xgboost. Time taken: 16.712 seconds
Ran Clfdr-EM. Time taken: 19.296 seconds
Ran Clfdr-EM. Time taken: 18.262 seconds
Ran AdaPT-xgboost. Time taken: 14.696 seconds
Ran AdaPT-xgboost. Time taken: 14.787 seconds
Ran AdaPT-xgboost. Time taken: 12.627 seconds
Ran AdaPT-xgboost. Time taken: 12.296 seconds
Ran AdaPT-xgboost. Time taken: 11.712 seconds
Ran AdaPT-xgboost. Time taken: 12.29 seconds
Ran AdaPT-xgboost. Time taken: 12.006 seconds
Ran AdaPT-xgboost. Time taken: 12.978 seconds
Ran AdaPT-xgboost. Time taken: 11.161 seconds
Ran AdaPT-xgboost. Time taken: 10.25 seconds
Ran AdaPT-xgboost. Time taken: 10.811 seconds
Ran AdaPT-xgboost. Time taken: 10.282 seconds
Ran AdaPT-xgboost. Time taken: 8.786 seconds
Ran AdaPT-xgboost. Time taken: 7.014 seconds
[1] "\n"
