WARNING: ignoring environment value of R_HOME
- One or more packages recorded in the lockfile are not installed.
- Use `renv::status()` for more details.

##------ Fri Aug 18 03:37:06 2023 ------##
##------ Fri Aug 18 03:37:06 2023 ------## 

simulation run:1/42
simulation run:2/42
simulation run:3/42
simulation run:5/42
simulation run:7/42
simulation run:4/42
simulation run:6/42
simulation run:8/42
simulation run:9/42
simulation run:10/42
simulation run:11/42
simulation run:12/42
simulation run:13/42
simulation run:14/42
simulation run:15/42
simulation run:16/42
simulation run:17/42
simulation run:18/42
simulation run:19/42
simulation run:20/42
simulation run:21/42
simulation run:22/42
simulation run:23/42
simulation run:24/42
simulation run:25/42
simulation run:26/42
simulation run:27/42
simulation run:28/42
simulation run:29/42
simulation run:30/42
simulation run:31/42
simulation run:32/42
simulation run:33/42
simulation run:34/42
simulation run:35/42
simulation run:36/42
simulation run:37/42
simulation run:38/42
simulation run:39/42
simulation run:40/42
simulation run:41/42
simulation run:42/42
Ran IHW-quantile. Time taken: 0.002 seconds
Ran IHW-quantile. Time taken: 0.001 seconds
Ran IHW-quantile. Time taken: 0.001 seconds
Ran IHW-forest. Time taken: 8.696 seconds
Ran IHW-forest. Time taken: 7.666 seconds
Ran IHW-forest. Time taken: 8.805 seconds
Ran BH. Time taken: 0.002 seconds
Ran BH. Time taken: 0.006 seconds
Ran BH. Time taken: 0.046 seconds
Ran IHW-quantile. Time taken: 19.989 seconds
Ran IHW-quantile. Time taken: 21.254 seconds
Ran IHW-quantile. Time taken: 20.063 seconds
Ran IHW-quantile. Time taken: 23.401 seconds
Ran IHW-quantile. Time taken: 22.968 seconds
Ran IHW-quantile. Time taken: 22.677 seconds
Ran IHW-quantile. Time taken: 23.179 seconds
Ran IHW-quantile. Time taken: 21.322 seconds
Ran IHW-quantile. Time taken: 21.787 seconds
Ran IHW-quantile. Time taken: 22.246 seconds
Ran IHW-quantile. Time taken: 22.64 seconds
Ran IHW-quantile. Time taken: 23.296 seconds
Ran IHW-quantile. Time taken: 24.153 seconds
Ran IHW-quantile. Time taken: 21.905 seconds
Ran IHW-quantile. Time taken: 23.955 seconds
Ran IHW-quantile. Time taken: 23.191 seconds
Ran IHW-quantile. Time taken: 22.473 seconds
Ran IHW-quantile. Time taken: 23.175 seconds
Ran IHW-quantile. Time taken: 23.818 seconds
Ran IHW-quantile. Time taken: 22.915 seconds
Ran IHW-quantile. Time taken: 25.279 seconds
Ran IHW-quantile. Time taken: 23.696 seconds
Ran IHW-quantile. Time taken: 26.514 seconds
Ran IHW-quantile. Time taken: 24.989 seconds
Ran IHW-quantile. Time taken: 26.616 seconds
Ran IHW-quantile. Time taken: 25.368 seconds
Ran IHW-quantile. Time taken: 25.464 seconds
Ran IHW-quantile. Time taken: 24.991 seconds
Ran IHW-quantile. Time taken: 25.22 seconds
Ran IHW-quantile. Time taken: 25.633 seconds
Ran IHW-forest. Time taken: 6.438 seconds
Ran IHW-forest. Time taken: 6.438 seconds
Ran IHW-forest. Time taken: 6.469 seconds
Ran IHW-forest. Time taken: 6.541 seconds
Ran IHW-forest. Time taken: 6.551 seconds
Ran IHW-forest. Time taken: 6.658 seconds
Ran IHW-forest. Time taken: 6.576 seconds
Ran IHW-forest. Time taken: 6.586 seconds
Ran IHW-forest. Time taken: 6.691 seconds
Ran IHW-forest. Time taken: 6.57 seconds
Ran BH. Time taken: 0.038 seconds
Ran BH. Time taken: 0.039 seconds
Ran BH. Time taken: 0.002 seconds
Ran IHW-forest. Time taken: 6.736 seconds
Ran IHW-forest. Time taken: 7.115 seconds
Ran IHW-forest. Time taken: 6.49 seconds
Ran IHW-forest. Time taken: 6.479 seconds
Ran IHW-forest. Time taken: 7.132 seconds
Ran BH. Time taken: 0.038 seconds
Ran IHW-forest. Time taken: 6.48 seconds
Ran BH. Time taken: 0.038 seconds
Ran BH. Time taken: 0.037 seconds
Ran BH. Time taken: 0.003 seconds
Ran BH. Time taken: 0.04 seconds
Ran BH. Time taken: 0.033 seconds
Ran BH. Time taken: 0.002 seconds
Ran IHW-forest. Time taken: 7.132 seconds
Ran IHW-forest. Time taken: 7.113 seconds
Ran IHW-forest. Time taken: 6.578 seconds
Ran IHW-forest. Time taken: 7.307 seconds
Ran BH. Time taken: 0.038 seconds
Ran IHW-forest. Time taken: 7.22 seconds
Ran BH. Time taken: 0.038 seconds
Ran IHW-forest. Time taken: 7.411 seconds
Ran IHW-forest. Time taken: 7.301 seconds
Ran BH. Time taken: 0.002 seconds
Ran BH. Time taken: 0.002 seconds
Ran BH. Time taken: 0.039 seconds
Ran IHW-forest. Time taken: 7.488 seconds
Ran IHW-forest. Time taken: 7.394 seconds
Ran IHW-forest. Time taken: 7.321 seconds
Ran BH. Time taken: 0.002 seconds
Ran IHW-forest. Time taken: 7.507 seconds
Ran BH. Time taken: 0.002 seconds
Ran IHW-forest. Time taken: 7.514 seconds
Ran IHW-forest. Time taken: 7.449 seconds
Ran BH. Time taken: 0.026 seconds
Ran BH. Time taken: 0.048 seconds
Ran IHW-forest. Time taken: 7.391 seconds
Ran BH. Time taken: 0.046 seconds
Ran BH. Time taken: 0.042 seconds
Ran BH. Time taken: 0.003 seconds
Ran BH. Time taken: 0.042 seconds
Ran BH. Time taken: 0.042 seconds
Ran BH. Time taken: 0.002 seconds
Ran BH. Time taken: 0.002 seconds
Ran BH. Time taken: 0.002 seconds
Ran BH. Time taken: 0.002 seconds
Ran BH. Time taken: 0.042 seconds
Ran BH. Time taken: 0.042 seconds
Ran IHW-quantile. Time taken: 57.954 seconds
Ran IHW-quantile. Time taken: 63.608 seconds
Ran IHW-quantile. Time taken: 65.2 seconds
Ran IHW-forest. Time taken: 6.784 seconds
Ran BH. Time taken: 0.002 seconds
Ran IHW-forest. Time taken: 7.354 seconds
Ran BH. Time taken: 0.052 seconds
Ran IHW-forest. Time taken: 7.437 seconds
Ran BH. Time taken: 0.044 seconds
alpha = 0.1: FDPhat 0.0992, Number of Rej. 131
Task completed!
Ran AdaPT. Time taken: 51.907 seconds
alpha = 0.1: FDPhat 0.0992, Number of Rej. 131
Task completed!
Ran AdaPT. Time taken: 54.091 seconds
alpha = 0.1: FDPhat 0.0986, Number of Rej. 142
Task completed!
Ran AdaPT. Time taken: 53.865 seconds
Ran Boca-Leek. Time taken: 1.01 seconds
alpha = 0.1: FDPhat 0.092, Number of Rej. 87
Task completed!
Ran AdaPT. Time taken: 57.626 seconds
Ran Boca-Leek. Time taken: 1.027 seconds
alpha = 0.1: FDPhat 0.0984, Number of Rej. 122
Task completed!
Ran AdaPT. Time taken: 58.652 seconds
Ran Boca-Leek. Time taken: 1.009 seconds
alpha = 0.1: FDPhat 0.0973, Number of Rej. 113
Task completed!
Ran AdaPT. Time taken: 57.724 seconds
alpha = 0.1: FDPhat 0.0982, Number of Rej. 112
Task completed!
Ran Boca-Leek. Time taken: 1.032 seconds
Ran AdaPT. Time taken: 61.039 seconds
alpha = 0.1: FDPhat 0.0971, Number of Rej. 103
Task completed!
Ran Boca-Leek. Time taken: 1.028 seconds
Ran AdaPT. Time taken: 80.754 seconds
alpha = 0.1: FDPhat 0.0976, Number of Rej. 123
Task completed!
alpha = 0.1: FDPhat 0.0952, Number of Rej. 126
Task completed!
Ran AdaPT. Time taken: 62.556 seconds
Ran AdaPT. Time taken: 57.254 seconds
alpha = 0.1: FDPhat 0.0957, Number of Rej. 115
Task completed!
Ran AdaPT. Time taken: 60.668 seconds
Ran Clfdr-EM. Time taken: 1.857 seconds
Ran Boca-Leek. Time taken: 0.982 seconds
Ran Boca-Leek. Time taken: 0.991 seconds
alpha = 0.1: FDPhat 0.0926, Number of Rej. 54
Task completed!
Ran AdaPT. Time taken: 84.304 seconds
alpha = 0.1: FDPhat 0.0992, Number of Rej. 121
Task completed!
Ran AdaPT. Time taken: 61.195 seconds
alpha = 0.1: FDPhat 0.1, Number of Rej. 120
Task completed!
Ran AdaPT. Time taken: 59.58 seconds
alpha = 0.1: FDPhat 0.1, Number of Rej. 100
Task completed!
Ran AdaPT. Time taken: 64.1 seconds
Ran Boca-Leek. Time taken: 1.201 seconds
Ran Boca-Leek. Time taken: 0.995 seconds
Ran Boca-Leek. Time taken: 1.01 seconds
alpha = 0.1: FDPhat 0.093, Number of Rej. 86
Task completed!
alpha = 0.1: FDPhat 0.0882, Number of Rej. 34
Task completed!
Ran AdaPT. Time taken: 86.553 seconds
Ran AdaPT. Time taken: 68.6 seconds
Ran Clfdr-EM. Time taken: 2.037 seconds
Ran Boca-Leek. Time taken: 1.15 seconds
alpha = 0.1: FDPhat 0.0882, Number of Rej. 34
Task completed!
Ran AdaPT. Time taken: 68.585 seconds
Ran Clfdr-EM. Time taken: 2.268 seconds
Ran Boca-Leek. Time taken: 0.997 seconds
Ran Boca-Leek. Time taken: 1.225 seconds
Ran Boca-Leek. Time taken: 1.145 seconds
Ran Boca-Leek. Time taken: 1 seconds
Ran Clfdr-EM. Time taken: 3.062 seconds
alpha = 0.1: FDPhat 0.087, Number of Rej. 69
Task completed!
Ran AdaPT. Time taken: 70.402 seconds
Ran Boca-Leek. Time taken: 1.032 seconds
Ran Boca-Leek. Time taken: 1.098 seconds
alpha = 0.1: FDPhat 0.0909, Number of Rej. 44
Task completed!
Ran Boca-Leek. Time taken: 1.027 seconds
Ran AdaPT. Time taken: 72.588 seconds
Ran Clfdr-EM. Time taken: 1.855 seconds
alpha = 0.1: FDPhat 0.1, Number of Rej. 110
Task completed!
Ran AdaPT. Time taken: 65.391 seconds
alpha = 0.1: FDPhat 0.0991, Number of Rej. 111
Task completed!
Ran AdaPT. Time taken: 65.658 seconds
alpha = 0.1: FDPhat 0.1, Number of Rej. 120
Task completed!
Ran AdaPT. Time taken: 66.662 seconds
alpha = 0.1: FDPhat 0.0909, Number of Rej. 33
Task completed!
Ran AdaPT. Time taken: 70.707 seconds
Ran Boca-Leek. Time taken: 1.037 seconds
alpha = 0.1: FDPhat 0.0909, Number of Rej. 33
Task completed!
Ran AdaPT. Time taken: 71.499 seconds
alpha = 0.1: FDPhat 0.0965, Number of Rej. 114
Task completed!
Ran AdaPT. Time taken: 67.576 seconds
Ran Boca-Leek. Time taken: 1.07 seconds
alpha = 0.1: FDPhat 0.0893, Number of Rej. 56
Task completed!
Ran Clfdr-EM. Time taken: 2.115 seconds
Ran AdaPT. Time taken: 70.273 seconds
Ran Boca-Leek. Time taken: 1.112 seconds
Ran Clfdr-EM. Time taken: 2.082 seconds
Ran Clfdr-EM. Time taken: 6.561 seconds
alpha = 0.1: FDPhat 0.0976, Number of Rej. 123
Task completed!
Ran AdaPT. Time taken: 70.04 seconds
alpha = 0.1: FDPhat 0.094, Number of Rej. 117
Task completed!
Ran AdaPT. Time taken: 70.528 seconds
alpha = 0.1: FDPhat 0.0625, Number of Rej. 16
Task completed!
Ran AdaPT. Time taken: 72.821 seconds
Ran Clfdr-EM. Time taken: 3.602 seconds
Ran Boca-Leek. Time taken: 1.123 seconds
Ran Clfdr-EM. Time taken: 7.754 seconds
Ran Boca-Leek. Time taken: 1.15 seconds
Ran Boca-Leek. Time taken: 1.122 seconds
Ran Clfdr-EM. Time taken: 6.132 seconds
alpha = 0.1: FDPhat 0.1, Number of Rej. 30
Task completed!
Ran AdaPT. Time taken: 73.888 seconds
Ran Boca-Leek. Time taken: 1.127 seconds
Ran Boca-Leek. Time taken: 1.128 seconds
Ran Boca-Leek. Time taken: 1.092 seconds
Ran Boca-Leek. Time taken: 1.146 seconds
Ran Boca-Leek. Time taken: 1.137 seconds
Ran Clfdr-EM. Time taken: 2.208 seconds
alpha = 0.1: FDPhat 0.0965, Number of Rej. 114
Task completed!
Ran AdaPT. Time taken: 73.329 seconds
Ran Boca-Leek. Time taken: 1.098 seconds
Ran Boca-Leek. Time taken: 1.188 seconds
Ran Clfdr-EM. Time taken: 2.34 seconds
alpha = 0.1: FDPhat 0.0938, Number of Rej. 32
Task completed!
Ran AdaPT. Time taken: 77.162 seconds
Ran IHW-quantile. Time taken: 119.198 seconds
Ran Clfdr-EM. Time taken: 2.027 seconds
Ran Clfdr-EM. Time taken: 11.305 seconds
Ran Boca-Leek. Time taken: 1.11 seconds
Ran Clfdr-EM. Time taken: 2.071 seconds
Ran Clfdr-EM. Time taken: 0.352 seconds
Ran Clfdr-EM. Time taken: 2.821 seconds
Ran Boca-Leek. Time taken: 1.173 seconds
Ran IHW-quantile. Time taken: 124.767 seconds
Ran Clfdr-EM. Time taken: 6.547 seconds
Ran IHW-quantile. Time taken: 124.072 seconds
Ran Clfdr-EM. Time taken: 3.411 seconds
Ran Clfdr-EM. Time taken: 33.931 seconds
Ran IHW-forest. Time taken: 6.666 seconds
Ran Clfdr-EM. Time taken: 34.157 seconds
Ran BH. Time taken: 0.002 seconds
Ran IHW-forest. Time taken: 6.707 seconds
Ran Clfdr-EM. Time taken: 34.339 seconds
Ran IHW-forest. Time taken: 6.753 seconds
Ran Clfdr-EM. Time taken: 15.182 seconds
Ran BH. Time taken: 0.002 seconds
alpha = 0.1: FDPhat 0.1, Number of Rej. 100
Task completed!
Ran AdaPT. Time taken: 65.055 seconds
Ran BH. Time taken: 0.045 seconds
Ran AdaPT-xgboost. Time taken: 36.121 seconds
Ran AdaPT-xgboost. Time taken: 36.461 seconds
Ran Boca-Leek. Time taken: 1.442 seconds
Ran AdaPT-xgboost. Time taken: 36.217 seconds
Ran Clfdr-EM. Time taken: 36.055 seconds
Ran Clfdr-EM. Time taken: 35.044 seconds
Ran Clfdr-EM. Time taken: 17.69 seconds
Ran AdaPT-xgboost. Time taken: 36.064 seconds
Ran AdaPT-xgboost. Time taken: 35.658 seconds
alpha = 0.1: FDPhat 0.0968, Number of Rej. 124
Task completed!
Ran AdaPT. Time taken: 64.178 seconds
Ran Clfdr-EM. Time taken: 33.779 seconds
Ran Clfdr-EM. Time taken: 41.516 seconds
Ran AdaPT-xgboost. Time taken: 33.928 seconds
Ran AdaPT-xgboost. Time taken: 34.373 seconds
Ran Clfdr-EM. Time taken: 35.266 seconds
Ran Boca-Leek. Time taken: 0.59 seconds
Ran AdaPT-xgboost. Time taken: 34.564 seconds
Ran Clfdr-EM. Time taken: 33.427 seconds
Ran AdaPT-xgboost. Time taken: 37.788 seconds
Ran AdaPT-xgboost. Time taken: 38.109 seconds
Ran Clfdr-EM. Time taken: 37.506 seconds
Ran AdaPT-xgboost. Time taken: 37.478 seconds
Ran AdaPT-xgboost. Time taken: 35.148 seconds
alpha = 0.1: FDPhat 0.094, Number of Rej. 117
Task completed!
Ran AdaPT. Time taken: 76.511 seconds
Ran Clfdr-EM. Time taken: 38.926 seconds
Ran AdaPT-xgboost. Time taken: 35.969 seconds
Ran Boca-Leek. Time taken: 0.927 seconds
Ran AdaPT-xgboost. Time taken: 28.858 seconds
Ran AdaPT-xgboost. Time taken: 38.137 seconds
Ran AdaPT-xgboost. Time taken: 33.887 seconds
Ran AdaPT-xgboost. Time taken: 37.744 seconds
Ran AdaPT-xgboost. Time taken: 28.274 seconds
Ran AdaPT-xgboost. Time taken: 37.546 seconds
Ran AdaPT-xgboost. Time taken: 37.743 seconds
Ran AdaPT-xgboost. Time taken: 37.219 seconds
Ran AdaPT-xgboost. Time taken: 33.93 seconds
Ran AdaPT-xgboost. Time taken: 19.282 seconds
Ran Clfdr-EM. Time taken: 15.964 seconds
Ran AdaPT-xgboost. Time taken: 21.699 seconds
Ran AdaPT-xgboost. Time taken: 32.29 seconds
Ran AdaPT-xgboost. Time taken: 31.418 seconds
Ran AdaPT-xgboost. Time taken: 18.879 seconds
Ran AdaPT-xgboost. Time taken: 16.641 seconds
Ran AdaPT-xgboost. Time taken: 22.033 seconds
Ran AdaPT-xgboost. Time taken: 25.161 seconds
Ran AdaPT-xgboost. Time taken: 22.62 seconds
Ran AdaPT-xgboost. Time taken: 17.729 seconds
Ran Clfdr-EM. Time taken: 27.806 seconds
Ran AdaPT-xgboost. Time taken: 16.108 seconds
Ran Clfdr-EM. Time taken: 15.23 seconds
alpha = 0.1: FDPhat 0.0982, Number of Rej. 112
Task completed!
Ran AdaPT. Time taken: 37.512 seconds
Ran Boca-Leek. Time taken: 0.232 seconds
alpha = 0.1: FDPhat 0.097, Number of Rej. 165
Task completed!
Ran AdaPT. Time taken: 35.051 seconds
Ran Clfdr-EM. Time taken: 0.184 seconds
Ran Boca-Leek. Time taken: 0.231 seconds
alpha = 0.1: FDPhat 0.1, Number of Rej. 110
Task completed!
Ran AdaPT. Time taken: 46.055 seconds
Ran Clfdr-EM. Time taken: 1.742 seconds
Ran AdaPT-xgboost. Time taken: 12.493 seconds
Ran Boca-Leek. Time taken: 0.35 seconds
Ran AdaPT-xgboost. Time taken: 6.059 seconds
Ran AdaPT-xgboost. Time taken: 10.503 seconds
Ran AdaPT-xgboost. Time taken: 5.715 seconds
Ran AdaPT-xgboost. Time taken: 9.38 seconds
Ran Clfdr-EM. Time taken: 5.69 seconds
Ran AdaPT-xgboost. Time taken: 3.555 seconds
Ran IHW-quantile. Time taken: 210.312 seconds
Ran IHW-forest. Time taken: 0.594 seconds
Ran BH. Time taken: 0.002 seconds
alpha = 0.1: FDPhat 0.0965, Number of Rej. 114
Task completed!
Ran AdaPT. Time taken: 6.252 seconds
Ran Boca-Leek. Time taken: 0.117 seconds
Ran IHW-quantile. Time taken: 221.451 seconds
Ran Clfdr-EM. Time taken: 4.088 seconds
Ran IHW-forest. Time taken: 0.482 seconds
Ran BH. Time taken: 0.002 seconds
Ran AdaPT-xgboost. Time taken: 3.448 seconds
alpha = 0.1: FDPhat 0.0964, Number of Rej. 83
Task completed!
Ran AdaPT. Time taken: 5.706 seconds
Ran Boca-Leek. Time taken: 0.072 seconds
Ran Clfdr-EM. Time taken: 2.455 seconds
Ran AdaPT-xgboost. Time taken: 2.415 seconds
Ran IHW-quantile. Time taken: 237.705 seconds
Ran IHW-forest. Time taken: 0.4 seconds
Ran BH. Time taken: 0.002 seconds
alpha = 0.1: FDPhat 0.0957, Number of Rej. 115
Task completed!
Ran AdaPT. Time taken: 5.139 seconds
Ran Boca-Leek. Time taken: 0.074 seconds
Ran Clfdr-EM. Time taken: 0.345 seconds
Ran AdaPT-xgboost. Time taken: 2.342 seconds
[1] "\n"
