
##------ Thu Aug 10 04:18:45 2023 ------##
##------ Thu Aug 10 04:18:45 2023 ------## 

simulation run:1/45
simulation run:2/45
simulation run:3/45
simulation run:4/45
simulation run:7/45
simulation run:5/45
simulation run:6/45
simulation run:8/45
simulation run:9/45
simulation run:10/45
simulation run:12/45
simulation run:11/45
simulation run:13/45
simulation run:14/45
simulation run:15/45
simulation run:16/45
simulation run:17/45
simulation run:18/45
simulation run:19/45
simulation run:20/45
simulation run:21/45
simulation run:22/45
simulation run:23/45
simulation run:24/45
simulation run:25/45
simulation run:26/45
simulation run:27/45
simulation run:28/45
simulation run:29/45
simulation run:30/45
simulation run:31/45
simulation run:32/45
simulation run:33/45
simulation run:34/45
simulation run:35/45
simulation run:36/45
simulation run:37/45
simulation run:38/45
simulation run:39/45
simulation run:40/45
simulation run:41/45
simulation run:42/45
simulation run:43/45
simulation run:44/45
simulation run:45/45
alpha = 0.1: FDPhat 0.0952, Number of Rej. 42
Task completed!
alpha = 0.1: FDPhat 0.0924, Number of Rej. 119
Task completed!
alpha = 0.1: FDPhat 0.0938, Number of Rej. 64
Task completed!
alpha = 0.1: FDPhat 0.0833, Number of Rej. 36
Task completed!
alpha = 0.1: FDPhat 0.0741, Number of Rej. 27
Task completed!
alpha = 0.1: FDPhat 0.0952, Number of Rej. 42
Task completed!
alpha = 0.1: FDPhat 0.0909, Number of Rej. 22
Task completed!
alpha = 0.1: FDPhat 0.0928, Number of Rej. 97
Task completed!
alpha = 0.1: FDPhat 0.0857, Number of Rej. 35
Task completed!
alpha = 0.1: FDPhat 0.0972, Number of Rej. 144
Task completed!
alpha = 0.1: FDPhat 0.0893, Number of Rej. 56
Task completed!
alpha = 0.1: FDPhat 0.0991, Number of Rej. 111
Task completed!
alpha = 0.1: FDPhat 0.0986, Number of Rej. 71
Task completed!
alpha = 0.1: FDPhat 0.087, Number of Rej. 23
Task completed!
alpha = 0.1: FDPhat 0.093, Number of Rej. 129
Task completed!
alpha = 0.1: FDPhat 0.0667, Number of Rej. 15
Task completed!
alpha = 0.1: FDPhat 0.0943, Number of Rej. 106
Task completed!
alpha = 0.1: FDPhat 0.0833, Number of Rej. 36
Task completed!
alpha = 0.1: FDPhat 0.0952, Number of Rej. 147
Task completed!
alpha = 0.1: FDPhat 0.0909, Number of Rej. 22
Task completed!
alpha = 0.1: FDPhat 0.1, Number of Rej. 80
Task completed!
alpha = 0.1: FDPhat 0.0667, Number of Rej. 15
Task completed!
alpha = 0.1: FDPhat 0.0769, Number of Rej. 26
Task completed!
alpha = 0.1: FDPhat 0.0811, Number of Rej. 37
Task completed!
alpha = 0.1: FDPhat 0.0978, Number of Rej. 92
Task completed!
alpha = 0.1: FDPhat 0.0952, Number of Rej. 63
Task completed!
alpha = 0.1: FDPhat 0.0988, Number of Rej. 81
Task completed!
alpha = 0.1: FDPhat 0.1, Number of Rej. 120
Task completed!
alpha = 0.1: FDPhat 0.0947, Number of Rej. 95
Task completed!
alpha = 0.1: FDPhat 0.0942, Number of Rej. 138
Task completed!
alpha = 0.1: FDPhat 0.0957, Number of Rej. 115
Task completed!
alpha = 0.1: FDPhat 0.098, Number of Rej. 51
Task completed!
alpha = 0.1: FDPhat 0.0948, Number of Rej. 116
Task completed!
alpha = 0.1: FDPhat 0.0952, Number of Rej. 105
Task completed!
alpha = 0.1: FDPhat 0.099, Number of Rej. 101
Task completed!
alpha = 0.1: FDPhat 0.0947, Number of Rej. 95
Task completed!
alpha = 0.1: FDPhat 0.0976, Number of Rej. 123
Task completed!
alpha = 0.1: FDPhat 0.0928, Number of Rej. 97
Task completed!
alpha = 0.1: FDPhat 0.0984, Number of Rej. 122
Task completed!
alpha = 0.1: FDPhat 0.098, Number of Rej. 102
Task completed!
alpha = 0.1: FDPhat 0.0976, Number of Rej. 82
Task completed!
alpha = 0.1: FDPhat 0.0976, Number of Rej. 123
Task completed!
alpha = 0.1: FDPhat 0.1, Number of Rej. 90
Task completed!
alpha = 0.1: FDPhat 0.0977, Number of Rej. 133
Task completed!
[1] "\n"
