- One or more packages recorded in the lockfile are not installed.
- Use `renv::status()` for more details.

##------ Sat Aug 19 01:35:26 2023 ------##
##------ Sat Aug 19 01:35:26 2023 ------## 

simulation run:1/90
Ran IHW-quantile. Time taken: 6.435 seconds
Ran IHW-forest. Time taken: 0.378 seconds
Ran BH. Time taken: 0.002 seconds
alpha = 0.1: FDPhat 0.0909, Number of Rej. 44
Task completed!
Ran AdaPT. Time taken: 4.621 seconds
Ran Boca-Leek. Time taken: 0.063 seconds
Ran Clfdr-EM. Time taken: 0.021 seconds
Ran AdaPT-xgboost. Time taken: 2.151 seconds
simulation run:2/90
Ran IHW-quantile. Time taken: 1.186 seconds
Ran IHW-forest. Time taken: 0.295 seconds
Ran BH. Time taken: 0.002 seconds
alpha = 0.1: FDPhat 0.1, Number of Rej. 30
Task completed!
Ran AdaPT. Time taken: 4.313 seconds
Ran Boca-Leek. Time taken: 0.078 seconds
Ran Clfdr-EM. Time taken: 1.944 seconds
Ran AdaPT-xgboost. Time taken: 0.005 seconds
simulation run:3/90
Ran IHW-quantile. Time taken: 1.052 seconds
Ran IHW-forest. Time taken: 0.292 seconds
Ran BH. Time taken: 0.002 seconds
alpha = 0.1: FDPhat 0.0625, Number of Rej. 16
Task completed!
Ran AdaPT. Time taken: 4.357 seconds
Ran Boca-Leek. Time taken: 0.061 seconds
Ran Clfdr-EM. Time taken: 0.175 seconds
Ran AdaPT-xgboost. Time taken: 0.006 seconds
simulation run:4/90
Ran IHW-quantile. Time taken: 1.151 seconds
Ran IHW-forest. Time taken: 0.29 seconds
Ran BH. Time taken: 0.002 seconds
alpha = 0.1: FDPhat 0.0882, Number of Rej. 68
Task completed!
Ran AdaPT. Time taken: 3.45 seconds
Ran Boca-Leek. Time taken: 0.061 seconds
Ran Clfdr-EM. Time taken: 1.765 seconds
Ran AdaPT-xgboost. Time taken: 0.006 seconds
simulation run:5/90
Ran IHW-quantile. Time taken: 1.005 seconds
Ran IHW-forest. Time taken: 0.282 seconds
Ran BH. Time taken: 0.001 seconds
Ran AdaPT. Time taken: 1.186 seconds
Ran Boca-Leek. Time taken: 0.061 seconds
Ran Clfdr-EM. Time taken: 0.019 seconds
Ran AdaPT-xgboost. Time taken: 0.006 seconds
simulation run:6/90
Ran IHW-quantile. Time taken: 5.51 seconds
Ran IHW-forest. Time taken: 0.295 seconds
Ran BH. Time taken: 0.001 seconds
alpha = 0.1: FDPhat 0.0769, Number of Rej. 13
Task completed!
Ran AdaPT. Time taken: 3.929 seconds
Ran Boca-Leek. Time taken: 0.064 seconds
Ran Clfdr-EM. Time taken: 0.021 seconds
Ran AdaPT-xgboost. Time taken: 0.006 seconds
simulation run:7/90
Ran IHW-quantile. Time taken: 1.13 seconds
Ran IHW-forest. Time taken: 0.294 seconds
Ran BH. Time taken: 0.002 seconds
alpha = 0.1: FDPhat 0.0893, Number of Rej. 56
Task completed!
Ran AdaPT. Time taken: 3.196 seconds
Ran Boca-Leek. Time taken: 0.061 seconds
Ran Clfdr-EM. Time taken: 2.15 seconds
Ran AdaPT-xgboost. Time taken: 0.006 seconds
simulation run:8/90
Ran IHW-quantile. Time taken: 1.212 seconds
Ran IHW-forest. Time taken: 0.306 seconds
Ran BH. Time taken: 0.003 seconds
alpha = 0.1: FDPhat 0.0986, Number of Rej. 71
Task completed!
Ran AdaPT. Time taken: 3.371 seconds
Ran Boca-Leek. Time taken: 0.061 seconds
Ran Clfdr-EM. Time taken: 1.774 seconds
Ran AdaPT-xgboost. Time taken: 0.007 seconds
simulation run:9/90
Ran IHW-quantile. Time taken: 1.287 seconds
Ran IHW-forest. Time taken: 0.302 seconds
Ran BH. Time taken: 0.003 seconds
alpha = 0.1: FDPhat 0.0957, Number of Rej. 115
Task completed!
Ran AdaPT. Time taken: 3.152 seconds
Ran Boca-Leek. Time taken: 0.061 seconds
Ran Clfdr-EM. Time taken: 1.79 seconds
Ran AdaPT-xgboost. Time taken: 0.006 seconds
simulation run:10/90
Ran IHW-quantile. Time taken: 0.001 seconds
Ran IHW-forest. Time taken: 0.294 seconds
Ran BH. Time taken: 0.002 seconds
Ran AdaPT. Time taken: 6.387 seconds
Ran Boca-Leek. Time taken: 0.066 seconds
Ran Clfdr-EM. Time taken: 1.047 seconds
Ran AdaPT-xgboost. Time taken: 0.006 seconds
simulation run:11/90
Ran IHW-quantile. Time taken: 1.253 seconds
Ran IHW-forest. Time taken: 0.305 seconds
Ran BH. Time taken: 0.002 seconds
alpha = 0.1: FDPhat 0.0945, Number of Rej. 127
Task completed!
Ran AdaPT. Time taken: 3.697 seconds
Ran Boca-Leek. Time taken: 0.062 seconds
Ran Clfdr-EM. Time taken: 1.809 seconds
Ran AdaPT-xgboost. Time taken: 0.006 seconds
simulation run:12/90
Ran IHW-quantile. Time taken: 29.626 seconds
Ran IHW-forest. Time taken: 0.301 seconds
Ran BH. Time taken: 0.002 seconds
alpha = 0.1: FDPhat 0.0972, Number of Rej. 72
Task completed!
Ran AdaPT. Time taken: 4.652 seconds
Ran Boca-Leek. Time taken: 0.067 seconds
Ran Clfdr-EM. Time taken: 0.832 seconds
Ran AdaPT-xgboost. Time taken: 0.006 seconds
simulation run:13/90
Ran IHW-quantile. Time taken: 1.201 seconds
Ran IHW-forest. Time taken: 0.299 seconds
Ran BH. Time taken: 0.002 seconds
alpha = 0.1: FDPhat 0.0956, Number of Rej. 136
Task completed!
Ran AdaPT. Time taken: 4.013 seconds
Ran Boca-Leek. Time taken: 0.062 seconds
Ran Clfdr-EM. Time taken: 0.504 seconds
Ran AdaPT-xgboost. Time taken: 0.006 seconds
simulation run:14/90
Ran IHW-quantile. Time taken: 2.983 seconds
Ran IHW-forest. Time taken: 0.302 seconds
Ran BH. Time taken: 0.002 seconds
alpha = 0.1: FDPhat 0.0968, Number of Rej. 31
Task completed!
Ran AdaPT. Time taken: 3.995 seconds
Ran Boca-Leek. Time taken: 0.064 seconds
Ran Clfdr-EM. Time taken: 1.925 seconds
Ran AdaPT-xgboost. Time taken: 0.006 seconds
simulation run:15/90
Ran IHW-quantile. Time taken: 6.096 seconds
Ran IHW-forest. Time taken: 0.294 seconds
Ran BH. Time taken: 0.003 seconds
alpha = 0.1: FDPhat 0.1, Number of Rej. 50
Task completed!
Ran AdaPT. Time taken: 4.03 seconds
Ran Boca-Leek. Time taken: 0.065 seconds
Ran Clfdr-EM. Time taken: 0.021 seconds
Ran AdaPT-xgboost. Time taken: 0.005 seconds
simulation run:16/90
Ran IHW-quantile. Time taken: 3.002 seconds
Ran IHW-forest. Time taken: 0.298 seconds
Ran BH. Time taken: 0.003 seconds
alpha = 0.1: FDPhat 0.0816, Number of Rej. 49
Task completed!
Ran AdaPT. Time taken: 3.504 seconds
Ran Boca-Leek. Time taken: 0.065 seconds
Ran Clfdr-EM. Time taken: 0.264 seconds
Ran AdaPT-xgboost. Time taken: 0.006 seconds
simulation run:17/90
Ran IHW-quantile. Time taken: 0.001 seconds
Ran IHW-forest. Time taken: 0.3 seconds
Ran BH. Time taken: 0.003 seconds
alpha = 0.1: FDPhat 0.0938, Number of Rej. 64
Task completed!
Ran AdaPT. Time taken: 4.964 seconds
Ran Boca-Leek. Time taken: 0.067 seconds
Ran Clfdr-EM. Time taken: 0.202 seconds
Ran AdaPT-xgboost. Time taken: 0.006 seconds
simulation run:18/90
Ran IHW-quantile. Time taken: 1.119 seconds
Ran IHW-forest. Time taken: 0.294 seconds
Ran BH. Time taken: 0.003 seconds
alpha = 0.1: FDPhat 0.098, Number of Rej. 51
Task completed!
Ran AdaPT. Time taken: 3.356 seconds
Ran Boca-Leek. Time taken: 0.063 seconds
Ran Clfdr-EM. Time taken: 1.809 seconds
Ran AdaPT-xgboost. Time taken: 0.005 seconds
simulation run:19/90
Ran IHW-quantile. Time taken: 0 seconds
Ran IHW-forest. Time taken: 0.296 seconds
Ran BH. Time taken: 0.002 seconds
alpha = 0.1: FDPhat 0.1, Number of Rej. 10
Task completed!
Ran AdaPT. Time taken: 5.224 seconds
Ran Boca-Leek. Time taken: 0.067 seconds
Ran Clfdr-EM. Time taken: 0.01 seconds
Ran AdaPT-xgboost. Time taken: 0.006 seconds
simulation run:20/90
Ran IHW-quantile. Time taken: 1.203 seconds
Ran IHW-forest. Time taken: 0.298 seconds
Ran BH. Time taken: 0.003 seconds
alpha = 0.1: FDPhat 0.0909, Number of Rej. 55
Task completed!
Ran AdaPT. Time taken: 3.708 seconds
Ran Boca-Leek. Time taken: 0.062 seconds
Ran Clfdr-EM. Time taken: 1.757 seconds
Ran AdaPT-xgboost. Time taken: 0.007 seconds
simulation run:21/90
Ran IHW-quantile. Time taken: 36.556 seconds
Ran IHW-forest. Time taken: 0.295 seconds
Ran BH. Time taken: 0.003 seconds
alpha = 0.1: FDPhat 0.0909, Number of Rej. 55
Task completed!
Ran AdaPT. Time taken: 3.934 seconds
Ran Boca-Leek. Time taken: 0.066 seconds
Ran Clfdr-EM. Time taken: 0.022 seconds
Ran AdaPT-xgboost. Time taken: 0.006 seconds
simulation run:22/90
Ran IHW-quantile. Time taken: 1.286 seconds
Ran IHW-forest. Time taken: 0.307 seconds
Ran BH. Time taken: 0.002 seconds
alpha = 0.1: FDPhat 0.0976, Number of Rej. 123
Task completed!
Ran AdaPT. Time taken: 3.983 seconds
Ran Boca-Leek. Time taken: 0.063 seconds
Ran Clfdr-EM. Time taken: 0.425 seconds
Ran AdaPT-xgboost. Time taken: 0.006 seconds
simulation run:23/90
Ran IHW-quantile. Time taken: 1.184 seconds
Ran IHW-forest. Time taken: 0.302 seconds
Ran BH. Time taken: 0.003 seconds
alpha = 0.1: FDPhat 0.0968, Number of Rej. 93
Task completed!
Ran AdaPT. Time taken: 3.378 seconds
Ran Boca-Leek. Time taken: 0.062 seconds
Ran Clfdr-EM. Time taken: 0.659 seconds
Ran AdaPT-xgboost. Time taken: 0.007 seconds
simulation run:24/90
Ran IHW-quantile. Time taken: 0 seconds
Ran IHW-forest. Time taken: 0.306 seconds
Ran BH. Time taken: 0.003 seconds
alpha = 0.1: FDPhat 0.1, Number of Rej. 60
Task completed!
Ran AdaPT. Time taken: 5.066 seconds
Ran Boca-Leek. Time taken: 0.069 seconds
Ran Clfdr-EM. Time taken: 0.185 seconds
Ran AdaPT-xgboost. Time taken: 0.006 seconds
simulation run:25/90
Ran IHW-quantile. Time taken: 1.115 seconds
Ran IHW-forest. Time taken: 0.304 seconds
Ran BH. Time taken: 0.003 seconds
alpha = 0.1: FDPhat 0.0986, Number of Rej. 71
Task completed!
Ran AdaPT. Time taken: 3.265 seconds
Ran Boca-Leek. Time taken: 0.062 seconds
Ran Clfdr-EM. Time taken: 1.779 seconds
Ran AdaPT-xgboost. Time taken: 0.007 seconds
simulation run:26/90
Ran IHW-quantile. Time taken: 6.356 seconds
Ran IHW-forest. Time taken: 0.299 seconds
Ran BH. Time taken: 0.002 seconds
alpha = 0.1: FDPhat 0.0909, Number of Rej. 66
Task completed!
Ran AdaPT. Time taken: 3.613 seconds
Ran Boca-Leek. Time taken: 0.064 seconds
Ran Clfdr-EM. Time taken: 0.02 seconds
Ran AdaPT-xgboost. Time taken: 0.006 seconds
simulation run:27/90
Ran IHW-quantile. Time taken: 0.001 seconds
Ran IHW-forest. Time taken: 0.297 seconds
Ran BH. Time taken: 0.002 seconds
alpha = 0.1: FDPhat 0.0667, Number of Rej. 15
Task completed!
Ran AdaPT. Time taken: 4.775 seconds
Ran Boca-Leek. Time taken: 0.067 seconds
Ran Clfdr-EM. Time taken: 0.023 seconds
Ran AdaPT-xgboost. Time taken: 0.006 seconds
simulation run:28/90
Ran IHW-quantile. Time taken: 1.162 seconds
Ran IHW-forest. Time taken: 0.294 seconds
Ran BH. Time taken: 0.003 seconds
alpha = 0.1: FDPhat 0.093, Number of Rej. 86
Task completed!
Ran AdaPT. Time taken: 3.464 seconds
Ran Boca-Leek. Time taken: 0.061 seconds
Ran Clfdr-EM. Time taken: 1.88 seconds
Ran AdaPT-xgboost. Time taken: 0.006 seconds
simulation run:29/90
Ran IHW-quantile. Time taken: 43.256 seconds
Ran IHW-forest. Time taken: 0.299 seconds
Ran BH. Time taken: 0.003 seconds
alpha = 0.1: FDPhat 0.098, Number of Rej. 51
Task completed!
Ran AdaPT. Time taken: 4.566 seconds
Ran Boca-Leek. Time taken: 0.066 seconds
Ran Clfdr-EM. Time taken: 0.009 seconds
Ran AdaPT-xgboost. Time taken: 0.006 seconds
simulation run:30/90
Ran IHW-quantile. Time taken: 6.78 seconds
Ran IHW-forest. Time taken: 0.299 seconds
Ran BH. Time taken: 0.003 seconds
alpha = 0.1: FDPhat 0.0946, Number of Rej. 74
Task completed!
Ran AdaPT. Time taken: 3.655 seconds
Ran Boca-Leek. Time taken: 0.066 seconds
Ran Clfdr-EM. Time taken: 0.021 seconds
Ran AdaPT-xgboost. Time taken: 0.005 seconds
simulation run:31/90
Ran IHW-quantile. Time taken: 1.109 seconds
Ran IHW-forest. Time taken: 0.295 seconds
Ran BH. Time taken: 0.002 seconds
alpha = 0.1: FDPhat 0.0882, Number of Rej. 34
Task completed!
Ran AdaPT. Time taken: 3.786 seconds
Ran Boca-Leek. Time taken: 0.062 seconds
Ran Clfdr-EM. Time taken: 2.2 seconds
Ran AdaPT-xgboost. Time taken: 0.006 seconds
simulation run:32/90
Ran IHW-quantile. Time taken: 0 seconds
Ran IHW-forest. Time taken: 0.306 seconds
Ran BH. Time taken: 0.002 seconds
alpha = 0.1: FDPhat 0.0833, Number of Rej. 48
Task completed!
Ran AdaPT. Time taken: 4.688 seconds
Ran Boca-Leek. Time taken: 0.067 seconds
Ran Clfdr-EM. Time taken: 2.233 seconds
Ran AdaPT-xgboost. Time taken: 0.006 seconds
simulation run:33/90
Ran IHW-quantile. Time taken: 0 seconds
Ran IHW-forest. Time taken: 0.309 seconds
Ran BH. Time taken: 0.002 seconds
alpha = 0.1: FDPhat 0.096, Number of Rej. 125
Task completed!
Ran AdaPT. Time taken: 4.949 seconds
Ran Boca-Leek. Time taken: 0.068 seconds
Ran Clfdr-EM. Time taken: 0.224 seconds
Ran AdaPT-xgboost. Time taken: 0.006 seconds
simulation run:34/90
Ran IHW-quantile. Time taken: 5.644 seconds
Ran IHW-forest. Time taken: 0.289 seconds
Ran BH. Time taken: 0.002 seconds
alpha = 0.1: FDPhat 0.1, Number of Rej. 10
Task completed!
Ran AdaPT. Time taken: 4.623 seconds
Ran Boca-Leek. Time taken: 0.065 seconds
Ran Clfdr-EM. Time taken: 0.021 seconds
Ran AdaPT-xgboost. Time taken: 0.006 seconds
simulation run:35/90
Ran IHW-quantile. Time taken: 1.209 seconds
Ran IHW-forest. Time taken: 0.3 seconds
Ran BH. Time taken: 0.003 seconds
alpha = 0.1: FDPhat 0.0957, Number of Rej. 115
Task completed!
Ran AdaPT. Time taken: 4.365 seconds
Ran Boca-Leek. Time taken: 0.062 seconds
Ran Clfdr-EM. Time taken: 1.815 seconds
Ran AdaPT-xgboost. Time taken: 0.006 seconds
simulation run:36/90
Ran IHW-quantile. Time taken: 0.001 seconds
Ran IHW-forest. Time taken: 0.309 seconds
Ran BH. Time taken: 0.002 seconds
alpha = 0.1: FDPhat 0.0938, Number of Rej. 64
Task completed!
Ran AdaPT. Time taken: 4.492 seconds
Ran Boca-Leek. Time taken: 0.067 seconds
Ran Clfdr-EM. Time taken: 0.023 seconds
Ran AdaPT-xgboost. Time taken: 0.005 seconds
simulation run:37/90
Ran IHW-quantile. Time taken: 1.182 seconds
Ran IHW-forest. Time taken: 0.293 seconds
Ran BH. Time taken: 0.002 seconds
alpha = 0.1: FDPhat 0.093, Number of Rej. 43
Task completed!
Ran AdaPT. Time taken: 3.784 seconds
Ran Boca-Leek. Time taken: 0.063 seconds
Ran Clfdr-EM. Time taken: 1.833 seconds
Ran AdaPT-xgboost. Time taken: 0.006 seconds
simulation run:38/90
Ran IHW-quantile. Time taken: 6.06 seconds
Ran IHW-forest. Time taken: 0.297 seconds
Ran BH. Time taken: 0.003 seconds
alpha = 0.1: FDPhat 0.1, Number of Rej. 10
Task completed!
Ran AdaPT. Time taken: 4.898 seconds
Ran Boca-Leek. Time taken: 0.065 seconds
Ran Clfdr-EM. Time taken: 0.008 seconds
Ran AdaPT-xgboost. Time taken: 0.005 seconds
simulation run:39/90
Ran IHW-quantile. Time taken: 2.599 seconds
Ran IHW-forest. Time taken: 0.292 seconds
Ran BH. Time taken: 0.002 seconds
Ran AdaPT. Time taken: 4.893 seconds
Ran Boca-Leek. Time taken: 0.064 seconds
Ran Clfdr-EM. Time taken: 0.008 seconds
Ran AdaPT-xgboost. Time taken: 0.006 seconds
simulation run:40/90
Ran IHW-quantile. Time taken: 26.856 seconds
Ran IHW-forest. Time taken: 0.302 seconds
Ran BH. Time taken: 0.002 seconds
alpha = 0.1: FDPhat 0.098, Number of Rej. 102
Task completed!
Ran AdaPT. Time taken: 5.459 seconds
Ran Boca-Leek. Time taken: 0.068 seconds
Ran Clfdr-EM. Time taken: 0.045 seconds
Ran AdaPT-xgboost. Time taken: 0.006 seconds
simulation run:41/90
Ran IHW-quantile. Time taken: 1.141 seconds
Ran IHW-forest. Time taken: 0.3 seconds
Ran BH. Time taken: 0.002 seconds
alpha = 0.1: FDPhat 0.0962, Number of Rej. 52
Task completed!
Ran AdaPT. Time taken: 4.073 seconds
Ran Boca-Leek. Time taken: 0.062 seconds
Ran Clfdr-EM. Time taken: 1.811 seconds
Ran AdaPT-xgboost. Time taken: 0.006 seconds
simulation run:42/90
Ran IHW-quantile. Time taken: 1.191 seconds
Ran IHW-forest. Time taken: 0.298 seconds
Ran BH. Time taken: 0.003 seconds
alpha = 0.1: FDPhat 0.0985, Number of Rej. 132
Task completed!
Ran AdaPT. Time taken: 3.552 seconds
Ran Boca-Leek. Time taken: 0.062 seconds
Ran Clfdr-EM. Time taken: 1.236 seconds
Ran AdaPT-xgboost. Time taken: 0.006 seconds
simulation run:43/90
Ran IHW-quantile. Time taken: 1.183 seconds
Ran IHW-forest. Time taken: 0.299 seconds
Ran BH. Time taken: 0.003 seconds
alpha = 0.1: FDPhat 0.0962, Number of Rej. 104
Task completed!
Ran AdaPT. Time taken: 2.993 seconds
Ran Boca-Leek. Time taken: 0.064 seconds
Ran Clfdr-EM. Time taken: 1.768 seconds
Ran AdaPT-xgboost. Time taken: 0.007 seconds
simulation run:44/90
Ran IHW-quantile. Time taken: 0 seconds
Ran IHW-forest. Time taken: 0.304 seconds
Ran BH. Time taken: 0.003 seconds
Ran AdaPT. Time taken: 5.455 seconds
Ran Boca-Leek. Time taken: 0.067 seconds
Ran Clfdr-EM. Time taken: 0.022 seconds
Ran AdaPT-xgboost. Time taken: 0.005 seconds
simulation run:45/90
Ran IHW-quantile. Time taken: 1.051 seconds
Ran IHW-forest. Time taken: 0.298 seconds
Ran BH. Time taken: 0.002 seconds
alpha = 0.1: FDPhat 0.0889, Number of Rej. 45
Task completed!
Ran AdaPT. Time taken: 3.781 seconds
Ran Boca-Leek. Time taken: 0.062 seconds
Ran Clfdr-EM. Time taken: 1.849 seconds
Ran AdaPT-xgboost. Time taken: 0.007 seconds
simulation run:46/90
Ran IHW-quantile. Time taken: 5.986 seconds
Ran IHW-forest. Time taken: 0.296 seconds
Ran BH. Time taken: 0.003 seconds
alpha = 0.1: FDPhat 0.0926, Number of Rej. 54
Task completed!
Ran AdaPT. Time taken: 3.75 seconds
Ran Boca-Leek. Time taken: 0.066 seconds
Ran Clfdr-EM. Time taken: 0.161 seconds
Ran AdaPT-xgboost. Time taken: 0.006 seconds
simulation run:47/90
Ran IHW-quantile. Time taken: 5.622 seconds
Ran IHW-forest. Time taken: 0.29 seconds
Ran BH. Time taken: 0.003 seconds
alpha = 0.1: FDPhat 0.1, Number of Rej. 10
Task completed!
Ran AdaPT. Time taken: 4.309 seconds
Ran Boca-Leek. Time taken: 0.065 seconds
Ran Clfdr-EM. Time taken: 0.019 seconds
Ran AdaPT-xgboost. Time taken: 0.006 seconds
simulation run:48/90
Ran IHW-quantile. Time taken: 1.098 seconds
Ran IHW-forest. Time taken: 0.289 seconds
Ran BH. Time taken: 0.003 seconds
Ran AdaPT. Time taken: 3.53 seconds
Ran Boca-Leek. Time taken: 0.064 seconds
Ran Clfdr-EM. Time taken: 1.83 seconds
Ran AdaPT-xgboost. Time taken: 0.007 seconds
simulation run:49/90
Ran IHW-quantile. Time taken: 28.82 seconds
Ran IHW-forest. Time taken: 0.301 seconds
Ran BH. Time taken: 0.002 seconds
Ran AdaPT. Time taken: 4.235 seconds
Ran Boca-Leek. Time taken: 0.067 seconds
Ran Clfdr-EM. Time taken: 0.15 seconds
Ran AdaPT-xgboost. Time taken: 0.005 seconds
simulation run:50/90
Ran IHW-quantile. Time taken: 6.145 seconds
Ran IHW-forest. Time taken: 0.301 seconds
Ran BH. Time taken: 0.003 seconds
alpha = 0.1: FDPhat 0.1, Number of Rej. 130
Task completed!
Ran AdaPT. Time taken: 3.495 seconds
Ran Boca-Leek. Time taken: 0.065 seconds
Ran Clfdr-EM. Time taken: 0.021 seconds
Ran AdaPT-xgboost. Time taken: 0.006 seconds
simulation run:51/90
Ran IHW-quantile. Time taken: 1.022 seconds
Ran IHW-forest. Time taken: 0.292 seconds
Ran BH. Time taken: 0.002 seconds
Ran AdaPT. Time taken: 4.354 seconds
Ran Boca-Leek. Time taken: 0.062 seconds
Ran Clfdr-EM. Time taken: 0.082 seconds
Ran AdaPT-xgboost. Time taken: 0.006 seconds
simulation run:52/90
Ran IHW-quantile. Time taken: 1.136 seconds
Ran IHW-forest. Time taken: 0.296 seconds
Ran BH. Time taken: 0.002 seconds
alpha = 0.1: FDPhat 0.0833, Number of Rej. 48
Task completed!
Ran AdaPT. Time taken: 3.635 seconds
Ran Boca-Leek. Time taken: 0.062 seconds
Ran Clfdr-EM. Time taken: 1.787 seconds
Ran AdaPT-xgboost. Time taken: 0.007 seconds
simulation run:53/90
Ran IHW-quantile. Time taken: 1.169 seconds
Ran IHW-forest. Time taken: 0.292 seconds
Ran BH. Time taken: 0.003 seconds
alpha = 0.1: FDPhat 0.0938, Number of Rej. 64
Task completed!
Ran AdaPT. Time taken: 3.358 seconds
Ran Boca-Leek. Time taken: 0.063 seconds
Ran Clfdr-EM. Time taken: 1.797 seconds
Ran AdaPT-xgboost. Time taken: 0.007 seconds
simulation run:54/90
Ran IHW-quantile. Time taken: 1.163 seconds
Ran IHW-forest. Time taken: 0.3 seconds
Ran BH. Time taken: 0.002 seconds
alpha = 0.1: FDPhat 0.1, Number of Rej. 70
Task completed!
Ran AdaPT. Time taken: 3.414 seconds
Ran Boca-Leek. Time taken: 0.062 seconds
Ran Clfdr-EM. Time taken: 2.137 seconds
Ran AdaPT-xgboost. Time taken: 0.007 seconds
simulation run:55/90
Ran IHW-quantile. Time taken: 50.787 seconds
Ran IHW-forest. Time taken: 0.292 seconds
Ran BH. Time taken: 0.003 seconds
Ran AdaPT. Time taken: 6.02 seconds
Ran Boca-Leek. Time taken: 0.067 seconds
Ran Clfdr-EM. Time taken: 0.021 seconds
Ran AdaPT-xgboost. Time taken: 0.006 seconds
simulation run:56/90
Ran IHW-quantile. Time taken: 0.001 seconds
Ran IHW-forest. Time taken: 0.298 seconds
Ran BH. Time taken: 0.002 seconds
alpha = 0.1: FDPhat 0.1, Number of Rej. 50
Task completed!
Ran AdaPT. Time taken: 4.163 seconds
Ran Boca-Leek. Time taken: 0.067 seconds
Ran Clfdr-EM. Time taken: 2.206 seconds
Ran AdaPT-xgboost. Time taken: 0.007 seconds
simulation run:57/90
Ran IHW-quantile. Time taken: 1.135 seconds
Ran IHW-forest. Time taken: 0.299 seconds
Ran BH. Time taken: 0.003 seconds
alpha = 0.1: FDPhat 0.0923, Number of Rej. 65
Task completed!
Ran AdaPT. Time taken: 3.224 seconds
Ran Boca-Leek. Time taken: 0.061 seconds
Ran Clfdr-EM. Time taken: 2.091 seconds
Ran AdaPT-xgboost. Time taken: 0.006 seconds
simulation run:58/90
Ran IHW-quantile. Time taken: 0 seconds
Ran IHW-forest. Time taken: 0.293 seconds
Ran BH. Time taken: 0.003 seconds
Ran AdaPT. Time taken: 6.02 seconds
Ran Boca-Leek. Time taken: 0.066 seconds
Ran Clfdr-EM. Time taken: 0.009 seconds
Ran AdaPT-xgboost. Time taken: 0.005 seconds
simulation run:59/90
Ran IHW-quantile. Time taken: 1.047 seconds
Ran IHW-forest. Time taken: 0.292 seconds
Ran BH. Time taken: 0.002 seconds
alpha = 0.1: FDPhat 0.1, Number of Rej. 30
Task completed!
Ran AdaPT. Time taken: 3.461 seconds
Ran Boca-Leek. Time taken: 0.062 seconds
Ran Clfdr-EM. Time taken: 0.083 seconds
Ran AdaPT-xgboost. Time taken: 0.006 seconds
simulation run:60/90
Ran IHW-quantile. Time taken: 1.115 seconds
Ran IHW-forest. Time taken: 0.287 seconds
Ran BH. Time taken: 0.004 seconds
alpha = 0.1: FDPhat 0.093, Number of Rej. 43
Task completed!
Ran AdaPT. Time taken: 3.573 seconds
Ran Boca-Leek. Time taken: 0.062 seconds
Ran Clfdr-EM. Time taken: 1.726 seconds
Ran AdaPT-xgboost. Time taken: 0.006 seconds
simulation run:61/90
Ran IHW-quantile. Time taken: 1.099 seconds
Ran IHW-forest. Time taken: 0.295 seconds
Ran BH. Time taken: 0.003 seconds
alpha = 0.1: FDPhat 0.0769, Number of Rej. 13
Task completed!
Ran AdaPT. Time taken: 3.396 seconds
Ran Boca-Leek. Time taken: 0.062 seconds
Ran Clfdr-EM. Time taken: 0.018 seconds
Ran AdaPT-xgboost. Time taken: 0.006 seconds
simulation run:62/90
Ran IHW-quantile. Time taken: 3.022 seconds
Ran IHW-forest. Time taken: 0.298 seconds
Ran BH. Time taken: 0.003 seconds
alpha = 0.1: FDPhat 0.0968, Number of Rej. 124
Task completed!
Ran AdaPT. Time taken: 3.286 seconds
Ran Boca-Leek. Time taken: 0.067 seconds
Ran Clfdr-EM. Time taken: 0.298 seconds
Ran AdaPT-xgboost. Time taken: 0.006 seconds
simulation run:63/90
Ran IHW-quantile. Time taken: 1.042 seconds
Ran IHW-forest. Time taken: 0.283 seconds
Ran BH. Time taken: 0.003 seconds
Ran AdaPT. Time taken: 4.593 seconds
Ran Boca-Leek. Time taken: 0.062 seconds
Ran Clfdr-EM. Time taken: 0.129 seconds
Ran AdaPT-xgboost. Time taken: 0.007 seconds
simulation run:64/90
Ran IHW-quantile. Time taken: 0.001 seconds
Ran IHW-forest. Time taken: 0.303 seconds
Ran BH. Time taken: 0.002 seconds
alpha = 0.1: FDPhat 0.1, Number of Rej. 100
Task completed!
Ran AdaPT. Time taken: 4.461 seconds
Ran Boca-Leek. Time taken: 0.068 seconds
Ran Clfdr-EM. Time taken: 1.174 seconds
Ran AdaPT-xgboost. Time taken: 0.006 seconds
simulation run:65/90
Ran IHW-quantile. Time taken: 1.121 seconds
Ran IHW-forest. Time taken: 0.292 seconds
Ran BH. Time taken: 0.004 seconds
Ran AdaPT. Time taken: 3.413 seconds
Ran Boca-Leek. Time taken: 0.065 seconds
Ran Clfdr-EM. Time taken: 1.845 seconds
Ran AdaPT-xgboost. Time taken: 0.006 seconds
simulation run:66/90
Ran IHW-quantile. Time taken: 3.136 seconds
Ran IHW-forest. Time taken: 0.298 seconds
Ran BH. Time taken: 0.003 seconds
alpha = 0.1: FDPhat 0.0932, Number of Rej. 118
Task completed!
Ran AdaPT. Time taken: 4.197 seconds
Ran Boca-Leek. Time taken: 0.064 seconds
Ran Clfdr-EM. Time taken: 0.881 seconds
Ran AdaPT-xgboost. Time taken: 0.007 seconds
simulation run:67/90
Ran IHW-quantile. Time taken: 1.229 seconds
Ran IHW-forest. Time taken: 0.302 seconds
Ran BH. Time taken: 0.004 seconds
alpha = 0.1: FDPhat 0.0985, Number of Rej. 132
Task completed!
Ran AdaPT. Time taken: 2.916 seconds
Ran Boca-Leek. Time taken: 0.063 seconds
Ran Clfdr-EM. Time taken: 1.821 seconds
Ran AdaPT-xgboost. Time taken: 0.006 seconds
simulation run:68/90
Ran IHW-quantile. Time taken: 2.592 seconds
Ran IHW-forest. Time taken: 0.288 seconds
Ran BH. Time taken: 0.003 seconds
Ran AdaPT. Time taken: 4.734 seconds
Ran Boca-Leek. Time taken: 0.063 seconds
Ran Clfdr-EM. Time taken: 0.021 seconds
Ran AdaPT-xgboost. Time taken: 0.006 seconds
simulation run:69/90
Ran IHW-quantile. Time taken: 1.227 seconds
Ran IHW-forest. Time taken: 0.302 seconds
Ran BH. Time taken: 0.003 seconds
alpha = 0.1: FDPhat 0.0928, Number of Rej. 97
Task completed!
Ran AdaPT. Time taken: 3.073 seconds
Ran Boca-Leek. Time taken: 0.063 seconds
Ran Clfdr-EM. Time taken: 1.795 seconds
Ran AdaPT-xgboost. Time taken: 0.006 seconds
simulation run:70/90
Ran IHW-quantile. Time taken: 1.194 seconds
Ran IHW-forest. Time taken: 0.3 seconds
Ran BH. Time taken: 0.003 seconds
alpha = 0.1: FDPhat 0.1, Number of Rej. 30
Task completed!
Ran AdaPT. Time taken: 4.123 seconds
Ran Boca-Leek. Time taken: 0.062 seconds
Ran Clfdr-EM. Time taken: 1.78 seconds
Ran AdaPT-xgboost. Time taken: 0.006 seconds
simulation run:71/90
Ran IHW-quantile. Time taken: 1.226 seconds
Ran IHW-forest. Time taken: 0.3 seconds
Ran BH. Time taken: 0.002 seconds
alpha = 0.1: FDPhat 0.1, Number of Rej. 90
Task completed!
Ran AdaPT. Time taken: 3.44 seconds
Ran Boca-Leek. Time taken: 0.062 seconds
Ran Clfdr-EM. Time taken: 0.741 seconds
Ran AdaPT-xgboost. Time taken: 0.006 seconds
simulation run:72/90
Ran IHW-quantile. Time taken: 0.001 seconds
Ran IHW-forest. Time taken: 0.306 seconds
Ran BH. Time taken: 0.002 seconds
alpha = 0.1: FDPhat 0.0956, Number of Rej. 136
Task completed!
Ran AdaPT. Time taken: 4.495 seconds
Ran Boca-Leek. Time taken: 0.068 seconds
Ran Clfdr-EM. Time taken: 0.255 seconds
Ran AdaPT-xgboost. Time taken: 0.006 seconds
simulation run:73/90
Ran IHW-quantile. Time taken: 0.001 seconds
Ran IHW-forest. Time taken: 0.307 seconds
Ran BH. Time taken: 0.002 seconds
alpha = 0.1: FDPhat 0.0909, Number of Rej. 33
Task completed!
Ran AdaPT. Time taken: 4.238 seconds
Ran Boca-Leek. Time taken: 0.07 seconds
Ran Clfdr-EM. Time taken: 0.024 seconds
Ran AdaPT-xgboost. Time taken: 0.006 seconds
simulation run:74/90
Ran IHW-quantile. Time taken: 0 seconds
Ran IHW-forest. Time taken: 0.297 seconds
Ran BH. Time taken: 0.002 seconds
Ran AdaPT. Time taken: 5.194 seconds
Ran Boca-Leek. Time taken: 0.068 seconds
Ran Clfdr-EM. Time taken: 0.009 seconds
Ran AdaPT-xgboost. Time taken: 0.005 seconds
simulation run:75/90
Ran IHW-quantile. Time taken: 0 seconds
Ran IHW-forest. Time taken: 0.299 seconds
Ran BH. Time taken: 0.002 seconds
Ran AdaPT. Time taken: 4.181 seconds
Ran Boca-Leek. Time taken: 0.068 seconds
Ran Clfdr-EM. Time taken: 0.315 seconds
Ran AdaPT-xgboost. Time taken: 0.006 seconds
simulation run:76/90
Ran IHW-quantile. Time taken: 28.112 seconds
Ran IHW-forest. Time taken: 0.303 seconds
Ran BH. Time taken: 0.003 seconds
alpha = 0.1: FDPhat 0.0833, Number of Rej. 12
Task completed!
Ran AdaPT. Time taken: 4.841 seconds
Ran Boca-Leek. Time taken: 0.068 seconds
Ran Clfdr-EM. Time taken: 0.009 seconds
Ran AdaPT-xgboost. Time taken: 0.006 seconds
simulation run:77/90
Ran IHW-quantile. Time taken: 6.163 seconds
Ran IHW-forest. Time taken: 0.305 seconds
Ran BH. Time taken: 0.002 seconds
alpha = 0.1: FDPhat 0.1, Number of Rej. 50
Task completed!
Ran AdaPT. Time taken: 3.605 seconds
Ran Boca-Leek. Time taken: 0.066 seconds
Ran Clfdr-EM. Time taken: 0.934 seconds
Ran AdaPT-xgboost. Time taken: 0.006 seconds
simulation run:78/90
Ran IHW-quantile. Time taken: 37.52 seconds
Ran IHW-forest. Time taken: 0.312 seconds
Ran BH. Time taken: 0.003 seconds
alpha = 0.1: FDPhat 0.0938, Number of Rej. 128
Task completed!
Ran AdaPT. Time taken: 3.791 seconds
Ran Boca-Leek. Time taken: 0.067 seconds
Ran Clfdr-EM. Time taken: 2.447 seconds
Ran AdaPT-xgboost. Time taken: 0.006 seconds
simulation run:79/90
Ran IHW-quantile. Time taken: 1.052 seconds
Ran IHW-forest. Time taken: 0.293 seconds
Ran BH. Time taken: 0.003 seconds
Ran AdaPT. Time taken: 4.556 seconds
Ran Boca-Leek. Time taken: 0.063 seconds
Ran Clfdr-EM. Time taken: 0.019 seconds
Ran AdaPT-xgboost. Time taken: 0.006 seconds
simulation run:80/90
Ran IHW-quantile. Time taken: 37.175 seconds
Ran IHW-forest. Time taken: 0.308 seconds
Ran BH. Time taken: 0.003 seconds
alpha = 0.1: FDPhat 0.0909, Number of Rej. 77
Task completed!
Ran AdaPT. Time taken: 3.896 seconds
Ran Boca-Leek. Time taken: 0.067 seconds
Ran Clfdr-EM. Time taken: 2.062 seconds
Ran AdaPT-xgboost. Time taken: 0.006 seconds
simulation run:81/90
Ran IHW-quantile. Time taken: 1.138 seconds
Ran IHW-forest. Time taken: 0.295 seconds
Ran BH. Time taken: 0.003 seconds
alpha = 0.1: FDPhat 0.0833, Number of Rej. 36
Task completed!
Ran AdaPT. Time taken: 3.502 seconds
Ran Boca-Leek. Time taken: 0.063 seconds
Ran Clfdr-EM. Time taken: 0.72 seconds
Ran AdaPT-xgboost. Time taken: 0.007 seconds
simulation run:82/90
Ran IHW-quantile. Time taken: 1.205 seconds
Ran IHW-forest. Time taken: 0.305 seconds
Ran BH. Time taken: 0.002 seconds
alpha = 0.1: FDPhat 0.0984, Number of Rej. 122
Task completed!
Ran AdaPT. Time taken: 2.979 seconds
Ran Boca-Leek. Time taken: 0.062 seconds
Ran Clfdr-EM. Time taken: 0.068 seconds
Ran AdaPT-xgboost. Time taken: 0.006 seconds
simulation run:83/90
Ran IHW-quantile. Time taken: 1.04 seconds
Ran IHW-forest. Time taken: 0.294 seconds
Ran BH. Time taken: 0.002 seconds
alpha = 0.1: FDPhat 0.0968, Number of Rej. 31
Task completed!
Ran AdaPT. Time taken: 3.278 seconds
Ran Boca-Leek. Time taken: 0.065 seconds
Ran Clfdr-EM. Time taken: 0.008 seconds
Ran AdaPT-xgboost. Time taken: 0.005 seconds
simulation run:84/90
Ran IHW-quantile. Time taken: 1.099 seconds
Ran IHW-forest. Time taken: 0.293 seconds
Ran BH. Time taken: 0.003 seconds
Ran AdaPT. Time taken: 4.119 seconds
Ran Boca-Leek. Time taken: 0.063 seconds
Ran Clfdr-EM. Time taken: 1.788 seconds
Ran AdaPT-xgboost. Time taken: 0.006 seconds
simulation run:85/90
Ran IHW-quantile. Time taken: 1.076 seconds
Ran IHW-forest. Time taken: 0.295 seconds
Ran BH. Time taken: 0.003 seconds
alpha = 0.1: FDPhat 0.0588, Number of Rej. 17
Task completed!
Ran AdaPT. Time taken: 3.827 seconds
Ran Boca-Leek. Time taken: 0.065 seconds
Ran Clfdr-EM. Time taken: 1.755 seconds
Ran AdaPT-xgboost. Time taken: 0.007 seconds
simulation run:86/90
Ran IHW-quantile. Time taken: 1.152 seconds
Ran IHW-forest. Time taken: 0.298 seconds
Ran BH. Time taken: 0.004 seconds
alpha = 0.1: FDPhat 0.0988, Number of Rej. 81
Task completed!
Ran AdaPT. Time taken: 3.15 seconds
Ran Boca-Leek. Time taken: 0.065 seconds
Ran Clfdr-EM. Time taken: 1.889 seconds
Ran AdaPT-xgboost. Time taken: 0.006 seconds
simulation run:87/90
Ran IHW-quantile. Time taken: 1.096 seconds
Ran IHW-forest. Time taken: 0.286 seconds
Ran BH. Time taken: 0.003 seconds
Ran AdaPT. Time taken: 3.699 seconds
Ran Boca-Leek. Time taken: 0.062 seconds
Ran Clfdr-EM. Time taken: 0.105 seconds
Ran AdaPT-xgboost. Time taken: 0.006 seconds
simulation run:88/90
Ran IHW-quantile. Time taken: 1.279 seconds
Ran IHW-forest. Time taken: 0.303 seconds
Ran BH. Time taken: 0.002 seconds
alpha = 0.1: FDPhat 0.0909, Number of Rej. 99
Task completed!
Ran AdaPT. Time taken: 3.025 seconds
Ran Boca-Leek. Time taken: 0.062 seconds
Ran Clfdr-EM. Time taken: 1.888 seconds
Ran AdaPT-xgboost. Time taken: 0.006 seconds
simulation run:89/90
Ran IHW-quantile. Time taken: 2.538 seconds
Ran IHW-forest. Time taken: 0.289 seconds
Ran BH. Time taken: 0.003 seconds
Ran AdaPT. Time taken: 4.248 seconds
Ran Boca-Leek. Time taken: 0.064 seconds
Ran Clfdr-EM. Time taken: 0.02 seconds
Ran AdaPT-xgboost. Time taken: 0.005 seconds
simulation run:90/90
Ran IHW-quantile. Time taken: 1.158 seconds
Ran IHW-forest. Time taken: 0.289 seconds
Ran BH. Time taken: 0.004 seconds
alpha = 0.1: FDPhat 0.0857, Number of Rej. 35
Task completed!
Ran AdaPT. Time taken: 3.325 seconds
Ran Boca-Leek. Time taken: 0.062 seconds
Ran Clfdr-EM. Time taken: 2.074 seconds
Ran AdaPT-xgboost. Time taken: 0.006 seconds
[1] "\n"
