WARNING: ignoring environment value of R_HOME
- One or more packages recorded in the lockfile are not installed.
- Use `renv::status()` for more details.

##------ Fri Aug 18 03:36:10 2023 ------##
##------ Fri Aug 18 03:36:10 2023 ------## 

simulation run:1/97
simulation run:2/97
simulation run:3/97
simulation run:4/97
simulation run:5/97
simulation run:7/97
simulation run:6/97
simulation run:8/97
simulation run:9/97
simulation run:10/97
simulation run:11/97
simulation run:12/97
simulation run:13/97
simulation run:14/97
simulation run:15/97
simulation run:16/97
simulation run:17/97
simulation run:18/97
simulation run:19/97
simulation run:20/97
simulation run:21/97
simulation run:22/97
simulation run:23/97
simulation run:24/97
simulation run:25/97
simulation run:26/97
simulation run:27/97
simulation run:28/97
simulation run:29/97
simulation run:30/97
simulation run:31/97
simulation run:32/97
simulation run:33/97
simulation run:34/97
simulation run:35/97
simulation run:36/97
simulation run:37/97
simulation run:38/97
simulation run:39/97
simulation run:40/97
simulation run:41/97
simulation run:42/97
simulation run:43/97
simulation run:44/97
Ran IHW-quantile. Time taken: 0.041 seconds
simulation run:45/97
simulation run:46/97
Ran IHW-quantile. Time taken: 0.002 seconds
simulation run:47/97
simulation run:48/97
simulation run:49/97
simulation run:50/97
simulation run:51/97
Ran IHW-quantile. Time taken: 0.001 seconds
simulation run:52/97
Ran IHW-quantile. Time taken: 0.046 seconds
Ran IHW-quantile. Time taken: 0.002 seconds
simulation run:53/97
simulation run:54/97
simulation run:55/97
Ran IHW-quantile. Time taken: 0.001 seconds
Ran IHW-quantile. Time taken: 0.05 seconds
Ran IHW-quantile. Time taken: 0.002 seconds
simulation run:56/97
simulation run:57/97
Ran IHW-quantile. Time taken: 0.002 seconds
simulation run:58/97
simulation run:59/97
simulation run:60/97
simulation run:61/97
Ran IHW-quantile. Time taken: 0.001 seconds
simulation run:62/97
simulation run:63/97
Ran IHW-quantile. Time taken: 0.066 seconds
simulation run:64/97
simulation run:65/97
simulation run:66/97
Ran IHW-quantile. Time taken: 0.001 seconds
Ran IHW-quantile. Time taken: 0.001 seconds
simulation run:67/97
Ran IHW-quantile. Time taken: 0.058 seconds
simulation run:68/97
Ran IHW-quantile. Time taken: 0.002 seconds
simulation run:69/97
Ran IHW-quantile. Time taken: 0.002 seconds
Ran IHW-quantile. Time taken: 0.073 seconds
simulation run:70/97
Ran IHW-quantile. Time taken: 0.002 seconds
simulation run:71/97
Ran IHW-quantile. Time taken: 0.061 seconds
simulation run:72/97
simulation run:73/97
Ran IHW-quantile. Time taken: 0.001 seconds
Ran IHW-quantile. Time taken: 0.001 seconds
simulation run:74/97
simulation run:75/97
Ran IHW-quantile. Time taken: 0.077 seconds
Ran IHW-quantile. Time taken: 0.001 seconds
simulation run:76/97
simulation run:77/97
simulation run:78/97
Ran IHW-quantile. Time taken: 0.001 seconds
simulation run:79/97
simulation run:80/97
simulation run:81/97
Ran IHW-quantile. Time taken: 0.001 seconds
simulation run:82/97
Ran IHW-quantile. Time taken: 0.001 seconds
simulation run:83/97
simulation run:84/97
Ran IHW-quantile. Time taken: 0.077 seconds
simulation run:85/97
Ran IHW-quantile. Time taken: 0.001 seconds
simulation run:86/97
Ran IHW-quantile. Time taken: 0.001 seconds
Ran IHW-quantile. Time taken: 0.002 seconds
Ran IHW-quantile. Time taken: 0.181 seconds
simulation run:87/97
simulation run:89/97
simulation run:88/97
simulation run:90/97
simulation run:92/97
Ran IHW-quantile. Time taken: 0.001 seconds
Ran IHW-quantile. Time taken: 0.088 seconds
simulation run:91/97
simulation run:94/97
simulation run:95/97
Ran IHW-quantile. Time taken: 0.002 seconds
simulation run:93/97
Ran IHW-quantile. Time taken: 0.002 seconds
Ran IHW-quantile. Time taken: 0.002 seconds
Ran IHW-quantile. Time taken: 0.69 seconds
Ran IHW-quantile. Time taken: 0.002 seconds
Ran IHW-quantile. Time taken: 0.001 seconds
Ran IHW-quantile. Time taken: 0.052 seconds
Ran IHW-quantile. Time taken: 1.209 seconds
Ran IHW-quantile. Time taken: 0.002 seconds
