WARNING: ignoring environment value of R_HOME
[1] "\n"
##------ Thu Aug  3 19:48:00 2023 ------##
##------ Thu Aug  3 19:48:00 2023 ------## 
[1] "\n"
simulation run:1/14
simulation run:2/14
simulation run:3/14
simulation run:5/14
simulation run:7/14
simulation run:4/14
simulation run:6/14
simulation run:8/14
simulation run:9/14
simulation run:10/14
simulation run:11/14
simulation run:12/14
simulation run:13/14
simulation run:14/14
alpha = 0.1: FDPhat 0.1, Number of Rej. 70
Task completed!
alpha = 0.1: FDPhat 0.0896, Number of Rej. 67
Task completed!
alpha = 0.1: FDPhat 0.0833, Number of Rej. 36
Task completed!
alpha = 0.1: FDPhat 0.1, Number of Rej. 180
Task completed!
alpha = 0.1: FDPhat 0.1, Number of Rej. 30
Task completed!
alpha = 0.1: FDPhat 0.0909, Number of Rej. 22
Task completed!
[1] "\n"
