WARNING: ignoring environment value of R_HOME
- One or more packages recorded in the lockfile are not installed.
- Use `renv::status()` for more details.

##------ Fri Aug 18 03:37:22 2023 ------##
##------ Fri Aug 18 03:37:22 2023 ------## 

simulation run:1/42
simulation run:2/42
simulation run:3/42
simulation run:4/42
simulation run:7/42
simulation run:6/42
simulation run:8/42
simulation run:5/42
simulation run:9/42
simulation run:10/42
simulation run:11/42
simulation run:12/42
simulation run:13/42
simulation run:14/42
simulation run:15/42
simulation run:16/42
simulation run:17/42
simulation run:18/42
simulation run:19/42
simulation run:20/42
simulation run:21/42
simulation run:22/42
simulation run:23/42
simulation run:24/42
simulation run:25/42
simulation run:26/42
simulation run:27/42
simulation run:28/42
simulation run:29/42
simulation run:30/42
simulation run:31/42
simulation run:32/42
simulation run:33/42
simulation run:34/42
simulation run:35/42
simulation run:36/42
simulation run:37/42
simulation run:38/42
simulation run:39/42
simulation run:40/42
simulation run:41/42
simulation run:42/42
Ran IHW-quantile. Time taken: 0.001 seconds
Ran IHW-quantile. Time taken: 0.053 seconds
Ran IHW-forest. Time taken: 6.412 seconds
Ran IHW-forest. Time taken: 6.4 seconds
Ran BH. Time taken: 0.03 seconds
Ran BH. Time taken: 0.002 seconds
Ran IHW-quantile. Time taken: 14.889 seconds
Ran IHW-quantile. Time taken: 14.714 seconds
Ran IHW-quantile. Time taken: 15.616 seconds
Ran IHW-quantile. Time taken: 16.824 seconds
Ran IHW-quantile. Time taken: 16.877 seconds
Ran IHW-quantile. Time taken: 15.017 seconds
Ran IHW-quantile. Time taken: 16.733 seconds
Ran IHW-quantile. Time taken: 17.238 seconds
Ran IHW-quantile. Time taken: 16.691 seconds
Ran IHW-quantile. Time taken: 16.908 seconds
Ran IHW-quantile. Time taken: 17.011 seconds
Ran IHW-quantile. Time taken: 17.049 seconds
Ran IHW-forest. Time taken: 5.114 seconds
Ran IHW-forest. Time taken: 4.999 seconds
Ran IHW-forest. Time taken: 5.15 seconds
Ran IHW-forest. Time taken: 5.242 seconds
Ran IHW-forest. Time taken: 5.061 seconds
Ran IHW-forest. Time taken: 5.2 seconds
Ran IHW-forest. Time taken: 5.179 seconds
Ran BH. Time taken: 0.036 seconds
Ran BH. Time taken: 0.002 seconds
Ran IHW-forest. Time taken: 5.205 seconds
Ran IHW-forest. Time taken: 5.164 seconds
Ran BH. Time taken: 0.03 seconds
Ran IHW-forest. Time taken: 5.269 seconds
Ran BH. Time taken: 0.03 seconds
Ran IHW-forest. Time taken: 5.175 seconds
Ran BH. Time taken: 0.03 seconds
Ran IHW-forest. Time taken: 5.133 seconds
Ran BH. Time taken: 0.001 seconds
Ran BH. Time taken: 0.001 seconds
Ran IHW-quantile. Time taken: 27.099 seconds
Ran IHW-quantile. Time taken: 27.315 seconds
Ran BH. Time taken: 0.03 seconds
Ran BH. Time taken: 0.002 seconds
Ran IHW-quantile. Time taken: 27.547 seconds
Ran IHW-quantile. Time taken: 25.997 seconds
Ran BH. Time taken: 0.002 seconds
Ran BH. Time taken: 0.002 seconds
Ran IHW-quantile. Time taken: 28.529 seconds
Ran IHW-quantile. Time taken: 26.888 seconds
Ran IHW-quantile. Time taken: 25.59 seconds
Ran BH. Time taken: 0.002 seconds
Ran IHW-quantile. Time taken: 25.859 seconds
Ran IHW-quantile. Time taken: 28.758 seconds
Ran IHW-quantile. Time taken: 28.953 seconds
Ran IHW-quantile. Time taken: 29.104 seconds
Ran IHW-quantile. Time taken: 27.267 seconds
Ran IHW-quantile. Time taken: 29.074 seconds
Ran IHW-quantile. Time taken: 29.964 seconds
Ran IHW-quantile. Time taken: 28.114 seconds
Ran IHW-quantile. Time taken: 29.875 seconds
Ran IHW-quantile. Time taken: 31.374 seconds
Ran IHW-quantile. Time taken: 28.67 seconds
Ran IHW-quantile. Time taken: 28.86 seconds
Ran IHW-quantile. Time taken: 29.731 seconds
Ran IHW-forest. Time taken: 6.584 seconds
Ran IHW-forest. Time taken: 6.55 seconds
Ran IHW-forest. Time taken: 6.425 seconds
Ran IHW-forest. Time taken: 6.471 seconds
Ran IHW-forest. Time taken: 7.187 seconds
Ran IHW-forest. Time taken: 6.989 seconds
Ran IHW-forest. Time taken: 7.204 seconds
Ran IHW-forest. Time taken: 6.996 seconds
Ran IHW-forest. Time taken: 7.275 seconds
Ran BH. Time taken: 0.038 seconds
Ran BH. Time taken: 0.034 seconds
Ran IHW-forest. Time taken: 7.189 seconds
Ran BH. Time taken: 0.038 seconds
Ran IHW-forest. Time taken: 7.203 seconds
Ran IHW-forest. Time taken: 7.142 seconds
Ran IHW-forest. Time taken: 7.111 seconds
Ran BH. Time taken: 0.002 seconds
Ran IHW-forest. Time taken: 7.207 seconds
Ran IHW-forest. Time taken: 7.245 seconds
Ran IHW-forest. Time taken: 6.99 seconds
Ran IHW-forest. Time taken: 7.105 seconds
Ran IHW-forest. Time taken: 7.038 seconds
Ran BH. Time taken: 0.002 seconds
Ran BH. Time taken: 0.042 seconds
Ran IHW-forest. Time taken: 7.089 seconds
Ran BH. Time taken: 0.002 seconds
Ran IHW-forest. Time taken: 7.253 seconds
Ran BH. Time taken: 0.002 seconds
Ran BH. Time taken: 0.002 seconds
Ran BH. Time taken: 0.002 seconds
Ran BH. Time taken: 0.001 seconds
Ran BH. Time taken: 0.002 seconds
Ran BH. Time taken: 0.002 seconds
Ran BH. Time taken: 0.002 seconds
Ran BH. Time taken: 0.002 seconds
Ran BH. Time taken: 0.055 seconds
Ran BH. Time taken: 0.042 seconds
Ran BH. Time taken: 0.042 seconds
Ran BH. Time taken: 0.002 seconds
Ran BH. Time taken: 0.042 seconds
Ran IHW-quantile. Time taken: 68.717 seconds
Ran IHW-quantile. Time taken: 66.386 seconds
Ran IHW-quantile. Time taken: 68.116 seconds
Ran IHW-forest. Time taken: 7.186 seconds
Ran IHW-forest. Time taken: 7.154 seconds
Ran IHW-forest. Time taken: 7.387 seconds
Ran BH. Time taken: 0.042 seconds
Ran BH. Time taken: 0.002 seconds
Ran BH. Time taken: 0.042 seconds
alpha = 0.1: FDPhat 0.1, Number of Rej. 80
Task completed!
Ran AdaPT. Time taken: 71.035 seconds
alpha = 0.1: FDPhat 0.0985, Number of Rej. 132
Task completed!
Ran AdaPT. Time taken: 70.981 seconds
alpha = 0.1: FDPhat 0.094, Number of Rej. 117
Task completed!
Ran AdaPT. Time taken: 59.655 seconds
alpha = 0.1: FDPhat 0.1, Number of Rej. 30
Task completed!
alpha = 0.1: FDPhat 0.1, Number of Rej. 110
Task completed!
Ran AdaPT. Time taken: 61.948 seconds
Ran AdaPT. Time taken: 59.184 seconds
Ran Boca-Leek. Time taken: 1.128 seconds
alpha = 0.1: FDPhat 0.1, Number of Rej. 110
Task completed!
Ran AdaPT. Time taken: 61.363 seconds
alpha = 0.1: FDPhat 0.0947, Number of Rej. 95
Task completed!
Ran AdaPT. Time taken: 62.398 seconds
alpha = 0.1: FDPhat 0.0847, Number of Rej. 59
Task completed!
Ran AdaPT. Time taken: 62.093 seconds
Ran Boca-Leek. Time taken: 1.071 seconds
alpha = 0.1: FDPhat 0.0714, Number of Rej. 14
Task completed!
Ran AdaPT. Time taken: 64.451 seconds
alpha = 0.1: FDPhat 0.0909, Number of Rej. 22
Task completed!
Ran AdaPT. Time taken: 64.854 seconds
Ran Boca-Leek. Time taken: 1.04 seconds
Ran Boca-Leek. Time taken: 1.047 seconds
Ran Boca-Leek. Time taken: 1.022 seconds
alpha = 0.1: FDPhat 0.0948, Number of Rej. 116
Task completed!
Ran AdaPT. Time taken: 63.536 seconds
Ran Boca-Leek. Time taken: 1.027 seconds
Ran Boca-Leek. Time taken: 1.057 seconds
Ran Boca-Leek. Time taken: 1.013 seconds
Ran Clfdr-EM. Time taken: 0.159 seconds
alpha = 0.1: FDPhat 0.0965, Number of Rej. 114
Task completed!
Ran AdaPT. Time taken: 64.477 seconds
Ran Boca-Leek. Time taken: 0.98 seconds
Ran Boca-Leek. Time taken: 1.02 seconds
Ran Clfdr-EM. Time taken: 0.284 seconds
Ran AdaPT. Time taken: 68.928 seconds
Ran Boca-Leek. Time taken: 1.066 seconds
Ran Boca-Leek. Time taken: 1.022 seconds
Ran Clfdr-EM. Time taken: 0.318 seconds
Ran Clfdr-EM. Time taken: 8.149 seconds
Ran Boca-Leek. Time taken: 1.051 seconds
Ran Clfdr-EM. Time taken: 4.097 seconds
Ran Clfdr-EM. Time taken: 6.453 seconds
alpha = 0.1: FDPhat 0.0968, Number of Rej. 93
Task completed!
alpha = 0.1: FDPhat 0.0978, Number of Rej. 92
Task completed!
Ran AdaPT. Time taken: 59.735 seconds
Ran AdaPT. Time taken: 74.718 seconds
alpha = 0.1: FDPhat 0.069, Number of Rej. 29
Task completed!
Ran AdaPT. Time taken: 62.156 seconds
alpha = 0.1: FDPhat 0.0893, Number of Rej. 56
Task completed!
Ran AdaPT. Time taken: 62.774 seconds
alpha = 0.1: FDPhat 0.1, Number of Rej. 30
Task completed!
Ran AdaPT. Time taken: 65.349 seconds
Ran Boca-Leek. Time taken: 1.018 seconds
Ran Boca-Leek. Time taken: 1.143 seconds
Ran Boca-Leek. Time taken: 1.032 seconds
alpha = 0.1: FDPhat 0.0857, Number of Rej. 35
Task completed!
Ran AdaPT. Time taken: 66.346 seconds
Ran Boca-Leek. Time taken: 1.019 seconds
Ran Clfdr-EM. Time taken: 14.27 seconds
alpha = 0.1: FDPhat 0.0968, Number of Rej. 93
Task completed!
Ran AdaPT. Time taken: 65.411 seconds
Ran Boca-Leek. Time taken: 1.007 seconds
Ran Boca-Leek. Time taken: 1.029 seconds
alpha = 0.1: FDPhat 0.0946, Number of Rej. 148
Task completed!
Ran AdaPT. Time taken: 66.475 seconds
alpha = 0.1: FDPhat 0.0982, Number of Rej. 112
Task completed!
Ran Clfdr-EM. Time taken: 0.319 seconds
alpha = 0.1: FDPhat 0.0973, Number of Rej. 113
Task completed!
Ran AdaPT. Time taken: 68.282 seconds
Ran AdaPT. Time taken: 68.251 seconds
Ran Boca-Leek. Time taken: 1.11 seconds
alpha = 0.1: FDPhat 0.1, Number of Rej. 50
Task completed!
Ran AdaPT. Time taken: 68.342 seconds
alpha = 0.1: FDPhat 0.1, Number of Rej. 120
Task completed!
Ran AdaPT. Time taken: 67.366 seconds
alpha = 0.1: FDPhat 0.0957, Number of Rej. 94
Task completed!
Ran AdaPT. Time taken: 67.991 seconds
alpha = 0.1: FDPhat 0.0741, Number of Rej. 27
Task completed!
Ran AdaPT. Time taken: 72.979 seconds
alpha = 0.1: FDPhat 0.0741, Number of Rej. 27
Task completed!
Ran AdaPT. Time taken: 73.1 seconds
alpha = 0.1: FDPhat 0.0973, Number of Rej. 113
Task completed!
Ran AdaPT. Time taken: 70.195 seconds
Ran Boca-Leek. Time taken: 1.158 seconds
alpha = 0.1: FDPhat 0.0952, Number of Rej. 105
Task completed!
Ran AdaPT. Time taken: 72.526 seconds
Ran Boca-Leek. Time taken: 1.102 seconds
Ran Boca-Leek. Time taken: 1.132 seconds
Ran Boca-Leek. Time taken: 1.142 seconds
alpha = 0.1: FDPhat 0.0909, Number of Rej. 22
Task completed!
Ran AdaPT. Time taken: 74.429 seconds
Ran Boca-Leek. Time taken: 1.096 seconds
Ran Clfdr-EM. Time taken: 6.961 seconds
Ran Boca-Leek. Time taken: 1.096 seconds
alpha = 0.1: FDPhat 0.0942, Number of Rej. 138
Task completed!
Ran AdaPT. Time taken: 72.746 seconds
Ran Boca-Leek. Time taken: 1.11 seconds
Ran Boca-Leek. Time taken: 1.13 seconds
alpha = 0.1: FDPhat 0.0952, Number of Rej. 42
Task completed!
Ran Boca-Leek. Time taken: 1.13 seconds
Ran AdaPT. Time taken: 74.917 seconds
Ran Boca-Leek. Time taken: 1.161 seconds
Ran Boca-Leek. Time taken: 1.113 seconds
Ran Clfdr-EM. Time taken: 12.338 seconds
Ran IHW-quantile. Time taken: 119.933 seconds
Ran Boca-Leek. Time taken: 1.11 seconds
alpha = 0.1: FDPhat 0.0988, Number of Rej. 81
Task completed!
Ran AdaPT. Time taken: 77.745 seconds
Ran Clfdr-EM. Time taken: 8.139 seconds
Ran Boca-Leek. Time taken: 1.108 seconds
Ran Clfdr-EM. Time taken: 33.533 seconds
Ran Boca-Leek. Time taken: 1.119 seconds
Ran Clfdr-EM. Time taken: 33.515 seconds
Ran Clfdr-EM. Time taken: 4.556 seconds
Ran Clfdr-EM. Time taken: 34.239 seconds
Ran IHW-quantile. Time taken: 130.308 seconds
Ran Clfdr-EM. Time taken: 16.317 seconds
Ran Clfdr-EM. Time taken: 31.413 seconds
Ran IHW-quantile. Time taken: 130.365 seconds
Ran AdaPT-xgboost. Time taken: 35.447 seconds
Ran Clfdr-EM. Time taken: 32.827 seconds
Ran IHW-forest. Time taken: 7.332 seconds
Ran Clfdr-EM. Time taken: 30.453 seconds
Ran AdaPT-xgboost. Time taken: 35.429 seconds
Ran AdaPT-xgboost. Time taken: 35.107 seconds
Ran BH. Time taken: 0.002 seconds
Ran Clfdr-EM. Time taken: 11.497 seconds
Ran AdaPT-xgboost. Time taken: 35.224 seconds
Ran Clfdr-EM. Time taken: 18.825 seconds
Ran AdaPT-xgboost. Time taken: 35.29 seconds
Ran AdaPT-xgboost. Time taken: 34.53 seconds
Ran IHW-forest. Time taken: 6.936 seconds
Ran IHW-forest. Time taken: 6.133 seconds
Ran Clfdr-EM. Time taken: 30.904 seconds
Ran BH. Time taken: 0.002 seconds
Ran BH. Time taken: 0.002 seconds
Ran Clfdr-EM. Time taken: 33.156 seconds
Ran AdaPT-xgboost. Time taken: 32.793 seconds
Ran AdaPT-xgboost. Time taken: 31.846 seconds
Ran Clfdr-EM. Time taken: 25.824 seconds
Ran AdaPT-xgboost. Time taken: 29.7 seconds
Ran Clfdr-EM. Time taken: 33.061 seconds
Ran Clfdr-EM. Time taken: 33.778 seconds
Ran Clfdr-EM. Time taken: 34.651 seconds
Ran Clfdr-EM. Time taken: 35.643 seconds
Ran Clfdr-EM. Time taken: 34.173 seconds
Ran Clfdr-EM. Time taken: 33.809 seconds
Ran Clfdr-EM. Time taken: 35.967 seconds
Ran Clfdr-EM. Time taken: 34.504 seconds
Ran AdaPT-xgboost. Time taken: 27.774 seconds
alpha = 0.1: FDPhat 0.0946, Number of Rej. 74
Task completed!
Ran AdaPT. Time taken: 73.987 seconds
Ran AdaPT-xgboost. Time taken: 26.032 seconds
Ran AdaPT-xgboost. Time taken: 26.239 seconds
Ran AdaPT-xgboost. Time taken: 27.596 seconds
Ran AdaPT-xgboost. Time taken: 27.566 seconds
alpha = 0.1: FDPhat 0.099, Number of Rej. 101
Task completed!
Ran AdaPT. Time taken: 76.878 seconds
Ran AdaPT-xgboost. Time taken: 35.513 seconds
Ran Boca-Leek. Time taken: 0.69 seconds
Ran AdaPT-xgboost. Time taken: 25.907 seconds
Ran Clfdr-EM. Time taken: 34.183 seconds
Ran AdaPT-xgboost. Time taken: 26.858 seconds
Ran Clfdr-EM. Time taken: 31.05 seconds
Ran AdaPT-xgboost. Time taken: 35.094 seconds
Ran Boca-Leek. Time taken: 0.691 seconds
alpha = 0.1: FDPhat 0.0957, Number of Rej. 94
Task completed!
Ran AdaPT. Time taken: 78.134 seconds
Ran AdaPT-xgboost. Time taken: 32.776 seconds
Ran Boca-Leek. Time taken: 0.63 seconds
Ran AdaPT-xgboost. Time taken: 23.519 seconds
Ran Clfdr-EM. Time taken: 2.43 seconds
Ran AdaPT-xgboost. Time taken: 22.87 seconds
Ran AdaPT-xgboost. Time taken: 28.583 seconds
Ran AdaPT-xgboost. Time taken: 27.504 seconds
Ran Clfdr-EM. Time taken: 1.938 seconds
Ran Clfdr-EM. Time taken: 9.85 seconds
Ran AdaPT-xgboost. Time taken: 20.936 seconds
Ran AdaPT-xgboost. Time taken: 18.181 seconds
Ran AdaPT-xgboost. Time taken: 20.29 seconds
Ran AdaPT-xgboost. Time taken: 20.551 seconds
Ran AdaPT-xgboost. Time taken: 17.582 seconds
Ran AdaPT-xgboost. Time taken: 17.599 seconds
Ran AdaPT-xgboost. Time taken: 20.006 seconds
Ran AdaPT-xgboost. Time taken: 15.032 seconds
Ran AdaPT-xgboost. Time taken: 18.659 seconds
Ran AdaPT-xgboost. Time taken: 18.191 seconds
Ran AdaPT-xgboost. Time taken: 16.031 seconds
alpha = 0.1: FDPhat 0.0923, Number of Rej. 130
Task completed!
Ran AdaPT. Time taken: 41.533 seconds
Ran Boca-Leek. Time taken: 0.214 seconds
Ran AdaPT-xgboost. Time taken: 10.639 seconds
Ran AdaPT-xgboost. Time taken: 12.813 seconds
alpha = 0.1: FDPhat 0.0968, Number of Rej. 124
Task completed!
Ran AdaPT. Time taken: 36.455 seconds
Ran Boca-Leek. Time taken: 0.154 seconds
Ran AdaPT-xgboost. Time taken: 8.769 seconds
alpha = 0.1: FDPhat 0.0918, Number of Rej. 98
Task completed!
Ran AdaPT. Time taken: 38.637 seconds
Ran Clfdr-EM. Time taken: 0.268 seconds
Ran Boca-Leek. Time taken: 0.088 seconds
Ran Clfdr-EM. Time taken: 0.47 seconds
Ran Clfdr-EM. Time taken: 4.348 seconds
Ran AdaPT-xgboost. Time taken: 4.32 seconds
Ran AdaPT-xgboost. Time taken: 3.952 seconds
Ran AdaPT-xgboost. Time taken: 3.715 seconds
Ran IHW-quantile. Time taken: 196.726 seconds
Ran IHW-forest. Time taken: 0.391 seconds
Ran BH. Time taken: 0.001 seconds
alpha = 0.1: FDPhat 0.0972, Number of Rej. 144
Task completed!
Ran AdaPT. Time taken: 4.003 seconds
Ran Boca-Leek. Time taken: 0.064 seconds
Ran IHW-quantile. Time taken: 201.331 seconds
Ran Clfdr-EM. Time taken: 0.22 seconds
Ran IHW-forest. Time taken: 0.374 seconds
Ran BH. Time taken: 0.002 seconds
Ran AdaPT-xgboost. Time taken: 2.204 seconds
alpha = 0.1: FDPhat 0.0988, Number of Rej. 81
Task completed!
Ran AdaPT. Time taken: 4.376 seconds
Ran Boca-Leek. Time taken: 0.065 seconds
Ran Clfdr-EM. Time taken: 0.023 seconds
Ran AdaPT-xgboost. Time taken: 2.164 seconds
[1] "\n"
