WARNING: ignoring environment value of R_HOME
- One or more packages recorded in the lockfile are not installed.
- Use `renv::status()` for more details.

##------ Fri Aug 18 03:38:09 2023 ------##
##------ Fri Aug 18 03:38:09 2023 ------## 

simulation run:1/42
simulation run:2/42
simulation run:3/42
simulation run:5/42
simulation run:7/42
simulation run:4/42
simulation run:8/42
simulation run:6/42
simulation run:9/42
simulation run:10/42
simulation run:11/42
simulation run:12/42
simulation run:13/42
simulation run:14/42
simulation run:15/42
simulation run:16/42
simulation run:17/42
simulation run:18/42
simulation run:19/42
simulation run:20/42
simulation run:21/42
simulation run:22/42
simulation run:23/42
simulation run:24/42
simulation run:25/42
simulation run:26/42
simulation run:27/42
simulation run:28/42
simulation run:29/42
simulation run:30/42
simulation run:31/42
simulation run:32/42
simulation run:33/42
simulation run:34/42
simulation run:35/42
simulation run:36/42
simulation run:37/42
simulation run:38/42
simulation run:39/42
simulation run:40/42
simulation run:41/42
simulation run:42/42
Ran IHW-quantile. Time taken: 0.039 seconds
Ran IHW-quantile. Time taken: 0.001 seconds
Ran IHW-forest. Time taken: 8.304 seconds
Ran IHW-forest. Time taken: 8.362 seconds
Ran BH. Time taken: 0.002 seconds
Ran BH. Time taken: 0.037 seconds
Ran IHW-quantile. Time taken: 22.205 seconds
Ran IHW-quantile. Time taken: 23.352 seconds
Ran IHW-quantile. Time taken: 24.123 seconds
Ran IHW-quantile. Time taken: 25.168 seconds
Ran IHW-quantile. Time taken: 25.378 seconds
Ran IHW-quantile. Time taken: 24.042 seconds
Ran IHW-quantile. Time taken: 24.77 seconds
Ran IHW-quantile. Time taken: 25.164 seconds
Ran IHW-quantile. Time taken: 25.166 seconds
Ran IHW-quantile. Time taken: 24.398 seconds
Ran IHW-quantile. Time taken: 25.224 seconds
Ran IHW-quantile. Time taken: 24.114 seconds
Ran IHW-quantile. Time taken: 23.989 seconds
Ran IHW-quantile. Time taken: 25.961 seconds
Ran IHW-quantile. Time taken: 25.664 seconds
Ran IHW-quantile. Time taken: 23.908 seconds
Ran IHW-quantile. Time taken: 25.039 seconds
Ran IHW-quantile. Time taken: 25.654 seconds
Ran IHW-quantile. Time taken: 23.94 seconds
Ran IHW-quantile. Time taken: 26.434 seconds
Ran IHW-quantile. Time taken: 24.936 seconds
Ran IHW-quantile. Time taken: 26.48 seconds
Ran IHW-quantile. Time taken: 25.991 seconds
Ran IHW-quantile. Time taken: 26.635 seconds
Ran IHW-quantile. Time taken: 26.201 seconds
Ran IHW-quantile. Time taken: 26.423 seconds
Ran IHW-quantile. Time taken: 26.287 seconds
Ran IHW-quantile. Time taken: 26.523 seconds
Ran IHW-quantile. Time taken: 26.22 seconds
Ran IHW-quantile. Time taken: 28.384 seconds
Ran IHW-quantile. Time taken: 27.558 seconds
Ran IHW-quantile. Time taken: 27.981 seconds
Ran IHW-forest. Time taken: 6.814 seconds
Ran IHW-forest. Time taken: 6.81 seconds
Ran IHW-forest. Time taken: 6.723 seconds
Ran IHW-forest. Time taken: 6.846 seconds
Ran IHW-forest. Time taken: 6.995 seconds
Ran IHW-forest. Time taken: 6.871 seconds
Ran IHW-forest. Time taken: 6.843 seconds
Ran IHW-forest. Time taken: 6.66 seconds
Ran IHW-forest. Time taken: 6.843 seconds
Ran IHW-forest. Time taken: 6.894 seconds
Ran IHW-forest. Time taken: 7.008 seconds
Ran BH. Time taken: 0.002 seconds
Ran IHW-forest. Time taken: 6.846 seconds
Ran BH. Time taken: 0.002 seconds
Ran IHW-forest. Time taken: 6.796 seconds
Ran IHW-forest. Time taken: 6.625 seconds
Ran IHW-forest. Time taken: 6.864 seconds
Ran IHW-forest. Time taken: 6.583 seconds
Ran IHW-forest. Time taken: 6.973 seconds
Ran IHW-forest. Time taken: 6.938 seconds
Ran IHW-forest. Time taken: 7.005 seconds
Ran IHW-forest. Time taken: 6.939 seconds
Ran BH. Time taken: 0.047 seconds
Ran IHW-forest. Time taken: 6.794 seconds
Ran IHW-forest. Time taken: 6.849 seconds
Ran BH. Time taken: 0.002 seconds
Ran BH. Time taken: 0.042 seconds
Ran IHW-forest. Time taken: 6.975 seconds
Ran BH. Time taken: 0.002 seconds
Ran IHW-forest. Time taken: 7.136 seconds
Ran BH. Time taken: 0.037 seconds
Ran BH. Time taken: 0.002 seconds
Ran IHW-forest. Time taken: 7.225 seconds
Ran BH. Time taken: 0.042 seconds
Ran IHW-forest. Time taken: 6.854 seconds
Ran IHW-forest. Time taken: 6.895 seconds
Ran IHW-forest. Time taken: 6.885 seconds
Ran IHW-forest. Time taken: 6.801 seconds
Ran BH. Time taken: 0.039 seconds
Ran BH. Time taken: 0.044 seconds
Ran BH. Time taken: 0.002 seconds
Ran IHW-forest. Time taken: 6.828 seconds
Ran IHW-forest. Time taken: 6.932 seconds
Ran BH. Time taken: 0.039 seconds
Ran BH. Time taken: 0.002 seconds
Ran IHW-forest. Time taken: 6.879 seconds
Ran BH. Time taken: 0.002 seconds
Ran BH. Time taken: 0.038 seconds
Ran BH. Time taken: 0.002 seconds
Ran BH. Time taken: 0.002 seconds
Ran BH. Time taken: 0.002 seconds
Ran BH. Time taken: 0.042 seconds
Ran BH. Time taken: 0.002 seconds
Ran BH. Time taken: 0.002 seconds
Ran BH. Time taken: 0.002 seconds
Ran BH. Time taken: 0.002 seconds
Ran BH. Time taken: 0.038 seconds
Ran BH. Time taken: 0.045 seconds
Ran BH. Time taken: 0.041 seconds
Ran BH. Time taken: 0.002 seconds
Ran BH. Time taken: 0.038 seconds
Ran BH. Time taken: 0.002 seconds
Ran BH. Time taken: 0.019 seconds
Ran BH. Time taken: 0.043 seconds
Ran IHW-quantile. Time taken: 60.214 seconds
Ran IHW-quantile. Time taken: 62.317 seconds
Ran IHW-quantile. Time taken: 63.157 seconds
Ran IHW-forest. Time taken: 6.517 seconds
Ran IHW-forest. Time taken: 6.371 seconds
Ran IHW-forest. Time taken: 7.066 seconds
Ran BH. Time taken: 0.045 seconds
Ran BH. Time taken: 0.002 seconds
Ran BH. Time taken: 0.042 seconds
alpha = 0.1: FDPhat 0.0968, Number of Rej. 93
Task completed!
Ran AdaPT. Time taken: 58.187 seconds
alpha = 0.1: FDPhat 0.1, Number of Rej. 80
Task completed!
Ran AdaPT. Time taken: 81.341 seconds
alpha = 0.1: FDPhat 0.1, Number of Rej. 30
Task completed!
Ran AdaPT. Time taken: 61.831 seconds
Ran Boca-Leek. Time taken: 0.904 seconds
Ran Boca-Leek. Time taken: 0.911 seconds
Ran Boca-Leek. Time taken: 0.802 seconds
alpha = 0.1: FDPhat 0.0957, Number of Rej. 94
Task completed!
Ran AdaPT. Time taken: 62.378 seconds
alpha = 0.1: FDPhat 0.0714, Number of Rej. 14
Task completed!
Ran AdaPT. Time taken: 67.473 seconds
Ran Clfdr-EM. Time taken: 0.303 seconds
Ran Boca-Leek. Time taken: 1.08 seconds
alpha = 0.1: FDPhat 0.0946, Number of Rej. 148
Task completed!
alpha = 0.1: FDPhat 0.0948, Number of Rej. 116
Task completed!
Ran AdaPT. Time taken: 64.005 seconds
Ran AdaPT. Time taken: 64.666 seconds
alpha = 0.1: FDPhat 0.0952, Number of Rej. 105
Task completed!
Ran AdaPT. Time taken: 67.541 seconds
alpha = 0.1: FDPhat 0.1, Number of Rej. 110
Task completed!
Ran AdaPT. Time taken: 65.277 seconds
Ran Boca-Leek. Time taken: 1.082 seconds
alpha = 0.1: FDPhat 0.0968, Number of Rej. 93
Task completed!
Ran AdaPT. Time taken: 67.977 seconds
alpha = 0.1: FDPhat 0.0947, Number of Rej. 95
Task completed!
Ran AdaPT. Time taken: 70.009alpha = 0.1: FDPhat 0.0965, Number of Rej. 114
Task completed!
Ran AdaPT. Time taken: 66.514 seconds
 seconds
alpha = 0.1: FDPhat 0.069, Number of Rej. 29
Task completed!
Ran AdaPT. Time taken: 71.349 seconds
alpha = 0.1: FDPhat 0.0741, Number of Rej. 27
Task completed!
Ran AdaPT. Time taken: 69.138 seconds
Ran Clfdr-EM. Time taken: 8.068 seconds
alpha = 0.1: FDPhat 0.0982, Number of Rej. 112
Task completed!
Ran AdaPT. Time taken: 69.405 seconds
alpha = 0.1: FDPhat 0.1, Number of Rej. 120
Task completed!
Ran AdaPT. Time taken: 67.369 seconds
alpha = 0.1: FDPhat 0.1, Number of Rej. 110
Task completed!
Ran AdaPT. Time taken: 70.627 seconds
alpha = 0.1: FDPhat 0.1, Number of Rej. 50
Task completed!
Ran AdaPT. Time taken: 70.655 seconds
Ran Boca-Leek. Time taken: 0.903 seconds
alpha = 0.1: FDPhat 0.0978, Number of Rej. 92
Task completed!
Ran Boca-Leek. Time taken: 1.113 seconds
Ran AdaPT. Time taken: 70.554 seconds
alpha = 0.1: FDPhat 0.094, Number of Rej. 117
Task completed!
Ran Boca-Leek. Time taken: 1.169 seconds
Ran Clfdr-EM. Time taken: 0.272 seconds
Ran AdaPT. Time taken: 68.627 seconds
alpha = 0.1: FDPhat 0.0741, Number of Rej. 27
Task completed!
Ran AdaPT. Time taken: 71.356 seconds
alpha = 0.1: FDPhat 0.0909, Number of Rej. 22
Task completed!
Ran AdaPT. Time taken: 73.059 seconds
Ran Boca-Leek. Time taken: 0.977 seconds
alpha = 0.1: FDPhat 0.0847, Number of Rej. 59
Task completed!
Ran AdaPT. Time taken: 71.053 seconds
alpha = 0.1: FDPhat 0.0893, Number of Rej. 56
Task completed!
Ran AdaPT. Time taken: 72.251 seconds
Ran Boca-Leek. Time taken: 0.775 seconds
Ran Boca-Leek. Time taken: 1.185 seconds
alpha = 0.1: FDPhat 0.0985, Number of Rej. 132
Task completed!
Ran Boca-Leek. Time taken: 1.307 seconds
Ran AdaPT. Time taken: 95.876 seconds
Ran Boca-Leek. Time taken: 1.356 seconds
Ran AdaPT. Time taken: 73.329 seconds
Ran Boca-Leek. Time taken: 1.333 seconds
alpha = 0.1: FDPhat 0.0973, Number of Rej. 113
Task completed!
Ran AdaPT. Time taken: 72.693 seconds
alpha = 0.1: FDPhat 0.1, Number of Rej. 30
Task completed!
Ran Boca-Leek. Time taken: 1.08 seconds
Ran AdaPT. Time taken: 75.36 seconds
Ran Boca-Leek. Time taken: 1.274 seconds
Ran Boca-Leek. Time taken: 0.793 seconds
alpha = 0.1: FDPhat 0.0857, Number of Rej. 35
Task completed!
alpha = 0.1: FDPhat 0.0909, Number of Rej. 22
Task completed!
Ran AdaPT. Time taken: 75.992 seconds
Ran AdaPT. Time taken: 75.301 seconds
Ran Boca-Leek. Time taken: 1.311 seconds
Ran Boca-Leek. Time taken: 1.202 seconds
Ran Boca-Leek. Time taken: 1.3 seconds
Ran Boca-Leek. Time taken: 1.39 seconds
Ran Boca-Leek. Time taken: 1.282 seconds
Ran Clfdr-EM. Time taken: 12.201 seconds
Ran Boca-Leek. Time taken: 1.267 seconds
Ran Boca-Leek. Time taken: 0.826 seconds
alpha = 0.1: FDPhat 0.0952, Number of Rej. 42
Task completed!
Ran Boca-Leek. Time taken: 1.362 seconds
Ran AdaPT. Time taken: 76.344 seconds
Ran IHW-quantile. Time taken: 117.224 seconds
Ran Boca-Leek. Time taken: 1.346 seconds
Ran Boca-Leek. Time taken: 1.448 seconds
alpha = 0.1: FDPhat 0.0942, Number of Rej. 138
Task completed!
Ran AdaPT. Time taken: 76.365 seconds
Ran Boca-Leek. Time taken: 1.223 seconds
Ran IHW-quantile. Time taken: 120.88 seconds
Ran Boca-Leek. Time taken: 1.204 seconds
Ran Boca-Leek. Time taken: 1.196 seconds
alpha = 0.1: FDPhat 0.0973, Number of Rej. 113
Task completed!
Ran AdaPT. Time taken: 78.468 seconds
Ran Clfdr-EM. Time taken: 0.219 seconds
Ran Boca-Leek. Time taken: 1.184 seconds
Ran Clfdr-EM. Time taken: 0.384 seconds
Ran Clfdr-EM. Time taken: 4.109 seconds
Ran Boca-Leek. Time taken: 1.274 seconds
alpha = 0.1: FDPhat 0.0988, Number of Rej. 81
Task completed!
Ran AdaPT. Time taken: 81.427 seconds
Ran Clfdr-EM. Time taken: 7.477 seconds
Ran Clfdr-EM. Time taken: 8.822 seconds
Ran Boca-Leek. Time taken: 1.27 seconds
Ran Clfdr-EM. Time taken: 4.499 seconds
Ran Clfdr-EM. Time taken: 14.271 seconds
Ran Clfdr-EM. Time taken: 13.43 seconds
Ran Boca-Leek. Time taken: 1.142 seconds
Ran Clfdr-EM. Time taken: 8.151 seconds
Ran IHW-forest. Time taken: 7.695 seconds
Ran IHW-forest. Time taken: 6.561 seconds
Ran IHW-quantile. Time taken: 129.986 seconds
Ran BH. Time taken: 0.002 seconds
Ran BH. Time taken: 0.043 seconds
Ran Clfdr-EM. Time taken: 12.742 seconds
Ran IHW-forest. Time taken: 8.285 seconds
Ran Clfdr-EM. Time taken: 32.488 seconds
Ran BH. Time taken: 0.051 seconds
Ran Clfdr-EM. Time taken: 30.432 seconds
Ran Clfdr-EM. Time taken: 32.684 seconds
alpha = 0.1: FDPhat 0.099, Number of Rej. 101
Task completed!
Ran AdaPT. Time taken: 68.048 seconds
Ran Clfdr-EM. Time taken: 23.279 seconds
Ran AdaPT-xgboost. Time taken: 39.426 seconds
Ran AdaPT-xgboost. Time taken: 35.51 seconds
Ran Boca-Leek. Time taken: 1.261 seconds
Ran Clfdr-EM. Time taken: 33.083 seconds
Ran Clfdr-EM. Time taken: 34.6 seconds
Ran Clfdr-EM. Time taken: 32.733 seconds
Ran Clfdr-EM. Time taken: 37.44 seconds
Ran Clfdr-EM. Time taken: 33.808 seconds
Ran Clfdr-EM. Time taken: 37.688 seconds
Ran AdaPT-xgboost. Time taken: 41.712 seconds
Ran Clfdr-EM. Time taken: 38.076 seconds
Ran Clfdr-EM. Time taken: 37.491 seconds
alpha = 0.1: FDPhat 0.0946, Number of Rej. 74
Task completed!
Ran AdaPT. Time taken: 80.872 seconds
Ran Clfdr-EM. Time taken: 39.818 seconds
Ran Clfdr-EM. Time taken: 5.146 seconds
Ran Clfdr-EM. Time taken: 36.32 seconds
Ran AdaPT-xgboost. Time taken: 40.15 seconds
Ran Clfdr-EM. Time taken: 38.91 seconds
Ran AdaPT-xgboost. Time taken: 31.193 seconds
alpha = 0.1: FDPhat 0.0957, Number of Rej. 94
Task completed!
Ran AdaPT. Time taken: 83.293 seconds
Ran Clfdr-EM. Time taken: 41.235 seconds
Ran Clfdr-EM. Time taken: 40.592 seconds
Ran Boca-Leek. Time taken: 1.124 seconds
Ran AdaPT-xgboost. Time taken: 31.726 seconds
Ran Boca-Leek. Time taken: 0.824 seconds
Ran AdaPT-xgboost. Time taken: 38.298 seconds
Ran AdaPT-xgboost. Time taken: 32.71 seconds
Ran Clfdr-EM. Time taken: 35.639 seconds
Ran AdaPT-xgboost. Time taken: 39.424 seconds
Ran Clfdr-EM. Time taken: 40.485 seconds
Ran AdaPT-xgboost. Time taken: 38.024 seconds
Ran AdaPT-xgboost. Time taken: 41.36 seconds
Ran Clfdr-EM. Time taken: 3.518 seconds
Ran AdaPT-xgboost. Time taken: 37.325 seconds
Ran AdaPT-xgboost. Time taken: 36.261 seconds
Ran Clfdr-EM. Time taken: 37.646 seconds
Ran AdaPT-xgboost. Time taken: 27.192 seconds
Ran AdaPT-xgboost. Time taken: 33.773 seconds
Ran AdaPT-xgboost. Time taken: 26.244 seconds
Ran AdaPT-xgboost. Time taken: 35.4 seconds
Ran AdaPT-xgboost. Time taken: 28.953 seconds
Ran AdaPT-xgboost. Time taken: 29.258 seconds
Ran AdaPT-xgboost. Time taken: 19.368 seconds
Ran AdaPT-xgboost. Time taken: 23.587 seconds
Ran AdaPT-xgboost. Time taken: 21.858 seconds
Ran Clfdr-EM. Time taken: 17.367 seconds
Ran AdaPT-xgboost. Time taken: 30.16 seconds
Ran AdaPT-xgboost. Time taken: 19.508 seconds
Ran AdaPT-xgboost. Time taken: 30.972 seconds
Ran AdaPT-xgboost. Time taken: 29.427 seconds
Ran AdaPT-xgboost. Time taken: 29.033 seconds
Ran AdaPT-xgboost. Time taken: 26.173 seconds
Ran AdaPT-xgboost. Time taken: 28.411 seconds
Ran AdaPT-xgboost. Time taken: 18.453 seconds
Ran AdaPT-xgboost. Time taken: 27.518 seconds
Ran AdaPT-xgboost. Time taken: 27.359 seconds
Ran AdaPT-xgboost. Time taken: 25.489 seconds
Ran AdaPT-xgboost. Time taken: 26.057 seconds
alpha = 0.1: FDPhat 0.0968, Number of Rej. 124
Task completed!
Ran AdaPT. Time taken: 53.519 seconds
Ran AdaPT-xgboost. Time taken: 20.084 seconds
Ran Boca-Leek. Time taken: 0.106 seconds
Ran AdaPT-xgboost. Time taken: 18.368 seconds
alpha = 0.1: FDPhat 0.0923, Number of Rej. 130
Task completed!
Ran AdaPT. Time taken: 55.428 seconds
Ran Clfdr-EM. Time taken: 0.417 seconds
Ran Boca-Leek. Time taken: 0.289 seconds
alpha = 0.1: FDPhat 0.0918, Number of Rej. 98
Task completed!
Ran AdaPT. Time taken: 44.848 seconds
Ran AdaPT-xgboost. Time taken: 9.011 seconds
Ran Boca-Leek. Time taken: 0.11 seconds
Ran Clfdr-EM. Time taken: 0.378 seconds
Ran AdaPT-xgboost. Time taken: 4.295 seconds
Ran Clfdr-EM. Time taken: 4.837 seconds
Ran AdaPT-xgboost. Time taken: 4.243 seconds
Ran AdaPT-xgboost. Time taken: 2.565 seconds
Ran IHW-quantile. Time taken: 207.614 seconds
Ran IHW-forest. Time taken: 0.424 seconds
Ran BH. Time taken: 0.002 seconds
alpha = 0.1: FDPhat 0.0972, Number of Rej. 144
Task completed!
Ran AdaPT. Time taken: 4.524 seconds
Ran Boca-Leek. Time taken: 0.072 seconds
Ran Clfdr-EM. Time taken: 0.23 seconds
Ran IHW-quantile. Time taken: 215.38 seconds
Ran AdaPT-xgboost. Time taken: 2.324 seconds
Ran IHW-forest. Time taken: 0.414 seconds
Ran BH. Time taken: 0.002 seconds
alpha = 0.1: FDPhat 0.0988, Number of Rej. 81
Task completed!
Ran AdaPT. Time taken: 5.091 seconds
Ran Boca-Leek. Time taken: 0.07 seconds
Ran Clfdr-EM. Time taken: 0.024 seconds
Ran AdaPT-xgboost. Time taken: 2.229 seconds
[1] "\n"
