
##------ Tue Aug  8 04:26:04 2023 ------##
##------ Tue Aug  8 04:26:04 2023 ------## 

simulation run:1/50
simulation run:2/50
simulation run:3/50
simulation run:4/50
simulation run:5/50
simulation run:6/50
simulation run:7/50
simulation run:8/50
simulation run:9/50
simulation run:10/50
simulation run:12/50
simulation run:11/50
simulation run:13/50
simulation run:14/50
simulation run:15/50
simulation run:16/50
simulation run:17/50
simulation run:18/50
simulation run:19/50
simulation run:20/50
simulation run:21/50
simulation run:22/50
simulation run:23/50
simulation run:24/50
simulation run:25/50
simulation run:26/50
simulation run:27/50
simulation run:28/50
simulation run:29/50
simulation run:30/50
simulation run:31/50
simulation run:32/50
simulation run:33/50
simulation run:34/50
simulation run:35/50
simulation run:36/50
simulation run:37/50
simulation run:38/50
simulation run:39/50
simulation run:40/50
simulation run:41/50
simulation run:42/50
simulation run:43/50
simulation run:44/50
simulation run:45/50
simulation run:46/50
simulation run:47/50
simulation run:48/50
simulation run:49/50
simulation run:50/50
alpha = 0.1: FDPhat 0.1, Number of Rej. 20
Task completed!
alpha = 0.1: FDPhat 0.0952, Number of Rej. 21
Task completed!
alpha = 0.1: FDPhat 0.0526, Number of Rej. 19
Task completed!
alpha = 0.1: FDPhat 0.098, Number of Rej. 51
Task completed!
alpha = 0.1: FDPhat 0.0938, Number of Rej. 32
Task completed!
alpha = 0.1: FDPhat 0.0926, Number of Rej. 54
Task completed!
alpha = 0.1: FDPhat 0.0769, Number of Rej. 13
Task completed!
alpha = 0.1: FDPhat 0.0952, Number of Rej. 21
Task completed!
alpha = 0.1: FDPhat 0.0556, Number of Rej. 18
Task completed!
alpha = 0.1: FDPhat 0.1, Number of Rej. 10
Task completed!
alpha = 0.1: FDPhat 0.0667, Number of Rej. 15
Task completed!
alpha = 0.1: FDPhat 0.0526, Number of Rej. 19
Task completed!
alpha = 0.1: FDPhat 0.0769, Number of Rej. 39
Task completed!
alpha = 0.1: FDPhat 0.1, Number of Rej. 60
Task completed!
alpha = 0.1: FDPhat 0.0909, Number of Rej. 33
Task completed!
alpha = 0.1: FDPhat 0.1, Number of Rej. 40
Task completed!
alpha = 0.1: FDPhat 0.0625, Number of Rej. 16
Task completed!
alpha = 0.1: FDPhat 0.0833, Number of Rej. 24
Task completed!
alpha = 0.1: FDPhat 0.0833, Number of Rej. 12
Task completed!
alpha = 0.1: FDPhat 0.0769, Number of Rej. 26
Task completed!
alpha = 0.1: FDPhat 0.0909, Number of Rej. 11
Task completed!
alpha = 0.1: FDPhat 0.0769, Number of Rej. 13
Task completed!
[1] "\n"
