- One or more packages recorded in the lockfile are not installed.
- Use `renv::status()` for more details.

##------ Sat Aug 19 01:35:15 2023 ------##
##------ Sat Aug 19 01:35:15 2023 ------## 

simulation run:1/90
Ran IHW-quantile. Time taken: 3.373 seconds
Ran IHW-forest. Time taken: 0.408 seconds
Ran BH. Time taken: 0.001 seconds
alpha = 0.1: FDPhat 0.0988, Number of Rej. 81
Task completed!
Ran AdaPT. Time taken: 3.799 seconds
Ran Boca-Leek. Time taken: 0.063 seconds
Ran Clfdr-EM. Time taken: 1.978 seconds
Ran AdaPT-xgboost. Time taken: 2.081 seconds
simulation run:2/90
Ran IHW-quantile. Time taken: 1.182 seconds
Ran IHW-forest. Time taken: 0.302 seconds
Ran BH. Time taken: 0.002 seconds
alpha = 0.1: FDPhat 0.0986, Number of Rej. 71
Task completed!
Ran AdaPT. Time taken: 3.477 seconds
Ran Boca-Leek. Time taken: 0.078 seconds
Ran Clfdr-EM. Time taken: 2.135 seconds
Ran AdaPT-xgboost. Time taken: 0.006 seconds
simulation run:3/90
Ran IHW-quantile. Time taken: 21.537 seconds
Ran IHW-forest. Time taken: 0.294 seconds
Ran BH. Time taken: 0.001 seconds
Ran AdaPT. Time taken: 4.318 seconds
Ran Boca-Leek. Time taken: 0.065 seconds
Ran Clfdr-EM. Time taken: 0.275 seconds
Ran AdaPT-xgboost. Time taken: 0.006 seconds
simulation run:4/90
Ran IHW-quantile. Time taken: 1.236 seconds
Ran IHW-forest. Time taken: 0.308 seconds
Ran BH. Time taken: 0.002 seconds
alpha = 0.1: FDPhat 0.096, Number of Rej. 125
Task completed!
Ran AdaPT. Time taken: 3.343 seconds
Ran Boca-Leek. Time taken: 0.063 seconds
Ran Clfdr-EM. Time taken: 0.223 seconds
Ran AdaPT-xgboost. Time taken: 0.006 seconds
simulation run:5/90
Ran IHW-quantile. Time taken: 1.226 seconds
Ran IHW-forest. Time taken: 0.304 seconds
Ran BH. Time taken: 0.002 seconds
alpha = 0.1: FDPhat 0.0977, Number of Rej. 133
Task completed!
Ran AdaPT. Time taken: 3.262 seconds
Ran Boca-Leek. Time taken: 0.062 seconds
Ran Clfdr-EM. Time taken: 0.397 seconds
Ran AdaPT-xgboost. Time taken: 0.006 seconds
simulation run:6/90
Ran IHW-quantile. Time taken: 1.04 seconds
Ran IHW-forest. Time taken: 0.287 seconds
Ran BH. Time taken: 0.002 seconds
alpha = 0.1: FDPhat 0.0769, Number of Rej. 26
Task completed!
Ran AdaPT. Time taken: 4.211 seconds
Ran Boca-Leek. Time taken: 0.062 seconds
Ran Clfdr-EM. Time taken: 0.019 seconds
Ran AdaPT-xgboost. Time taken: 0.006 seconds
simulation run:7/90
Ran IHW-quantile. Time taken: 1.1 seconds
Ran IHW-forest. Time taken: 0.293 seconds
Ran BH. Time taken: 0.002 seconds
alpha = 0.1: FDPhat 0.0857, Number of Rej. 35
Task completed!
Ran AdaPT. Time taken: 3.954 seconds
Ran Boca-Leek. Time taken: 0.061 seconds
Ran Clfdr-EM. Time taken: 2.072 seconds
Ran AdaPT-xgboost. Time taken: 0.006 seconds
simulation run:8/90
Ran IHW-quantile. Time taken: 1.205 seconds
Ran IHW-forest. Time taken: 0.298 seconds
Ran BH. Time taken: 0.002 seconds
alpha = 0.1: FDPhat 0.0991, Number of Rej. 111
Task completed!
Ran AdaPT. Time taken: 3.585 seconds
Ran Boca-Leek. Time taken: 0.063 seconds
Ran Clfdr-EM. Time taken: 1.979 seconds
Ran AdaPT-xgboost. Time taken: 0.006 seconds
simulation run:9/90
Ran IHW-quantile. Time taken: 2.984 seconds
Ran IHW-forest. Time taken: 0.312 seconds
Ran BH. Time taken: 0.002 seconds
alpha = 0.1: FDPhat 0.0957, Number of Rej. 94
Task completed!
Ran AdaPT. Time taken: 3.979 seconds
Ran Boca-Leek. Time taken: 0.065 seconds
Ran Clfdr-EM. Time taken: 0.021 seconds
Ran AdaPT-xgboost. Time taken: 0.006 seconds
simulation run:10/90
Ran IHW-quantile. Time taken: 0.001 seconds
Ran IHW-forest. Time taken: 0.314 seconds
Ran BH. Time taken: 0.002 seconds
alpha = 0.1: FDPhat 0.0959, Number of Rej. 73
Task completed!
Ran AdaPT. Time taken: 4.537 seconds
Ran Boca-Leek. Time taken: 0.067 seconds
Ran Clfdr-EM. Time taken: 0.01 seconds
Ran AdaPT-xgboost. Time taken: 0.006 seconds
simulation run:11/90
Ran IHW-quantile. Time taken: 1.162 seconds
Ran IHW-forest. Time taken: 0.301 seconds
Ran BH. Time taken: 0.002 seconds
alpha = 0.1: FDPhat 0.0959, Number of Rej. 73
Task completed!
Ran AdaPT. Time taken: 3.716 seconds
Ran Boca-Leek. Time taken: 0.064 seconds
Ran Clfdr-EM. Time taken: 1.938 seconds
Ran AdaPT-xgboost. Time taken: 0.006 seconds
simulation run:12/90
Ran IHW-quantile. Time taken: 1.062 seconds
Ran IHW-forest. Time taken: 0.299 seconds
Ran BH. Time taken: 0.002 seconds
Ran AdaPT. Time taken: 4.429 seconds
Ran Boca-Leek. Time taken: 0.063 seconds
Ran Clfdr-EM. Time taken: 0.018 seconds
Ran AdaPT-xgboost. Time taken: 0.006 seconds
simulation run:13/90
Ran IHW-quantile. Time taken: 1.143 seconds
Ran IHW-forest. Time taken: 0.302 seconds
Ran BH. Time taken: 0.002 seconds
alpha = 0.1: FDPhat 0.0968, Number of Rej. 62
Task completed!
Ran AdaPT. Time taken: 3.829 seconds
Ran Boca-Leek. Time taken: 0.064 seconds
Ran Clfdr-EM. Time taken: 0.008 seconds
Ran AdaPT-xgboost. Time taken: 0.006 seconds
simulation run:14/90
Ran IHW-quantile. Time taken: 1.136 seconds
Ran IHW-forest. Time taken: 0.298 seconds
Ran BH. Time taken: 0.003 seconds
Ran AdaPT. Time taken: 3.475 seconds
Ran Boca-Leek. Time taken: 0.062 seconds
Ran Clfdr-EM. Time taken: 1.96 seconds
Ran AdaPT-xgboost. Time taken: 0.006 seconds
simulation run:15/90
Ran IHW-quantile. Time taken: 1.096 seconds
Ran IHW-forest. Time taken: 0.294 seconds
Ran BH. Time taken: 0.002 seconds
Ran AdaPT. Time taken: 3.524 seconds
Ran Boca-Leek. Time taken: 0.064 seconds
Ran Clfdr-EM. Time taken: 1.92 seconds
Ran AdaPT-xgboost. Time taken: 0.006 seconds
simulation run:16/90
Ran IHW-quantile. Time taken: 1.109 seconds
Ran IHW-forest. Time taken: 0.295 seconds
Ran BH. Time taken: 0.002 seconds
Ran AdaPT. Time taken: 4.105 seconds
Ran Boca-Leek. Time taken: 0.062 seconds
Ran Clfdr-EM. Time taken: 1.811 seconds
Ran AdaPT-xgboost. Time taken: 0.006 seconds
simulation run:17/90
Ran IHW-quantile. Time taken: 1.146 seconds
Ran IHW-forest. Time taken: 0.296 seconds
Ran BH. Time taken: 0.003 seconds
alpha = 0.1: FDPhat 0.0968, Number of Rej. 62
Task completed!
Ran AdaPT. Time taken: 3.449 seconds
Ran Boca-Leek. Time taken: 0.062 seconds
Ran Clfdr-EM. Time taken: 1.798 seconds
Ran AdaPT-xgboost. Time taken: 0.006 seconds
simulation run:18/90
Ran IHW-quantile. Time taken: 3.027 seconds
Ran IHW-forest. Time taken: 0.302 seconds
Ran BH. Time taken: 0.002 seconds
alpha = 0.1: FDPhat 0.093, Number of Rej. 86
Task completed!
Ran AdaPT. Time taken: 3.588 seconds
Ran Boca-Leek. Time taken: 0.064 seconds
Ran Clfdr-EM. Time taken: 1.498 seconds
Ran AdaPT-xgboost. Time taken: 0.005 seconds
simulation run:19/90
Ran IHW-quantile. Time taken: 5.562 seconds
Ran IHW-forest. Time taken: 0.299 seconds
Ran BH. Time taken: 0.002 seconds
alpha = 0.1: FDPhat 0.0857, Number of Rej. 35
Task completed!
Ran AdaPT. Time taken: 3.874 seconds
Ran Boca-Leek. Time taken: 0.066 seconds
Ran Clfdr-EM. Time taken: 0.02 seconds
Ran AdaPT-xgboost. Time taken: 0.006 seconds
simulation run:20/90
Ran IHW-quantile. Time taken: 2.833 seconds
Ran IHW-forest. Time taken: 0.309 seconds
Ran BH. Time taken: 0.003 seconds
alpha = 0.1: FDPhat 0.0909, Number of Rej. 66
Task completed!
Ran AdaPT. Time taken: 3.37 seconds
Ran Boca-Leek. Time taken: 0.066 seconds
Ran Clfdr-EM. Time taken: 0.02 seconds
Ran AdaPT-xgboost. Time taken: 0.005 seconds
simulation run:21/90
Ran IHW-quantile. Time taken: 1.094 seconds
Ran IHW-forest. Time taken: 0.307 seconds
Ran BH. Time taken: 0.002 seconds
alpha = 0.1: FDPhat 0.0968, Number of Rej. 31
Task completed!
Ran AdaPT. Time taken: 3.994 seconds
Ran Boca-Leek. Time taken: 0.063 seconds
Ran Clfdr-EM. Time taken: 0.009 seconds
Ran AdaPT-xgboost. Time taken: 0.006 seconds
simulation run:22/90
Ran IHW-quantile. Time taken: 35.449 seconds
Ran IHW-forest. Time taken: 0.315 seconds
Ran BH. Time taken: 0.003 seconds
alpha = 0.1: FDPhat 0.0952, Number of Rej. 63
Task completed!
Ran AdaPT. Time taken: 4.992 seconds
Ran Boca-Leek. Time taken: 0.07 seconds
Ran Clfdr-EM. Time taken: 2.241 seconds
Ran AdaPT-xgboost. Time taken: 0.007 seconds
simulation run:23/90
Ran IHW-quantile. Time taken: 1.262 seconds
Ran IHW-forest. Time taken: 0.313 seconds
Ran BH. Time taken: 0.003 seconds
alpha = 0.1: FDPhat 0.0959, Number of Rej. 73
Task completed!
Ran AdaPT. Time taken: 3.504 seconds
Ran Boca-Leek. Time taken: 0.063 seconds
Ran Clfdr-EM. Time taken: 1.792 seconds
Ran AdaPT-xgboost. Time taken: 0.006 seconds
simulation run:24/90
Ran IHW-quantile. Time taken: 1.212 seconds
Ran IHW-forest. Time taken: 0.301 seconds
Ran BH. Time taken: 0.003 seconds
alpha = 0.1: FDPhat 0.0909, Number of Rej. 77
Task completed!
Ran AdaPT. Time taken: 3.167 seconds
Ran Boca-Leek. Time taken: 0.066 seconds
Ran Clfdr-EM. Time taken: 1.855 seconds
Ran AdaPT-xgboost. Time taken: 0.007 seconds
simulation run:25/90
Ran IHW-quantile. Time taken: 1.272 seconds
Ran IHW-forest. Time taken: 0.305 seconds
Ran BH. Time taken: 0.003 seconds
alpha = 0.1: FDPhat 0.1, Number of Rej. 100
Task completed!
Ran AdaPT. Time taken: 3.386 seconds
Ran Boca-Leek. Time taken: 0.064 seconds
Ran Clfdr-EM. Time taken: 0.266 seconds
Ran AdaPT-xgboost. Time taken: 0.006 seconds
simulation run:26/90
Ran IHW-quantile. Time taken: 1.213 seconds
Ran IHW-forest. Time taken: 0.31 seconds
Ran BH. Time taken: 0.003 seconds
alpha = 0.1: FDPhat 0.1, Number of Rej. 30
Task completed!
Ran AdaPT. Time taken: 4.396 seconds
Ran Boca-Leek. Time taken: 0.061 seconds
Ran Clfdr-EM. Time taken: 0.019 seconds
Ran AdaPT-xgboost. Time taken: 0.006 seconds
simulation run:27/90
Ran IHW-quantile. Time taken: 1.079 seconds
Ran IHW-forest. Time taken: 0.286 seconds
Ran BH. Time taken: 0.003 seconds
alpha = 0.1: FDPhat 0.0833, Number of Rej. 12
Task completed!
Ran AdaPT. Time taken: 4.12 seconds
Ran Boca-Leek. Time taken: 0.062 seconds
Ran Clfdr-EM. Time taken: 1.753 seconds
Ran AdaPT-xgboost. Time taken: 0.006 seconds
simulation run:28/90
Ran IHW-quantile. Time taken: 34.011 seconds
Ran IHW-forest. Time taken: 0.296 seconds
Ran BH. Time taken: 0.003 seconds
alpha = 0.1: FDPhat 0.0976, Number of Rej. 41
Task completed!
Ran AdaPT. Time taken: 4.485 seconds
Ran Boca-Leek. Time taken: 0.066 seconds
Ran Clfdr-EM. Time taken: 0.087 seconds
Ran AdaPT-xgboost. Time taken: 0.006 seconds
simulation run:29/90
Ran IHW-quantile. Time taken: 1.262 seconds
Ran IHW-forest. Time taken: 0.293 seconds
Ran BH. Time taken: 0.002 seconds
alpha = 0.1: FDPhat 0.0988, Number of Rej. 81
Task completed!
Ran AdaPT. Time taken: 3.073 seconds
Ran Boca-Leek. Time taken: 0.061 seconds
Ran Clfdr-EM. Time taken: 2.056 seconds
Ran AdaPT-xgboost. Time taken: 0.006 seconds
simulation run:30/90
Ran IHW-quantile. Time taken: 1.032 seconds
Ran IHW-forest. Time taken: 0.284 seconds
Ran BH. Time taken: 0.003 seconds
alpha = 0.1: FDPhat 0.0556, Number of Rej. 18
Task completed!
Ran AdaPT. Time taken: 5.013 seconds
Ran Boca-Leek. Time taken: 0.062 seconds
Ran Clfdr-EM. Time taken: 0.018 seconds
Ran AdaPT-xgboost. Time taken: 0.005 seconds
simulation run:31/90
Ran IHW-quantile. Time taken: 1.17 seconds
Ran IHW-forest. Time taken: 0.295 seconds
Ran BH. Time taken: 0.003 seconds
alpha = 0.1: FDPhat 0.0959, Number of Rej. 73
Task completed!
Ran AdaPT. Time taken: 3.394 seconds
Ran Boca-Leek. Time taken: 0.061 seconds
Ran Clfdr-EM. Time taken: 0.736 seconds
Ran AdaPT-xgboost. Time taken: 0.006 seconds
simulation run:32/90
Ran IHW-quantile. Time taken: 1.224 seconds
Ran IHW-forest. Time taken: 0.297 seconds
Ran BH. Time taken: 0.003 seconds
alpha = 0.1: FDPhat 0.0946, Number of Rej. 74
Task completed!
Ran AdaPT. Time taken: 3.472 seconds
Ran Boca-Leek. Time taken: 0.062 seconds
Ran Clfdr-EM. Time taken: 1.859 seconds
Ran AdaPT-xgboost. Time taken: 0.005 seconds
simulation run:33/90
Ran IHW-quantile. Time taken: 27.851 seconds
Ran IHW-forest. Time taken: 0.29 seconds
Ran BH. Time taken: 0.002 seconds
alpha = 0.1: FDPhat 0.0833, Number of Rej. 12
Task completed!
Ran AdaPT. Time taken: 4.688 seconds
Ran Boca-Leek. Time taken: 0.067 seconds
Ran Clfdr-EM. Time taken: 0.02 seconds
Ran AdaPT-xgboost. Time taken: 0.006 seconds
simulation run:34/90
Ran IHW-quantile. Time taken: 1.068 seconds
Ran IHW-forest. Time taken: 0.299 seconds
Ran BH. Time taken: 0.002 seconds
alpha = 0.1: FDPhat 0.087, Number of Rej. 46
Task completed!
Ran AdaPT. Time taken: 3.855 seconds
Ran Boca-Leek. Time taken: 0.062 seconds
Ran Clfdr-EM. Time taken: 2.153 seconds
Ran AdaPT-xgboost. Time taken: 0.007 seconds
simulation run:35/90
Ran IHW-quantile. Time taken: 1.02 seconds
Ran IHW-forest. Time taken: 0.293 seconds
Ran BH. Time taken: 0.003 seconds
alpha = 0.1: FDPhat 0.1, Number of Rej. 10
Task completed!
Ran AdaPT. Time taken: 4.83 seconds
Ran Boca-Leek. Time taken: 0.061 seconds
Ran Clfdr-EM. Time taken: 0.008 seconds
Ran AdaPT-xgboost. Time taken: 0.005 seconds
simulation run:36/90
Ran IHW-quantile. Time taken: 6.585 seconds
Ran IHW-forest. Time taken: 0.297 seconds
Ran BH. Time taken: 0.004 seconds
alpha = 0.1: FDPhat 0.0988, Number of Rej. 81
Task completed!
Ran AdaPT. Time taken: 3.683 seconds
Ran Boca-Leek. Time taken: 0.065 seconds
Ran Clfdr-EM. Time taken: 0.238 seconds
Ran AdaPT-xgboost. Time taken: 0.006 seconds
simulation run:37/90
Ran IHW-quantile. Time taken: 1.14 seconds
Ran IHW-forest. Time taken: 0.298 seconds
Ran BH. Time taken: 0.002 seconds
alpha = 0.1: FDPhat 0.0986, Number of Rej. 71
Task completed!
Ran AdaPT. Time taken: 3.337 seconds
Ran Boca-Leek. Time taken: 0.061 seconds
Ran Clfdr-EM. Time taken: 0.047 seconds
Ran AdaPT-xgboost. Time taken: 0.006 seconds
simulation run:38/90
Ran IHW-quantile. Time taken: 40.78 seconds
Ran IHW-forest. Time taken: 0.304 seconds
Ran BH. Time taken: 0.003 seconds
alpha = 0.1: FDPhat 0.0972, Number of Rej. 72
Task completed!
Ran AdaPT. Time taken: 4.769 seconds
Ran Boca-Leek. Time taken: 0.066 seconds
Ran Clfdr-EM. Time taken: 0.222 seconds
Ran AdaPT-xgboost. Time taken: 0.007 seconds
simulation run:39/90
Ran IHW-quantile. Time taken: 1.091 seconds
Ran IHW-forest. Time taken: 0.291 seconds
Ran BH. Time taken: 0.003 seconds
Ran AdaPT. Time taken: 3.473 seconds
Ran Boca-Leek. Time taken: 0.062 seconds
Ran Clfdr-EM. Time taken: 0.019 seconds
Ran AdaPT-xgboost. Time taken: 0.006 seconds
simulation run:40/90
Ran IHW-quantile. Time taken: 41.52 seconds
Ran IHW-forest. Time taken: 0.302 seconds
Ran BH. Time taken: 0.003 seconds
alpha = 0.1: FDPhat 0.092, Number of Rej. 87
Task completed!
Ran AdaPT. Time taken: 4.361 seconds
Ran Boca-Leek. Time taken: 0.067 seconds
Ran Clfdr-EM. Time taken: 0.775 seconds
Ran AdaPT-xgboost. Time taken: 0.007 seconds
simulation run:41/90
Ran IHW-quantile. Time taken: 1.089 seconds
Ran IHW-forest. Time taken: 0.292 seconds
Ran BH. Time taken: 0.003 seconds
Ran AdaPT. Time taken: 3.788 seconds
Ran Boca-Leek. Time taken: 0.062 seconds
Ran Clfdr-EM. Time taken: 0.018 seconds
Ran AdaPT-xgboost. Time taken: 0.005 seconds
simulation run:42/90
Ran IHW-quantile. Time taken: 3.034 seconds
Ran IHW-forest. Time taken: 0.303 seconds
Ran BH. Time taken: 0.003 seconds
alpha = 0.1: FDPhat 0.0935, Number of Rej. 107
Task completed!
Ran AdaPT. Time taken: 3.113 seconds
Ran Boca-Leek. Time taken: 0.062 seconds
Ran Clfdr-EM. Time taken: 1.991 seconds
Ran AdaPT-xgboost. Time taken: 0.006 seconds
simulation run:43/90
Ran IHW-quantile. Time taken: 1.121 seconds
Ran IHW-forest. Time taken: 0.291 seconds
Ran BH. Time taken: 0.004 seconds
alpha = 0.1: FDPhat 0.0984, Number of Rej. 61
Task completed!
Ran AdaPT. Time taken: 3.779 seconds
Ran Boca-Leek. Time taken: 0.063 seconds
Ran Clfdr-EM. Time taken: 1.933 seconds
Ran AdaPT-xgboost. Time taken: 0.006 seconds
simulation run:44/90
Ran IHW-quantile. Time taken: 1.242 seconds
Ran IHW-forest. Time taken: 0.294 seconds
Ran BH. Time taken: 0.004 seconds
alpha = 0.1: FDPhat 0.0971, Number of Rej. 103
Task completed!
Ran AdaPT. Time taken: 2.925 seconds
Ran Boca-Leek. Time taken: 0.061 seconds
Ran Clfdr-EM. Time taken: 1.823 seconds
Ran AdaPT-xgboost. Time taken: 0.006 seconds
simulation run:45/90
Ran IHW-quantile. Time taken: 1.172 seconds
Ran IHW-forest. Time taken: 0.296 seconds
Ran BH. Time taken: 0.003 seconds
alpha = 0.1: FDPhat 0.0952, Number of Rej. 63
Task completed!
Ran AdaPT. Time taken: 3.185 seconds
Ran Boca-Leek. Time taken: 0.061 seconds
Ran Clfdr-EM. Time taken: 1.731 seconds
Ran AdaPT-xgboost. Time taken: 0.005 seconds
simulation run:46/90
Ran IHW-quantile. Time taken: 1.052 seconds
Ran IHW-forest. Time taken: 0.292 seconds
Ran BH. Time taken: 0.002 seconds
alpha = 0.1: FDPhat 0.0741, Number of Rej. 27
Task completed!
Ran AdaPT. Time taken: 4.394 seconds
Ran Boca-Leek. Time taken: 0.061 seconds
Ran Clfdr-EM. Time taken: 0.018 seconds
Ran AdaPT-xgboost. Time taken: 0.005 seconds
simulation run:47/90
Ran IHW-quantile. Time taken: 1.189 seconds
Ran IHW-forest. Time taken: 0.292 seconds
Ran BH. Time taken: 0.003 seconds
alpha = 0.1: FDPhat 0.0973, Number of Rej. 113
Task completed!
Ran AdaPT. Time taken: 3.372 seconds
Ran Boca-Leek. Time taken: 0.062 seconds
Ran Clfdr-EM. Time taken: 0.198 seconds
Ran AdaPT-xgboost. Time taken: 0.006 seconds
simulation run:48/90
Ran IHW-quantile. Time taken: 1.189 seconds
Ran IHW-forest. Time taken: 0.296 seconds
Ran BH. Time taken: 0.003 seconds
alpha = 0.1: FDPhat 0.1, Number of Rej. 40
Task completed!
Ran AdaPT. Time taken: 3.222 seconds
Ran Boca-Leek. Time taken: 0.061 seconds
Ran Clfdr-EM. Time taken: 1.749 seconds
Ran AdaPT-xgboost. Time taken: 0.006 seconds
simulation run:49/90
Ran IHW-quantile. Time taken: 6.066 seconds
Ran IHW-forest. Time taken: 0.293 seconds
Ran BH. Time taken: 0.003 seconds
alpha = 0.1: FDPhat 0.0857, Number of Rej. 35
Task completed!
Ran AdaPT. Time taken: 3.81 seconds
Ran Boca-Leek. Time taken: 0.064 seconds
Ran Clfdr-EM. Time taken: 0.063 seconds
Ran AdaPT-xgboost. Time taken: 0.006 seconds
simulation run:50/90
Ran IHW-quantile. Time taken: 0 seconds
Ran IHW-forest. Time taken: 0.31 seconds
Ran BH. Time taken: 0.002 seconds
alpha = 0.1: FDPhat 0.0932, Number of Rej. 118
Task completed!
Ran AdaPT. Time taken: 3.874 seconds
Ran Boca-Leek. Time taken: 0.067 seconds
Ran Clfdr-EM. Time taken: 0.046 seconds
Ran AdaPT-xgboost. Time taken: 0.006 seconds
simulation run:51/90
Ran IHW-quantile. Time taken: 21.343 seconds
Ran IHW-forest. Time taken: 0.286 seconds
Ran BH. Time taken: 0.003 seconds
alpha = 0.1: FDPhat 0.087, Number of Rej. 23
Task completed!
Ran AdaPT. Time taken: 4.191 seconds
Ran Boca-Leek. Time taken: 0.065 seconds
Ran Clfdr-EM. Time taken: 2.053 seconds
Ran AdaPT-xgboost. Time taken: 0.006 seconds
simulation run:52/90
Ran IHW-quantile. Time taken: 5.804 seconds
Ran IHW-forest. Time taken: 0.299 seconds
Ran BH. Time taken: 0.002 seconds
alpha = 0.1: FDPhat 0.069, Number of Rej. 29
Task completed!
Ran AdaPT. Time taken: 3.973 seconds
Ran Boca-Leek. Time taken: 0.065 seconds
Ran Clfdr-EM. Time taken: 2.023 seconds
Ran AdaPT-xgboost. Time taken: 0.006 seconds
simulation run:53/90
Ran IHW-quantile. Time taken: 0 seconds
Ran IHW-forest. Time taken: 0.296 seconds
Ran BH. Time taken: 0.002 seconds
alpha = 0.1: FDPhat 0.0625, Number of Rej. 16
Task completed!
Ran AdaPT. Time taken: 4.548 seconds
Ran Boca-Leek. Time taken: 0.066 seconds
Ran Clfdr-EM. Time taken: 0.021 seconds
Ran AdaPT-xgboost. Time taken: 0.006 seconds
simulation run:54/90
Ran IHW-quantile. Time taken: 1.219 seconds
Ran IHW-forest. Time taken: 0.294 seconds
Ran BH. Time taken: 0.004 seconds
alpha = 0.1: FDPhat 0.1, Number of Rej. 130
Task completed!
Ran AdaPT. Time taken: 3.081 seconds
Ran Boca-Leek. Time taken: 0.063 seconds
Ran Clfdr-EM. Time taken: 0.363 seconds
Ran AdaPT-xgboost. Time taken: 0.007 seconds
simulation run:55/90
Ran IHW-quantile. Time taken: 2.642 seconds
Ran IHW-forest. Time taken: 0.293 seconds
Ran BH. Time taken: 0.002 seconds
Ran AdaPT. Time taken: 4.449 seconds
Ran Boca-Leek. Time taken: 0.064 seconds
Ran Clfdr-EM. Time taken: 0.009 seconds
Ran AdaPT-xgboost. Time taken: 0.005 seconds
simulation run:56/90
Ran IHW-quantile. Time taken: 0 seconds
Ran IHW-forest. Time taken: 0.295 seconds
Ran BH. Time taken: 0.002 seconds
alpha = 0.1: FDPhat 0.0714, Number of Rej. 14
Task completed!
Ran AdaPT. Time taken: 4.386 seconds
Ran Boca-Leek. Time taken: 0.066 seconds
Ran Clfdr-EM. Time taken: 0.022 seconds
Ran AdaPT-xgboost. Time taken: 0.006 seconds
simulation run:57/90
Ran IHW-quantile. Time taken: 1.214 seconds
Ran IHW-forest. Time taken: 0.291 seconds
Ran BH. Time taken: 0.003 seconds
alpha = 0.1: FDPhat 0.0946, Number of Rej. 74
Task completed!
Ran AdaPT. Time taken: 2.958 seconds
Ran Boca-Leek. Time taken: 0.063 seconds
Ran Clfdr-EM. Time taken: 1.742 seconds
Ran AdaPT-xgboost. Time taken: 0.005 seconds
simulation run:58/90
Ran IHW-quantile. Time taken: 1.173 seconds
Ran IHW-forest. Time taken: 0.295 seconds
Ran BH. Time taken: 0.004 seconds
alpha = 0.1: FDPhat 0.1, Number of Rej. 90
Task completed!
Ran AdaPT. Time taken: 3.325 seconds
Ran Boca-Leek. Time taken: 0.061 seconds
Ran Clfdr-EM. Time taken: 1.783 seconds
Ran AdaPT-xgboost. Time taken: 0.007 seconds
simulation run:59/90
Ran IHW-quantile. Time taken: 2.963 seconds
Ran IHW-forest. Time taken: 0.298 seconds
Ran BH. Time taken: 0.004 seconds
alpha = 0.1: FDPhat 0.099, Number of Rej. 101
Task completed!
Ran AdaPT. Time taken: 3.597 seconds
Ran Boca-Leek. Time taken: 0.063 seconds
Ran Clfdr-EM. Time taken: 1.894 seconds
Ran AdaPT-xgboost. Time taken: 0.006 seconds
simulation run:60/90
Ran IHW-quantile. Time taken: 1.081 seconds
Ran IHW-forest. Time taken: 0.291 seconds
Ran BH. Time taken: 0.003 seconds
alpha = 0.1: FDPhat 0.1, Number of Rej. 20
Task completed!
Ran AdaPT. Time taken: 3.367 seconds
Ran Boca-Leek. Time taken: 0.062 seconds
Ran Clfdr-EM. Time taken: 0.018 seconds
Ran AdaPT-xgboost. Time taken: 0.006 seconds
simulation run:61/90
Ran IHW-quantile. Time taken: 2.759 seconds
Ran IHW-forest. Time taken: 0.285 seconds
Ran BH. Time taken: 0.004 seconds
Ran AdaPT. Time taken: 4.034 seconds
Ran Boca-Leek. Time taken: 0.064 seconds
Ran Clfdr-EM. Time taken: 0.019 seconds
Ran AdaPT-xgboost. Time taken: 0.005 seconds
simulation run:62/90
Ran IHW-quantile. Time taken: 6.493 seconds
Ran IHW-forest. Time taken: 0.291 seconds
Ran BH. Time taken: 0.004 seconds
alpha = 0.1: FDPhat 0.0811, Number of Rej. 37
Task completed!
Ran AdaPT. Time taken: 4.007 seconds
Ran Boca-Leek. Time taken: 0.065 seconds
Ran Clfdr-EM. Time taken: 0.02 seconds
Ran AdaPT-xgboost. Time taken: 0.005 seconds
simulation run:63/90
Ran IHW-quantile. Time taken: 1.198 seconds
Ran IHW-forest. Time taken: 0.295 seconds
Ran BH. Time taken: 0.004 seconds
alpha = 0.1: FDPhat 0.1, Number of Rej. 90
Task completed!
Ran AdaPT. Time taken: 3.027 seconds
Ran Boca-Leek. Time taken: 0.062 seconds
Ran Clfdr-EM. Time taken: 1.759 seconds
Ran AdaPT-xgboost. Time taken: 0.006 seconds
simulation run:64/90
Ran IHW-quantile. Time taken: 0.001 seconds
Ran IHW-forest. Time taken: 0.309 seconds
Ran BH. Time taken: 0.003 seconds
alpha = 0.1: FDPhat 0.1, Number of Rej. 130
Task completed!
Ran AdaPT. Time taken: 3.925 seconds
Ran Boca-Leek. Time taken: 0.068 seconds
Ran Clfdr-EM. Time taken: 0.069 seconds
Ran AdaPT-xgboost. Time taken: 0.006 seconds
simulation run:65/90
Ran IHW-quantile. Time taken: 1.21 seconds
Ran IHW-forest. Time taken: 0.301 seconds
Ran BH. Time taken: 0.002 seconds
alpha = 0.1: FDPhat 0.099, Number of Rej. 101
Task completed!
Ran AdaPT. Time taken: 3.124 seconds
Ran Boca-Leek. Time taken: 0.064 seconds
Ran Clfdr-EM. Time taken: 1.738 seconds
Ran AdaPT-xgboost. Time taken: 0.005 seconds
simulation run:66/90
Ran IHW-quantile. Time taken: 2.484 seconds
Ran IHW-forest. Time taken: 0.29 seconds
Ran BH. Time taken: 0.003 seconds
Ran AdaPT. Time taken: 4.568 seconds
Ran Boca-Leek. Time taken: 0.064 seconds
Ran Clfdr-EM. Time taken: 0.32 seconds
Ran AdaPT-xgboost. Time taken: 0.006 seconds
simulation run:67/90
Ran IHW-quantile. Time taken: 41.602 seconds
Ran IHW-forest. Time taken: 0.292 seconds
Ran BH. Time taken: 0.003 seconds
Ran AdaPT. Time taken: 5.293 seconds
Ran Boca-Leek. Time taken: 0.068 seconds
Ran Clfdr-EM. Time taken: 0.309 seconds
Ran AdaPT-xgboost. Time taken: 0.007 seconds
simulation run:68/90
Ran IHW-quantile. Time taken: 0.001 seconds
Ran IHW-forest. Time taken: 0.3 seconds
Ran BH. Time taken: 0.003 seconds
alpha = 0.1: FDPhat 0.0909, Number of Rej. 33
Task completed!
Ran AdaPT. Time taken: 4.189 seconds
Ran Boca-Leek. Time taken: 0.068 seconds
Ran Clfdr-EM. Time taken: 0.021 seconds
Ran AdaPT-xgboost. Time taken: 0.005 seconds
simulation run:69/90
Ran IHW-quantile. Time taken: 1.222 seconds
Ran IHW-forest. Time taken: 0.307 seconds
Ran BH. Time taken: 0.002 seconds
alpha = 0.1: FDPhat 0.0968, Number of Rej. 93
Task completed!
Ran AdaPT. Time taken: 4.009 seconds
Ran Boca-Leek. Time taken: 0.063 seconds
Ran Clfdr-EM. Time taken: 0.257 seconds
Ran AdaPT-xgboost. Time taken: 0.006 seconds
simulation run:70/90
Ran IHW-quantile. Time taken: 1.017 seconds
Ran IHW-forest. Time taken: 0.295 seconds
Ran BH. Time taken: 0.003 seconds
Ran AdaPT. Time taken: 3.756 seconds
Ran Boca-Leek. Time taken: 0.063 seconds
Ran Clfdr-EM. Time taken: 0.008 seconds
Ran AdaPT-xgboost. Time taken: 0.006 seconds
simulation run:71/90
Ran IHW-quantile. Time taken: 2.865 seconds
Ran IHW-forest. Time taken: 0.288 seconds
Ran BH. Time taken: 0.004 seconds
Ran AdaPT. Time taken: 3.87 seconds
Ran Boca-Leek. Time taken: 0.065 seconds
Ran Clfdr-EM. Time taken: 0.202 seconds
Ran AdaPT-xgboost. Time taken: 0.006 seconds
simulation run:72/90
Ran IHW-quantile. Time taken: 1.163 seconds
Ran IHW-forest. Time taken: 0.297 seconds
Ran BH. Time taken: 0.003 seconds
alpha = 0.1: FDPhat 0.1, Number of Rej. 120
Task completed!
Ran AdaPT. Time taken: 3.04 seconds
Ran Boca-Leek. Time taken: 0.064 seconds
Ran Clfdr-EM. Time taken: 1.773 seconds
Ran AdaPT-xgboost. Time taken: 0.006 seconds
simulation run:73/90
Ran IHW-quantile. Time taken: 1.274 seconds
Ran IHW-forest. Time taken: 0.305 seconds
Ran BH. Time taken: 0.002 seconds
alpha = 0.1: FDPhat 0.0984, Number of Rej. 122
Task completed!
Ran AdaPT. Time taken: 2.848 seconds
Ran Boca-Leek. Time taken: 0.063 seconds
Ran Clfdr-EM. Time taken: 1.734 seconds
Ran AdaPT-xgboost. Time taken: 0.006 seconds
simulation run:74/90
Ran IHW-quantile. Time taken: 6.227 seconds
Ran IHW-forest. Time taken: 0.294 seconds
Ran BH. Time taken: 0.003 seconds
alpha = 0.1: FDPhat 0.093, Number of Rej. 43
Task completed!
Ran AdaPT. Time taken: 3.544 seconds
Ran Boca-Leek. Time taken: 0.065 seconds
Ran Clfdr-EM. Time taken: 0.02 seconds
Ran AdaPT-xgboost. Time taken: 0.005 seconds
simulation run:75/90
Ran IHW-quantile. Time taken: 21.846 seconds
Ran IHW-forest. Time taken: 0.306 seconds
Ran BH. Time taken: 0.003 seconds
alpha = 0.1: FDPhat 0.1, Number of Rej. 110
Task completed!
Ran AdaPT. Time taken: 3.907 seconds
Ran Boca-Leek. Time taken: 0.066 seconds
Ran Clfdr-EM. Time taken: 0.086 seconds
Ran AdaPT-xgboost. Time taken: 0.007 seconds
simulation run:76/90
Ran IHW-quantile. Time taken: 0.001 seconds
Ran IHW-forest. Time taken: 0.304 seconds
Ran BH. Time taken: 0.002 seconds
alpha = 0.1: FDPhat 0.098, Number of Rej. 51
Task completed!
Ran AdaPT. Time taken: 3.948 seconds
Ran Boca-Leek. Time taken: 0.068 seconds
Ran Clfdr-EM. Time taken: 0.01 seconds
Ran AdaPT-xgboost. Time taken: 0.006 seconds
simulation run:77/90
Ran IHW-quantile. Time taken: 5.912 seconds
Ran IHW-forest. Time taken: 0.299 seconds
Ran BH. Time taken: 0.003 seconds
alpha = 0.1: FDPhat 0.0962, Number of Rej. 52
Task completed!
Ran AdaPT. Time taken: 3.783 seconds
Ran Boca-Leek. Time taken: 0.065 seconds
Ran Clfdr-EM. Time taken: 1.94 seconds
Ran AdaPT-xgboost. Time taken: 0.005 seconds
simulation run:78/90
Ran IHW-quantile. Time taken: 1.157 seconds
Ran IHW-forest. Time taken: 0.296 seconds
Ran BH. Time taken: 0.003 seconds
alpha = 0.1: FDPhat 0.0909, Number of Rej. 55
Task completed!
Ran AdaPT. Time taken: 3.197 seconds
Ran Boca-Leek. Time taken: 0.063 seconds
Ran Clfdr-EM. Time taken: 0.589 seconds
Ran AdaPT-xgboost. Time taken: 0.006 seconds
simulation run:79/90
Ran IHW-quantile. Time taken: 1.115 seconds
Ran IHW-forest. Time taken: 0.296 seconds
Ran BH. Time taken: 0.003 seconds
alpha = 0.1: FDPhat 0.0946, Number of Rej. 74
Task completed!
Ran AdaPT. Time taken: 3.429 seconds
Ran Boca-Leek. Time taken: 0.062 seconds
Ran Clfdr-EM. Time taken: 0.437 seconds
Ran AdaPT-xgboost. Time taken: 0.006 seconds
simulation run:80/90
Ran IHW-quantile. Time taken: 1.172 seconds
Ran IHW-forest. Time taken: 0.298 seconds
Ran BH. Time taken: 0.003 seconds
alpha = 0.1: FDPhat 0.0943, Number of Rej. 53
Task completed!
Ran AdaPT. Time taken: 3.834 seconds
Ran Boca-Leek. Time taken: 0.062 seconds
Ran Clfdr-EM. Time taken: 1.811 seconds
Ran AdaPT-xgboost. Time taken: 0.006 seconds
simulation run:81/90
Ran IHW-quantile. Time taken: 2.761 seconds
Ran IHW-forest. Time taken: 0.288 seconds
Ran BH. Time taken: 0.004 seconds
Ran AdaPT. Time taken: 3.913 seconds
Ran Boca-Leek. Time taken: 0.065 seconds
Ran Clfdr-EM. Time taken: 1.853 seconds
Ran AdaPT-xgboost. Time taken: 0.006 seconds
simulation run:82/90
Ran IHW-quantile. Time taken: 1.264 seconds
Ran IHW-forest. Time taken: 0.304 seconds
Ran BH. Time taken: 0.002 seconds
alpha = 0.1: FDPhat 0.099, Number of Rej. 101
Task completed!
Ran AdaPT. Time taken: 3.506 seconds
Ran Boca-Leek. Time taken: 0.063 seconds
Ran Clfdr-EM. Time taken: 2.074 seconds
Ran AdaPT-xgboost. Time taken: 0.006 seconds
simulation run:83/90
Ran IHW-quantile. Time taken: 1.265 seconds
Ran IHW-forest. Time taken: 0.299 seconds
Ran BH. Time taken: 0.003 seconds
alpha = 0.1: FDPhat 0.0976, Number of Rej. 82
Task completed!
Ran AdaPT. Time taken: 3.022 seconds
Ran Boca-Leek. Time taken: 0.062 seconds
Ran Clfdr-EM. Time taken: 1.753 seconds
Ran AdaPT-xgboost. Time taken: 0.006 seconds
simulation run:84/90
Ran IHW-quantile. Time taken: 35.988 seconds
Ran IHW-forest. Time taken: 0.307 seconds
Ran BH. Time taken: 0.002 seconds
alpha = 0.1: FDPhat 0.0976, Number of Rej. 82
Task completed!
Ran AdaPT. Time taken: 3.878 seconds
Ran Boca-Leek. Time taken: 0.067 seconds
Ran Clfdr-EM. Time taken: 2.019 seconds
Ran AdaPT-xgboost. Time taken: 0.007 seconds
simulation run:85/90
Ran IHW-quantile. Time taken: 5.962 seconds
Ran IHW-forest. Time taken: 0.295 seconds
Ran BH. Time taken: 0.003 seconds
alpha = 0.1: FDPhat 0.0909, Number of Rej. 11
Task completed!
Ran AdaPT. Time taken: 3.711 seconds
Ran Boca-Leek. Time taken: 0.066 seconds
Ran Clfdr-EM. Time taken: 0.02 seconds
Ran AdaPT-xgboost. Time taken: 0.006 seconds
simulation run:86/90
Ran IHW-quantile. Time taken: 3.066 seconds
Ran IHW-forest. Time taken: 0.305 seconds
Ran BH. Time taken: 0.003 seconds
alpha = 0.1: FDPhat 0.0909, Number of Rej. 99
Task completed!
Ran AdaPT. Time taken: 4.015 seconds
Ran Boca-Leek. Time taken: 0.064 seconds
Ran Clfdr-EM. Time taken: 0.22 seconds
Ran AdaPT-xgboost. Time taken: 0.006 seconds
simulation run:87/90
Ran IHW-quantile. Time taken: 0.001 seconds
Ran IHW-forest. Time taken: 0.299 seconds
Ran BH. Time taken: 0.003 seconds
alpha = 0.1: FDPhat 0.0952, Number of Rej. 42
Task completed!
Ran AdaPT. Time taken: 4.337 seconds
Ran Boca-Leek. Time taken: 0.067 seconds
Ran Clfdr-EM. Time taken: 0.022 seconds
Ran AdaPT-xgboost. Time taken: 0.005 seconds
simulation run:88/90
Ran IHW-quantile. Time taken: 1.185 seconds
Ran IHW-forest. Time taken: 0.301 seconds
Ran BH. Time taken: 0.002 seconds
alpha = 0.1: FDPhat 0.098, Number of Rej. 51
Task completed!
Ran AdaPT. Time taken: 3.221 seconds
Ran Boca-Leek. Time taken: 0.061 seconds
Ran Clfdr-EM. Time taken: 0.039 seconds
Ran AdaPT-xgboost. Time taken: 0.006 seconds
simulation run:89/90
Ran IHW-quantile. Time taken: 27.005 seconds
Ran IHW-forest. Time taken: 0.294 seconds
Ran BH. Time taken: 0.002 seconds
Ran AdaPT. Time taken: 3.971 seconds
Ran Boca-Leek. Time taken: 0.067 seconds
Ran Clfdr-EM. Time taken: 0.021 seconds
Ran AdaPT-xgboost. Time taken: 0.006 seconds
simulation run:90/90
Ran IHW-quantile. Time taken: 1.014 seconds
Ran IHW-forest. Time taken: 0.283 seconds
Ran BH. Time taken: 0.004 seconds
Ran AdaPT. Time taken: 5.124 seconds
Ran Boca-Leek. Time taken: 0.061 seconds
Ran Clfdr-EM. Time taken: 1.794 seconds
Ran AdaPT-xgboost. Time taken: 0.005 seconds
[1] "\n"
