
##------ Wed Aug  9 03:19:12 2023 ------##
##------ Wed Aug  9 03:19:12 2023 ------## 

simulation run:1/40
simulation run:2/40
simulation run:3/40
simulation run:4/40
simulation run:5/40
simulation run:8/40
simulation run:6/40
simulation run:7/40
simulation run:9/40
simulation run:10/40
simulation run:11/40
simulation run:12/40
simulation run:13/40
simulation run:14/40
simulation run:15/40
simulation run:16/40
simulation run:17/40
simulation run:18/40
simulation run:20/40
simulation run:19/40
simulation run:21/40
simulation run:22/40
simulation run:23/40
simulation run:24/40
simulation run:25/40
simulation run:26/40
simulation run:27/40
simulation run:28/40
simulation run:29/40
simulation run:30/40
simulation run:31/40
simulation run:32/40
simulation run:33/40
simulation run:34/40
simulation run:35/40
simulation run:36/40
simulation run:37/40
simulation run:38/40
simulation run:39/40
simulation run:40/40
alpha = 0.1: FDPhat 0.0909, Number of Rej. 11
Task completed!
[1] "\n"
