WARNING: ignoring environment value of R_HOME
- One or more packages recorded in the lockfile are not installed.
- Use `renv::status()` for more details.

##------ Fri Aug 18 03:35:38 2023 ------##
##------ Fri Aug 18 03:35:38 2023 ------## 

simulation run:1/87
simulation run:2/87
simulation run:3/87
simulation run:4/87
simulation run:5/87
simulation run:7/87
simulation run:6/87
simulation run:8/87
simulation run:9/87
simulation run:10/87
simulation run:11/87
simulation run:12/87
simulation run:13/87
simulation run:14/87
simulation run:15/87
simulation run:16/87
simulation run:17/87
simulation run:18/87
simulation run:19/87
simulation run:20/87
simulation run:21/87
simulation run:22/87
simulation run:23/87
simulation run:24/87
simulation run:25/87
simulation run:26/87
simulation run:27/87
simulation run:28/87
simulation run:29/87
simulation run:30/87
simulation run:31/87
simulation run:32/87
simulation run:33/87
simulation run:34/87
simulation run:35/87
simulation run:36/87
simulation run:37/87
simulation run:38/87
simulation run:39/87
simulation run:40/87
simulation run:41/87
simulation run:42/87
simulation run:43/87
simulation run:44/87
simulation run:45/87
simulation run:46/87
simulation run:47/87
simulation run:48/87
simulation run:49/87
simulation run:50/87
Ran IHW-quantile. Time taken: Ran IHW-quantile. Time taken: 0.002 seconds
0.057 seconds
simulation run:51/87
simulation run:52/87
simulation run:53/87
simulation run:54/87
simulation run:55/87
simulation run:56/87
simulation run:57/87
simulation run:58/87
simulation run:59/87
Ran IHW-quantile. Time taken: 0.053 seconds
simulation run:60/87
simulation run:61/87
Ran IHW-quantile. Time taken: 0.002 seconds
simulation run:62/87
Ran IHW-quantile. Time taken: 0.001 seconds
Ran IHW-quantile. Time taken: 0.058 seconds
simulation run:63/87
simulation run:64/87
Ran IHW-quantile. Time taken: 0.057 seconds
simulation run:65/87
Ran IHW-quantile. Time taken: 0.065 seconds
Ran IHW-quantile. Time taken: Ran IHW-quantile. Time taken: 0.002 seconds
Ran IHW-quantile. Time taken: 0.002 seconds
simulation run:66/87
0.065 seconds
Ran IHW-quantile. Time taken: 0.002 seconds
Ran IHW-quantile. Time taken: 0.002 seconds
simulation run:67/87
simulation run:68/87
Ran IHW-quantile. Time taken: 0.001 seconds
simulation run:69/87
simulation run:70/87
Ran IHW-quantile. Time taken: 0.07 seconds
Ran IHW-quantile. Time taken: 0.002 seconds
simulation run:71/87
Ran IHW-quantile. Time taken: 0.001 seconds
simulation run:72/87
simulation run:73/87
Ran IHW-quantile. Time taken: 0.001 seconds
simulation run:74/87
Ran IHW-quantile. Time taken: 0.002 seconds
Ran IHW-quantile. Time taken: 0.065 seconds
simulation run:75/87
simulation run:76/87
Ran IHW-quantile. Time taken: 0.078 seconds
