WARNING: ignoring environment value of R_HOME
- One or more packages recorded in the lockfile are not installed.
- Use `renv::status()` for more details.

##------ Fri Aug 18 03:37:32 2023 ------##
##------ Fri Aug 18 03:37:32 2023 ------## 

simulation run:1/42
simulation run:2/42
simulation run:3/42
simulation run:5/42
simulation run:7/42
simulation run:4/42
simulation run:6/42
simulation run:8/42
simulation run:9/42
simulation run:10/42
simulation run:11/42
simulation run:12/42
simulation run:13/42
simulation run:15/42
simulation run:14/42
simulation run:16/42
simulation run:17/42
simulation run:18/42
simulation run:19/42
simulation run:20/42
simulation run:21/42
simulation run:22/42
simulation run:23/42
simulation run:24/42
simulation run:25/42
simulation run:26/42
simulation run:27/42
simulation run:28/42
simulation run:29/42
simulation run:30/42
simulation run:31/42
simulation run:32/42
simulation run:33/42
simulation run:34/42
simulation run:35/42
simulation run:36/42
simulation run:37/42
simulation run:38/42
simulation run:39/42
simulation run:40/42
simulation run:41/42
simulation run:42/42
Ran IHW-quantile. Time taken: 0.002 seconds
Ran IHW-quantile. Time taken: 0.002 seconds
Ran IHW-quantile. Time taken: 0.002 seconds
Ran IHW-forest. Time taken: 7.5 seconds
Ran IHW-forest. Time taken: 8.336 seconds
Ran IHW-forest. Time taken: 8.356 seconds
Ran BH. Time taken: 0.002 seconds
Ran BH. Time taken: 0.002 seconds
Ran BH. Time taken: 0.002 seconds
Ran IHW-quantile. Time taken: 19.662 seconds
Ran IHW-quantile. Time taken: 19.716 seconds
Ran IHW-quantile. Time taken: 19.28 seconds
Ran IHW-quantile. Time taken: 20.79 seconds
Ran IHW-quantile. Time taken: 19.843 seconds
Ran IHW-quantile. Time taken: 22.516 seconds
Ran IHW-quantile. Time taken: 20.896 seconds
Ran IHW-quantile. Time taken: 22.079 seconds
Ran IHW-quantile. Time taken: 21.482 seconds
Ran IHW-quantile. Time taken: 21.534 seconds
Ran IHW-quantile. Time taken: 22.003 seconds
Ran IHW-quantile. Time taken: 21.785 seconds
Ran IHW-quantile. Time taken: 21.849 seconds
Ran IHW-quantile. Time taken: 21.353 seconds
Ran IHW-quantile. Time taken: 22.055 seconds
Ran IHW-quantile. Time taken: 23.037 seconds
Ran IHW-quantile. Time taken: 24.75 seconds
Ran IHW-quantile. Time taken: 23.367 seconds
Ran IHW-quantile. Time taken: 24.833 seconds
Ran IHW-quantile. Time taken: 24.824 seconds
Ran IHW-quantile. Time taken: 24.101 seconds
Ran IHW-quantile. Time taken: 23.715 seconds
Ran IHW-quantile. Time taken: 23.25 seconds
Ran IHW-quantile. Time taken: 24.187 seconds
Ran IHW-quantile. Time taken: 25.411 seconds
Ran IHW-quantile. Time taken: 23.392 seconds
Ran IHW-quantile. Time taken: 24.197 seconds
Ran IHW-quantile. Time taken: 24.79 seconds
Ran IHW-quantile. Time taken: 24.333 seconds
Ran IHW-quantile. Time taken: 25.063 seconds
Ran IHW-quantile. Time taken: 25.393 seconds
Ran IHW-quantile. Time taken: 25.934 seconds
Ran IHW-forest. Time taken: 6.31 seconds
Ran IHW-forest. Time taken: 6.262 seconds
Ran IHW-forest. Time taken: 6.268 seconds
Ran IHW-forest. Time taken: 6.337 seconds
Ran IHW-forest. Time taken: 6.551 seconds
Ran IHW-forest. Time taken: 6.636 seconds
Ran IHW-forest. Time taken: 6.463 seconds
Ran BH. Time taken: 0.034 seconds
Ran IHW-forest. Time taken: 6.551 seconds
Ran IHW-forest. Time taken: 6.563 seconds
Ran BH. Time taken: 0.002 seconds
Ran IHW-forest. Time taken: 6.594 seconds
Ran IHW-forest. Time taken: 6.453 seconds
Ran BH. Time taken: 0.002 seconds
Ran IHW-forest. Time taken: 6.759 seconds
Ran BH. Time taken: 0.039 seconds
Ran BH. Time taken: 0.039 seconds
Ran IHW-forest. Time taken: 6.496 seconds
Ran IHW-forest. Time taken: 6.967 seconds
Ran BH. Time taken: 0.002 seconds
Ran BH. Time taken: 0.002 seconds
Ran BH. Time taken: 0.036 seconds
Ran BH. Time taken: 0.039 seconds
Ran IHW-forest. Time taken: 6.742 seconds
Ran IHW-forest. Time taken: 6.527 seconds
Ran BH. Time taken: 0.038 seconds
Ran BH. Time taken: 0.039 seconds
Ran IHW-forest. Time taken: 6.559 seconds
Ran IHW-forest. Time taken: 7.096 seconds
Ran IHW-forest. Time taken: 7.227 seconds
Ran BH. Time taken: 0.002 seconds
Ran IHW-forest. Time taken: 7.199 seconds
Ran IHW-forest. Time taken: 7.323 seconds
Ran IHW-forest. Time taken: 7.18 seconds
Ran IHW-forest. Time taken: 7.259 seconds
Ran IHW-forest. Time taken: 6.562 seconds
Ran BH. Time taken: 0.002 seconds
Ran IHW-forest. Time taken: 7.32 seconds
Ran IHW-forest. Time taken: 7.369 seconds
Ran IHW-forest. Time taken: 7.165 seconds
Ran BH. Time taken: 0.042 seconds
Ran IHW-forest. Time taken: 7.415 seconds
Ran BH. Time taken: 0.035 seconds
Ran BH. Time taken: 0.002 seconds
Ran IHW-forest. Time taken: 7.344 seconds
Ran BH. Time taken: 0.002 seconds
Ran IHW-forest. Time taken: 7.359 seconds
Ran IHW-forest. Time taken: 7.151 seconds
Ran BH. Time taken: 0.002 seconds
Ran BH. Time taken: 0.045 seconds
Ran BH. Time taken: 0.002 seconds
Ran BH. Time taken: 0.002 seconds
Ran BH. Time taken: 0.038 seconds
Ran BH. Time taken: 0.002 seconds
Ran BH. Time taken: 0.046 seconds
Ran BH. Time taken: 0.045 seconds
Ran BH. Time taken: 0.002 seconds
Ran BH. Time taken: 0.042 seconds
Ran IHW-forest. Time taken: 10.234 seconds
Ran BH. Time taken: 0.001 seconds
Ran BH. Time taken: 0.002 seconds
Ran BH. Time taken: 0.043 seconds
Ran BH. Time taken: 0.002 seconds
Ran BH. Time taken: 0.002 seconds
Ran IHW-quantile. Time taken: 63.208 seconds
Ran IHW-quantile. Time taken: 64.408 seconds
Ran IHW-forest. Time taken: 7.554 seconds
Ran IHW-forest. Time taken: 7.583 seconds
Ran BH. Time taken: 0.002 seconds
Ran BH. Time taken: 0.002 seconds
alpha = 0.1: FDPhat 0.0972, Number of Rej. 72
Task completed!
Ran AdaPT. Time taken: 58.242 seconds
alpha = 0.1: FDPhat 0.0964, Number of Rej. 83
Task completed!
Ran Boca-Leek. Time taken: 1.011 seconds
Ran AdaPT. Time taken: 58.091 seconds
alpha = 0.1: FDPhat 0.093, Number of Rej. 43
Task completed!
Ran AdaPT. Time taken: 64.234 seconds
alpha = 0.1: FDPhat 0.0938, Number of Rej. 32
Task completed!
Ran AdaPT. Time taken: 65.178 seconds
alpha = 0.1: FDPhat 0.0833, Number of Rej. 12
Task completed!
Ran AdaPT. Time taken: 67.113 seconds
alpha = 0.1: FDPhat 0.0833, Number of Rej. 12
Task completed!
Ran AdaPT. Time taken: 67.157 seconds
alpha = 0.1: FDPhat 0.094, Number of Rej. 117
Task completed!
Ran AdaPT. Time taken: 60.42 seconds
alpha = 0.1: FDPhat 0.0992, Number of Rej. 131
Task completed!
Ran AdaPT. Time taken: 60.395 seconds
Ran Boca-Leek. Time taken: 1.028 seconds
alpha = 0.1: FDPhat 0.0982, Number of Rej. 112
Task completed!
Ran AdaPT. Time taken: 67.125 seconds
Ran Boca-Leek. Time taken: 1.034 seconds
alpha = 0.1: FDPhat 0.0714, Number of Rej. 14
Task completed!
Ran AdaPT. Time taken: 65.271 seconds
alpha = 0.1: FDPhat 0.1, Number of Rej. 100
Task completed!
Ran Boca-Leek. Time taken: 1.021 seconds
Ran AdaPT. Time taken: 87.755 seconds
Ran Boca-Leek. Time taken: 1.013 seconds
Ran Boca-Leek. Time taken: 1.013 seconds
Ran Boca-Leek. Time taken: 1.134 seconds
alpha = 0.1: FDPhat 0.0982, Number of Rej. 112
Task completed!
Ran AdaPT. Time taken: 64.468 seconds
alpha = 0.1: FDPhat 0.0947, Number of Rej. 95
Task completed!
Ran AdaPT. Time taken: 68.908 seconds
Ran Boca-Leek. Time taken: 1.105 seconds
alpha = 0.1: FDPhat 0.1, Number of Rej. 170
Task completed!
Ran Clfdr-EM. Time taken: 0.368 seconds
Ran AdaPT. Time taken: 65.105 seconds
Ran Boca-Leek. Time taken: 1.045 seconds
Ran Clfdr-EM. Time taken: 0.32 seconds
Ran Clfdr-EM. Time taken: 0.314 seconds
Ran Boca-Leek. Time taken: 1.044 seconds
Ran Clfdr-EM. Time taken: 0.314 seconds
alpha = 0.1: FDPhat 0.0918, Number of Rej. 98
Task completed!
Ran AdaPT. Time taken: 70.872 seconds
Ran Boca-Leek. Time taken: 1.232 seconds
alpha = 0.1: FDPhat 0.0921, Number of Rej. 76
Task completed!
Ran AdaPT. Time taken: 92.369 seconds
alpha = 0.1: FDPhat 0.0909, Number of Rej. 55
Task completed!
Ran AdaPT. Time taken: 72.311 seconds
alpha = 0.1: FDPhat 0.1, Number of Rej. 80
Task completed!
Ran AdaPT. Time taken: 90.269 seconds
Ran Boca-Leek. Time taken: 1.132 seconds
Ran Boca-Leek. Time taken: 1.038 seconds
Ran Boca-Leek. Time taken: 1.025 seconds
Ran AdaPT. Time taken: 75.502 seconds
Ran Clfdr-EM. Time taken: 0.288 seconds
alpha = 0.1: FDPhat 0.0833, Number of Rej. 12
Task completed!
Ran AdaPT. Time taken: 72.481 seconds
alpha = 0.1: FDPhat 0.0938, Number of Rej. 32
Task completed!
Ran AdaPT. Time taken: 72.006 seconds
alpha = 0.1: FDPhat 0.1, Number of Rej. 130
Task completed!
Ran AdaPT. Time taken: 71.448 seconds
alpha = 0.1: FDPhat 0.0973, Number of Rej. 113
Task completed!
Ran AdaPT. Time taken: 70.67 seconds
Ran IHW-quantile. Time taken: 111.409 seconds
Ran Boca-Leek. Time taken: 0.999 seconds
alpha = 0.1: FDPhat 0.0965, Number of Rej. 114
Task completed!
Ran AdaPT. Time taken: 72.377 seconds
Ran Boca-Leek. Time taken: 1.122 seconds
Ran Boca-Leek. Time taken: 1.062 seconds
alpha = 0.1: FDPhat 0.0714, Number of Rej. 14
Task completed!
Ran AdaPT. Time taken: 71.193 seconds
alpha = 0.1: FDPhat 0.0965, Number of Rej. 114
Task completed!
Ran AdaPT. Time taken: 68.028 seconds
Ran Boca-Leek. Time taken: 1.232 seconds
Ran Boca-Leek. Time taken: 1.039 seconds
Ran Clfdr-EM. Time taken: 5.287 seconds
Ran Boca-Leek. Time taken: 1.149 seconds
Ran Boca-Leek. Time taken: 1.036 seconds
Ran Boca-Leek. Time taken: 1.151 seconds
Ran Clfdr-EM. Time taken: 0.321 seconds
Ran Boca-Leek. Time taken: 1.116 seconds
Ran Boca-Leek. Time taken: 1.037 seconds
Ran Clfdr-EM. Time taken: 15.781 seconds
alpha = 0.1: FDPhat 0.1, Number of Rej. 70
Task completed!
Ran AdaPT. Time taken: 73.453 seconds
alpha = 0.1: FDPhat 0.0909, Number of Rej. 33
Task completed!
alpha = 0.1: FDPhat 0.0976, Number of Rej. 82
Task completed!
Ran AdaPT. Time taken: 76.2 seconds
Ran AdaPT. Time taken: 79.887 seconds
Ran Clfdr-EM. Time taken: 0.311 seconds
alpha = 0.1: FDPhat 0.0976, Number of Rej. 123
Task completed!
Ran AdaPT. Time taken: 73.562 seconds
Ran Boca-Leek. Time taken: 1.1 seconds
alpha = 0.1: FDPhat 0.0957, Number of Rej. 115
Task completed!
Ran AdaPT. Time taken: 73.867 seconds
Ran Boca-Leek. Time taken: 1.166 seconds
Ran Clfdr-EM. Time taken: 0.379 seconds
Ran Clfdr-EM. Time taken: 5.182 seconds
Ran Clfdr-EM. Time taken: 9.218 seconds
Ran Clfdr-EM. Time taken: 0.311 seconds
Ran Clfdr-EM. Time taken: 8.229 seconds
Ran Boca-Leek. Time taken: 1.062 seconds
Ran Clfdr-EM. Time taken: 0.354 seconds
Ran Clfdr-EM. Time taken: 12.505 seconds
Ran Boca-Leek. Time taken: 1.125 seconds
Ran Boca-Leek. Time taken: 1.137 seconds
Ran Boca-Leek. Time taken: 1.141 seconds
Ran IHW-forest. Time taken: 6.81 seconds
Ran Boca-Leek. Time taken: 1.093 seconds
Ran Clfdr-EM. Time taken: 3.625 seconds
Ran Clfdr-EM. Time taken: 7.117 seconds
Ran Clfdr-EM. Time taken: 3.761 seconds
Ran Clfdr-EM. Time taken: 10.471 seconds
alpha = 0.1: FDPhat 0.0978, Number of Rej. 92
Task completed!
Ran AdaPT. Time taken: 81.486 seconds
Ran Clfdr-EM. Time taken: 0.339 seconds
Ran BH. Time taken: 0.002 seconds
Ran Clfdr-EM. Time taken: 9.822 seconds
Ran Clfdr-EM. Time taken: 6.58 seconds
alpha = 0.1: FDPhat 0.087, Number of Rej. 69
Task completed!
Ran AdaPT. Time taken: 84.995 seconds
Ran Boca-Leek. Time taken: 1.129 seconds
Ran Clfdr-EM. Time taken: 3.618 seconds
alpha = 0.1: FDPhat 0.0957, Number of Rej. 94
Task completed!
Ran AdaPT. Time taken: 84.872 seconds
Ran Clfdr-EM. Time taken: 5.545 seconds
Ran Boca-Leek. Time taken: 1.148 seconds
alpha = 0.1: FDPhat 0.0957, Number of Rej. 94
Task completed!
Ran AdaPT. Time taken: 90.176 seconds
Ran IHW-quantile. Time taken: 130.778 seconds
Ran Boca-Leek. Time taken: 1.109 seconds
Ran Boca-Leek. Time taken: 1.15 seconds
Ran Clfdr-EM. Time taken: 32.959 seconds
Ran Clfdr-EM. Time taken: 13.619 seconds
alpha = 0.1: FDPhat 0.0988, Number of Rej. 162
Task completed!
Ran AdaPT. Time taken: 59.837 seconds
Ran AdaPT-xgboost. Time taken: 36.455 seconds
Ran Clfdr-EM. Time taken: 9.855 seconds
Ran Boca-Leek. Time taken: 1.184 seconds
Ran AdaPT-xgboost. Time taken: 36.694 seconds
Ran IHW-forest. Time taken: 11.974 seconds
Ran AdaPT-xgboost. Time taken: 35.374 seconds
Ran Clfdr-EM. Time taken: 19.528 seconds
Ran Clfdr-EM. Time taken: 29.405 seconds
Ran BH. Time taken: 0.042 seconds
Ran AdaPT-xgboost. Time taken: 33.806 seconds
Ran AdaPT-xgboost. Time taken: 33.666 seconds
Ran Clfdr-EM. Time taken: 41.27 seconds
Ran AdaPT-xgboost. Time taken: 32.641 seconds
Ran AdaPT-xgboost. Time taken: 33.2 seconds
Ran Clfdr-EM. Time taken: 4.236 seconds
Ran Clfdr-EM. Time taken: 14.393 seconds
Ran AdaPT-xgboost. Time taken: 32.535 seconds
alpha = 0.1: FDPhat 0.0988, Number of Rej. 81
Task completed!
Ran AdaPT. Time taken: 73.267 seconds
Ran AdaPT-xgboost. Time taken: 30.536 seconds
Ran AdaPT-xgboost. Time taken: 31.847 seconds
Ran AdaPT-xgboost. Time taken: 30.367 seconds
Ran AdaPT-xgboost. Time taken: 30.176 seconds
Ran AdaPT-xgboost. Time taken: 30.665 seconds
Ran AdaPT-xgboost. Time taken: 29.087 seconds
Ran AdaPT-xgboost. Time taken: 36.08 seconds
Ran AdaPT-xgboost. Time taken: 34.226 seconds
Ran Clfdr-EM. Time taken: 24.331 seconds
Ran Boca-Leek. Time taken: 0.978 seconds
Ran AdaPT-xgboost. Time taken: 37.96 seconds
Ran AdaPT-xgboost. Time taken: 38.188 seconds
Ran AdaPT-xgboost. Time taken: 32.009 seconds
Ran AdaPT-xgboost. Time taken: 36.892 seconds
Ran AdaPT-xgboost. Time taken: 20.404 seconds
Ran Clfdr-EM. Time taken: 37.314 seconds
Ran AdaPT-xgboost. Time taken: 33.725 seconds
Ran Clfdr-EM. Time taken: 45.776 seconds
Ran AdaPT-xgboost. Time taken: 34.235 seconds
Ran AdaPT-xgboost. Time taken: 33.012 seconds
Ran AdaPT-xgboost. Time taken: 15.035 seconds
Ran AdaPT-xgboost. Time taken: 28.721 seconds
alpha = 0.1: FDPhat 0.098, Number of Rej. 102
Task completed!
Ran AdaPT. Time taken: 42.389 seconds
Ran AdaPT-xgboost. Time taken: 14.952 seconds
Ran Boca-Leek. Time taken: 0.25 seconds
Ran AdaPT-xgboost. Time taken: 23.105 seconds
Ran AdaPT-xgboost. Time taken: 20.608 seconds
Ran AdaPT-xgboost. Time taken: 11.648 seconds
Ran AdaPT-xgboost. Time taken: 17.895 seconds
Ran AdaPT-xgboost. Time taken: 18.371 seconds
Ran Clfdr-EM. Time taken: 14.445 seconds
Ran AdaPT-xgboost. Time taken: 15.199 seconds
Ran Clfdr-EM. Time taken: 4.437 seconds
Ran AdaPT-xgboost. Time taken: 12.223 seconds
alpha = 0.1: FDPhat 0.0976, Number of Rej. 82
Task completed!
Ran AdaPT. Time taken: 25.293 seconds
Ran Boca-Leek. Time taken: 0.099 seconds
Ran AdaPT-xgboost. Time taken: 5.005 seconds
Ran AdaPT-xgboost. Time taken: 5.679 seconds
Ran Clfdr-EM. Time taken: 1.964 seconds
Ran AdaPT-xgboost. Time taken: 3.412 seconds
Ran IHW-quantile. Time taken: 190.552 seconds
Ran IHW-forest. Time taken: 0.389 seconds
Ran BH. Time taken: 0.001 seconds
alpha = 0.1: FDPhat 0.0986, Number of Rej. 71
Task completed!
Ran AdaPT. Time taken: 4.817 seconds
Ran Boca-Leek. Time taken: 0.067 seconds
Ran Clfdr-EM. Time taken: 0.602 seconds
Ran AdaPT-xgboost. Time taken: 3.381 seconds
Ran IHW-quantile. Time taken: 208.916 seconds
Ran IHW-forest. Time taken: 0.378 seconds
Ran BH. Time taken: 0.001 seconds
Ran IHW-quantile. Time taken: 210.796 seconds
Ran IHW-forest. Time taken: 0.378 seconds
Ran BH. Time taken: 0.002 seconds
alpha = 0.1: FDPhat 0.0964, Number of Rej. 83
Task completed!
Ran AdaPT. Time taken: 4.65 seconds
Ran Boca-Leek. Time taken: 0.067 seconds
alpha = 0.1: FDPhat 0.0972, Number of Rej. 72
Task completed!
Ran AdaPT. Time taken: 4.388 seconds
Ran Boca-Leek. Time taken: 0.066 seconds
Ran Clfdr-EM. Time taken: 0.824 seconds
Ran Clfdr-EM. Time taken: 2.226 seconds
Ran AdaPT-xgboost. Time taken: 2.178 seconds
Ran AdaPT-xgboost. Time taken: 2.255 seconds
[1] "\n"
