[1] "\n"
##------ Tue Aug  8 03:55:39 2023 ------##
##------ Tue Aug  8 03:55:39 2023 ------## 
[1] "\n"
simulation run:1/125
simulation run:2/125
simulation run:3/125
simulation run:4/125
simulation run:5/125
simulation run:7/125
simulation run:8/125
simulation run:6/125
simulation run:9/125
simulation run:10/125
simulation run:11/125
simulation run:12/125
simulation run:13/125
simulation run:14/125
simulation run:15/125
simulation run:16/125
simulation run:17/125
simulation run:18/125
simulation run:19/125
simulation run:20/125
simulation run:21/125
simulation run:22/125
simulation run:23/125
simulation run:24/125
simulation run:25/125
simulation run:26/125
simulation run:27/125
simulation run:28/125
simulation run:29/125
simulation run:30/125
simulation run:31/125
simulation run:32/125
simulation run:33/125
simulation run:34/125
simulation run:35/125
simulation run:36/125
simulation run:37/125
simulation run:38/125
simulation run:39/125
simulation run:40/125
simulation run:41/125
simulation run:42/125
simulation run:43/125
simulation run:44/125
simulation run:45/125
simulation run:46/125
simulation run:47/125
simulation run:48/125
simulation run:49/125
simulation run:50/125
simulation run:51/125
simulation run:52/125
simulation run:53/125
simulation run:54/125
simulation run:55/125
simulation run:56/125
simulation run:57/125
simulation run:58/125
simulation run:59/125
simulation run:60/125
simulation run:61/125
simulation run:62/125
simulation run:63/125
simulation run:64/125
simulation run:65/125
simulation run:66/125
simulation run:67/125
simulation run:68/125
simulation run:69/125
simulation run:70/125
simulation run:71/125
simulation run:72/125
simulation run:73/125
simulation run:74/125
simulation run:75/125
simulation run:76/125
simulation run:77/125
simulation run:78/125
simulation run:79/125
simulation run:80/125
simulation run:81/125
simulation run:82/125
simulation run:83/125
simulation run:84/125
simulation run:85/125
simulation run:86/125
simulation run:87/125
simulation run:88/125
simulation run:89/125
simulation run:90/125
simulation run:91/125
simulation run:92/125
simulation run:93/125
simulation run:94/125
simulation run:95/125
simulation run:96/125
simulation run:97/125
simulation run:98/125
simulation run:99/125
simulation run:100/125
simulation run:101/125
simulation run:102/125
simulation run:103/125
simulation run:104/125
simulation run:105/125
simulation run:106/125
simulation run:107/125
simulation run:108/125
simulation run:109/125
simulation run:110/125
simulation run:111/125
simulation run:112/125
simulation run:113/125
simulation run:114/125
simulation run:115/125
simulation run:116/125
simulation run:117/125
simulation run:118/125
simulation run:119/125
simulation run:120/125
simulation run:121/125
simulation run:122/125
simulation run:123/125
simulation run:124/125
simulation run:125/125
alpha = 0.1: FDPhat 0.087, Number of Rej. 23
Task completed!
alpha = 0.1: FDPhat 0.08, Number of Rej. 25
Task completed!
alpha = 0.1: FDPhat 0.0851, Number of Rej. 47
Task completed!
alpha = 0.1: FDPhat 0.0952, Number of Rej. 21
Task completed!
alpha = 0.1: FDPhat 0.1, Number of Rej. 10
Task completed!
alpha = 0.1: FDPhat 0.0952, Number of Rej. 21
Task completed!
alpha = 0.1: FDPhat 0.0789, Number of Rej. 38
Task completed!
alpha = 0.1: FDPhat 0.0909, Number of Rej. 11
Task completed!
alpha = 0.1: FDPhat 0.0952, Number of Rej. 21
Task completed!
alpha = 0.1: FDPhat 0.087, Number of Rej. 23
Task completed!
alpha = 0.1: FDPhat 0.0968, Number of Rej. 31
Task completed!
alpha = 0.1: FDPhat 0.087, Number of Rej. 23
Task completed!
alpha = 0.1: FDPhat 0.0952, Number of Rej. 21
Task completed!
alpha = 0.1: FDPhat 0.087, Number of Rej. 23
Task completed!
alpha = 0.1: FDPhat 0.1, Number of Rej. 20
Task completed!
alpha = 0.1: FDPhat 0.087, Number of Rej. 23
Task completed!
alpha = 0.1: FDPhat 0.0714, Number of Rej. 28
Task completed!
alpha = 0.1: FDPhat 0.069, Number of Rej. 29
Task completed!
alpha = 0.1: FDPhat 0.087, Number of Rej. 23
Task completed!
alpha = 0.1: FDPhat 0.0556, Number of Rej. 18
Task completed!
alpha = 0.1: FDPhat 0.1, Number of Rej. 40
Task completed!
alpha = 0.1: FDPhat 0.087, Number of Rej. 23
Task completed!
alpha = 0.1: FDPhat 0.0952, Number of Rej. 21
Task completed!
alpha = 0.1: FDPhat 0.0714, Number of Rej. 28
Task completed!
alpha = 0.1: FDPhat 0.087, Number of Rej. 23
Task completed!
alpha = 0.1: FDPhat 0.087, Number of Rej. 23
Task completed!
alpha = 0.1: FDPhat 0.0769, Number of Rej. 13
Task completed!
alpha = 0.1: FDPhat 0.08, Number of Rej. 25
Task completed!
alpha = 0.1: FDPhat 0.0714, Number of Rej. 28
Task completed!
alpha = 0.1: FDPhat 0.0952, Number of Rej. 21
Task completed!
alpha = 0.1: FDPhat 0.0714, Number of Rej. 28
Task completed!
alpha = 0.1: FDPhat 0.0909, Number of Rej. 33
Task completed!
alpha = 0.1: FDPhat 0.0952, Number of Rej. 21
Task completed!
alpha = 0.1: FDPhat 0.0952, Number of Rej. 21
Task completed!
alpha = 0.1: FDPhat 0.0952, Number of Rej. 21
Task completed!
alpha = 0.1: FDPhat 0.0938, Number of Rej. 32
Task completed!
alpha = 0.1: FDPhat 0.1, Number of Rej. 20
Task completed!
alpha = 0.1: FDPhat 0.0714, Number of Rej. 28
Task completed!
alpha = 0.1: FDPhat 0.0909, Number of Rej. 11
Task completed!
alpha = 0.1: FDPhat 0.0714, Number of Rej. 28
Task completed!
alpha = 0.1: FDPhat 0.0714, Number of Rej. 28
Task completed!
alpha = 0.1: FDPhat 0.0625, Number of Rej. 16
Task completed!
alpha = 0.1: FDPhat 0.0714, Number of Rej. 28
Task completed!
alpha = 0.1: FDPhat 0.0769, Number of Rej. 13
Task completed!
alpha = 0.1: FDPhat 0.0938, Number of Rej. 32
Task completed!
alpha = 0.1: FDPhat 0.0938, Number of Rej. 32
Task completed!
alpha = 0.1: FDPhat 0.087, Number of Rej. 23
Task completed!
alpha = 0.1: FDPhat 0.0714, Number of Rej. 14
Task completed!
alpha = 0.1: FDPhat 0.0909, Number of Rej. 22
Task completed!
alpha = 0.1: FDPhat 0.0833, Number of Rej. 12
Task completed!
alpha = 0.1: FDPhat 0.0968, Number of Rej. 31
Task completed!
[1] "\n"
