WARNING: ignoring environment value of R_HOME
- One or more packages recorded in the lockfile are not installed.
- Use `renv::status()` for more details.

##------ Fri Aug 18 03:38:14 2023 ------##
##------ Fri Aug 18 03:38:14 2023 ------## 

simulation run:1/42
simulation run:2/42
simulation run:3/42
simulation run:4/42
simulation run:6/42
simulation run:5/42
simulation run:7/42
simulation run:8/42
simulation run:9/42
simulation run:10/42
simulation run:11/42
simulation run:12/42
simulation run:15/42
simulation run:16/42
simulation run:13/42
simulation run:14/42
simulation run:17/42
simulation run:18/42
simulation run:19/42
simulation run:20/42
simulation run:21/42
simulation run:22/42
simulation run:23/42
simulation run:26/42
simulation run:24/42
simulation run:27/42
simulation run:25/42
simulation run:28/42
simulation run:29/42
simulation run:30/42
simulation run:31/42
simulation run:32/42
simulation run:33/42
simulation run:34/42
simulation run:35/42
simulation run:36/42
simulation run:37/42
simulation run:38/42
simulation run:39/42
simulation run:40/42
simulation run:41/42
simulation run:42/42
Ran IHW-quantile. Time taken: 0.002 seconds
Ran IHW-quantile. Time taken: 0.002 seconds
Ran IHW-quantile. Time taken: 0.001 seconds
Ran IHW-quantile. Time taken: 0.002 seconds
Ran IHW-quantile. Time taken: 0.002 seconds
Ran IHW-quantile. Time taken: 0.038 seconds
Ran IHW-quantile. Time taken: 0.002 seconds
Ran IHW-quantile. Time taken: 0.038 seconds
Ran IHW-quantile. Time taken: 0.002 seconds
Ran IHW-quantile. Time taken: 0.002 seconds
Ran IHW-quantile. Time taken: 0.002 seconds
Ran IHW-quantile. Time taken: 0.001 seconds
Ran IHW-quantile. Time taken: 0.039 seconds
Ran IHW-quantile. Time taken: 0.002 seconds
Ran IHW-forest. Time taken: 11.582 seconds
Ran IHW-forest. Time taken: 11.556 seconds
Ran IHW-forest. Time taken: 11.844 seconds
Ran IHW-forest. Time taken: 11.627 seconds
Ran IHW-forest. Time taken: 11.871 seconds
Ran IHW-forest. Time taken: 11.464 seconds
Ran IHW-forest. Time taken: 11.563 seconds
Ran IHW-forest. Time taken: 11.684 seconds
Ran IHW-forest. Time taken: 11.627 seconds
Ran IHW-forest. Time taken: 11.683 seconds
Ran BH. Time taken: 0.002 seconds
Ran IHW-forest. Time taken: 12.839 seconds
Ran IHW-forest. Time taken: 12.969 seconds
Ran IHW-forest. Time taken: 12.909 seconds
Ran BH. Time taken: 0.037 seconds
Ran BH. Time taken: 0.011 seconds
Ran IHW-forest. Time taken: 12.997 seconds
Ran BH. Time taken: 0.002 seconds
Ran BH. Time taken: 0.002 seconds
Ran BH. Time taken: 0.002 seconds
Ran BH. Time taken: 0.003 seconds
Ran BH. Time taken: 0.002 seconds
Ran BH. Time taken: 0.002 seconds
Ran BH. Time taken: 0.001 seconds
Ran BH. Time taken: 0.002 seconds
Ran BH. Time taken: 0.044 seconds
Ran BH. Time taken: 0.046 seconds
Ran BH. Time taken: 0.046 seconds
Ran IHW-quantile. Time taken: 104.037 seconds
Ran IHW-quantile. Time taken: 105.849 seconds
Ran IHW-quantile. Time taken: 106.12 seconds
Ran IHW-quantile. Time taken: 105.794 seconds
Ran IHW-quantile. Time taken: 107.474 seconds
Ran IHW-quantile. Time taken: 111.919 seconds
Ran IHW-quantile. Time taken: 114.177 seconds
Ran IHW-quantile. Time taken: 116.686 seconds
Ran IHW-forest. Time taken: 5.472 seconds
Ran IHW-quantile. Time taken: 115.654 seconds
Ran IHW-forest. Time taken: 8.533 seconds
Ran IHW-forest. Time taken: 8.693 seconds
Ran IHW-quantile. Time taken: 120.323 seconds
Ran IHW-quantile. Time taken: 117.887 seconds
Ran IHW-forest. Time taken: 10.3 seconds
Ran IHW-forest. Time taken: 7.784 seconds
Ran AdaPT. Time taken: 99.366 seconds
Ran BH. Time taken: 0.038 seconds
Ran IHW-quantile. Time taken: 121.345 seconds
Ran IHW-quantile. Time taken: 120.836 seconds
Ran BH. Time taken: 0.002 seconds
Ran BH. Time taken: 0.03 seconds
Ran BH. Time taken: 0.035 seconds
Ran BH. Time taken: 0.002 seconds
Ran IHW-forest. Time taken: 7.337 seconds
Ran Boca-Leek. Time taken: 1.107 seconds
Ran IHW-forest. Time taken: 6.533 seconds
Ran IHW-quantile. Time taken: 126.018 seconds
Ran AdaPT. Time taken: 108.03 seconds
Ran IHW-forest. Time taken: 7.556 seconds
Ran AdaPT. Time taken: 106.678 seconds
Ran IHW-forest. Time taken: 7.46 seconds
Ran BH. Time taken: 0.002 seconds
Ran IHW-forest. Time taken: 6.641 seconds
Ran BH. Time taken: 0.045 seconds
Ran IHW-forest. Time taken: 7.406 seconds
Ran AdaPT. Time taken: 104.905 seconds
Ran IHW-forest. Time taken: 7.164 seconds
Ran AdaPT. Time taken: 110.22 seconds
Ran BH. Time taken: 0.002 seconds
Ran IHW-forest. Time taken: 7.35 seconds
Ran Clfdr-EM. Time taken: 3.911 seconds
Ran BH. Time taken: 0.003 seconds
Ran Boca-Leek. Time taken: 1.258 seconds
Ran BH. Time taken: 0.002 seconds
Ran Boca-Leek. Time taken: 1.254 seconds
Ran BH. Time taken: 0.038 seconds
Ran AdaPT. Time taken: 109.811 seconds
Ran Boca-Leek. Time taken: 1.211 seconds
Ran BH. Time taken: 0.034 seconds
Ran AdaPT. Time taken: 109.479 seconds
Ran AdaPT. Time taken: 112.565 seconds
Ran AdaPT. Time taken: 113.585 seconds
Ran Boca-Leek. Time taken: 1.103 seconds
Ran BH. Time taken: 0.002 seconds
Ran Clfdr-EM. Time taken: 0.422 seconds
Ran IHW-forest. Time taken: 7.471 seconds
Ran Clfdr-EM. Time taken: 0.492 seconds
Ran AdaPT. Time taken: 116.193 seconds
Ran Clfdr-EM. Time taken: 0.381 seconds
Ran Boca-Leek. Time taken: 1.193 seconds
Ran Boca-Leek. Time taken: 1.213 seconds
Ran Boca-Leek. Time taken: 1.346 seconds
Ran Boca-Leek. Time taken: 1.174 seconds
Ran Clfdr-EM. Time taken: 0.401 seconds
Ran BH. Time taken: 0.002 seconds
Ran Boca-Leek. Time taken: 1.318 seconds
Ran Clfdr-EM. Time taken: 0.394 seconds
Ran AdaPT. Time taken: 123.498 seconds
Ran Clfdr-EM. Time taken: 0.398 seconds
Ran Clfdr-EM. Time taken: 0.4 seconds
Ran AdaPT. Time taken: 121.958 seconds
Ran Boca-Leek. Time taken: 1.253 seconds
Ran Boca-Leek. Time taken: 1.344 seconds
Ran Clfdr-EM. Time taken: 0.261 seconds
Ran AdaPT. Time taken: 132.745 seconds
Ran AdaPT. Time taken: 135.656 seconds
Ran Boca-Leek. Time taken: 1.378 seconds
Ran Boca-Leek. Time taken: 1.431 seconds
Ran Clfdr-EM. Time taken: 0.483 seconds
Ran AdaPT-xgboost. Time taken: 39.293 seconds
Ran AdaPT-xgboost. Time taken: 37.53 seconds
Ran AdaPT-xgboost. Time taken: 37.512 seconds
Ran AdaPT-xgboost. Time taken: 38.6 seconds
Ran AdaPT-xgboost. Time taken: 39.169 seconds
Ran AdaPT-xgboost. Time taken: 37.149 seconds
Ran AdaPT-xgboost. Time taken: 37.879 seconds
Ran AdaPT. Time taken: 54.634 seconds
Ran Clfdr-EM. Time taken: 43.94 seconds
Ran AdaPT-xgboost. Time taken: 42.716 seconds
Ran Boca-Leek. Time taken: 1.059 seconds
Ran AdaPT-xgboost. Time taken: 36.522 seconds
Ran Clfdr-EM. Time taken: 47.548 seconds
Ran Clfdr-EM. Time taken: 0.689 seconds
Ran Clfdr-EM. Time taken: 47.937 seconds
Ran AdaPT-xgboost. Time taken: 35.402 seconds
Ran Clfdr-EM. Time taken: 43.926 seconds
Ran AdaPT. Time taken: 87.403 seconds
Ran Boca-Leek. Time taken: 0.978 seconds
Ran AdaPT. Time taken: 92.769 seconds
Ran AdaPT. Time taken: 95.311 seconds
Ran AdaPT. Time taken: 90.813 seconds
Ran Clfdr-EM. Time taken: 1.478 seconds
Ran AdaPT. Time taken: 99.023 seconds
Ran AdaPT. Time taken: 88.204 seconds
Ran Boca-Leek. Time taken: 0.953 seconds
Ran AdaPT-xgboost. Time taken: 33.548 seconds
Ran Boca-Leek. Time taken: 1.005 seconds
Ran Boca-Leek. Time taken: 0.894 seconds
Ran Boca-Leek. Time taken: 0.879 seconds
Ran Clfdr-EM. Time taken: 0.327 seconds
Ran AdaPT-xgboost. Time taken: 29.379 seconds
Ran AdaPT. Time taken: 89.342 seconds
Ran Boca-Leek. Time taken: 1 seconds
Ran Clfdr-EM. Time taken: 0.286 seconds
Ran Clfdr-EM. Time taken: 0.282 seconds
Ran AdaPT. Time taken: 89.82 seconds
Ran AdaPT. Time taken: 94.648 seconds
Ran AdaPT. Time taken: 106.304 seconds
Ran AdaPT-xgboost. Time taken: 32.344 seconds
Ran Boca-Leek. Time taken: 0.93 seconds
Ran AdaPT. Time taken: 95.884 seconds
Ran AdaPT. Time taken: 95.313 seconds
Ran Boca-Leek. Time taken: 0.885 seconds
Ran Boca-Leek. Time taken: 0.848 seconds
Ran Boca-Leek. Time taken: 0.873 seconds
Ran Clfdr-EM. Time taken: 0.15 seconds
Ran Boca-Leek. Time taken: 0.949 seconds
Ran Boca-Leek. Time taken: 0.864 seconds
Ran Clfdr-EM. Time taken: 0.255 seconds
Ran Clfdr-EM. Time taken: 0.115 seconds
Ran Clfdr-EM. Time taken: 0.252 seconds
Ran AdaPT. Time taken: 92.686 seconds
Ran AdaPT-xgboost. Time taken: 31.982 seconds
Ran Clfdr-EM. Time taken: 0.255 seconds
Ran Boca-Leek. Time taken: 0.914 seconds
Ran AdaPT-xgboost. Time taken: 31.065 seconds
Ran Clfdr-EM. Time taken: 4.628 seconds
Ran AdaPT-xgboost. Time taken: 28.261 seconds
Ran Clfdr-EM. Time taken: 28.775 seconds
Ran AdaPT-xgboost. Time taken: 28.46 seconds
Ran AdaPT-xgboost. Time taken: 27.063 seconds
Ran AdaPT-xgboost. Time taken: 27.021 seconds
Ran Clfdr-EM. Time taken: 29.696 seconds
Ran AdaPT-xgboost. Time taken: 23.211 seconds
Ran Clfdr-EM. Time taken: 25.82 seconds
Ran AdaPT-xgboost. Time taken: 27.508 seconds
Ran AdaPT-xgboost. Time taken: 28.477 seconds
Ran AdaPT-xgboost. Time taken: 28.578 seconds
Ran AdaPT-xgboost. Time taken: 27.795 seconds
Ran AdaPT-xgboost. Time taken: 24.192 seconds
Ran AdaPT-xgboost. Time taken: 19.22 seconds
Ran AdaPT-xgboost. Time taken: 19.543 seconds
Ran AdaPT-xgboost. Time taken: 18.022 seconds
Ran IHW-quantile. Time taken: 300.549 seconds
Ran IHW-quantile. Time taken: 301.231 seconds
Ran IHW-quantile. Time taken: 300.54 seconds
Ran IHW-quantile. Time taken: 300.545 seconds
Ran IHW-quantile. Time taken: 300.571 seconds
Ran IHW-quantile. Time taken: 300.634 seconds
Ran IHW-quantile. Time taken: 300.551 seconds
Ran IHW-quantile. Time taken: 300.566 seconds
Ran IHW-quantile. Time taken: 300.594 seconds
Ran IHW-quantile. Time taken: 300.515 seconds
Ran IHW-quantile. Time taken: 300.554 seconds
Ran IHW-quantile. Time taken: 300.652 seconds
Ran IHW-quantile. Time taken: 300.576 seconds
Ran IHW-quantile. Time taken: 300.519 seconds
Ran IHW-forest. Time taken: 2.213 seconds
Ran IHW-forest. Time taken: 2.223 seconds
Ran IHW-forest. Time taken: 2.455 seconds
Ran BH. Time taken: 0.003 seconds
Ran IHW-forest. Time taken: 2.133 seconds
Ran IHW-forest. Time taken: 2.329 seconds
Ran IHW-forest. Time taken: 2.185 seconds
Ran BH. Time taken: 0.002 seconds
Ran IHW-forest. Time taken: 2.281 seconds
Ran IHW-forest. Time taken: 2.234 seconds
Ran IHW-forest. Time taken: 2.14 seconds
Ran IHW-forest. Time taken: 2.072 seconds
Ran IHW-forest. Time taken: 2.158 seconds
Ran IHW-forest. Time taken: 2.455 seconds
Ran BH. Time taken: 0.003 seconds
Ran BH. Time taken: 0.012 seconds
Ran BH. Time taken: 0.003 seconds
Ran IHW-forest. Time taken: 2.127 seconds
Ran BH. Time taken: 0.003 seconds
Ran BH. Time taken: 0.017 seconds
Ran IHW-forest. Time taken: 2.135 seconds
Ran BH. Time taken: 0.002 seconds
Ran BH. Time taken: 0.023 seconds
Ran BH. Time taken: 0.003 seconds
Ran BH. Time taken: 0.003 seconds
Ran BH. Time taken: 0.002 seconds
Ran BH. Time taken: 0.02 seconds
Ran BH. Time taken: 0.023 seconds
Ran AdaPT. Time taken: 28.349 seconds
Ran Boca-Leek. Time taken: 0.363 seconds
Ran AdaPT. Time taken: 32.7 seconds
Ran AdaPT. Time taken: 33.31 seconds
Ran Clfdr-EM. Time taken: 0.145 seconds
Ran AdaPT. Time taken: 32.703 seconds
Ran AdaPT. Time taken: 31.676 seconds
Ran Boca-Leek. Time taken: 0.387 seconds
Ran Boca-Leek. Time taken: 0.386 seconds
Ran AdaPT. Time taken: 32.135 seconds
Ran Boca-Leek. Time taken: 0.383 seconds
Ran Boca-Leek. Time taken: 0.398 seconds
Ran Clfdr-EM. Time taken: 0.052 seconds
Ran AdaPT. Time taken: 34.972 seconds
Ran Clfdr-EM. Time taken: 0.13 seconds
Ran Boca-Leek. Time taken: 0.423 seconds
Ran AdaPT. Time taken: 34.97 seconds
Ran AdaPT. Time taken: 35.501 seconds
Ran AdaPT. Time taken: 34.801 seconds
Ran AdaPT. Time taken: 35.99 seconds
Ran Boca-Leek. Time taken: 0.376 seconds
Ran Clfdr-EM. Time taken: 0.123 seconds
Ran Boca-Leek. Time taken: 0.41 seconds
Ran AdaPT. Time taken: 37.489 seconds
Ran Boca-Leek. Time taken: 0.4 seconds
Ran Boca-Leek. Time taken: 0.434 seconds
Ran Clfdr-EM. Time taken: 0.13 seconds
Ran Boca-Leek. Time taken: 0.396 seconds
Ran Clfdr-EM. Time taken: 0.14 seconds
Ran Clfdr-EM. Time taken: 0.136 seconds
Ran Boca-Leek. Time taken: 0.419 seconds
Ran Clfdr-EM. Time taken: 0.09 seconds
Ran AdaPT. Time taken: 39.362 seconds
Ran Clfdr-EM. Time taken: 0.862 seconds
Ran AdaPT. Time taken: 40.272 seconds
Ran Clfdr-EM. Time taken: 0.117 seconds
Ran Boca-Leek. Time taken: 0.386 seconds
Ran Boca-Leek. Time taken: 0.403 seconds
Ran Clfdr-EM. Time taken: 0.136 seconds
Ran Clfdr-EM. Time taken: 3.196 seconds
Ran AdaPT-xgboost. Time taken: 13.23 seconds
Ran AdaPT-xgboost. Time taken: 12.841 seconds
Ran Clfdr-EM. Time taken: 14.278 seconds
Ran Clfdr-EM. Time taken: 13.587 seconds
Ran AdaPT-xgboost. Time taken: 12.737 seconds
Ran AdaPT-xgboost. Time taken: 11.891 seconds
Ran AdaPT-xgboost. Time taken: 12.431 seconds
Ran AdaPT-xgboost. Time taken: 11.251 seconds
Ran AdaPT-xgboost. Time taken: 12.156 seconds
Ran AdaPT-xgboost. Time taken: 10.989 seconds
Ran AdaPT-xgboost. Time taken: 12.114 seconds
Ran AdaPT-xgboost. Time taken: 11.358 seconds
Ran AdaPT-xgboost. Time taken: 8.59 seconds
Ran AdaPT-xgboost. Time taken: Ran AdaPT-xgboost. Time taken: 7.5394.485  seconds
seconds
Ran AdaPT-xgboost. Time taken: 5.347 seconds
[1] "\n"
