WARNING: ignoring environment value of R_HOME
- One or more packages recorded in the lockfile are not installed.
- Use `renv::status()` for more details.

##------ Fri Aug 18 03:37:52 2023 ------##
##------ Fri Aug 18 03:37:52 2023 ------## 

simulation run:1/42
simulation run:2/42
simulation run:3/42
simulation run:5/42
simulation run:7/42
simulation run:8/42
simulation run:4/42
simulation run:6/42
simulation run:9/42
simulation run:10/42
simulation run:11/42
simulation run:12/42
simulation run:13/42
simulation run:14/42
simulation run:15/42
simulation run:16/42
simulation run:17/42
simulation run:18/42
simulation run:19/42
simulation run:20/42
simulation run:21/42
simulation run:22/42
simulation run:23/42
simulation run:24/42
simulation run:25/42
simulation run:26/42
simulation run:27/42
simulation run:28/42
simulation run:29/42
simulation run:30/42
simulation run:31/42
simulation run:32/42
simulation run:33/42
simulation run:34/42
simulation run:35/42
simulation run:36/42
simulation run:37/42
simulation run:38/42
simulation run:39/42
simulation run:40/42
simulation run:41/42
simulation run:42/42
Ran IHW-quantile. Time taken: 0.001 seconds
Ran IHW-quantile. Time taken: 0.038 seconds
Ran IHW-quantile. Time taken: 0.001 seconds
Ran IHW-forest. Time taken: 8.909 seconds
Ran IHW-forest. Time taken: 10.497 seconds
Ran IHW-forest. Time taken: 8.284 seconds
Ran BH. Time taken: 0.001 seconds
Ran BH. Time taken: 0.002 seconds
Ran BH. Time taken: 0.002 seconds
Ran IHW-quantile. Time taken: 23.578 seconds
Ran IHW-quantile. Time taken: 24.28 seconds
Ran IHW-quantile. Time taken: 24.462 seconds
Ran IHW-quantile. Time taken: 24.526 seconds
Ran IHW-quantile. Time taken: 26.048 seconds
Ran IHW-quantile. Time taken: 25.474 seconds
Ran IHW-quantile. Time taken: 26.08 seconds
Ran IHW-quantile. Time taken: 26.951 seconds
Ran IHW-quantile. Time taken: 25.975 seconds
Ran IHW-quantile. Time taken: 25.39 seconds
Ran IHW-quantile. Time taken: 26.869 seconds
Ran IHW-quantile. Time taken: 27.04 seconds
Ran IHW-quantile. Time taken: 26.91 seconds
Ran IHW-quantile. Time taken: 29.375 seconds
Ran IHW-quantile. Time taken: 29.174 seconds
Ran IHW-quantile. Time taken: 29.207 seconds
Ran IHW-quantile. Time taken: 26.793 seconds
Ran IHW-quantile. Time taken: 29.11 seconds
Ran IHW-quantile. Time taken: 26.905 seconds
Ran IHW-quantile. Time taken: 28.299 seconds
Ran IHW-quantile. Time taken: 29.818 seconds
Ran IHW-quantile. Time taken: 29.016 seconds
Ran IHW-quantile. Time taken: 30.776 seconds
Ran IHW-quantile. Time taken: 30.949 seconds
Ran IHW-quantile. Time taken: 29.062 seconds
Ran IHW-forest. Time taken: 6.607 seconds
Ran IHW-quantile. Time taken: 30.86 seconds
Ran IHW-quantile. Time taken: 31.381 seconds
Ran IHW-forest. Time taken: 6.702 seconds
Ran IHW-forest. Time taken: 6.754 seconds
Ran IHW-quantile. Time taken: 30.922 seconds
Ran IHW-forest. Time taken: 6.818 seconds
Ran IHW-quantile. Time taken: 31.012 seconds
Ran IHW-quantile. Time taken: 31.05 seconds
Ran BH. Time taken: 0.038 seconds
Ran IHW-forest. Time taken: 6.856 seconds
Ran BH. Time taken: 0.052 seconds
Ran BH. Time taken: 0.002 seconds
Ran IHW-forest. Time taken: 6.876 seconds
Ran IHW-forest. Time taken: 6.793 seconds
Ran IHW-forest. Time taken: 6.844 seconds
Ran IHW-forest. Time taken: 6.768 seconds
Ran BH. Time taken: 0.002 seconds
Ran IHW-forest. Time taken: 6.964 seconds
Ran IHW-forest. Time taken: 6.736 seconds
Ran IHW-forest. Time taken: 7.444 seconds
Ran BH. Time taken: 0.038 seconds
Ran BH. Time taken: 0.038 seconds
Ran BH. Time taken: 0.002 seconds
Ran BH. Time taken: 0.003 seconds
Ran IHW-forest. Time taken: 6.99 seconds
Ran BH. Time taken: 0.002 seconds
Ran IHW-forest. Time taken: 7.441 seconds
Ran IHW-forest. Time taken: 7.659 seconds
Ran IHW-forest. Time taken: 7.452 seconds
Ran BH. Time taken: 0.001 seconds
Ran IHW-forest. Time taken: 6.644 seconds
Ran BH. Time taken: 0.034 seconds
Ran IHW-forest. Time taken: 7.521 seconds
Ran IHW-forest. Time taken: 6.869 seconds
Ran BH. Time taken: 0.04 seconds
Ran IHW-forest. Time taken: 7.524 seconds
Ran BH. Time taken: 0.002 seconds
Ran BH. Time taken: 0.04 seconds
Ran IHW-forest. Time taken: 6.923 seconds
Ran BH. Time taken: 0.002 seconds
Ran BH. Time taken: 0.002 seconds
Ran IHW-forest. Time taken: 7.572 seconds
Ran BH. Time taken: 0.042 seconds
Ran IHW-forest. Time taken: 7.919 seconds
Ran IHW-forest. Time taken: 7.859 seconds
Ran BH. Time taken: 0.002 seconds
Ran IHW-forest. Time taken: 7.695 seconds
Ran IHW-forest. Time taken: 7.732 seconds
Ran IHW-forest. Time taken: 7.645 seconds
Ran BH. Time taken: 0.041 seconds
Ran BH. Time taken: 0.038 seconds
Ran IHW-forest. Time taken: 7.799 seconds
Ran IHW-forest. Time taken: 7.656 seconds
Ran BH. Time taken: 0.002 seconds
Ran IHW-forest. Time taken: 7.518 seconds
Ran BH. Time taken: 0.002 seconds
Ran BH. Time taken: 0.041 seconds
Ran BH. Time taken: 0.002 seconds
Ran BH. Time taken: 0.002 seconds
Ran BH. Time taken: 0.042 seconds
Ran BH. Time taken: 0.002 seconds
Ran BH. Time taken: 0.042 seconds
Ran BH. Time taken: 0.042 seconds
Ran BH. Time taken: 0.042 seconds
Ran IHW-quantile. Time taken: 62.336 seconds
Ran IHW-quantile. Time taken: 63.455 seconds
Ran IHW-quantile. Time taken: 67.231 seconds
Ran IHW-forest. Time taken: 7.048 seconds
Ran BH. Time taken: 0.038 seconds
Ran IHW-forest. Time taken: 7.551 seconds
Ran IHW-forest. Time taken: 7.039 seconds
Ran BH. Time taken: 0.042 seconds
Ran BH. Time taken: 0.043 seconds
alpha = 0.1: FDPhat 0.0984, Number of Rej. 122
Task completed!
Ran AdaPT. Time taken: 55.589 seconds
Ran Boca-Leek. Time taken: 1.076 seconds
alpha = 0.1: FDPhat 0.0926, Number of Rej. 108
Task completed!
Ran AdaPT. Time taken: 61.189 seconds
alpha = 0.1: FDPhat 0.099, Number of Rej. 101
Task completed!
Ran AdaPT. Time taken: 62.82 seconds
alpha = 0.1: FDPhat 0.0968, Number of Rej. 155
Task completed!
Ran AdaPT. Time taken: 64.676 seconds
Ran Boca-Leek. Time taken: 1.197 seconds
alpha = 0.1: FDPhat 0.1, Number of Rej. 100
Task completed!
Ran AdaPT. Time taken: 68.801 seconds
alpha = 0.1: FDPhat 0.0965, Number of Rej. 114
Task completed!
Ran AdaPT. Time taken: 90.166 seconds
Ran Boca-Leek. Time taken: 1.198 seconds
alpha = 0.1: FDPhat 0.0928, Number of Rej. 97
Task completed!
Ran AdaPT. Time taken: 89.653 seconds
alpha = 0.1: FDPhat 0.0714, Number of Rej. 14
Task completed!
Ran AdaPT. Time taken: 70.964 seconds
Ran Boca-Leek. Time taken: 1.157 seconds
alpha = 0.1: FDPhat 0.0862, Number of Rej. 58
Task completed!
Ran Boca-Leek. Time taken: 0.642 seconds
Ran AdaPT. Time taken: 65.133 seconds
Ran Boca-Leek. Time taken: 0.387 seconds
alpha = 0.1: FDPhat 0.0714, Number of Rej. 14
Task completed!
Ran AdaPT. Time taken: 69.173 seconds
alpha = 0.1: FDPhat 0.0991, Number of Rej. 111
Task completed!
Ran AdaPT. Time taken: 62.069 seconds
alpha = 0.1: FDPhat 0.1, Number of Rej. 100
Task completed!
Ran AdaPT. Time taken: 73.61 seconds
alpha = 0.1: FDPhat 0.1, Number of Rej. 80
Task completed!
Ran AdaPT. Time taken: 69.547 seconds
Ran IHW-quantile. Time taken: 113.317 seconds
Ran Boca-Leek. Time taken: 1.542 seconds
alpha = 0.1: FDPhat 0.1, Number of Rej. 120
Task completed!
Ran AdaPT. Time taken: 64.559 seconds
Ran Boca-Leek. Time taken: 1.484 seconds
Ran Boca-Leek. Time taken: 1.084 seconds
alpha = 0.1: FDPhat 0.0941, Number of Rej. 85
Task completed!
Ran AdaPT. Time taken: 69.496 seconds
Ran Boca-Leek. Time taken: 1.584 seconds
Ran Boca-Leek. Time taken: 1.649 seconds
Ran AdaPT. Time taken: 72.412 seconds
Ran Clfdr-EM. Time taken: 4.187 seconds
alpha = 0.1: FDPhat 0.0946, Number of Rej. 148
Task completed!
Ran AdaPT. Time taken: 66.584 seconds
alpha = 0.1: FDPhat 0.0816, Number of Rej. 49
Task completed!
Ran AdaPT. Time taken: 75.261 seconds
Ran Boca-Leek. Time taken: 1.605 seconds
Ran Boca-Leek. Time taken: 1.476 seconds
Ran Boca-Leek. Time taken: 1.37 seconds
alpha = 0.1: FDPhat 0.0973, Number of Rej. 113
Task completed!
Ran AdaPT. Time taken: 69.101 seconds
Ran Boca-Leek. Time taken: 0.471 seconds
alpha = 0.1: FDPhat 0.092, Number of Rej. 87
Task completed!
Ran AdaPT. Time taken: 99.264 seconds
alpha = 0.1: FDPhat 0.0946, Number of Rej. 74
Task completed!
Ran AdaPT. Time taken: 80.808 seconds
Ran Boca-Leek. Time taken: 1.522 seconds
Ran Boca-Leek. Time taken: 1.33 seconds
Ran Boca-Leek. Time taken: 1.175 seconds
alpha = 0.1: FDPhat 0.0899, Number of Rej. 89
Task completed!
Ran AdaPT. Time taken: 77.683 seconds
Ran IHW-forest. Time taken: 8.371 seconds
alpha = 0.1: FDPhat 0.0977, Number of Rej. 133
Task completed!
Ran AdaPT. Time taken: 74.12 seconds
alpha = 0.1: FDPhat 0.087, Number of Rej. 92
Task completed!
Ran AdaPT. Time taken: 79.163 seconds
Ran Boca-Leek. Time taken: 1.442 seconds
alpha = 0.1: FDPhat 0.0928, Number of Rej. 97
Task completed!
Ran AdaPT. Time taken: 71.949 seconds
Ran Clfdr-EM. Time taken: 9.008 seconds
Ran Boca-Leek. Time taken: 1.509 seconds
alpha = 0.1: FDPhat 0.0816, Number of Rej. 49
Task completed!
Ran AdaPT. Time taken: 75.663 seconds
Ran Boca-Leek. Time taken: 0.16 seconds
Ran BH. Time taken: 0.002 seconds
Ran Boca-Leek. Time taken: 1.473 seconds
alpha = 0.1: FDPhat 0.0938, Number of Rej. 32
Task completed!
Ran AdaPT. Time taken: 77.606 seconds
Ran Clfdr-EM. Time taken: 0.776 seconds
Ran Boca-Leek. Time taken: 1.193 seconds
alpha = 0.1: FDPhat 0.0952, Number of Rej. 21
Task completed!
Ran AdaPT. Time taken: 76.067 seconds
alpha = 0.1: FDPhat 0.0959, Number of Rej. 73
Task completed!
Ran Boca-Leek. Time taken: 0.857 seconds
Ran AdaPT. Time taken: 82.709 seconds
Ran Boca-Leek. Time taken: 1.064 seconds
Ran Boca-Leek. Time taken: 1.369 seconds
alpha = 0.1: FDPhat 0.0909, Number of Rej. 66
Task completed!
Ran AdaPT. Time taken: 85.079 seconds
Ran Boca-Leek. Time taken: 1.262 seconds
Ran Clfdr-EM. Time taken: 18.93 seconds
Ran Clfdr-EM. Time taken: 2.96 seconds
Ran Boca-Leek. Time taken: 1.137 seconds
Ran Boca-Leek. Time taken: 1.098 seconds
alpha = 0.1: FDPhat 0.0928, Number of Rej. 97
Task completed!
Ran AdaPT. Time taken: 85.287 seconds
Ran Clfdr-EM. Time taken: 4.372 seconds
Ran Clfdr-EM. Time taken: 11.973 seconds
Ran Clfdr-EM. Time taken: 4.699 seconds
Ran Boca-Leek. Time taken: 1.265 seconds
Ran Clfdr-EM. Time taken: 13.096 seconds
Ran Clfdr-EM. Time taken: 13.098 seconds
Ran IHW-quantile. Time taken: 135.004 seconds
Ran Clfdr-EM. Time taken: 32.053 seconds
alpha = 0.1: FDPhat 0.0893, Number of Rej. 56
Task completed!
Ran AdaPT. Time taken: 83.595 seconds
Ran Boca-Leek. Time taken: 1.146 seconds
alpha = 0.1: FDPhat 0.0993, Number of Rej. 141
Task completed!
Ran AdaPT. Time taken: 62.342 seconds
Ran Clfdr-EM. Time taken: 11.166 seconds
Ran Clfdr-EM. Time taken: 7.992 seconds
Ran Boca-Leek. Time taken: 1.165 seconds
Ran Clfdr-EM. Time taken: 30.347 seconds
Ran Boca-Leek. Time taken: 1.177 seconds
alpha = 0.1: FDPhat 0.092, Number of Rej. 87
Task completed!
Ran AdaPT. Time taken: 91.913 seconds
Ran IHW-forest. Time taken: 7.038 seconds
Ran Clfdr-EM. Time taken: 9.06 seconds
Ran IHW-quantile. Time taken: 144.173 seconds
Ran Clfdr-EM. Time taken: 20.91 seconds
Ran BH. Time taken: 0.002 seconds
Ran Clfdr-EM. Time taken: 31.227 seconds
Ran Clfdr-EM. Time taken: 12.875 seconds
Ran Clfdr-EM. Time taken: 38.647 seconds
Ran Clfdr-EM. Time taken: 18.6 seconds
Ran Boca-Leek. Time taken: 1.182 seconds
Ran Clfdr-EM. Time taken: 41.135 seconds
Ran AdaPT-xgboost. Time taken: 33.118 seconds
Ran Clfdr-EM. Time taken: 36.542 seconds
Ran Clfdr-EM. Time taken: 35.255 seconds
Ran Clfdr-EM. Time taken: 33.869 seconds
Ran Clfdr-EM. Time taken: 32.54 seconds
Ran IHW-forest. Time taken: 7.084 seconds
Ran Clfdr-EM. Time taken: 38.647 seconds
alpha = 0.1: FDPhat 0.0952, Number of Rej. 63
Task completed!
Ran AdaPT. Time taken: 77.122 seconds
Ran BH. Time taken: 0.04 seconds
Ran Clfdr-EM. Time taken: 34.623 seconds
Ran Clfdr-EM. Time taken: 15.155 seconds
Ran AdaPT-xgboost. Time taken: 35.689 seconds
Ran Clfdr-EM. Time taken: 9.754 seconds
Ran AdaPT-xgboost. Time taken: 36.804 seconds
Ran Boca-Leek. Time taken: 1.104 seconds
alpha = 0.1: FDPhat 0.0962, Number of Rej. 104
Task completed!
Ran AdaPT. Time taken: 80.946 seconds
Ran Clfdr-EM. Time taken: 33.755 seconds
Ran Clfdr-EM. Time taken: 35.661 seconds
Ran Boca-Leek. Time taken: 1.115 seconds
Ran AdaPT-xgboost. Time taken: 36.253 seconds
Ran AdaPT-xgboost. Time taken: 36.692 seconds
Ran Clfdr-EM. Time taken: 25.906 seconds
Ran AdaPT-xgboost. Time taken: 35.436 seconds
Ran AdaPT-xgboost. Time taken: 36.656 seconds
Ran Clfdr-EM. Time taken: 37.782 seconds
Ran AdaPT-xgboost. Time taken: 37.948 seconds
Ran AdaPT-xgboost. Time taken: 38.463 seconds
Ran AdaPT-xgboost. Time taken: 36.405 seconds
Ran Clfdr-EM. Time taken: 34.965 seconds
Ran AdaPT-xgboost. Time taken: 38.678 seconds
Ran AdaPT-xgboost. Time taken: 35.553 seconds
Ran AdaPT-xgboost. Time taken: 34.545 seconds
Ran AdaPT-xgboost. Time taken: 33.992 seconds
Ran AdaPT-xgboost. Time taken: 32.171 seconds
Ran AdaPT-xgboost. Time taken: 36.967 seconds
Ran AdaPT-xgboost. Time taken: 33.48 seconds
Ran AdaPT-xgboost. Time taken: 32.796 seconds
Ran AdaPT-xgboost. Time taken: 31.916 seconds
Ran AdaPT-xgboost. Time taken: 33.403 seconds
Ran AdaPT-xgboost. Time taken: 33.525 seconds
Ran AdaPT-xgboost. Time taken: 30.056 seconds
Ran AdaPT-xgboost. Time taken: 31.039 seconds
alpha = 0.1: FDPhat 0.0972, Number of Rej. 144
Task completed!
Ran AdaPT. Time taken: 58.632 seconds
Ran AdaPT-xgboost. Time taken: 30.336 seconds
Ran AdaPT-xgboost. Time taken: 29.214 seconds
Ran Boca-Leek. Time taken: 0.449 seconds
Ran AdaPT-xgboost. Time taken: 28.828 seconds
Ran AdaPT-xgboost. Time taken: 26.636 seconds
Ran Clfdr-EM. Time taken: 25.465 seconds
Ran AdaPT-xgboost. Time taken: 25.745 seconds
Ran AdaPT-xgboost. Time taken: 26.969 seconds
Ran AdaPT-xgboost. Time taken: 22.593 seconds
Ran Clfdr-EM. Time taken: 21.455 seconds
Ran Clfdr-EM. Time taken: 3.09 seconds
Ran AdaPT-xgboost. Time taken: 20.138 seconds
Ran AdaPT-xgboost. Time taken: 22.814 seconds
Ran AdaPT-xgboost. Time taken: 18.426 seconds
Ran AdaPT-xgboost. Time taken: 16.695 seconds
alpha = 0.1: FDPhat 0.0938, Number of Rej. 64
Task completed!
Ran AdaPT. Time taken: 46.917 seconds
Ran Boca-Leek. Time taken: 0.173 seconds
Ran Clfdr-EM. Time taken: 0.892 seconds
Ran AdaPT-xgboost. Time taken: 5.875 seconds
Ran AdaPT-xgboost. Time taken: 8.983 seconds
Ran AdaPT-xgboost. Time taken: 8.279 seconds
alpha = 0.1: FDPhat 0.0968, Number of Rej. 93
Task completed!
Ran AdaPT. Time taken: 38.685 seconds
Ran Boca-Leek. Time taken: 0.207 seconds
Ran AdaPT-xgboost. Time taken: 5.344 seconds
Ran Clfdr-EM. Time taken: 3.74 seconds
Ran AdaPT-xgboost. Time taken: 3.639 seconds
Ran IHW-quantile. Time taken: 222.729 seconds
Ran IHW-forest. Time taken: 0.412 seconds
Ran BH. Time taken: 0.002 seconds
alpha = 0.1: FDPhat 0.1, Number of Rej. 80
Task completed!
Ran AdaPT. Time taken: 5.643 seconds
Ran Boca-Leek. Time taken: 0.072 seconds
Ran Clfdr-EM. Time taken: 0.501 seconds
Ran AdaPT-xgboost. Time taken: 3.479 seconds
Ran IHW-quantile. Time taken: 240.058 seconds
Ran IHW-forest. Time taken: 0.393 seconds
Ran BH. Time taken: 0.002 seconds
alpha = 0.1: FDPhat 0.1, Number of Rej. 80
Task completed!
Ran AdaPT. Time taken: 4.484 seconds
Ran Boca-Leek. Time taken: 0.071 seconds
Ran Clfdr-EM. Time taken: 0.254 seconds
Ran AdaPT-xgboost. Time taken: 2.286 seconds
Ran IHW-quantile. Time taken: 263.744 seconds
Ran IHW-forest. Time taken: 0.386 seconds
Ran BH. Time taken: 0.001 seconds
alpha = 0.1: FDPhat 0.0971, Number of Rej. 103
Task completed!
Ran AdaPT. Time taken: 3.99 seconds
Ran Boca-Leek. Time taken: 0.069 seconds
Ran Clfdr-EM. Time taken: 0.351 seconds
Ran AdaPT-xgboost. Time taken: 2.206 seconds
[1] "\n"
