WARNING: ignoring environment value of R_HOME
- One or more packages recorded in the lockfile are not installed.
- Use `renv::status()` for more details.

##------ Fri Aug 18 03:37:28 2023 ------##
##------ Fri Aug 18 03:37:28 2023 ------## 

simulation run:1/42
simulation run:2/42
simulation run:3/42
simulation run:4/42
simulation run:5/42
simulation run:6/42
simulation run:7/42
simulation run:8/42
simulation run:9/42
simulation run:10/42
simulation run:11/42
simulation run:12/42
simulation run:13/42
simulation run:14/42
simulation run:15/42
simulation run:16/42
simulation run:17/42
simulation run:18/42
simulation run:19/42
simulation run:20/42
simulation run:21/42
simulation run:22/42
simulation run:23/42
simulation run:24/42
simulation run:25/42
simulation run:26/42
simulation run:27/42
simulation run:28/42
simulation run:29/42
simulation run:30/42
simulation run:31/42
simulation run:32/42
simulation run:33/42
simulation run:34/42
simulation run:35/42
simulation run:36/42
simulation run:37/42
simulation run:38/42
simulation run:39/42
simulation run:40/42
simulation run:41/42
simulation run:42/42
Ran IHW-quantile. Time taken: 0.041 seconds
Ran IHW-quantile. Time taken: 0.002 seconds
Ran IHW-quantile. Time taken: 0.001 seconds
Ran IHW-forest. Time taken: 8.335 seconds
Ran IHW-forest. Time taken: 8.345 seconds
Ran BH. Time taken: 0.002 seconds
Ran IHW-forest. Time taken: 8.281 seconds
Ran BH. Time taken: 0.042 seconds
Ran BH. Time taken: 0.042 seconds
Ran IHW-quantile. Time taken: 20.489 seconds
Ran IHW-quantile. Time taken: 20.356 seconds
Ran IHW-quantile. Time taken: 22.533 seconds
Ran IHW-quantile. Time taken: 21.788 seconds
Ran IHW-quantile. Time taken: 22.73 seconds
Ran IHW-quantile. Time taken: 22.695 seconds
Ran IHW-quantile. Time taken: 22.192 seconds
Ran IHW-quantile. Time taken: 22.178 seconds
Ran IHW-quantile. Time taken: 23.513 seconds
Ran IHW-quantile. Time taken: 22.701 seconds
Ran IHW-quantile. Time taken: 23.077 seconds
Ran IHW-quantile. Time taken: 21.982 seconds
Ran IHW-quantile. Time taken: 21.527 seconds
Ran IHW-quantile. Time taken: 23.189 seconds
Ran IHW-quantile. Time taken: 21.43 seconds
Ran IHW-quantile. Time taken: 22.101 seconds
Ran IHW-quantile. Time taken: 23.085 seconds
Ran IHW-quantile. Time taken: 23.652 seconds
Ran IHW-quantile. Time taken: 23.557 seconds
Ran IHW-quantile. Time taken: 23.563 seconds
Ran IHW-quantile. Time taken: 24.06 seconds
Ran IHW-quantile. Time taken: 23.445 seconds
Ran IHW-quantile. Time taken: 22.553 seconds
Ran IHW-quantile. Time taken: 23.261 seconds
Ran IHW-quantile. Time taken: 23.832 seconds
Ran IHW-quantile. Time taken: 23.701 seconds
Ran IHW-quantile. Time taken: 24.442 seconds
Ran IHW-quantile. Time taken: 24.677 seconds
Ran IHW-forest. Time taken: 6.435 seconds
Ran IHW-forest. Time taken: 6.525 seconds
Ran IHW-forest. Time taken: 6.684 seconds
Ran IHW-forest. Time taken: 6.643 seconds
Ran IHW-forest. Time taken: 6.559 seconds
Ran IHW-forest. Time taken: 7.073 seconds
Ran IHW-forest. Time taken: 6.752 seconds
Ran IHW-forest. Time taken: 7.082 seconds
Ran BH. Time taken: 0.002 seconds
Ran IHW-forest. Time taken: 7.166 seconds
Ran IHW-forest. Time taken: 6.52 seconds
Ran BH. Time taken: 0.035 seconds
Ran IHW-forest. Time taken: 6.604 seconds
Ran IHW-forest. Time taken: 6.581 seconds
Ran IHW-forest. Time taken: 6.926 seconds
Ran IHW-forest. Time taken: 7.153 seconds
Ran BH. Time taken: 0.002 seconds
Ran IHW-forest. Time taken: 6.554 seconds
Ran IHW-forest. Time taken: 8.9 seconds
Ran BH. Time taken: 0.038 seconds
Ran BH. Time taken: 0.038 seconds
Ran IHW-forest. Time taken: 7.063 seconds
Ran IHW-forest. Time taken: 7.108 seconds
Ran BH. Time taken: 0.002 seconds
Ran BH. Time taken: 0.042 seconds
Ran IHW-forest. Time taken: 7.228 seconds
Ran BH. Time taken: 0.002 seconds
Ran IHW-forest. Time taken: 6.662 seconds
Ran IHW-forest. Time taken: 7.28 seconds
Ran BH. Time taken: 0.002 seconds
Ran BH. Time taken: 0.038 seconds
Ran BH. Time taken: 0.002 seconds
Ran IHW-forest. Time taken: 7.097 seconds
Ran IHW-forest. Time taken: 8.931 seconds
Ran BH. Time taken: 0.002 seconds
Ran BH. Time taken: 0.002 seconds
Ran BH. Time taken: 0.041 seconds
Ran BH. Time taken: 0.002 seconds
Ran IHW-forest. Time taken: 7.148 seconds
Ran BH. Time taken: 0.002 seconds
Ran IHW-forest. Time taken: 7.218 seconds
Ran IHW-forest. Time taken: 7.269 seconds
Ran IHW-forest. Time taken: 7.38 seconds
Ran IHW-forest. Time taken: 7.427 seconds
Ran BH. Time taken: 0.002 seconds
Ran BH. Time taken: 0.002 seconds
Ran BH. Time taken: 0.002 seconds
Ran BH. Time taken: 0.042 seconds
Ran BH. Time taken: 0.001 seconds
Ran BH. Time taken: 0.002 seconds
Ran BH. Time taken: 0.038 seconds
Ran BH. Time taken: 0.044 seconds
Ran BH. Time taken: 0.042 seconds
Ran BH. Time taken: 0.038 seconds
Ran BH. Time taken: 0.002 seconds
Ran BH. Time taken: 0.04 seconds
Ran IHW-quantile. Time taken: 57.769 seconds
Ran IHW-quantile. Time taken: 55.441 seconds
Ran IHW-quantile. Time taken: 57.053 seconds
Ran IHW-quantile. Time taken: 62.531 seconds
Ran IHW-forest. Time taken: 6.689 seconds
Ran IHW-forest. Time taken: 7.233 seconds
Ran BH. Time taken: 0.038 seconds
Ran IHW-forest. Time taken: 7.151 seconds
Ran BH. Time taken: 0.002 seconds
Ran BH. Time taken: 0.043 seconds
Ran IHW-forest. Time taken: 7.437 seconds
Ran BH. Time taken: 0.046 seconds
alpha = 0.1: FDPhat 0.0897, Number of Rej. 78
Task completed!
Ran AdaPT. Time taken: 54.07 seconds
alpha = 0.1: FDPhat 0.0985, Number of Rej. 132
Task completed!
Ran AdaPT. Time taken: 77.758 seconds
Ran Boca-Leek. Time taken: 1.047 seconds
alpha = 0.1: FDPhat 0.093, Number of Rej. 86
Task completed!
Ran AdaPT. Time taken: 57.442 seconds
Ran Boca-Leek. Time taken: 1.23 seconds
alpha = 0.1: FDPhat 0.1, Number of Rej. 60
Task completed!
Ran AdaPT. Time taken: 63.306 seconds
alpha = 0.1: FDPhat 0.0741, Number of Rej. 27
Task completed!
alpha = 0.1: FDPhat 0.0948, Number of Rej. 116
Task completed!
Ran AdaPT. Time taken: 63.914 seconds
Ran AdaPT. Time taken: 62.775 seconds
alpha = 0.1: FDPhat 0.098, Number of Rej. 51
Task completed!
Ran AdaPT. Time taken: 62.103 seconds
alpha = 0.1: FDPhat 0.096, Number of Rej. 125
Task completed!
Ran AdaPT. Time taken: 81.98 seconds
alpha = 0.1: FDPhat 0.098, Number of Rej. 51
Task completed!
Ran AdaPT. Time taken: 62.709 seconds
Ran Boca-Leek. Time taken: 1.068 seconds
alpha = 0.1: FDPhat 0.0952, Number of Rej. 42
Task completed!
Ran AdaPT. Time taken: 67.075 seconds
Ran Boca-Leek. Time taken: 1.033 seconds
Ran Boca-Leek. Time taken: 1.006 seconds
Ran Boca-Leek. Time taken: 1.039 seconds
Ran Boca-Leek. Time taken: 1.036 seconds
Ran Clfdr-EM. Time taken: 2.408 seconds
Ran Boca-Leek. Time taken: 1.059 seconds
Ran Boca-Leek. Time taken: 1.202 seconds
alpha = 0.1: FDPhat 0.0991, Number of Rej. 111
Task completed!
Ran AdaPT. Time taken: 66.299 seconds
alpha = 0.1: FDPhat 0.0948, Number of Rej. 116
Task completed!
Ran AdaPT. Time taken: 65.703 seconds
Ran Clfdr-EM. Time taken: 0.31 seconds
Ran Boca-Leek. Time taken: 1.03 seconds
Ran IHW-quantile. Time taken: 102.546 seconds
alpha = 0.1: FDPhat 0.0982, Number of Rej. 112
Task completed!
Ran AdaPT. Time taken: 68.688 seconds
alpha = 0.1: FDPhat 0.0988, Number of Rej. 81
Task completed!
Ran AdaPT. Time taken: 70.615 seconds
Ran AdaPT. Time taken: 70.746 seconds
Ran IHW-quantile. Time taken: 106.835 seconds
Ran Boca-Leek. Time taken: 1.02 seconds
Ran Clfdr-EM. Time taken: 3.399 seconds
Ran Clfdr-EM. Time taken: 8.641 seconds
alpha = 0.1: FDPhat 0.0928, Number of Rej. 97
Task completed!
Ran AdaPT. Time taken: 72.613 seconds
Ran Boca-Leek. Time taken: 1.138 seconds
Ran Boca-Leek. Time taken: 1.003 seconds
alpha = 0.1: FDPhat 0.069, Number of Rej. 29
Task completed!
Ran AdaPT. Time taken: 90.257 seconds
Ran Clfdr-EM. Time taken: 3.507 seconds
alpha = 0.1: FDPhat 0.1, Number of Rej. 110
Task completed!
Ran AdaPT. Time taken: 71.191 seconds
Ran Boca-Leek. Time taken: 1.049 seconds
Ran AdaPT. Time taken: 70.44 seconds
Ran Boca-Leek. Time taken: 1.135 seconds
alpha = 0.1: FDPhat 0.0962, Number of Rej. 52
Task completed!
alpha = 0.1: FDPhat 0.0952, Number of Rej. 42
Task completed!
Ran AdaPT. Time taken: 70.901 seconds
Ran AdaPT. Time taken: 73.813 seconds
Ran Boca-Leek. Time taken: 1.045 seconds
alpha = 0.1: FDPhat 0.0952, Number of Rej. 21
Task completed!
Ran AdaPT. Time taken: 75.309 seconds
alpha = 0.1: FDPhat 0.0968, Number of Rej. 62
Task completed!
Ran AdaPT. Time taken: 71.107 seconds
alpha = 0.1: FDPhat 0.0952, Number of Rej. 21
Task completed!
Ran AdaPT. Time taken: 75.176 seconds
alpha = 0.1: FDPhat 0.0989, Number of Rej. 91
Task completed!
Ran AdaPT. Time taken: 72.4 seconds
Ran Boca-Leek. Time taken: 1.246 seconds
Ran Boca-Leek. Time taken: 1.131 seconds
Ran IHW-quantile. Time taken: 111.288 seconds
Ran IHW-forest. Time taken: 6.593 seconds
Ran Clfdr-EM. Time taken: 4.286 seconds
Ran Boca-Leek. Time taken: 1.1 seconds
Ran Clfdr-EM. Time taken: 3.845 seconds
Ran Clfdr-EM. Time taken: 3.631 seconds
Ran Boca-Leek. Time taken: 1.134 seconds
Ran Boca-Leek. Time taken: 1.154 seconds
Ran Boca-Leek. Time taken: 1.089 seconds
alpha = 0.1: FDPhat 0.0921, Number of Rej. 76
Task completed!
Ran AdaPT. Time taken: 78.529 seconds
Ran Boca-Leek. Time taken: 1.095 seconds
Ran Boca-Leek. Time taken: 1.159 seconds
alpha = 0.1: FDPhat 0.0968, Number of Rej. 93
Task completed!
Ran AdaPT. Time taken: 76.73 seconds
Ran BH. Time taken: 0.034 seconds
Ran Clfdr-EM. Time taken: 0.394 seconds
Ran Boca-Leek. Time taken: 1.112 seconds
alpha = 0.1: FDPhat 0.092, Number of Rej. 87
Task completed!
Ran AdaPT. Time taken: 76.079 seconds
Ran IHW-forest. Time taken: 9.326 seconds
alpha = 0.1: FDPhat 0.1, Number of Rej. 50
Task completed!
Ran AdaPT. Time taken: 80.765 seconds
alpha = 0.1: FDPhat 0.087, Number of Rej. 23
Task completed!
Ran Boca-Leek. Time taken: 1.502 seconds
Ran AdaPT. Time taken: 82.671 seconds
Ran Clfdr-EM. Time taken: 3.73 seconds
Ran Boca-Leek. Time taken: 1.138 seconds
Ran Clfdr-EM. Time taken: 17.922 seconds
Ran Boca-Leek. Time taken: 1.052 seconds
Ran BH. Time taken: 0.066 seconds
Ran Clfdr-EM. Time taken: 16.935 seconds
Ran Clfdr-EM. Time taken: 8.771 seconds
alpha = 0.1: FDPhat 0.1, Number of Rej. 80
Task completed!
Ran AdaPT. Time taken: 82.006 seconds
Ran Boca-Leek. Time taken: 1.115 seconds
Ran Boca-Leek. Time taken: 1.088 seconds
Ran Clfdr-EM. Time taken: 18.261 seconds
Ran IHW-quantile. Time taken: 124.715 seconds
Ran IHW-forest. Time taken: 8.217 seconds
Ran Clfdr-EM. Time taken: 0.407 seconds
Ran Clfdr-EM. Time taken: 0.416 seconds
Ran Boca-Leek. Time taken: 1.344 seconds
Ran BH. Time taken: 0.002 seconds
Ran Clfdr-EM. Time taken: 8.628 seconds
Ran Clfdr-EM. Time taken: 14.385 seconds
Ran Clfdr-EM. Time taken: 7.958 seconds
Ran Clfdr-EM. Time taken: 25.894 seconds
Ran Clfdr-EM. Time taken: 12.91 seconds
Ran Clfdr-EM. Time taken: 33.377 seconds
Ran IHW-forest. Time taken: 12.437 seconds
Ran BH. Time taken: 0.002 seconds
Ran Clfdr-EM. Time taken: 24.324 seconds
Ran Clfdr-EM. Time taken: 12.483 seconds
Ran Clfdr-EM. Time taken: 33.712 seconds
Ran AdaPT-xgboost. Time taken: 43.356 seconds
Ran AdaPT-xgboost. Time taken: 42.357 seconds
Ran AdaPT-xgboost. Time taken: 31.619 seconds
Ran AdaPT-xgboost. Time taken: 41.659 seconds
Ran Clfdr-EM. Time taken: 38.966 seconds
Ran AdaPT. Time taken: 79.396 seconds
Ran AdaPT-xgboost. Time taken: 28.687 seconds
Ran AdaPT-xgboost. Time taken: 41.543 seconds
alpha = 0.1: FDPhat 0.0946, Number of Rej. 74
Task completed!
Ran AdaPT. Time taken: 83.74 seconds
alpha = 0.1: FDPhat 0.0909, Number of Rej. 11
Task completed!
Ran Clfdr-EM. Time taken: 36.342 seconds
Ran AdaPT. Time taken: 78.948 seconds
Ran AdaPT-xgboost. Time taken: 31.19 seconds
Ran Clfdr-EM. Time taken: 37.328 seconds
Ran Boca-Leek. Time taken: 0.995 seconds
Ran Clfdr-EM. Time taken: 37.459 seconds
Ran Clfdr-EM. Time taken: 38.237 seconds
alpha = 0.1: FDPhat 0.0976, Number of Rej. 123
Task completed!
Ran AdaPT. Time taken: 77.916 seconds
Ran Boca-Leek. Time taken: 0.807 seconds
Ran Boca-Leek. Time taken: 0.943 seconds
Ran AdaPT-xgboost. Time taken: 40.52 seconds
Ran Clfdr-EM. Time taken: 35.28 seconds
Ran Clfdr-EM. Time taken: 0.333 seconds
Ran AdaPT-xgboost. Time taken: 39.638 seconds
Ran Boca-Leek. Time taken: 0.832 seconds
Ran AdaPT-xgboost. Time taken: 29.205 seconds
Ran AdaPT-xgboost. Time taken: 29.737 seconds
Ran Clfdr-EM. Time taken: 0.28 seconds
Ran AdaPT-xgboost. Time taken: 38.753 seconds
Ran Clfdr-EM. Time taken: 1.07 seconds
Ran AdaPT-xgboost. Time taken: 36.203 seconds
Ran AdaPT-xgboost. Time taken: 37.86 seconds
Ran AdaPT-xgboost. Time taken: 28.53 seconds
Ran AdaPT-xgboost. Time taken: 28.882 seconds
Ran AdaPT-xgboost. Time taken: 33.556 seconds
Ran AdaPT-xgboost. Time taken: 28.025 seconds
Ran AdaPT-xgboost. Time taken: 31.539 seconds
Ran AdaPT-xgboost. Time taken: 33.011 seconds
Ran AdaPT-xgboost. Time taken: 24.035 seconds
Ran AdaPT-xgboost. Time taken: 23.576 seconds
Ran AdaPT-xgboost. Time taken: 13.687 seconds
Ran AdaPT-xgboost. Time taken: 26.82 seconds
Ran AdaPT-xgboost. Time taken: 18.015 seconds
Ran AdaPT-xgboost. Time taken: 17.292 seconds
Ran AdaPT-xgboost. Time taken: 16.634 seconds
Ran AdaPT-xgboost. Time taken: 16.259 seconds
Ran AdaPT-xgboost. Time taken: 22.438 seconds
Ran AdaPT-xgboost. Time taken: 13.188 seconds
Ran Clfdr-EM. Time taken: 19.046 seconds
Ran AdaPT-xgboost. Time taken: 19.886 seconds
Ran AdaPT. Time taken: 50.026 seconds
Ran Boca-Leek. Time taken: 0.202 seconds
alpha = 0.1: FDPhat 0.0973, Number of Rej. 113
Task completed!
Ran AdaPT. Time taken: 54.104 seconds
Ran Clfdr-EM. Time taken: 0.035 seconds
Ran AdaPT-xgboost. Time taken: 17.681 seconds
Ran Boca-Leek. Time taken: 0.266 seconds
alpha = 0.1: FDPhat 0.0957, Number of Rej. 94
Task completed!
Ran AdaPT. Time taken: 35.857 seconds
Ran AdaPT. Time taken: 61.926 seconds
Ran Boca-Leek. Time taken: 0.122 seconds
Ran Clfdr-EM. Time taken: 0.622 seconds
Ran Boca-Leek. Time taken: 0.287 seconds
Ran Clfdr-EM. Time taken: 0.966 seconds
Ran AdaPT-xgboost. Time taken: 4.191 seconds
Ran AdaPT-xgboost. Time taken: 9.006 seconds
Ran AdaPT-xgboost. Time taken: 7.8 seconds
Ran Clfdr-EM. Time taken: 5.963 seconds
Ran AdaPT-xgboost. Time taken: 6.923 seconds
Ran AdaPT-xgboost. Time taken: 3.755 seconds
Ran IHW-quantile. Time taken: 202.061 seconds
Ran IHW-forest. Time taken: 0.575 seconds
Ran BH. Time taken: 0.002 seconds
Ran AdaPT. Time taken: 7.594 seconds
Ran Boca-Leek. Time taken: 0.109 seconds
Ran Clfdr-EM. Time taken: 0.035 seconds
Ran AdaPT-xgboost. Time taken: 3.26 seconds
Ran IHW-quantile. Time taken: 224.128 seconds
Ran IHW-forest. Time taken: 0.425 seconds
Ran BH. Time taken: 0.002 seconds
Ran IHW-quantile. Time taken: 226.429 seconds
Ran IHW-forest. Time taken: 0.395 seconds
Ran BH. Time taken: 0.002 seconds
alpha = 0.1: FDPhat 0.0935, Number of Rej. 107
Task completed!
Ran AdaPT. Time taken: 4.187 seconds
Ran Boca-Leek. Time taken: 0.07 seconds
Ran Clfdr-EM. Time taken: 0.54 seconds
Ran AdaPT-xgboost. Time taken: 2.491 seconds
alpha = 0.1: FDPhat 0.0968, Number of Rej. 93
Task completed!
Ran AdaPT. Time taken: 5.72 seconds
Ran Boca-Leek. Time taken: 0.071 seconds
Ran Clfdr-EM. Time taken: 1.024 seconds
Ran AdaPT-xgboost. Time taken: 2.329 seconds
[1] "\n"
