
##------ Thu Aug 10 03:44:13 2023 ------##
##------ Thu Aug 10 03:44:13 2023 ------## 

simulation run:1/48
simulation run:2/48
simulation run:3/48
simulation run:4/48
simulation run:7/48
simulation run:5/48
simulation run:6/48
simulation run:9/48
simulation run:8/48
simulation run:10/48
simulation run:11/48
simulation run:12/48
simulation run:13/48
simulation run:14/48
simulation run:15/48
simulation run:16/48
simulation run:17/48
simulation run:18/48
simulation run:20/48
simulation run:19/48
simulation run:21/48
simulation run:22/48
simulation run:23/48
simulation run:24/48
simulation run:25/48
simulation run:26/48
simulation run:27/48
simulation run:28/48
simulation run:29/48
simulation run:30/48
simulation run:31/48
simulation run:32/48
simulation run:33/48
simulation run:34/48
simulation run:35/48
simulation run:36/48
simulation run:37/48
simulation run:38/48
simulation run:39/48
simulation run:40/48
simulation run:41/48
simulation run:42/48
simulation run:43/48
simulation run:44/48
simulation run:45/48
simulation run:46/48
simulation run:47/48
simulation run:48/48
alpha = 0.1: FDPhat 0.1, Number of Rej. 10
Task completed!
alpha = 0.1: FDPhat 0.0714, Number of Rej. 28
Task completed!
alpha = 0.1: FDPhat 0.087, Number of Rej. 23
Task completed!
alpha = 0.1: FDPhat 0.0833, Number of Rej. 48
Task completed!
alpha = 0.1: FDPhat 0.0909, Number of Rej. 33
Task completed!
alpha = 0.1: FDPhat 0.0968, Number of Rej. 31
Task completed!
alpha = 0.1: FDPhat 0.0769, Number of Rej. 13
Task completed!
alpha = 0.1: FDPhat 0.0909, Number of Rej. 33
Task completed!
alpha = 0.1: FDPhat 0.0625, Number of Rej. 16
Task completed!
alpha = 0.1: FDPhat 0.0833, Number of Rej. 12
Task completed!
alpha = 0.1: FDPhat 0.0909, Number of Rej. 22
Task completed!
alpha = 0.1: FDPhat 0.0926, Number of Rej. 54
Task completed!
alpha = 0.1: FDPhat 0.098, Number of Rej. 51
Task completed!
alpha = 0.1: FDPhat 0.0952, Number of Rej. 42
Task completed!
alpha = 0.1: FDPhat 0.0847, Number of Rej. 59
Task completed!
alpha = 0.1: FDPhat 0.1, Number of Rej. 40
Task completed!
alpha = 0.1: FDPhat 0.1, Number of Rej. 40
Task completed!
alpha = 0.1: FDPhat 0.0984, Number of Rej. 61
Task completed!
alpha = 0.1: FDPhat 0.0943, Number of Rej. 53
Task completed!
alpha = 0.1: FDPhat 0.087, Number of Rej. 23
Task completed!
alpha = 0.1: FDPhat 0.087, Number of Rej. 23
Task completed!
alpha = 0.1: FDPhat 0.1, Number of Rej. 60
Task completed!
alpha = 0.1: FDPhat 0.08, Number of Rej. 25
Task completed!
alpha = 0.1: FDPhat 0.0976, Number of Rej. 41
Task completed!
alpha = 0.1: FDPhat 0.0811, Number of Rej. 37
Task completed!
alpha = 0.1: FDPhat 0.0986, Number of Rej. 71
Task completed!
alpha = 0.1: FDPhat 0.1, Number of Rej. 70
Task completed!
alpha = 0.1: FDPhat 0.08, Number of Rej. 25
Task completed!
alpha = 0.1: FDPhat 0.0968, Number of Rej. 31
Task completed!
alpha = 0.1: FDPhat 0.1, Number of Rej. 10
Task completed!
alpha = 0.1: FDPhat 0.087, Number of Rej. 23
Task completed!
[1] "\n"
