- One or more packages recorded in the lockfile are not installed.
- Use `renv::status()` for more details.

##------ Sat Aug 19 01:28:29 2023 ------##
##------ Sat Aug 19 01:28:29 2023 ------## 

simulation run:1/90
simulation run:2/90
simulation run:3/90
simulation run:4/90
simulation run:7/90
simulation run:5/90
simulation run:6/90
simulation run:8/90
simulation run:9/90
simulation run:10/90
simulation run:11/90
simulation run:12/90
simulation run:13/90
simulation run:14/90
simulation run:15/90
simulation run:16/90
simulation run:17/90
simulation run:18/90
simulation run:19/90
simulation run:20/90
simulation run:21/90
simulation run:22/90
simulation run:23/90
simulation run:24/90
simulation run:25/90
simulation run:26/90
simulation run:27/90
simulation run:28/90
simulation run:29/90
simulation run:30/90
simulation run:31/90
simulation run:32/90
simulation run:33/90
simulation run:34/90
simulation run:35/90
simulation run:36/90
simulation run:37/90
simulation run:38/90
simulation run:39/90
simulation run:40/90
simulation run:41/90
simulation run:42/90
simulation run:43/90
simulation run:44/90
simulation run:45/90
simulation run:46/90
simulation run:47/90
simulation run:48/90
simulation run:49/90
simulation run:50/90
simulation run:51/90
simulation run:52/90
simulation run:53/90
simulation run:54/90
simulation run:55/90
Ran IHW-quantile. Time taken: 0.054 seconds
simulation run:56/90
simulation run:57/90
simulation run:58/90
simulation run:59/90
simulation run:60/90
simulation run:61/90
simulation run:62/90
simulation run:63/90
Ran IHW-quantile. Time taken: 0.001 seconds
simulation run:64/90
simulation run:65/90
simulation run:66/90
simulation run:67/90
simulation run:68/90
simulation run:69/90
simulation run:70/90
simulation run:71/90
