- One or more packages recorded in the lockfile are not installed.
- Use `renv::status()` for more details.

##------ Sat Aug 19 01:35:45 2023 ------##
##------ Sat Aug 19 01:35:45 2023 ------## 

simulation run:1/90
Ran IHW-quantile. Time taken: 36.861 seconds
Ran IHW-forest. Time taken: 0.349 seconds
Ran BH. Time taken: 0.002 seconds
Ran AdaPT. Time taken: 5.486 seconds
Ran Boca-Leek. Time taken: 0.065 seconds
Ran Clfdr-EM. Time taken: 0.022 seconds
Ran AdaPT-xgboost. Time taken: 2.125 seconds
simulation run:2/90
Ran IHW-quantile. Time taken: 50.948 seconds
Ran IHW-forest. Time taken: 0.304 seconds
Ran BH. Time taken: 0.001 seconds
alpha = 0.1: FDPhat 0.0968, Number of Rej. 124
Task completed!
Ran AdaPT. Time taken: 4.515 seconds
Ran Boca-Leek. Time taken: 0.083 seconds
Ran Clfdr-EM. Time taken: 0.288 seconds
Ran AdaPT-xgboost. Time taken: 0.005 seconds
simulation run:3/90
Ran IHW-quantile. Time taken: 5.58 seconds
Ran IHW-forest. Time taken: 0.291 seconds
Ran BH. Time taken: 0.002 seconds
Ran AdaPT. Time taken: 5.008 seconds
Ran Boca-Leek. Time taken: 0.064 seconds
Ran Clfdr-EM. Time taken: 0.008 seconds
Ran AdaPT-xgboost. Time taken: 0.005 seconds
simulation run:4/90
Ran IHW-quantile. Time taken: 5.536 seconds
Ran IHW-forest. Time taken: 0.299 seconds
Ran BH. Time taken: 0.002 seconds
alpha = 0.1: FDPhat 0.0952, Number of Rej. 63
Task completed!
Ran AdaPT. Time taken: 3.996 seconds
Ran Boca-Leek. Time taken: 0.066 seconds
Ran Clfdr-EM. Time taken: 0.021 seconds
Ran AdaPT-xgboost. Time taken: 0.006 seconds
simulation run:5/90
Ran IHW-quantile. Time taken: 1.127 seconds
Ran IHW-forest. Time taken: 0.295 seconds
Ran BH. Time taken: 0.002 seconds
alpha = 0.1: FDPhat 0.0909, Number of Rej. 33
Task completed!
Ran AdaPT. Time taken: 3.85 seconds
Ran Boca-Leek. Time taken: 0.063 seconds
Ran Clfdr-EM. Time taken: 1.843 seconds
Ran AdaPT-xgboost. Time taken: 0.006 seconds
simulation run:6/90
Ran IHW-quantile. Time taken: 1.193 seconds
Ran IHW-forest. Time taken: 0.305 seconds
Ran BH. Time taken: 0.003 seconds
alpha = 0.1: FDPhat 0.1, Number of Rej. 110
Task completed!
Ran AdaPT. Time taken: 3.289 seconds
Ran Boca-Leek. Time taken: 0.061 seconds
Ran Clfdr-EM. Time taken: 2.175 seconds
Ran AdaPT-xgboost. Time taken: 0.005 seconds
simulation run:7/90
Ran IHW-quantile. Time taken: 1.248 seconds
Ran IHW-forest. Time taken: 0.295 seconds
Ran BH. Time taken: 0.002 seconds
alpha = 0.1: FDPhat 0.1, Number of Rej. 100
Task completed!
Ran AdaPT. Time taken: 2.957 seconds
Ran Boca-Leek. Time taken: 0.063 seconds
Ran Clfdr-EM. Time taken: 1.773 seconds
Ran AdaPT-xgboost. Time taken: 0.006 seconds
simulation run:8/90
Ran IHW-quantile. Time taken: 1.103 seconds
Ran IHW-forest. Time taken: 0.29 seconds
Ran BH. Time taken: 0.002 seconds
Ran AdaPT. Time taken: 3.538 seconds
Ran Boca-Leek. Time taken: 0.064 seconds
Ran Clfdr-EM. Time taken: 2.003 seconds
Ran AdaPT-xgboost. Time taken: 0.006 seconds
simulation run:9/90
Ran IHW-quantile. Time taken: 1.155 seconds
Ran IHW-forest. Time taken: 0.297 seconds
Ran BH. Time taken: 0.002 seconds
alpha = 0.1: FDPhat 0.0968, Number of Rej. 62
Task completed!
Ran AdaPT. Time taken: 3.474 seconds
Ran Boca-Leek. Time taken: 0.062 seconds
Ran Clfdr-EM. Time taken: 1.764 seconds
Ran AdaPT-xgboost. Time taken: 0.006 seconds
simulation run:10/90
Ran IHW-quantile. Time taken: 3.008 seconds
Ran IHW-forest. Time taken: 0.304 seconds
Ran BH. Time taken: 0.003 seconds
alpha = 0.1: FDPhat 0.0966, Number of Rej. 145
Task completed!
Ran AdaPT. Time taken: 2.955 seconds
Ran Boca-Leek. Time taken: 0.063 seconds
Ran Clfdr-EM. Time taken: 1.944 seconds
Ran AdaPT-xgboost. Time taken: 0.006 seconds
simulation run:11/90
Ran IHW-quantile. Time taken: 1.248 seconds
Ran IHW-forest. Time taken: 0.3 seconds
Ran BH. Time taken: 0.003 seconds
alpha = 0.1: FDPhat 0.0946, Number of Rej. 74
Task completed!
Ran AdaPT. Time taken: 3.518 seconds
Ran Boca-Leek. Time taken: 0.062 seconds
Ran Clfdr-EM. Time taken: 1.871 seconds
Ran AdaPT-xgboost. Time taken: 0.006 seconds
simulation run:12/90
Ran IHW-quantile. Time taken: 1.069 seconds
Ran IHW-forest. Time taken: 0.293 seconds
Ran BH. Time taken: 0.003 seconds
Ran AdaPT. Time taken: 3.838 seconds
Ran Boca-Leek. Time taken: 0.061 seconds
Ran Clfdr-EM. Time taken: 1.774 seconds
Ran AdaPT-xgboost. Time taken: 0.007 seconds
simulation run:13/90
Ran IHW-quantile. Time taken: 1.235 seconds
Ran IHW-forest. Time taken: 0.299 seconds
Ran BH. Time taken: 0.003 seconds
alpha = 0.1: FDPhat 0.0917, Number of Rej. 109
Task completed!
Ran AdaPT. Time taken: 3.38 seconds
Ran Boca-Leek. Time taken: 0.063 seconds
Ran Clfdr-EM. Time taken: 0.609 seconds
Ran AdaPT-xgboost. Time taken: 0.006 seconds
simulation run:14/90
Ran IHW-quantile. Time taken: 1.06 seconds
Ran IHW-forest. Time taken: 0.291 seconds
Ran BH. Time taken: 0.003 seconds
alpha = 0.1: FDPhat 0.0833, Number of Rej. 36
Task completed!
Ran AdaPT. Time taken: 4.716 seconds
Ran Boca-Leek. Time taken: 0.062 seconds
Ran Clfdr-EM. Time taken: 0.008 seconds
Ran AdaPT-xgboost. Time taken: 0.006 seconds
simulation run:15/90
Ran IHW-quantile. Time taken: 1.204 seconds
Ran IHW-forest. Time taken: 0.298 seconds
Ran BH. Time taken: 0.003 seconds
alpha = 0.1: FDPhat 0.0941, Number of Rej. 85
Task completed!
Ran AdaPT. Time taken: 3.562 seconds
Ran Boca-Leek. Time taken: 0.063 seconds
Ran Clfdr-EM. Time taken: 1.792 seconds
Ran AdaPT-xgboost. Time taken: 0.006 seconds
simulation run:16/90
Ran IHW-quantile. Time taken: 1.031 seconds
Ran IHW-forest. Time taken: 0.287 seconds
Ran BH. Time taken: 0.003 seconds
Ran AdaPT. Time taken: 4.235 seconds
Ran Boca-Leek. Time taken: 0.062 seconds
Ran Clfdr-EM. Time taken: 0.008 seconds
Ran AdaPT-xgboost. Time taken: 0.006 seconds
simulation run:17/90
Ran IHW-quantile. Time taken: 1.262 seconds
Ran IHW-forest. Time taken: 0.305 seconds
Ran BH. Time taken: 0.002 seconds
alpha = 0.1: FDPhat 0.0982, Number of Rej. 112
Task completed!
Ran AdaPT. Time taken: 3.728 seconds
Ran Boca-Leek. Time taken: 0.062 seconds
Ran Clfdr-EM. Time taken: 1.113 seconds
Ran AdaPT-xgboost. Time taken: 0.006 seconds
simulation run:18/90
Ran IHW-quantile. Time taken: 1.125 seconds
Ran IHW-forest. Time taken: 0.293 seconds
Ran BH. Time taken: 0.002 seconds
alpha = 0.1: FDPhat 0.0833, Number of Rej. 48
Task completed!
Ran AdaPT. Time taken: 3.365 seconds
Ran Boca-Leek. Time taken: 0.062 seconds
Ran Clfdr-EM. Time taken: 1.769 seconds
Ran AdaPT-xgboost. Time taken: 0.006 seconds
simulation run:19/90
Ran IHW-quantile. Time taken: 36.664 seconds
Ran IHW-forest. Time taken: 0.296 seconds
Ran BH. Time taken: 0.002 seconds
Ran AdaPT. Time taken: 4.625 seconds
Ran Boca-Leek. Time taken: 0.066 seconds
Ran Clfdr-EM. Time taken: 0.021 seconds
Ran AdaPT-xgboost. Time taken: 0.006 seconds
simulation run:20/90
Ran IHW-quantile. Time taken: 1.033 seconds
Ran IHW-forest. Time taken: 0.291 seconds
Ran BH. Time taken: 0.002 seconds
alpha = 0.1: FDPhat 0.0588, Number of Rej. 17
Task completed!
Ran AdaPT. Time taken: 4.885 seconds
Ran Boca-Leek. Time taken: 0.063 seconds
Ran Clfdr-EM. Time taken: 0.049 seconds
Ran AdaPT-xgboost. Time taken: 0.006 seconds
simulation run:21/90
Ran IHW-quantile. Time taken: 0.001 seconds
Ran IHW-forest. Time taken: 0.298 seconds
Ran BH. Time taken: 0.002 seconds
Ran AdaPT. Time taken: 4.71 seconds
Ran Boca-Leek. Time taken: 0.068 seconds
Ran Clfdr-EM. Time taken: 0.023 seconds
Ran AdaPT-xgboost. Time taken: 0.006 seconds
simulation run:22/90
Ran IHW-quantile. Time taken: 1.102 seconds
Ran IHW-forest. Time taken: 0.299 seconds
Ran BH. Time taken: 0.003 seconds
alpha = 0.1: FDPhat 0.093, Number of Rej. 86
Task completed!
Ran AdaPT. Time taken: 3.007 seconds
Ran Boca-Leek. Time taken: 0.063 seconds
Ran Clfdr-EM. Time taken: 0.019 seconds
Ran AdaPT-xgboost. Time taken: 0.005 seconds
simulation run:23/90
Ran IHW-quantile. Time taken: 1.152 seconds
Ran IHW-forest. Time taken: 0.293 seconds
Ran BH. Time taken: 0.003 seconds
alpha = 0.1: FDPhat 0.0933, Number of Rej. 75
Task completed!
Ran AdaPT. Time taken: 3.424 seconds
Ran Boca-Leek. Time taken: 0.063 seconds
Ran Clfdr-EM. Time taken: 1.769 seconds
Ran AdaPT-xgboost. Time taken: 0.006 seconds
simulation run:24/90
Ran IHW-quantile. Time taken: 1.214 seconds
Ran IHW-forest. Time taken: 0.297 seconds
Ran BH. Time taken: 0.003 seconds
alpha = 0.1: FDPhat 0.1, Number of Rej. 90
Task completed!
Ran AdaPT. Time taken: 3.48 seconds
Ran Boca-Leek. Time taken: 0.063 seconds
Ran Clfdr-EM. Time taken: 1.8 seconds
Ran AdaPT-xgboost. Time taken: 0.006 seconds
simulation run:25/90
Ran IHW-quantile. Time taken: 1.201 seconds
Ran IHW-forest. Time taken: 0.3 seconds
Ran BH. Time taken: 0.003 seconds
alpha = 0.1: FDPhat 0.1, Number of Rej. 120
Task completed!
Ran AdaPT. Time taken: 3.52 seconds
Ran Boca-Leek. Time taken: 0.062 seconds
Ran Clfdr-EM. Time taken: 1.826 seconds
Ran AdaPT-xgboost. Time taken: 0.006 seconds
simulation run:26/90
Ran IHW-quantile. Time taken: 1.197 seconds
Ran IHW-forest. Time taken: 0.293 seconds
Ran BH. Time taken: 0.003 seconds
alpha = 0.1: FDPhat 0.0952, Number of Rej. 84
Task completed!
Ran AdaPT. Time taken: 3.16 seconds
Ran Boca-Leek. Time taken: 0.061 seconds
Ran Clfdr-EM. Time taken: 2.12 seconds
Ran AdaPT-xgboost. Time taken: 0.007 seconds
simulation run:27/90
Ran IHW-quantile. Time taken: 1.089 seconds
Ran IHW-forest. Time taken: 0.294 seconds
Ran BH. Time taken: 0.002 seconds
alpha = 0.1: FDPhat 0.0833, Number of Rej. 36
Task completed!
Ran AdaPT. Time taken: 3.524 seconds
Ran Boca-Leek. Time taken: 0.062 seconds
Ran Clfdr-EM. Time taken: 0.039 seconds
Ran AdaPT-xgboost. Time taken: 0.005 seconds
simulation run:28/90
Ran IHW-quantile. Time taken: 1.241 seconds
Ran IHW-forest. Time taken: 0.305 seconds
Ran BH. Time taken: 0.002 seconds
alpha = 0.1: FDPhat 0.096, Number of Rej. 125
Task completed!
Ran AdaPT. Time taken: 2.786 seconds
Ran Boca-Leek. Time taken: 0.061 seconds
Ran Clfdr-EM. Time taken: 1.759 seconds
Ran AdaPT-xgboost. Time taken: 0.006 seconds
simulation run:29/90
Ran IHW-quantile. Time taken: 0.001 seconds
Ran IHW-forest. Time taken: 0.297 seconds
Ran BH. Time taken: 0.002 seconds
alpha = 0.1: FDPhat 0.0833, Number of Rej. 36
Task completed!
Ran AdaPT. Time taken: 4.694 seconds
Ran Boca-Leek. Time taken: 0.067 seconds
Ran Clfdr-EM. Time taken: 0.023 seconds
Ran AdaPT-xgboost. Time taken: 0.006 seconds
simulation run:30/90
Ran IHW-quantile. Time taken: 0.001 seconds
Ran IHW-forest. Time taken: 0.307 seconds
Ran BH. Time taken: 0.002 seconds
alpha = 0.1: FDPhat 0.0968, Number of Rej. 93
Task completed!
Ran AdaPT. Time taken: 4.982 seconds
Ran Boca-Leek. Time taken: 0.069 seconds
Ran Clfdr-EM. Time taken: 0.046 seconds
Ran AdaPT-xgboost. Time taken: 0.006 seconds
simulation run:31/90
Ran IHW-quantile. Time taken: 1.194 seconds
Ran IHW-forest. Time taken: 0.298 seconds
Ran BH. Time taken: 0.003 seconds
alpha = 0.1: FDPhat 0.0847, Number of Rej. 59
Task completed!
Ran AdaPT. Time taken: 3.401 seconds
Ran Boca-Leek. Time taken: 0.062 seconds
Ran Clfdr-EM. Time taken: 1.778 seconds
Ran AdaPT-xgboost. Time taken: 0.006 seconds
simulation run:32/90
Ran IHW-quantile. Time taken: 1.273 seconds
Ran IHW-forest. Time taken: 0.299 seconds
Ran BH. Time taken: 0.002 seconds
alpha = 0.1: FDPhat 0.0957, Number of Rej. 94
Task completed!
Ran AdaPT. Time taken: 2.965 seconds
Ran Boca-Leek. Time taken: 0.062 seconds
Ran Clfdr-EM. Time taken: 1.783 seconds
Ran AdaPT-xgboost. Time taken: 0.007 seconds
simulation run:33/90
Ran IHW-quantile. Time taken: 0.001 seconds
Ran IHW-forest. Time taken: 0.299 seconds
Ran BH. Time taken: 0.002 seconds
alpha = 0.1: FDPhat 0.0769, Number of Rej. 13
Task completed!
Ran AdaPT. Time taken: 4.725 seconds
Ran Boca-Leek. Time taken: 0.068 seconds
Ran Clfdr-EM. Time taken: 0.01 seconds
Ran AdaPT-xgboost. Time taken: 0.006 seconds
simulation run:34/90
Ran IHW-quantile. Time taken: 29.52 seconds
Ran IHW-forest. Time taken: 0.301 seconds
Ran BH. Time taken: 0.003 seconds
alpha = 0.1: FDPhat 0.0816, Number of Rej. 49
Task completed!
Ran AdaPT. Time taken: 4.389 seconds
Ran Boca-Leek. Time taken: 0.067 seconds
Ran Clfdr-EM. Time taken: 0.021 seconds
Ran AdaPT-xgboost. Time taken: 0.007 seconds
simulation run:35/90
Ran IHW-quantile. Time taken: 1.181 seconds
Ran IHW-forest. Time taken: 0.298 seconds
Ran BH. Time taken: 0.003 seconds
alpha = 0.1: FDPhat 0.0959, Number of Rej. 73
Task completed!
Ran AdaPT. Time taken: 3.553 seconds
Ran Boca-Leek. Time taken: 0.063 seconds
Ran Clfdr-EM. Time taken: 1.882 seconds
Ran AdaPT-xgboost. Time taken: 0.005 seconds
simulation run:36/90
Ran IHW-quantile. Time taken: 1.05 seconds
Ran IHW-forest. Time taken: 0.291 seconds
Ran BH. Time taken: 0.003 seconds
alpha = 0.1: FDPhat 0.0909, Number of Rej. 22
Task completed!
Ran AdaPT. Time taken: 4.052 seconds
Ran Boca-Leek. Time taken: 0.064 seconds
Ran Clfdr-EM. Time taken: 0.008 seconds
Ran AdaPT-xgboost. Time taken: 0.005 seconds
simulation run:37/90
Ran IHW-quantile. Time taken: 1.242 seconds
Ran IHW-forest. Time taken: 0.307 seconds
Ran BH. Time taken: 0.003 seconds
alpha = 0.1: FDPhat 0.0964, Number of Rej. 83
Task completed!
Ran AdaPT. Time taken: 3.682 seconds
Ran Boca-Leek. Time taken: 0.064 seconds
Ran Clfdr-EM. Time taken: 1.784 seconds
Ran AdaPT-xgboost. Time taken: 0.007 seconds
simulation run:38/90
Ran IHW-quantile. Time taken: 1.06 seconds
Ran IHW-forest. Time taken: 0.287 seconds
Ran BH. Time taken: 0.004 seconds
Ran AdaPT. Time taken: 3.541 seconds
Ran Boca-Leek. Time taken: 0.062 seconds
Ran Clfdr-EM. Time taken: 1.752 seconds
Ran AdaPT-xgboost. Time taken: 0.006 seconds
simulation run:39/90
Ran IHW-quantile. Time taken: 1.202 seconds
Ran IHW-forest. Time taken: 0.294 seconds
Ran BH. Time taken: 0.003 seconds
alpha = 0.1: FDPhat 0.0952, Number of Rej. 63
Task completed!
Ran AdaPT. Time taken: 3.881 seconds
Ran Boca-Leek. Time taken: 0.062 seconds
Ran Clfdr-EM. Time taken: 1.772 seconds
Ran AdaPT-xgboost. Time taken: 0.005 seconds
simulation run:40/90
Ran IHW-quantile. Time taken: 3.099 seconds
Ran IHW-forest. Time taken: 0.304 seconds
Ran BH. Time taken: 0.003 seconds
alpha = 0.1: FDPhat 0.0982, Number of Rej. 112
Task completed!
Ran AdaPT. Time taken: 3.536 seconds
Ran Boca-Leek. Time taken: 0.064 seconds
Ran Clfdr-EM. Time taken: 0.402 seconds
Ran AdaPT-xgboost. Time taken: 0.007 seconds
simulation run:41/90
Ran IHW-quantile. Time taken: 2.653 seconds
Ran IHW-forest. Time taken: 0.3 seconds
Ran BH. Time taken: 0.003 seconds
alpha = 0.1: FDPhat 0.1, Number of Rej. 60
Task completed!
Ran AdaPT. Time taken: 3.564 seconds
Ran Boca-Leek. Time taken: 0.064 seconds
Ran Clfdr-EM. Time taken: 1.638 seconds
Ran AdaPT-xgboost. Time taken: 0.006 seconds
simulation run:42/90
Ran IHW-quantile. Time taken: 1.213 seconds
Ran IHW-forest. Time taken: 0.301 seconds
Ran BH. Time taken: 0.002 seconds
alpha = 0.1: FDPhat 0.0976, Number of Rej. 82
Task completed!
Ran AdaPT. Time taken: 3.605 seconds
Ran Boca-Leek. Time taken: 0.063 seconds
Ran Clfdr-EM. Time taken: 2.104 seconds
Ran AdaPT-xgboost. Time taken: 0.006 seconds
simulation run:43/90
Ran IHW-quantile. Time taken: 6.593 seconds
Ran IHW-forest. Time taken: 0.31 seconds
Ran BH. Time taken: 0.003 seconds
alpha = 0.1: FDPhat 0.097, Number of Rej. 165
Task completed!
Ran AdaPT. Time taken: 3.478 seconds
Ran Boca-Leek. Time taken: 0.066 seconds
Ran Clfdr-EM. Time taken: 0.588 seconds
Ran AdaPT-xgboost. Time taken: 0.007 seconds
simulation run:44/90
Ran IHW-quantile. Time taken: 6.435 seconds
Ran IHW-forest. Time taken: 0.29 seconds
Ran BH. Time taken: 0.002 seconds
Ran AdaPT. Time taken: 4.286 seconds
Ran Boca-Leek. Time taken: 0.065 seconds
Ran Clfdr-EM. Time taken: 0.166 seconds
Ran AdaPT-xgboost. Time taken: 0.006 seconds
simulation run:45/90
Ran IHW-quantile. Time taken: 1.104 seconds
Ran IHW-forest. Time taken: 0.294 seconds
Ran BH. Time taken: 0.004 seconds
alpha = 0.1: FDPhat 0.0909, Number of Rej. 22
Task completed!
Ran AdaPT. Time taken: 3.527 seconds
Ran Boca-Leek. Time taken: 0.063 seconds
Ran Clfdr-EM. Time taken: 1.933 seconds
Ran AdaPT-xgboost. Time taken: 0.006 seconds
simulation run:46/90
Ran IHW-quantile. Time taken: 0.001 seconds
Ran IHW-forest. Time taken: 0.309 seconds
Ran BH. Time taken: 0.003 seconds
alpha = 0.1: FDPhat 0.0991, Number of Rej. 111
Task completed!
Ran AdaPT. Time taken: 4.08 seconds
Ran Boca-Leek. Time taken: 0.068 seconds
Ran Clfdr-EM. Time taken: 0.023 seconds
Ran AdaPT-xgboost. Time taken: 0.006 seconds
simulation run:47/90
Ran IHW-quantile. Time taken: 21.586 seconds
Ran IHW-forest. Time taken: 0.293 seconds
Ran BH. Time taken: 0.003 seconds
Ran AdaPT. Time taken: 4.929 seconds
Ran Boca-Leek. Time taken: 0.067 seconds
Ran Clfdr-EM. Time taken: 0.185 seconds
Ran AdaPT-xgboost. Time taken: 0.007 seconds
simulation run:48/90
Ran IHW-quantile. Time taken: 1.269 seconds
Ran IHW-forest. Time taken: 0.295 seconds
Ran BH. Time taken: 0.003 seconds
alpha = 0.1: FDPhat 0.0946, Number of Rej. 74
Task completed!
Ran AdaPT. Time taken: 3.876 seconds
Ran Boca-Leek. Time taken: 0.065 seconds
Ran Clfdr-EM. Time taken: 1.849 seconds
Ran AdaPT-xgboost. Time taken: 0.006 seconds
simulation run:49/90
Ran IHW-quantile. Time taken: 2.871 seconds
Ran IHW-forest. Time taken: 0.295 seconds
Ran BH. Time taken: 0.002 seconds
Ran AdaPT. Time taken: 4.016 seconds
Ran Boca-Leek. Time taken: 0.063 seconds
Ran Clfdr-EM. Time taken: 0.019 seconds
Ran AdaPT-xgboost. Time taken: 0.006 seconds
simulation run:50/90
Ran IHW-quantile. Time taken: 1.233 seconds
Ran IHW-forest. Time taken: 0.298 seconds
Ran BH. Time taken: 0.003 seconds
alpha = 0.1: FDPhat 0.0968, Number of Rej. 93
Task completed!
Ran AdaPT. Time taken: 3.158 seconds
Ran Boca-Leek. Time taken: 0.062 seconds
Ran Clfdr-EM. Time taken: 1.786 seconds
Ran AdaPT-xgboost. Time taken: 0.006 seconds
simulation run:51/90
Ran IHW-quantile. Time taken: 44.351 seconds
Ran IHW-forest. Time taken: 0.3 seconds
Ran BH. Time taken: 0.003 seconds
alpha = 0.1: FDPhat 0.1, Number of Rej. 90
Task completed!
Ran AdaPT. Time taken: 3.366 seconds
Ran Boca-Leek. Time taken: 0.066 seconds
Ran Clfdr-EM. Time taken: 0.282 seconds
Ran AdaPT-xgboost. Time taken: 0.006 seconds
simulation run:52/90
Ran IHW-quantile. Time taken: 1.088 seconds
Ran IHW-forest. Time taken: 0.29 seconds
Ran BH. Time taken: 0.002 seconds
alpha = 0.1: FDPhat 0.0769, Number of Rej. 13
Task completed!
Ran AdaPT. Time taken: 3.438 seconds
Ran Boca-Leek. Time taken: 0.062 seconds
Ran Clfdr-EM. Time taken: 0.019 seconds
Ran AdaPT-xgboost. Time taken: 0.006 seconds
simulation run:53/90
Ran IHW-quantile. Time taken: 1.113 seconds
Ran IHW-forest. Time taken: 0.294 seconds
Ran BH. Time taken: 0.003 seconds
alpha = 0.1: FDPhat 0.1, Number of Rej. 10
Task completed!
Ran AdaPT. Time taken: 3.422 seconds
Ran Boca-Leek. Time taken: 0.063 seconds
Ran Clfdr-EM. Time taken: 0.019 seconds
Ran AdaPT-xgboost. Time taken: 0.005 seconds
simulation run:54/90
Ran IHW-quantile. Time taken: 1.268 seconds
Ran IHW-forest. Time taken: 0.308 seconds
Ran BH. Time taken: 0.003 seconds
alpha = 0.1: FDPhat 0.0947, Number of Rej. 95
Task completed!
Ran AdaPT. Time taken: 3.42 seconds
Ran Boca-Leek. Time taken: 0.062 seconds
Ran Clfdr-EM. Time taken: 1.824 seconds
Ran AdaPT-xgboost. Time taken: 0.006 seconds
simulation run:55/90
Ran IHW-quantile. Time taken: 1.11 seconds
Ran IHW-forest. Time taken: 0.302 seconds
Ran BH. Time taken: 0.003 seconds
alpha = 0.1: FDPhat 0.0988, Number of Rej. 81
Task completed!
Ran AdaPT. Time taken: 3.367 seconds
Ran Boca-Leek. Time taken: 0.062 seconds
Ran Clfdr-EM. Time taken: 0.275 seconds
Ran AdaPT-xgboost. Time taken: 0.007 seconds
simulation run:56/90
Ran IHW-quantile. Time taken: 5.545 seconds
Ran IHW-forest. Time taken: 0.291 seconds
Ran BH. Time taken: 0.004 seconds
Ran AdaPT. Time taken: 5.136 seconds
Ran Boca-Leek. Time taken: 0.066 seconds
Ran Clfdr-EM. Time taken: 0.009 seconds
Ran AdaPT-xgboost. Time taken: 0.006 seconds
simulation run:57/90
Ran IHW-quantile. Time taken: 1.08 seconds
Ran IHW-forest. Time taken: 0.292 seconds
Ran BH. Time taken: 0.003 seconds
alpha = 0.1: FDPhat 0.0976, Number of Rej. 41
Task completed!
Ran AdaPT. Time taken: 3.42 seconds
Ran Boca-Leek. Time taken: 0.062 seconds
Ran Clfdr-EM. Time taken: 0.018 seconds
Ran AdaPT-xgboost. Time taken: 0.006 seconds
simulation run:58/90
Ran IHW-quantile. Time taken: 3.477 seconds
Ran IHW-forest. Time taken: 0.309 seconds
Ran BH. Time taken: 0.003 seconds
alpha = 0.1: FDPhat 0.0899, Number of Rej. 89
Task completed!
Ran AdaPT. Time taken: 4.019 seconds
Ran Boca-Leek. Time taken: 0.064 seconds
Ran Clfdr-EM. Time taken: 0.507 seconds
Ran AdaPT-xgboost. Time taken: 0.007 seconds
simulation run:59/90
Ran IHW-quantile. Time taken: 0.001 seconds
Ran IHW-forest. Time taken: 0.31 seconds
Ran BH. Time taken: 0.003 seconds
alpha = 0.1: FDPhat 0.096, Number of Rej. 125
Task completed!
Ran AdaPT. Time taken: 3.97 seconds
Ran Boca-Leek. Time taken: 0.068 seconds
Ran Clfdr-EM. Time taken: 0.181 seconds
Ran AdaPT-xgboost. Time taken: 0.007 seconds
simulation run:60/90
Ran IHW-quantile. Time taken: 1.217 seconds
Ran IHW-forest. Time taken: 0.291 seconds
Ran BH. Time taken: 0.003 seconds
alpha = 0.1: FDPhat 0.1, Number of Rej. 40
Task completed!
Ran AdaPT. Time taken: 3.456 seconds
Ran Boca-Leek. Time taken: 0.062 seconds
Ran Clfdr-EM. Time taken: 1.764 seconds
Ran AdaPT-xgboost. Time taken: 0.006 seconds
simulation run:61/90
Ran IHW-quantile. Time taken: 1.216 seconds
Ran IHW-forest. Time taken: 0.297 seconds
Ran BH. Time taken: 0.004 seconds
alpha = 0.1: FDPhat 0.0993, Number of Rej. 141
Task completed!
Ran AdaPT. Time taken: 3.268 seconds
Ran Boca-Leek. Time taken: 0.063 seconds
Ran Clfdr-EM. Time taken: 0.656 seconds
Ran AdaPT-xgboost. Time taken: 0.006 seconds
simulation run:62/90
Ran IHW-quantile. Time taken: 2.593 seconds
Ran IHW-forest. Time taken: 0.296 seconds
Ran BH. Time taken: 0.002 seconds
alpha = 0.1: FDPhat 0.0588, Number of Rej. 17
Task completed!
Ran AdaPT. Time taken: 4.085 seconds
Ran Boca-Leek. Time taken: 0.065 seconds
Ran Clfdr-EM. Time taken: 0.008 seconds
Ran AdaPT-xgboost. Time taken: 0.006 seconds
simulation run:63/90
Ran IHW-quantile. Time taken: 1.157 seconds
Ran IHW-forest. Time taken: 0.295 seconds
Ran BH. Time taken: 0.004 seconds
alpha = 0.1: FDPhat 0.1, Number of Rej. 40
Task completed!
Ran AdaPT. Time taken: 3.706 seconds
Ran Boca-Leek. Time taken: 0.062 seconds
Ran Clfdr-EM. Time taken: 2.129 seconds
Ran AdaPT-xgboost. Time taken: 0.006 seconds
simulation run:64/90
Ran IHW-quantile. Time taken: 6.464 seconds
Ran IHW-forest. Time taken: 0.296 seconds
Ran BH. Time taken: 0.003 seconds
alpha = 0.1: FDPhat 0.0877, Number of Rej. 57
Task completed!
Ran AdaPT. Time taken: 4.012 seconds
Ran Boca-Leek. Time taken: 0.065 seconds
Ran Clfdr-EM. Time taken: 2.316 seconds
Ran AdaPT-xgboost. Time taken: 0.006 seconds
simulation run:65/90
Ran IHW-quantile. Time taken: 2.57 seconds
Ran IHW-forest. Time taken: 0.284 seconds
Ran BH. Time taken: 0.003 seconds
Ran AdaPT. Time taken: 3.963 seconds
Ran Boca-Leek. Time taken: 0.065 seconds
Ran Clfdr-EM. Time taken: 0.019 seconds
Ran AdaPT-xgboost. Time taken: 0.006 seconds
simulation run:66/90
Ran IHW-quantile. Time taken: 1.22 seconds
Ran IHW-forest. Time taken: 0.293 seconds
Ran BH. Time taken: 0.003 seconds
alpha = 0.1: FDPhat 0.099, Number of Rej. 101
Task completed!
Ran AdaPT. Time taken: 2.848 seconds
Ran Boca-Leek. Time taken: 0.063 seconds
Ran Clfdr-EM. Time taken: 1.748 seconds
Ran AdaPT-xgboost. Time taken: 0.006 seconds
simulation run:67/90
Ran IHW-quantile. Time taken: 1.262 seconds
Ran IHW-forest. Time taken: 0.304 seconds
Ran BH. Time taken: 0.003 seconds
alpha = 0.1: FDPhat 0.1, Number of Rej. 130
Task completed!
Ran AdaPT. Time taken: 2.715 seconds
Ran Boca-Leek. Time taken: 0.063 seconds
Ran Clfdr-EM. Time taken: 1.75 seconds
Ran AdaPT-xgboost. Time taken: 0.006 seconds
simulation run:68/90
Ran IHW-quantile. Time taken: 0.001 seconds
Ran IHW-forest. Time taken: 0.309 seconds
Ran BH. Time taken: 0.003 seconds
alpha = 0.1: FDPhat 0.0957, Number of Rej. 115
Task completed!
Ran AdaPT. Time taken: 4.552 seconds
Ran Boca-Leek. Time taken: 0.07 seconds
Ran Clfdr-EM. Time taken: 2.275 seconds
Ran AdaPT-xgboost. Time taken: 0.007 seconds
simulation run:69/90
Ran IHW-quantile. Time taken: 1.174 seconds
Ran IHW-forest. Time taken: 0.307 seconds
Ran BH. Time taken: 0.002 seconds
alpha = 0.1: FDPhat 0.0918, Number of Rej. 98
Task completed!
Ran AdaPT. Time taken: 3.621 seconds
Ran Boca-Leek. Time taken: 0.063 seconds
Ran Clfdr-EM. Time taken: 0.559 seconds
Ran AdaPT-xgboost. Time taken: 0.005 seconds
simulation run:70/90
Ran IHW-quantile. Time taken: 1.191 seconds
Ran IHW-forest. Time taken: 0.297 seconds
Ran BH. Time taken: 0.004 seconds
alpha = 0.1: FDPhat 0.0857, Number of Rej. 35
Task completed!
Ran AdaPT. Time taken: 3.89 seconds
Ran Boca-Leek. Time taken: 0.062 seconds
Ran Clfdr-EM. Time taken: 1.764 seconds
Ran AdaPT-xgboost. Time taken: 0.006 seconds
simulation run:71/90
Ran IHW-quantile. Time taken: 1.109 seconds
Ran IHW-forest. Time taken: 0.294 seconds
Ran BH. Time taken: 0.003 seconds
alpha = 0.1: FDPhat 0.0909, Number of Rej. 55
Task completed!
Ran AdaPT. Time taken: 3.266 seconds
Ran Boca-Leek. Time taken: 0.063 seconds
Ran Clfdr-EM. Time taken: 0.039 seconds
Ran AdaPT-xgboost. Time taken: 0.006 seconds
simulation run:72/90
Ran IHW-quantile. Time taken: 1.298 seconds
Ran IHW-forest. Time taken: 0.298 seconds
Ran BH. Time taken: 0.003 seconds
alpha = 0.1: FDPhat 0.0917, Number of Rej. 109
Task completed!
Ran AdaPT. Time taken: 3.467 seconds
Ran Boca-Leek. Time taken: 0.062 seconds
Ran Clfdr-EM. Time taken: 1.838 seconds
Ran AdaPT-xgboost. Time taken: 0.007 seconds
simulation run:73/90
Ran IHW-quantile. Time taken: 1.22 seconds
Ran IHW-forest. Time taken: 0.302 seconds
Ran BH. Time taken: 0.003 seconds
alpha = 0.1: FDPhat 0.0968, Number of Rej. 62
Task completed!
Ran AdaPT. Time taken: 3.038 seconds
Ran Boca-Leek. Time taken: 0.063 seconds
Ran Clfdr-EM. Time taken: 2.104 seconds
Ran AdaPT-xgboost. Time taken: 0.007 seconds
simulation run:74/90
Ran IHW-quantile. Time taken: 5.572 seconds
Ran IHW-forest. Time taken: 0.298 seconds
Ran BH. Time taken: 0.003 seconds
Ran AdaPT. Time taken: 4.068 seconds
Ran Boca-Leek. Time taken: 0.066 seconds
Ran Clfdr-EM. Time taken: 0.021 seconds
Ran AdaPT-xgboost. Time taken: 0.006 seconds
simulation run:75/90
Ran IHW-quantile. Time taken: 2.77 seconds
Ran IHW-forest. Time taken: 0.291 seconds
Ran BH. Time taken: 0.003 seconds
Ran AdaPT. Time taken: 3.919 seconds
Ran Boca-Leek. Time taken: 0.065 seconds
Ran Clfdr-EM. Time taken: 0.021 seconds
Ran AdaPT-xgboost. Time taken: 0.007 seconds
simulation run:76/90
Ran IHW-quantile. Time taken: 1.163 seconds
Ran IHW-forest. Time taken: 0.294 seconds
Ran BH. Time taken: 0.004 seconds
alpha = 0.1: FDPhat 0.0833, Number of Rej. 36
Task completed!
Ran AdaPT. Time taken: 3.201 seconds
Ran Boca-Leek. Time taken: 0.063 seconds
Ran Clfdr-EM. Time taken: 1.79 seconds
Ran AdaPT-xgboost. Time taken: 0.006 seconds
simulation run:77/90
Ran IHW-quantile. Time taken: 1.078 seconds
Ran IHW-forest. Time taken: 0.291 seconds
Ran BH. Time taken: 0.003 seconds
alpha = 0.1: FDPhat 0.0909, Number of Rej. 22
Task completed!
Ran AdaPT. Time taken: 3.405 seconds
Ran Boca-Leek. Time taken: 0.062 seconds
Ran Clfdr-EM. Time taken: 0.018 seconds
Ran AdaPT-xgboost. Time taken: 0.005 seconds
simulation run:78/90
Ran IHW-quantile. Time taken: 1.281 seconds
Ran IHW-forest. Time taken: 0.301 seconds
Ran BH. Time taken: 0.004 seconds
alpha = 0.1: FDPhat 0.1, Number of Rej. 110
Task completed!
Ran AdaPT. Time taken: 3.66 seconds
Ran Boca-Leek. Time taken: 0.063 seconds
Ran Clfdr-EM. Time taken: 1.782 seconds
Ran AdaPT-xgboost. Time taken: 0.006 seconds
simulation run:79/90
Ran IHW-quantile. Time taken: 1.142 seconds
Ran IHW-forest. Time taken: 0.296 seconds
Ran BH. Time taken: 0.002 seconds
alpha = 0.1: FDPhat 0.087, Number of Rej. 23
Task completed!
Ran AdaPT. Time taken: 3.447 seconds
Ran Boca-Leek. Time taken: 0.063 seconds
Ran Clfdr-EM. Time taken: 1.887 seconds
Ran AdaPT-xgboost. Time taken: 0.006 seconds
simulation run:80/90
Ran IHW-quantile. Time taken: 3.125 seconds
Ran IHW-forest. Time taken: 0.298 seconds
Ran BH. Time taken: 0.004 seconds
alpha = 0.1: FDPhat 0.0986, Number of Rej. 71
Task completed!
Ran AdaPT. Time taken: 4.4 seconds
Ran Boca-Leek. Time taken: 0.065 seconds
Ran Clfdr-EM. Time taken: 0.436 seconds
Ran AdaPT-xgboost. Time taken: 0.006 seconds
simulation run:81/90
Ran IHW-quantile. Time taken: 5.915 seconds
Ran IHW-forest. Time taken: 0.302 seconds
Ran BH. Time taken: 0.003 seconds
alpha = 0.1: FDPhat 0.0973, Number of Rej. 113
Task completed!
Ran AdaPT. Time taken: 3.996 seconds
Ran Boca-Leek. Time taken: 0.065 seconds
Ran Clfdr-EM. Time taken: 0.044 seconds
Ran AdaPT-xgboost. Time taken: 0.006 seconds
simulation run:82/90
Ran IHW-quantile. Time taken: 6.391 seconds
Ran IHW-forest. Time taken: 0.304 seconds
Ran BH. Time taken: 0.002 seconds
alpha = 0.1: FDPhat 0.093, Number of Rej. 86
Task completed!
Ran AdaPT. Time taken: 3.387 seconds
Ran Boca-Leek. Time taken: 0.066 seconds
Ran Clfdr-EM. Time taken: 0.447 seconds
Ran AdaPT-xgboost. Time taken: 0.007 seconds
simulation run:83/90
Ran IHW-quantile. Time taken: 43.539 seconds
Ran IHW-forest. Time taken: 0.309 seconds
Ran BH. Time taken: 0.004 seconds
alpha = 0.1: FDPhat 0.0963, Number of Rej. 135
Task completed!
Ran AdaPT. Time taken: 4.028 seconds
Ran Boca-Leek. Time taken: 0.066 seconds
Ran Clfdr-EM. Time taken: 2.124 seconds
Ran AdaPT-xgboost. Time taken: 0.007 seconds
simulation run:84/90
Ran IHW-quantile. Time taken: 1.313 seconds
Ran IHW-forest. Time taken: 0.295 seconds
Ran BH. Time taken: 0.003 seconds
alpha = 0.1: FDPhat 0.0948, Number of Rej. 116
Task completed!
Ran AdaPT. Time taken: 2.91 seconds
Ran Boca-Leek. Time taken: 0.063 seconds
Ran Clfdr-EM. Time taken: 1.763 seconds
Ran AdaPT-xgboost. Time taken: 0.006 seconds
simulation run:85/90
Ran IHW-quantile. Time taken: 1.164 seconds
Ran IHW-forest. Time taken: 0.3 seconds
Ran BH. Time taken: 0.002 seconds
alpha = 0.1: FDPhat 0.0965, Number of Rej. 114
Task completed!
Ran AdaPT. Time taken: 2.99 seconds
Ran Boca-Leek. Time taken: 0.062 seconds
Ran Clfdr-EM. Time taken: 0.244 seconds
Ran AdaPT-xgboost. Time taken: 0.006 seconds
simulation run:86/90
Ran IHW-quantile. Time taken: 1.274 seconds
Ran IHW-forest. Time taken: 0.31 seconds
Ran BH. Time taken: 0.003 seconds
alpha = 0.1: FDPhat 0.0918, Number of Rej. 98
Task completed!
Ran AdaPT. Time taken: 3.443 seconds
Ran Boca-Leek. Time taken: 0.063 seconds
Ran Clfdr-EM. Time taken: 2.096 seconds
Ran AdaPT-xgboost. Time taken: 0.006 seconds
simulation run:87/90
Ran IHW-quantile. Time taken: 1.044 seconds
Ran IHW-forest. Time taken: 0.286 seconds
Ran BH. Time taken: 0.003 seconds
Ran AdaPT. Time taken: 4.132 seconds
Ran Boca-Leek. Time taken: 0.062 seconds
Ran Clfdr-EM. Time taken: 2.08 seconds
Ran AdaPT-xgboost. Time taken: 0.006 seconds
simulation run:88/90
Ran IHW-quantile. Time taken: 1.213 seconds
Ran IHW-forest. Time taken: 0.294 seconds
Ran BH. Time taken: 0.004 seconds
alpha = 0.1: FDPhat 0.092, Number of Rej. 87
Task completed!
Ran AdaPT. Time taken: 3.093 seconds
Ran Boca-Leek. Time taken: 0.063 seconds
Ran Clfdr-EM. Time taken: 1.746 seconds
Ran AdaPT-xgboost. Time taken: 0.006 seconds
simulation run:89/90
Ran IHW-quantile. Time taken: 6.294 seconds
Ran IHW-forest. Time taken: 0.306 seconds
Ran BH. Time taken: 0.002 seconds
alpha = 0.1: FDPhat 0.0862, Number of Rej. 58
Task completed!
Ran AdaPT. Time taken: 3.912 seconds
Ran Boca-Leek. Time taken: 0.066 seconds
Ran Clfdr-EM. Time taken: 0.435 seconds
Ran AdaPT-xgboost. Time taken: 0.006 seconds
simulation run:90/90
Ran IHW-quantile. Time taken: 1.243 seconds
Ran IHW-forest. Time taken: 0.29 seconds
Ran BH. Time taken: 0.004 seconds
alpha = 0.1: FDPhat 0.0933, Number of Rej. 75
Task completed!
Ran AdaPT. Time taken: 3.065 seconds
Ran Boca-Leek. Time taken: 0.064 seconds
Ran Clfdr-EM. Time taken: 1.783 seconds
Ran AdaPT-xgboost. Time taken: 0.006 seconds
[1] "\n"
