
Attaching package: ‘dplyr’

The following objects are masked from ‘package:stats’:

    filter, lag

The following objects are masked from ‘package:base’:

    intersect, setdiff, setequal, union

ℹ Loading IHWForestPaper
Loading required package: foreach
Loading required package: rngtools
Loading required package: iterators
Loading required package: parallel
ℹ Loading IHW
Creating a generic function for ‘nrow’ from package ‘base’ in package ‘IHW’
Error in if (ntree < 1) stop("Invalid choice of 'ntree'.  Cannot be less than 1.") : 
  missing value where TRUE/FALSE needed
Error in if (ntree < 1) stop("Invalid choice of 'ntree'.  Cannot be less than 1.") : 
  missing value where TRUE/FALSE needed
Error in if (ntree < 1) stop("Invalid choice of 'ntree'.  Cannot be less than 1.") : 
  missing value where TRUE/FALSE needed
Error in if (ntree < 1) stop("Invalid choice of 'ntree'.  Cannot be less than 1.") : 
  missing value where TRUE/FALSE needed
Error in if (ntree < 1) stop("Invalid choice of 'ntree'.  Cannot be less than 1.") : 
  missing value where TRUE/FALSE needed
Error in if (ntree < 1) stop("Invalid choice of 'ntree'.  Cannot be less than 1.") : 
  missing value where TRUE/FALSE needed
Error in if (ntree < 1) stop("Invalid choice of 'ntree'.  Cannot be less than 1.") : 
  missing value where TRUE/FALSE needed
Error in if (ntree < 1) stop("Invalid choice of 'ntree'.  Cannot be less than 1.") : 
  missing value where TRUE/FALSE needed
Error in if (ntree < 1) stop("Invalid choice of 'ntree'.  Cannot be less than 1.") : 
  missing value where TRUE/FALSE needed
Error in if (ntree < 1) stop("Invalid choice of 'ntree'.  Cannot be less than 1.") : 
  missing value where TRUE/FALSE needed
Error in if (ntree < 1) stop("Invalid choice of 'ntree'.  Cannot be less than 1.") : 
  missing value where TRUE/FALSE needed
Error in if (ntree < 1) stop("Invalid choice of 'ntree'.  Cannot be less than 1.") : 
  missing value where TRUE/FALSE needed
