here() starts at /g/huber/users/fridljand/R/ihw-forest-paper

Attaching package: ‘dplyr’

The following objects are masked from ‘package:stats’:

    filter, lag

The following objects are masked from ‘package:base’:

    intersect, setdiff, setequal, union

ℹ Loading IHWForestPaper
Loading required package: foreach
Loading required package: rngtools
Loading required package: iterators
Loading required package: parallel
Warning message:
replacing previous import ‘IHW::alpha’ by ‘ggplot2::alpha’ when loading ‘IHWForestPaper’ 
Error in eval(family$initialize) : 
  non-positive values not allowed for the 'Gamma' family
We recommend that you supply (many) more than 1000 p-values for meaningful data-driven hypothesis weighting results.
Error in eval(family$initialize) : 
  non-positive values not allowed for the 'Gamma' family
We recommend that you supply (many) more than 1000 p-values for meaningful data-driven hypothesis weighting results.
Error in eval(family$initialize) : 
  non-positive values not allowed for the 'Gamma' family
We recommend that you supply (many) more than 1000 p-values for meaningful data-driven hypothesis weighting results.
Error in eval(family$initialize) : 
  non-positive values not allowed for the 'Gamma' family
We recommend that you supply (many) more than 1000 p-values for meaningful data-driven hypothesis weighting results.
Error in eval(family$initialize) : 
  non-positive values not allowed for the 'Gamma' family
We recommend that you supply (many) more than 1000 p-values for meaningful data-driven hypothesis weighting results.
Error in eval(family$initialize) : 
  non-positive values not allowed for the 'Gamma' family
We recommend that you supply (many) more than 1000 p-values for meaningful data-driven hypothesis weighting results.
Error in eval(family$initialize) : 
  non-positive values not allowed for the 'Gamma' family
We recommend that you supply (many) more than 1000 p-values for meaningful data-driven hypothesis weighting results.
Error in eval(family$initialize) : 
  non-positive values not allowed for the 'Gamma' family
Error in eval(family$initialize) : 
  non-positive values not allowed for the 'Gamma' family
We recommend that you supply (many) more than 1000 p-values for meaningful data-driven hypothesis weighting results.
Error in eval(family$initialize) : 
  non-positive values not allowed for the 'Gamma' family
We recommend that you supply (many) more than 1000 p-values for meaningful data-driven hypothesis weighting results.
Error in eval(family$initialize) : 
  non-positive values not allowed for the 'Gamma' family
We recommend that you supply (many) more than 1000 p-values for meaningful data-driven hypothesis weighting results.
Error in eval(family$initialize) : 
  non-positive values not allowed for the 'Gamma' family
We recommend that you supply (many) more than 1000 p-values for meaningful data-driven hypothesis weighting results.
Error in eval(family$initialize) : 
  non-positive values not allowed for the 'Gamma' family
We recommend that you supply (many) more than 1000 p-values for meaningful data-driven hypothesis weighting results.
Error in eval(family$initialize) : 
  non-positive values not allowed for the 'Gamma' family
We recommend that you supply (many) more than 1000 p-values for meaningful data-driven hypothesis weighting results.
Error in eval(family$initialize) : 
  non-positive values not allowed for the 'Gamma' family
We recommend that you supply (many) more than 1000 p-values for meaningful data-driven hypothesis weighting results.
Error in eval(family$initialize) : 
  non-positive values not allowed for the 'Gamma' family
Error in eval(family$initialize) : 
  non-positive values not allowed for the 'Gamma' family
We recommend that you supply (many) more than 1000 p-values for meaningful data-driven hypothesis weighting results.
Error in eval(family$initialize) : 
  non-positive values not allowed for the 'Gamma' family
We recommend that you supply (many) more than 1000 p-values for meaningful data-driven hypothesis weighting results.
Error in eval(family$initialize) : 
  non-positive values not allowed for the 'Gamma' family
We recommend that you supply (many) more than 1000 p-values for meaningful data-driven hypothesis weighting results.
Error in eval(family$initialize) : 
  non-positive values not allowed for the 'Gamma' family
We recommend that you supply (many) more than 1000 p-values for meaningful data-driven hypothesis weighting results.
Error in eval(family$initialize) : 
  non-positive values not allowed for the 'Gamma' family
We recommend that you supply (many) more than 1000 p-values for meaningful data-driven hypothesis weighting results.
