here() starts at /g/huber/users/fridljand/R/ihw-forest-paper

Attaching package: ‘dplyr’

The following objects are masked from ‘package:stats’:

    filter, lag

The following objects are masked from ‘package:base’:

    intersect, setdiff, setequal, union

ℹ Loading IHWForestPaper
Loading required package: foreach
Loading required package: rngtools
Loading required package: iterators
Loading required package: parallel
Warning message:
replacing previous import ‘IHW::alpha’ by ‘ggplot2::alpha’ when loading ‘IHWForestPaper’ 
For 317010 non-na pvalues, we recommend 40  stratification bins for granular hypothesis weighting. Consider to increase nodedepth or decrease nodesize.
We recommend that you supply (many) more than 1000 p-values for meaningful data-driven hypothesis weighting results. Consider to decrease nodedepth or increase nodesize.
For 317010 non-na pvalues, we recommend 40  stratification bins for granular hypothesis weighting. Consider to increase nodedepth or decrease nodesize.
We recommend that you supply (many) more than 1000 p-values for meaningful data-driven hypothesis weighting results. Consider to decrease nodedepth or increase nodesize.
For 317010 non-na pvalues, we recommend 40  stratification bins for granular hypothesis weighting. Consider to increase nodedepth or decrease nodesize.
We recommend that you supply (many) more than 1000 p-values for meaningful data-driven hypothesis weighting results. Consider to decrease nodedepth or increase nodesize.
For 317010 non-na pvalues, we recommend 40  stratification bins for granular hypothesis weighting. Consider to increase nodedepth or decrease nodesize.
We recommend that you supply (many) more than 1000 p-values for meaningful data-driven hypothesis weighting results. Consider to decrease nodedepth or increase nodesize.
For 317010 non-na pvalues, we recommend 40  stratification bins for granular hypothesis weighting. Consider to increase nodedepth or decrease nodesize.
We recommend that you supply (many) more than 1000 p-values for meaningful data-driven hypothesis weighting results. Consider to decrease nodedepth or increase nodesize.
For 317010 non-na pvalues, we recommend 40  stratification bins for granular hypothesis weighting. Consider to increase nodedepth or decrease nodesize.
We recommend that you supply (many) more than 1000 p-values for meaningful data-driven hypothesis weighting results. Consider to decrease nodedepth or increase nodesize.
For 317010 non-na pvalues, we recommend 40  stratification bins for granular hypothesis weighting. Consider to increase nodedepth or decrease nodesize.
We recommend that you supply (many) more than 1000 p-values for meaningful data-driven hypothesis weighting results. Consider to decrease nodedepth or increase nodesize.
For 317010 non-na pvalues, we recommend 40  stratification bins for granular hypothesis weighting. Consider to increase nodedepth or decrease nodesize.
We recommend that you supply (many) more than 1000 p-values for meaningful data-driven hypothesis weighting results. Consider to decrease nodedepth or increase nodesize.
For 317010 non-na pvalues, we recommend 40  stratification bins for granular hypothesis weighting. Consider to increase nodedepth or decrease nodesize.
We recommend that you supply (many) more than 1000 p-values for meaningful data-driven hypothesis weighting results. Consider to decrease nodedepth or increase nodesize.
For 317010 non-na pvalues, we recommend 40  stratification bins for granular hypothesis weighting. Consider to increase nodedepth or decrease nodesize.
We recommend that you supply (many) more than 1000 p-values for meaningful data-driven hypothesis weighting results. Consider to decrease nodedepth or increase nodesize.
For 317010 non-na pvalues, we recommend 40  stratification bins for granular hypothesis weighting. Consider to increase nodedepth or decrease nodesize.
We recommend that you supply (many) more than 1000 p-values for meaningful data-driven hypothesis weighting results. Consider to decrease nodedepth or increase nodesize.
For 317010 non-na pvalues, we recommend 40  stratification bins for granular hypothesis weighting. Consider to increase nodedepth or decrease nodesize.
We recommend that you supply (many) more than 1000 p-values for meaningful data-driven hypothesis weighting results. Consider to decrease nodedepth or increase nodesize.
For 317010 non-na pvalues, we recommend 40  stratification bins for granular hypothesis weighting. Consider to increase nodedepth or decrease nodesize.
We recommend that you supply (many) more than 1000 p-values for meaningful data-driven hypothesis weighting results. Consider to decrease nodedepth or increase nodesize.
Error in eval(family$initialize) : 
  non-positive values not allowed for the 'Gamma' family
Error in xgb.train(params, dtrain, nrounds, watchlist, verbose = verbose,  : 
  argument "nrounds" is missing, with no default
Error in fit$fitv : $ operator is invalid for atomic vectors
Error in eval(family$initialize) : 
  non-positive values not allowed for the 'Gamma' family
Error in xgb.train(params, dtrain, nrounds, watchlist, verbose = verbose,  : 
  argument "nrounds" is missing, with no default
Error in fit$fitv : $ operator is invalid for atomic vectors
Error in eval(family$initialize) : 
  non-positive values not allowed for the 'Gamma' family
Error in xgb.train(params, dtrain, nrounds, watchlist, verbose = verbose,  : 
  argument "nrounds" is missing, with no default
Error in fit$fitv : $ operator is invalid for atomic vectors
Error in eval(family$initialize) : 
  non-positive values not allowed for the 'Gamma' family
Error in xgb.train(params, dtrain, nrounds, watchlist, verbose = verbose,  : 
  argument "nrounds" is missing, with no default
Error in fit$fitv : $ operator is invalid for atomic vectors
Warning message:
In mclapply(argsList, FUN, mc.preschedule = preschedule, mc.set.seed = set.seed,  :
  scheduled cores 1, 2, 3, 4, 5, 6, 7, 8, 9, 10, 11, 12, 13, 14, 15, 16, 17, 19, 20, 21, 22, 23, 24, 25, 26, 27, 28, 29, 30, 31, 32, 33, 34, 36, 37, 38, 39, 40, 41, 43, 44, 45, 46, 47, 48, 49, 50, 52, 53, 54, 55, 56 did not deliver results, all values of the jobs will be affected
Error: unexpected input in "ek/data/", Sys.Date(), "_"
Execution halted
slurmstepd: error: Detected 52 oom-kill event(s) in StepId=38715373.batch. Some of your processes may have been killed by the cgroup out-of-memory handler.
