Warning message:
renv took longer than expected (66 seconds) to activate the sandbox.

The sandbox can be disabled by setting:

    RENV_CONFIG_SANDBOX_ENABLED = FALSE

within an appropriate start-up .Renviron file.

See `?renv::config` for more details. 
here() starts at /g/huber/users/fridljand/R/ihw-forest-paper

Attaching package: ‘dplyr’

The following objects are masked from ‘package:stats’:

    filter, lag

The following objects are masked from ‘package:base’:

    intersect, setdiff, setequal, union

ℹ Loading IHWForestPaper
Loading required package: foreach
Loading required package: rngtools
Loading required package: iterators
Loading required package: parallel
Warning message:
replacing previous import ‘IHW::alpha’ by ‘ggplot2::alpha’ when loading ‘IHWForestPaper’ 
/var/spool/slurm/job38710509/slurm_script: line 18: 2920202 Killed                  Rscript boca_leek/20230725_boca_leek_analysis_script.R
slurmstepd: error: Detected 20 oom-kill event(s) in StepId=38710509.batch. Some of your processes may have been killed by the cgroup out-of-memory handler.
