here() starts at /g/huber/users/fridljand/R/ihw-forest-paper

Attaching package: ‘dplyr’

The following objects are masked from ‘package:stats’:

    filter, lag

The following objects are masked from ‘package:base’:

    intersect, setdiff, setequal, union

ℹ Loading IHWForestPaper
Loading required package: foreach
Loading required package: rngtools
Loading required package: iterators
Loading required package: parallel
Warning messages:
1: replacing previous import ‘IHW::alpha’ by ‘ggplot2::alpha’ when loading ‘IHWForestPaper’ 
2: In loadNamespace(i, c(lib.loc, .libPaths()), versionCheck = vI[[i]]) :
  there is no package called ‘ggpubr’
For 317010 non-na pvalues, we recommend 40  stratification bins for granular hypothesis weighting. Consider to increase nodedepth or decrease nodesize.
We recommend that you supply (many) more than 1000 p-values for meaningful data-driven hypothesis weighting results. Consider to decrease nodedepth or increase nodesize.
Error in eval(family$initialize) : 
  non-positive values not allowed for the 'Gamma' family
We recommend that you supply (many) more than 1000 p-values for meaningful data-driven hypothesis weighting results.
For 317010 non-na pvalues, we recommend 40  stratification bins for granular hypothesis weighting. Consider to increase nodedepth or decrease nodesize.
We recommend that you supply (many) more than 1000 p-values for meaningful data-driven hypothesis weighting results. Consider to decrease nodedepth or increase nodesize.
Error in eval(family$initialize) : 
  non-positive values not allowed for the 'Gamma' family
We recommend that you supply (many) more than 1000 p-values for meaningful data-driven hypothesis weighting results.
For 317010 non-na pvalues, we recommend 40  stratification bins for granular hypothesis weighting. Consider to increase nodedepth or decrease nodesize.
We recommend that you supply (many) more than 1000 p-values for meaningful data-driven hypothesis weighting results. Consider to decrease nodedepth or increase nodesize.
Error in eval(family$initialize) : 
  non-positive values not allowed for the 'Gamma' family
We recommend that you supply (many) more than 1000 p-values for meaningful data-driven hypothesis weighting results.
For 317010 non-na pvalues, we recommend 40  stratification bins for granular hypothesis weighting. Consider to increase nodedepth or decrease nodesize.
We recommend that you supply (many) more than 1000 p-values for meaningful data-driven hypothesis weighting results. Consider to decrease nodedepth or increase nodesize.
Error in eval(family$initialize) : 
  non-positive values not allowed for the 'Gamma' family
We recommend that you supply (many) more than 1000 p-values for meaningful data-driven hypothesis weighting results.
For 317010 non-na pvalues, we recommend 40  stratification bins for granular hypothesis weighting. Consider to increase nodedepth or decrease nodesize.
We recommend that you supply (many) more than 1000 p-values for meaningful data-driven hypothesis weighting results. Consider to decrease nodedepth or increase nodesize.
Error in eval(family$initialize) : 
  non-positive values not allowed for the 'Gamma' family
We recommend that you supply (many) more than 1000 p-values for meaningful data-driven hypothesis weighting results.
For 317010 non-na pvalues, we recommend 40  stratification bins for granular hypothesis weighting. Consider to increase nodedepth or decrease nodesize.
We recommend that you supply (many) more than 1000 p-values for meaningful data-driven hypothesis weighting results. Consider to decrease nodedepth or increase nodesize.
Error in eval(family$initialize) : 
  non-positive values not allowed for the 'Gamma' family
We recommend that you supply (many) more than 1000 p-values for meaningful data-driven hypothesis weighting results.
For 317010 non-na pvalues, we recommend 40  stratification bins for granular hypothesis weighting. Consider to increase nodedepth or decrease nodesize.
We recommend that you supply (many) more than 1000 p-values for meaningful data-driven hypothesis weighting results. Consider to decrease nodedepth or increase nodesize.
Error in eval(family$initialize) : 
  non-positive values not allowed for the 'Gamma' family
We recommend that you supply (many) more than 1000 p-values for meaningful data-driven hypothesis weighting results.
For 317010 non-na pvalues, we recommend 40  stratification bins for granular hypothesis weighting. Consider to increase nodedepth or decrease nodesize.
We recommend that you supply (many) more than 1000 p-values for meaningful data-driven hypothesis weighting results. Consider to decrease nodedepth or increase nodesize.
Error in eval(family$initialize) : 
  non-positive values not allowed for the 'Gamma' family
For 317010 non-na pvalues, we recommend 40  stratification bins for granular hypothesis weighting. Consider to increase nodedepth or decrease nodesize.
We recommend that you supply (many) more than 1000 p-values for meaningful data-driven hypothesis weighting results. Consider to decrease nodedepth or increase nodesize.
Error in eval(family$initialize) : 
  non-positive values not allowed for the 'Gamma' family
We recommend that you supply (many) more than 1000 p-values for meaningful data-driven hypothesis weighting results.
For 317010 non-na pvalues, we recommend 40  stratification bins for granular hypothesis weighting. Consider to increase nodedepth or decrease nodesize.
We recommend that you supply (many) more than 1000 p-values for meaningful data-driven hypothesis weighting results. Consider to decrease nodedepth or increase nodesize.
Error in eval(family$initialize) : 
  non-positive values not allowed for the 'Gamma' family
We recommend that you supply (many) more than 1000 p-values for meaningful data-driven hypothesis weighting results.
For 317010 non-na pvalues, we recommend 40  stratification bins for granular hypothesis weighting. Consider to increase nodedepth or decrease nodesize.
We recommend that you supply (many) more than 1000 p-values for meaningful data-driven hypothesis weighting results. Consider to decrease nodedepth or increase nodesize.
Error in eval(family$initialize) : 
  non-positive values not allowed for the 'Gamma' family
We recommend that you supply (many) more than 1000 p-values for meaningful data-driven hypothesis weighting results.
For 317010 non-na pvalues, we recommend 40  stratification bins for granular hypothesis weighting. Consider to increase nodedepth or decrease nodesize.
We recommend that you supply (many) more than 1000 p-values for meaningful data-driven hypothesis weighting results. Consider to decrease nodedepth or increase nodesize.
Error in eval(family$initialize) : 
  non-positive values not allowed for the 'Gamma' family
We recommend that you supply (many) more than 1000 p-values for meaningful data-driven hypothesis weighting results.
For 317010 non-na pvalues, we recommend 40  stratification bins for granular hypothesis weighting. Consider to increase nodedepth or decrease nodesize.
We recommend that you supply (many) more than 1000 p-values for meaningful data-driven hypothesis weighting results. Consider to decrease nodedepth or increase nodesize.
Error in eval(family$initialize) : 
  non-positive values not allowed for the 'Gamma' family
We recommend that you supply (many) more than 1000 p-values for meaningful data-driven hypothesis weighting results.
For 317010 non-na pvalues, we recommend 40  stratification bins for granular hypothesis weighting. Consider to increase nodedepth or decrease nodesize.
We recommend that you supply (many) more than 1000 p-values for meaningful data-driven hypothesis weighting results. Consider to decrease nodedepth or increase nodesize.
Error in eval(family$initialize) : 
  non-positive values not allowed for the 'Gamma' family
We recommend that you supply (many) more than 1000 p-values for meaningful data-driven hypothesis weighting results.
For 317010 non-na pvalues, we recommend 40  stratification bins for granular hypothesis weighting. Consider to increase nodedepth or decrease nodesize.
We recommend that you supply (many) more than 1000 p-values for meaningful data-driven hypothesis weighting results. Consider to decrease nodedepth or increase nodesize.
Error in eval(family$initialize) : 
  non-positive values not allowed for the 'Gamma' family
We recommend that you supply (many) more than 1000 p-values for meaningful data-driven hypothesis weighting results.
For 317010 non-na pvalues, we recommend 40  stratification bins for granular hypothesis weighting. Consider to increase nodedepth or decrease nodesize.
We recommend that you supply (many) more than 1000 p-values for meaningful data-driven hypothesis weighting results. Consider to decrease nodedepth or increase nodesize.
Error in eval(family$initialize) : 
  non-positive values not allowed for the 'Gamma' family
For 317010 non-na pvalues, we recommend 40  stratification bins for granular hypothesis weighting. Consider to increase nodedepth or decrease nodesize.
We recommend that you supply (many) more than 1000 p-values for meaningful data-driven hypothesis weighting results. Consider to decrease nodedepth or increase nodesize.
Error in eval(family$initialize) : 
  non-positive values not allowed for the 'Gamma' family
We recommend that you supply (many) more than 1000 p-values for meaningful data-driven hypothesis weighting results.
For 317010 non-na pvalues, we recommend 40  stratification bins for granular hypothesis weighting. Consider to increase nodedepth or decrease nodesize.
We recommend that you supply (many) more than 1000 p-values for meaningful data-driven hypothesis weighting results. Consider to decrease nodedepth or increase nodesize.
Error in eval(family$initialize) : 
  non-positive values not allowed for the 'Gamma' family
We recommend that you supply (many) more than 1000 p-values for meaningful data-driven hypothesis weighting results.
For 317010 non-na pvalues, we recommend 40  stratification bins for granular hypothesis weighting. Consider to increase nodedepth or decrease nodesize.
We recommend that you supply (many) more than 1000 p-values for meaningful data-driven hypothesis weighting results. Consider to decrease nodedepth or increase nodesize.
Error in eval(family$initialize) : 
  non-positive values not allowed for the 'Gamma' family
We recommend that you supply (many) more than 1000 p-values for meaningful data-driven hypothesis weighting results.
For 317010 non-na pvalues, we recommend 40  stratification bins for granular hypothesis weighting. Consider to increase nodedepth or decrease nodesize.
We recommend that you supply (many) more than 1000 p-values for meaningful data-driven hypothesis weighting results. Consider to decrease nodedepth or increase nodesize.
Error in eval(family$initialize) : 
  non-positive values not allowed for the 'Gamma' family
We recommend that you supply (many) more than 1000 p-values for meaningful data-driven hypothesis weighting results.
For 317010 non-na pvalues, we recommend 40  stratification bins for granular hypothesis weighting. Consider to increase nodedepth or decrease nodesize.
We recommend that you supply (many) more than 1000 p-values for meaningful data-driven hypothesis weighting results. Consider to decrease nodedepth or increase nodesize.
Error in eval(family$initialize) : 
  non-positive values not allowed for the 'Gamma' family
We recommend that you supply (many) more than 1000 p-values for meaningful data-driven hypothesis weighting results.
For 317010 non-na pvalues, we recommend 40  stratification bins for granular hypothesis weighting. Consider to increase nodedepth or decrease nodesize.
We recommend that you supply (many) more than 1000 p-values for meaningful data-driven hypothesis weighting results. Consider to decrease nodedepth or increase nodesize.
Error in eval(family$initialize) : 
  non-positive values not allowed for the 'Gamma' family
We recommend that you supply (many) more than 1000 p-values for meaningful data-driven hypothesis weighting results.
For 317010 non-na pvalues, we recommend 40  stratification bins for granular hypothesis weighting. Consider to increase nodedepth or decrease nodesize.
We recommend that you supply (many) more than 1000 p-values for meaningful data-driven hypothesis weighting results. Consider to decrease nodedepth or increase nodesize.
Error in eval(family$initialize) : 
  non-positive values not allowed for the 'Gamma' family
We recommend that you supply (many) more than 1000 p-values for meaningful data-driven hypothesis weighting results.
For 317010 non-na pvalues, we recommend 40  stratification bins for granular hypothesis weighting. Consider to increase nodedepth or decrease nodesize.
We recommend that you supply (many) more than 1000 p-values for meaningful data-driven hypothesis weighting results. Consider to decrease nodedepth or increase nodesize.
Error in eval(family$initialize) : 
  non-positive values not allowed for the 'Gamma' family
For 317010 non-na pvalues, we recommend 40  stratification bins for granular hypothesis weighting. Consider to increase nodedepth or decrease nodesize.
We recommend that you supply (many) more than 1000 p-values for meaningful data-driven hypothesis weighting results. Consider to decrease nodedepth or increase nodesize.
Error in eval(family$initialize) : 
  non-positive values not allowed for the 'Gamma' family
We recommend that you supply (many) more than 1000 p-values for meaningful data-driven hypothesis weighting results.
For 317010 non-na pvalues, we recommend 40  stratification bins for granular hypothesis weighting. Consider to increase nodedepth or decrease nodesize.
We recommend that you supply (many) more than 1000 p-values for meaningful data-driven hypothesis weighting results. Consider to decrease nodedepth or increase nodesize.
Error in eval(family$initialize) : 
  non-positive values not allowed for the 'Gamma' family
We recommend that you supply (many) more than 1000 p-values for meaningful data-driven hypothesis weighting results.
For 317010 non-na pvalues, we recommend 40  stratification bins for granular hypothesis weighting. Consider to increase nodedepth or decrease nodesize.
We recommend that you supply (many) more than 1000 p-values for meaningful data-driven hypothesis weighting results. Consider to decrease nodedepth or increase nodesize.
Error in eval(family$initialize) : 
  non-positive values not allowed for the 'Gamma' family
We recommend that you supply (many) more than 1000 p-values for meaningful data-driven hypothesis weighting results.
For 317010 non-na pvalues, we recommend 40  stratification bins for granular hypothesis weighting. Consider to increase nodedepth or decrease nodesize.
We recommend that you supply (many) more than 1000 p-values for meaningful data-driven hypothesis weighting results. Consider to decrease nodedepth or increase nodesize.
Error in eval(family$initialize) : 
  non-positive values not allowed for the 'Gamma' family
We recommend that you supply (many) more than 1000 p-values for meaningful data-driven hypothesis weighting results.
For 317010 non-na pvalues, we recommend 40  stratification bins for granular hypothesis weighting. Consider to increase nodedepth or decrease nodesize.
We recommend that you supply (many) more than 1000 p-values for meaningful data-driven hypothesis weighting results. Consider to decrease nodedepth or increase nodesize.
Error in eval(family$initialize) : 
  non-positive values not allowed for the 'Gamma' family
We recommend that you supply (many) more than 1000 p-values for meaningful data-driven hypothesis weighting results.
For 317010 non-na pvalues, we recommend 40  stratification bins for granular hypothesis weighting. Consider to increase nodedepth or decrease nodesize.
We recommend that you supply (many) more than 1000 p-values for meaningful data-driven hypothesis weighting results. Consider to decrease nodedepth or increase nodesize.
Error in eval(family$initialize) : 
  non-positive values not allowed for the 'Gamma' family
We recommend that you supply (many) more than 1000 p-values for meaningful data-driven hypothesis weighting results.
For 317010 non-na pvalues, we recommend 40  stratification bins for granular hypothesis weighting. Consider to increase nodedepth or decrease nodesize.
We recommend that you supply (many) more than 1000 p-values for meaningful data-driven hypothesis weighting results. Consider to decrease nodedepth or increase nodesize.
Error in eval(family$initialize) : 
  non-positive values not allowed for the 'Gamma' family
We recommend that you supply (many) more than 1000 p-values for meaningful data-driven hypothesis weighting results.
For 317010 non-na pvalues, we recommend 40  stratification bins for granular hypothesis weighting. Consider to increase nodedepth or decrease nodesize.
We recommend that you supply (many) more than 1000 p-values for meaningful data-driven hypothesis weighting results. Consider to decrease nodedepth or increase nodesize.
Error in eval(family$initialize) : 
  non-positive values not allowed for the 'Gamma' family
For 317010 non-na pvalues, we recommend 40  stratification bins for granular hypothesis weighting. Consider to increase nodedepth or decrease nodesize.
We recommend that you supply (many) more than 1000 p-values for meaningful data-driven hypothesis weighting results. Consider to decrease nodedepth or increase nodesize.
Error in eval(family$initialize) : 
  non-positive values not allowed for the 'Gamma' family
We recommend that you supply (many) more than 1000 p-values for meaningful data-driven hypothesis weighting results.
For 317010 non-na pvalues, we recommend 40  stratification bins for granular hypothesis weighting. Consider to increase nodedepth or decrease nodesize.
We recommend that you supply (many) more than 1000 p-values for meaningful data-driven hypothesis weighting results. Consider to decrease nodedepth or increase nodesize.
Error in eval(family$initialize) : 
  non-positive values not allowed for the 'Gamma' family
We recommend that you supply (many) more than 1000 p-values for meaningful data-driven hypothesis weighting results.
For 317010 non-na pvalues, we recommend 40  stratification bins for granular hypothesis weighting. Consider to increase nodedepth or decrease nodesize.
We recommend that you supply (many) more than 1000 p-values for meaningful data-driven hypothesis weighting results. Consider to decrease nodedepth or increase nodesize.
Error in eval(family$initialize) : 
  non-positive values not allowed for the 'Gamma' family
We recommend that you supply (many) more than 1000 p-values for meaningful data-driven hypothesis weighting results.
For 317010 non-na pvalues, we recommend 40  stratification bins for granular hypothesis weighting. Consider to increase nodedepth or decrease nodesize.
We recommend that you supply (many) more than 1000 p-values for meaningful data-driven hypothesis weighting results. Consider to decrease nodedepth or increase nodesize.
Error in eval(family$initialize) : 
  non-positive values not allowed for the 'Gamma' family
We recommend that you supply (many) more than 1000 p-values for meaningful data-driven hypothesis weighting results.
For 317010 non-na pvalues, we recommend 40  stratification bins for granular hypothesis weighting. Consider to increase nodedepth or decrease nodesize.
We recommend that you supply (many) more than 1000 p-values for meaningful data-driven hypothesis weighting results. Consider to decrease nodedepth or increase nodesize.
Error in eval(family$initialize) : 
  non-positive values not allowed for the 'Gamma' family
We recommend that you supply (many) more than 1000 p-values for meaningful data-driven hypothesis weighting results.
For 317010 non-na pvalues, we recommend 40  stratification bins for granular hypothesis weighting. Consider to increase nodedepth or decrease nodesize.
We recommend that you supply (many) more than 1000 p-values for meaningful data-driven hypothesis weighting results. Consider to decrease nodedepth or increase nodesize.
Error in eval(family$initialize) : 
  non-positive values not allowed for the 'Gamma' family
We recommend that you supply (many) more than 1000 p-values for meaningful data-driven hypothesis weighting results.
For 317010 non-na pvalues, we recommend 40  stratification bins for granular hypothesis weighting. Consider to increase nodedepth or decrease nodesize.
We recommend that you supply (many) more than 1000 p-values for meaningful data-driven hypothesis weighting results. Consider to decrease nodedepth or increase nodesize.
Error in eval(family$initialize) : 
  non-positive values not allowed for the 'Gamma' family
We recommend that you supply (many) more than 1000 p-values for meaningful data-driven hypothesis weighting results.
For 317010 non-na pvalues, we recommend 40  stratification bins for granular hypothesis weighting. Consider to increase nodedepth or decrease nodesize.
We recommend that you supply (many) more than 1000 p-values for meaningful data-driven hypothesis weighting results. Consider to decrease nodedepth or increase nodesize.
Error in eval(family$initialize) : 
  non-positive values not allowed for the 'Gamma' family
For 317010 non-na pvalues, we recommend 40  stratification bins for granular hypothesis weighting. Consider to increase nodedepth or decrease nodesize.
We recommend that you supply (many) more than 1000 p-values for meaningful data-driven hypothesis weighting results. Consider to decrease nodedepth or increase nodesize.
Error in eval(family$initialize) : 
  non-positive values not allowed for the 'Gamma' family
We recommend that you supply (many) more than 1000 p-values for meaningful data-driven hypothesis weighting results.
For 317010 non-na pvalues, we recommend 40  stratification bins for granular hypothesis weighting. Consider to increase nodedepth or decrease nodesize.
We recommend that you supply (many) more than 1000 p-values for meaningful data-driven hypothesis weighting results. Consider to decrease nodedepth or increase nodesize.
Error in eval(family$initialize) : 
  non-positive values not allowed for the 'Gamma' family
We recommend that you supply (many) more than 1000 p-values for meaningful data-driven hypothesis weighting results.
For 317010 non-na pvalues, we recommend 40  stratification bins for granular hypothesis weighting. Consider to increase nodedepth or decrease nodesize.
We recommend that you supply (many) more than 1000 p-values for meaningful data-driven hypothesis weighting results. Consider to decrease nodedepth or increase nodesize.
Error in eval(family$initialize) : 
  non-positive values not allowed for the 'Gamma' family
We recommend that you supply (many) more than 1000 p-values for meaningful data-driven hypothesis weighting results.
For 317010 non-na pvalues, we recommend 40  stratification bins for granular hypothesis weighting. Consider to increase nodedepth or decrease nodesize.
We recommend that you supply (many) more than 1000 p-values for meaningful data-driven hypothesis weighting results. Consider to decrease nodedepth or increase nodesize.
Error in eval(family$initialize) : 
  non-positive values not allowed for the 'Gamma' family
We recommend that you supply (many) more than 1000 p-values for meaningful data-driven hypothesis weighting results.
For 317010 non-na pvalues, we recommend 40  stratification bins for granular hypothesis weighting. Consider to increase nodedepth or decrease nodesize.
We recommend that you supply (many) more than 1000 p-values for meaningful data-driven hypothesis weighting results. Consider to decrease nodedepth or increase nodesize.
Error in eval(family$initialize) : 
  non-positive values not allowed for the 'Gamma' family
We recommend that you supply (many) more than 1000 p-values for meaningful data-driven hypothesis weighting results.
For 317010 non-na pvalues, we recommend 40  stratification bins for granular hypothesis weighting. Consider to increase nodedepth or decrease nodesize.
We recommend that you supply (many) more than 1000 p-values for meaningful data-driven hypothesis weighting results. Consider to decrease nodedepth or increase nodesize.
Error in eval(family$initialize) : 
  non-positive values not allowed for the 'Gamma' family
We recommend that you supply (many) more than 1000 p-values for meaningful data-driven hypothesis weighting results.
For 317010 non-na pvalues, we recommend 40  stratification bins for granular hypothesis weighting. Consider to increase nodedepth or decrease nodesize.
We recommend that you supply (many) more than 1000 p-values for meaningful data-driven hypothesis weighting results. Consider to decrease nodedepth or increase nodesize.
Error in eval(family$initialize) : 
  non-positive values not allowed for the 'Gamma' family
We recommend that you supply (many) more than 1000 p-values for meaningful data-driven hypothesis weighting results.
For 317010 non-na pvalues, we recommend 40  stratification bins for granular hypothesis weighting. Consider to increase nodedepth or decrease nodesize.
We recommend that you supply (many) more than 1000 p-values for meaningful data-driven hypothesis weighting results. Consider to decrease nodedepth or increase nodesize.
Error in eval(family$initialize) : 
  non-positive values not allowed for the 'Gamma' family
For 317010 non-na pvalues, we recommend 40  stratification bins for granular hypothesis weighting. Consider to increase nodedepth or decrease nodesize.
We recommend that you supply (many) more than 1000 p-values for meaningful data-driven hypothesis weighting results. Consider to decrease nodedepth or increase nodesize.
Error in eval(family$initialize) : 
  non-positive values not allowed for the 'Gamma' family
We recommend that you supply (many) more than 1000 p-values for meaningful data-driven hypothesis weighting results.
For 317010 non-na pvalues, we recommend 40  stratification bins for granular hypothesis weighting. Consider to increase nodedepth or decrease nodesize.
We recommend that you supply (many) more than 1000 p-values for meaningful data-driven hypothesis weighting results. Consider to decrease nodedepth or increase nodesize.
Error in eval(family$initialize) : 
  non-positive values not allowed for the 'Gamma' family
We recommend that you supply (many) more than 1000 p-values for meaningful data-driven hypothesis weighting results.
For 317010 non-na pvalues, we recommend 40  stratification bins for granular hypothesis weighting. Consider to increase nodedepth or decrease nodesize.
We recommend that you supply (many) more than 1000 p-values for meaningful data-driven hypothesis weighting results. Consider to decrease nodedepth or increase nodesize.
Error in eval(family$initialize) : 
  non-positive values not allowed for the 'Gamma' family
We recommend that you supply (many) more than 1000 p-values for meaningful data-driven hypothesis weighting results.
For 317010 non-na pvalues, we recommend 40  stratification bins for granular hypothesis weighting. Consider to increase nodedepth or decrease nodesize.
We recommend that you supply (many) more than 1000 p-values for meaningful data-driven hypothesis weighting results. Consider to decrease nodedepth or increase nodesize.
Error in eval(family$initialize) : 
  non-positive values not allowed for the 'Gamma' family
We recommend that you supply (many) more than 1000 p-values for meaningful data-driven hypothesis weighting results.
For 317010 non-na pvalues, we recommend 40  stratification bins for granular hypothesis weighting. Consider to increase nodedepth or decrease nodesize.
We recommend that you supply (many) more than 1000 p-values for meaningful data-driven hypothesis weighting results. Consider to decrease nodedepth or increase nodesize.
Error in eval(family$initialize) : 
  non-positive values not allowed for the 'Gamma' family
We recommend that you supply (many) more than 1000 p-values for meaningful data-driven hypothesis weighting results.
For 317010 non-na pvalues, we recommend 40  stratification bins for granular hypothesis weighting. Consider to increase nodedepth or decrease nodesize.
We recommend that you supply (many) more than 1000 p-values for meaningful data-driven hypothesis weighting results. Consider to decrease nodedepth or increase nodesize.
Error in eval(family$initialize) : 
  non-positive values not allowed for the 'Gamma' family
We recommend that you supply (many) more than 1000 p-values for meaningful data-driven hypothesis weighting results.
For 317010 non-na pvalues, we recommend 40  stratification bins for granular hypothesis weighting. Consider to increase nodedepth or decrease nodesize.
We recommend that you supply (many) more than 1000 p-values for meaningful data-driven hypothesis weighting results. Consider to decrease nodedepth or increase nodesize.
Error in eval(family$initialize) : 
  non-positive values not allowed for the 'Gamma' family
We recommend that you supply (many) more than 1000 p-values for meaningful data-driven hypothesis weighting results.
For 317010 non-na pvalues, we recommend 40  stratification bins for granular hypothesis weighting. Consider to increase nodedepth or decrease nodesize.
We recommend that you supply (many) more than 1000 p-values for meaningful data-driven hypothesis weighting results. Consider to decrease nodedepth or increase nodesize.
Error in eval(family$initialize) : 
  non-positive values not allowed for the 'Gamma' family
Error: unexpected ')' in "paste0("boca_leek/data/", Sys.Date(), "_boca_leek_analysis.RDS"))"
Execution halted
