Warning message:
renv took longer than expected (52 seconds) to activate the sandbox.

The sandbox can be disabled by setting:

    RENV_CONFIG_SANDBOX_ENABLED = FALSE

within an appropriate start-up .Renviron file.

See `?renv::config` for more details. 
ℹ Loading IHWForestPaper

Attaching package: ‘dplyr’

The following objects are masked from ‘package:stats’:

    filter, lag

The following objects are masked from ‘package:base’:

    intersect, setdiff, setequal, union

Loading required package: foreach
Loading required package: rngtools
Loading required package: iterators
Loading required package: parallel
Warning message:
replacing previous import ‘IHW::alpha’ by ‘ggplot2::alpha’ when loading ‘IHWForestPaper’ 
We recommend that you supply (many) more than 1000 p-values for meaningful data-driven hypothesis weighting results.
We recommend that you supply (many) more than 1000 p-values for meaningful data-driven hypothesis weighting results.
We recommend that you supply (many) more than 1000 p-values for meaningful data-driven hypothesis weighting results.
We recommend that you supply (many) more than 1000 p-values for meaningful data-driven hypothesis weighting results.
We recommend that you supply (many) more than 1000 p-values for meaningful data-driven hypothesis weighting results.
We recommend that you supply (many) more than 1000 p-values for meaningful data-driven hypothesis weighting results.
We recommend that you supply (many) more than 1000 p-values for meaningful data-driven hypothesis weighting results.
We recommend that you supply (many) more than 1000 p-values for meaningful data-driven hypothesis weighting results.
We recommend that you supply (many) more than 1000 p-values for meaningful data-driven hypothesis weighting results.
We recommend that you supply (many) more than 1000 p-values for meaningful data-driven hypothesis weighting results.
We recommend that you supply (many) more than 1000 p-values for meaningful data-driven hypothesis weighting results.
We recommend that you supply (many) more than 1000 p-values for meaningful data-driven hypothesis weighting results.
We recommend that you supply (many) more than 1000 p-values for meaningful data-driven hypothesis weighting results.
We recommend that you supply (many) more than 1000 p-values for meaningful data-driven hypothesis weighting results.
We recommend that you supply (many) more than 1000 p-values for meaningful data-driven hypothesis weighting results.
We recommend that you supply (many) more than 1000 p-values for meaningful data-driven hypothesis weighting results.
We recommend that you supply (many) more than 1000 p-values for meaningful data-driven hypothesis weighting results.
We recommend that you supply (many) more than 1000 p-values for meaningful data-driven hypothesis weighting results.
We recommend that you supply (many) more than 1000 p-values for meaningful data-driven hypothesis weighting results.
We recommend that you supply (many) more than 1000 p-values for meaningful data-driven hypothesis weighting results.
We recommend that you supply (many) more than 1000 p-values for meaningful data-driven hypothesis weighting results.
We recommend that you supply (many) more than 1000 p-values for meaningful data-driven hypothesis weighting results.
We recommend that you supply (many) more than 1000 p-values for meaningful data-driven hypothesis weighting results. Consider to decrease nodedepth or increase nodesize.
We recommend that you supply (many) more than 1000 p-values for meaningful data-driven hypothesis weighting results. Consider to decrease nodedepth or increase nodesize.
We recommend that you supply (many) more than 1000 p-values for meaningful data-driven hypothesis weighting results. Consider to decrease nodedepth or increase nodesize.
We recommend that you supply (many) more than 1000 p-values for meaningful data-driven hypothesis weighting results. Consider to decrease nodedepth or increase nodesize.
We recommend that you supply (many) more than 1000 p-values for meaningful data-driven hypothesis weighting results. Consider to decrease nodedepth or increase nodesize.
We recommend that you supply (many) more than 1000 p-values for meaningful data-driven hypothesis weighting results. Consider to decrease nodedepth or increase nodesize.
We recommend that you supply (many) more than 1000 p-values for meaningful data-driven hypothesis weighting results. Consider to decrease nodedepth or increase nodesize.
We recommend that you supply (many) more than 1000 p-values for meaningful data-driven hypothesis weighting results. Consider to decrease nodedepth or increase nodesize.
We recommend that you supply (many) more than 1000 p-values for meaningful data-driven hypothesis weighting results. Consider to decrease nodedepth or increase nodesize.
We recommend that you supply (many) more than 1000 p-values for meaningful data-driven hypothesis weighting results. Consider to decrease nodedepth or increase nodesize.
We recommend that you supply (many) more than 1000 p-values for meaningful data-driven hypothesis weighting results. Consider to decrease nodedepth or increase nodesize.
We recommend that you supply (many) more than 1000 p-values for meaningful data-driven hypothesis weighting results. Consider to decrease nodedepth or increase nodesize.
We recommend that you supply (many) more than 1000 p-values for meaningful data-driven hypothesis weighting results. Consider to decrease nodedepth or increase nodesize.
We recommend that you supply (many) more than 1000 p-values for meaningful data-driven hypothesis weighting results. Consider to decrease nodedepth or increase nodesize.
We recommend that you supply (many) more than 1000 p-values for meaningful data-driven hypothesis weighting results. Consider to decrease nodedepth or increase nodesize.
We recommend that you supply (many) more than 1000 p-values for meaningful data-driven hypothesis weighting results. Consider to decrease nodedepth or increase nodesize.
We recommend that you supply (many) more than 1000 p-values for meaningful data-driven hypothesis weighting results. Consider to decrease nodedepth or increase nodesize.
We recommend that you supply (many) more than 1000 p-values for meaningful data-driven hypothesis weighting results. Consider to decrease nodedepth or increase nodesize.
We recommend that you supply (many) more than 1000 p-values for meaningful data-driven hypothesis weighting results. Consider to decrease nodedepth or increase nodesize.
We recommend that you supply (many) more than 1000 p-values for meaningful data-driven hypothesis weighting results. Consider to decrease nodedepth or increase nodesize.
We recommend that you supply (many) more than 1000 p-values for meaningful data-driven hypothesis weighting results. Consider to decrease nodedepth or increase nodesize.
Error : no valid set of coefficients has been found: please supply starting values
In addition: Warning message:
In log(ifelse(y == 0, 1, y/mu)) : NaNs produced
We recommend that you supply (many) more than 1000 p-values for meaningful data-driven hypothesis weighting results. Consider to decrease nodedepth or increase nodesize.
Error : no valid set of coefficients has been found: please supply starting values
In addition: Warning message:
In log(ifelse(y == 0, 1, y/mu)) : NaNs produced
Error : no valid set of coefficients has been found: please supply starting values
In addition: Warning message:
In log(ifelse(y == 0, 1, y/mu)) : NaNs produced
Error : no valid set of coefficients has been found: please supply starting values
In addition: Warning message:
In log(ifelse(y == 0, 1, y/mu)) : NaNs produced
Error in xgb.train(params, dtrain, nrounds, watchlist, verbose = verbose,  : 
  argument "nrounds" is missing, with no default
Error in fit$fitv : $ operator is invalid for atomic vectors
Error in xgb.train(params, dtrain, nrounds, watchlist, verbose = verbose,  : 
  argument "nrounds" is missing, with no default
Error in fit$fitv : $ operator is invalid for atomic vectors
Error in xgb.train(params, dtrain, nrounds, watchlist, verbose = verbose,  : 
  argument "nrounds" is missing, with no default
Error in fit$fitv : $ operator is invalid for atomic vectors
Error in xgb.train(params, dtrain, nrounds, watchlist, verbose = verbose,  : 
  argument "nrounds" is missing, with no default
Error in fit$fitv : $ operator is invalid for atomic vectors
Error in xgb.train(params, dtrain, nrounds, watchlist, verbose = verbose,  : 
  argument "nrounds" is missing, with no default
Error in fit$fitv : $ operator is invalid for atomic vectors
Error in xgb.train(params, dtrain, nrounds, watchlist, verbose = verbose,  : 
  argument "nrounds" is missing, with no default
Error in fit$fitv : $ operator is invalid for atomic vectors
Error in xgb.train(params, dtrain, nrounds, watchlist, verbose = verbose,  : 
  argument "nrounds" is missing, with no default
Error in fit$fitv : $ operator is invalid for atomic vectors
Error in xgb.train(params, dtrain, nrounds, watchlist, verbose = verbose,  : 
  argument "nrounds" is missing, with no default
Error in fit$fitv : $ operator is invalid for atomic vectors
Error in xgb.train(params, dtrain, nrounds, watchlist, verbose = verbose,  : 
  argument "nrounds" is missing, with no default
Error in fit$fitv : $ operator is invalid for atomic vectors
Error in xgb.train(params, dtrain, nrounds, watchlist, verbose = verbose,  : 
  argument "nrounds" is missing, with no default
Error in fit$fitv : $ operator is invalid for atomic vectors
Error : no valid set of coefficients has been found: please supply starting values
In addition: Warning message:
In log(ifelse(y == 0, 1, y/mu)) : NaNs produced
Error in xgb.train(params, dtrain, nrounds, watchlist, verbose = verbose,  : 
  argument "nrounds" is missing, with no default
Error in fit$fitv : $ operator is invalid for atomic vectors
Error in xgb.train(params, dtrain, nrounds, watchlist, verbose = verbose,  : 
  argument "nrounds" is missing, with no default
Error in fit$fitv : $ operator is invalid for atomic vectors
Error in xgb.train(params, dtrain, nrounds, watchlist, verbose = verbose,  : 
  argument "nrounds" is missing, with no default
Error in fit$fitv : $ operator is invalid for atomic vectors
Error in xgb.train(params, dtrain, nrounds, watchlist, verbose = verbose,  : 
  argument "nrounds" is missing, with no default
Error in fit$fitv : $ operator is invalid for atomic vectors
Error in xgb.train(params, dtrain, nrounds, watchlist, verbose = verbose,  : 
  argument "nrounds" is missing, with no default
Error in fit$fitv : $ operator is invalid for atomic vectors
Error in xgb.train(params, dtrain, nrounds, watchlist, verbose = verbose,  : 
  argument "nrounds" is missing, with no default
Error in fit$fitv : $ operator is invalid for atomic vectors
Error in xgb.train(params, dtrain, nrounds, watchlist, verbose = verbose,  : 
  argument "nrounds" is missing, with no default
Error in fit$fitv : $ operator is invalid for atomic vectors
Error in xgb.train(params, dtrain, nrounds, watchlist, verbose = verbose,  : 
  argument "nrounds" is missing, with no default
Error in fit$fitv : $ operator is invalid for atomic vectors
Error in xgb.train(params, dtrain, nrounds, watchlist, verbose = verbose,  : 
  argument "nrounds" is missing, with no default
Error in fit$fitv : $ operator is invalid for atomic vectors
Error in xgb.train(params, dtrain, nrounds, watchlist, verbose = verbose,  : 
  argument "nrounds" is missing, with no default
Error in fit$fitv : $ operator is invalid for atomic vectors
Error in xgb.train(params, dtrain, nrounds, watchlist, verbose = verbose,  : 
  argument "nrounds" is missing, with no default
Error in fit$fitv : $ operator is invalid for atomic vectors
Error in xgb.train(params, dtrain, nrounds, watchlist, verbose = verbose,  : 
  argument "nrounds" is missing, with no default
Error in fit$fitv : $ operator is invalid for atomic vectors
We recommend that you supply (many) more than 1000 p-values for meaningful data-driven hypothesis weighting results. Consider to decrease nodedepth or increase nodesize.
We recommend that you supply (many) more than 1000 p-values for meaningful data-driven hypothesis weighting results. Consider to decrease nodedepth or increase nodesize.
We recommend that you supply (many) more than 1000 p-values for meaningful data-driven hypothesis weighting results. Consider to decrease nodedepth or increase nodesize.
We recommend that you supply (many) more than 1000 p-values for meaningful data-driven hypothesis weighting results. Consider to decrease nodedepth or increase nodesize.
We recommend that you supply (many) more than 1000 p-values for meaningful data-driven hypothesis weighting results. Consider to decrease nodedepth or increase nodesize.
We recommend that you supply (many) more than 1000 p-values for meaningful data-driven hypothesis weighting results. Consider to decrease nodedepth or increase nodesize.
We recommend that you supply (many) more than 1000 p-values for meaningful data-driven hypothesis weighting results. Consider to decrease nodedepth or increase nodesize.
We recommend that you supply (many) more than 1000 p-values for meaningful data-driven hypothesis weighting results. Consider to decrease nodedepth or increase nodesize.
We recommend that you supply (many) more than 1000 p-values for meaningful data-driven hypothesis weighting results. Consider to decrease nodedepth or increase nodesize.
We recommend that you supply (many) more than 1000 p-values for meaningful data-driven hypothesis weighting results. Consider to decrease nodedepth or increase nodesize.
We recommend that you supply (many) more than 1000 p-values for meaningful data-driven hypothesis weighting results. Consider to decrease nodedepth or increase nodesize.
We recommend that you supply (many) more than 1000 p-values for meaningful data-driven hypothesis weighting results. Consider to decrease nodedepth or increase nodesize.
We recommend that you supply (many) more than 1000 p-values for meaningful data-driven hypothesis weighting results. Consider to decrease nodedepth or increase nodesize.
We recommend that you supply (many) more than 1000 p-values for meaningful data-driven hypothesis weighting results. Consider to decrease nodedepth or increase nodesize.
We recommend that you supply (many) more than 1000 p-values for meaningful data-driven hypothesis weighting results. Consider to decrease nodedepth or increase nodesize.
We recommend that you supply (many) more than 1000 p-values for meaningful data-driven hypothesis weighting results. Consider to decrease nodedepth or increase nodesize.
We recommend that you supply (many) more than 1000 p-values for meaningful data-driven hypothesis weighting results. Consider to decrease nodedepth or increase nodesize.
We recommend that you supply (many) more than 1000 p-values for meaningful data-driven hypothesis weighting results. Consider to decrease nodedepth or increase nodesize.
We recommend that you supply (many) more than 1000 p-values for meaningful data-driven hypothesis weighting results. Consider to decrease nodedepth or increase nodesize.
We recommend that you supply (many) more than 1000 p-values for meaningful data-driven hypothesis weighting results. Consider to decrease nodedepth or increase nodesize.
Error : no valid set of coefficients has been found: please supply starting values
In addition: Warning message:
In log(ifelse(y == 0, 1, y/mu)) : NaNs produced
Error : no valid set of coefficients has been found: please supply starting values
In addition: Warning message:
In log(ifelse(y == 0, 1, y/mu)) : NaNs produced
Error : no valid set of coefficients has been found: please supply starting values
In addition: Warning message:
In log(ifelse(y == 0, 1, y/mu)) : NaNs produced
Error : no valid set of coefficients has been found: please supply starting values
In addition: Warning message:
In log(ifelse(y == 0, 1, y/mu)) : NaNs produced
Error : no valid set of coefficients has been found: please supply starting values
In addition: Warning message:
In log(ifelse(y == 0, 1, y/mu)) : NaNs produced
Error : no valid set of coefficients has been found: please supply starting values
In addition: Warning message:
In log(ifelse(y == 0, 1, y/mu)) : NaNs produced
Error in xgb.train(params, dtrain, nrounds, watchlist, verbose = verbose,  : 
  argument "nrounds" is missing, with no default
Error in fit$fitv : $ operator is invalid for atomic vectors
Error in xgb.train(params, dtrain, nrounds, watchlist, verbose = verbose,  : 
  argument "nrounds" is missing, with no default
Error in fit$fitv : $ operator is invalid for atomic vectors
Error in xgb.train(params, dtrain, nrounds, watchlist, verbose = verbose,  : 
  argument "nrounds" is missing, with no default
Error in fit$fitv : $ operator is invalid for atomic vectors
Error in xgb.train(params, dtrain, nrounds, watchlist, verbose = verbose,  : 
  argument "nrounds" is missing, with no default
Error in fit$fitv : $ operator is invalid for atomic vectors
Error in xgb.train(params, dtrain, nrounds, watchlist, verbose = verbose,  : 
  argument "nrounds" is missing, with no default
Error in fit$fitv : $ operator is invalid for atomic vectors
Error in xgb.train(params, dtrain, nrounds, watchlist, verbose = verbose,  : 
  argument "nrounds" is missing, with no default
Error in fit$fitv : $ operator is invalid for atomic vectors
Error in xgb.train(params, dtrain, nrounds, watchlist, verbose = verbose,  : 
  argument "nrounds" is missing, with no default
Error in fit$fitv : $ operator is invalid for atomic vectors
Error in xgb.train(params, dtrain, nrounds, watchlist, verbose = verbose,  : 
  argument "nrounds" is missing, with no default
Error in fit$fitv : $ operator is invalid for atomic vectors
Error in xgb.train(params, dtrain, nrounds, watchlist, verbose = verbose,  : 
  argument "nrounds" is missing, with no default
Error in fit$fitv : $ operator is invalid for atomic vectors
Error in xgb.train(params, dtrain, nrounds, watchlist, verbose = verbose,  : 
  argument "nrounds" is missing, with no default
Error in fit$fitv : $ operator is invalid for atomic vectors
Error in xgb.train(params, dtrain, nrounds, watchlist, verbose = verbose,  : 
  argument "nrounds" is missing, with no default
Error in xgb.train(params, dtrain, nrounds, watchlist, verbose = verbose,  : 
  argument "nrounds" is missing, with no default
Error in fit$fitv : $ operator is invalid for atomic vectors
Error in fit$fitv : $ operator is invalid for atomic vectors
Error in xgb.train(params, dtrain, nrounds, watchlist, verbose = verbose,  : 
  argument "nrounds" is missing, with no default
Error in fit$fitv : $ operator is invalid for atomic vectors
Error in xgb.train(params, dtrain, nrounds, watchlist, verbose = verbose,  : 
  argument "nrounds" is missing, with no default
Error in fit$fitv : $ operator is invalid for atomic vectors
Error in xgb.train(params, dtrain, nrounds, watchlist, verbose = verbose,  : 
  argument "nrounds" is missing, with no default
Error in fit$fitv : $ operator is invalid for atomic vectors
Error in xgb.train(params, dtrain, nrounds, watchlist, verbose = verbose,  : 
  argument "nrounds" is missing, with no default
Error in fit$fitv : $ operator is invalid for atomic vectors
Error in xgb.train(params, dtrain, nrounds, watchlist, verbose = verbose,  : 
  argument "nrounds" is missing, with no default
Error in fit$fitv : $ operator is invalid for atomic vectors
Error in xgb.train(params, dtrain, nrounds, watchlist, verbose = verbose,  : 
  argument "nrounds" is missing, with no default
Error in fit$fitv : $ operator is invalid for atomic vectors
Error in xgb.train(params, dtrain, nrounds, watchlist, verbose = verbose,  : 
  argument "nrounds" is missing, with no default
Error in fit$fitv : $ operator is invalid for atomic vectors
Error in xgb.train(params, dtrain, nrounds, watchlist, verbose = verbose,  : 
  argument "nrounds" is missing, with no default
Error in fit$fitv : $ operator is invalid for atomic vectors
