ℹ Loading IHWForestPaper

Attaching package: ‘dplyr’

The following objects are masked from ‘package:stats’:

    filter, lag

The following objects are masked from ‘package:base’:

    intersect, setdiff, setequal, union

Loading required package: foreach
Loading required package: rngtools
Loading required package: iterators
Loading required package: parallel
Warning message:
replacing previous import ‘IHW::alpha’ by ‘ggplot2::alpha’ when loading ‘IHWForestPaper’ 
We recommend that you supply (many) more than 1000 p-values for meaningful data-driven hypothesis weighting results.
We recommend that you supply (many) more than 1000 p-values for meaningful data-driven hypothesis weighting results.
We recommend that you supply (many) more than 1000 p-values for meaningful data-driven hypothesis weighting results.
We recommend that you supply (many) more than 1000 p-values for meaningful data-driven hypothesis weighting results.
We recommend that you supply (many) more than 1000 p-values for meaningful data-driven hypothesis weighting results.
We recommend that you supply (many) more than 1000 p-values for meaningful data-driven hypothesis weighting results.
We recommend that you supply (many) more than 1000 p-values for meaningful data-driven hypothesis weighting results.
We recommend that you supply (many) more than 1000 p-values for meaningful data-driven hypothesis weighting results.
We recommend that you supply (many) more than 1000 p-values for meaningful data-driven hypothesis weighting results.
We recommend that you supply (many) more than 1000 p-values for meaningful data-driven hypothesis weighting results.
We recommend that you supply (many) more than 1000 p-values for meaningful data-driven hypothesis weighting results.
We recommend that you supply (many) more than 1000 p-values for meaningful data-driven hypothesis weighting results.
We recommend that you supply (many) more than 1000 p-values for meaningful data-driven hypothesis weighting results.
We recommend that you supply (many) more than 1000 p-values for meaningful data-driven hypothesis weighting results.
We recommend that you supply (many) more than 1000 p-values for meaningful data-driven hypothesis weighting results.
We recommend that you supply (many) more than 1000 p-values for meaningful data-driven hypothesis weighting results.
We recommend that you supply (many) more than 1000 p-values for meaningful data-driven hypothesis weighting results.
We recommend that you supply (many) more than 1000 p-values for meaningful data-driven hypothesis weighting results.
We recommend that you supply (many) more than 1000 p-values for meaningful data-driven hypothesis weighting results.
We recommend that you supply (many) more than 1000 p-values for meaningful data-driven hypothesis weighting results.
We recommend that you supply (many) more than 1000 p-values for meaningful data-driven hypothesis weighting results.
We recommend that you supply (many) more than 1000 p-values for meaningful data-driven hypothesis weighting results.
We recommend that you supply (many) more than 1000 p-values for meaningful data-driven hypothesis weighting results.
We recommend that you supply (many) more than 1000 p-values for meaningful data-driven hypothesis weighting results.
We recommend that you supply (many) more than 1000 p-values for meaningful data-driven hypothesis weighting results.
We recommend that you supply (many) more than 1000 p-values for meaningful data-driven hypothesis weighting results.
We recommend that you supply (many) more than 1000 p-values for meaningful data-driven hypothesis weighting results.
We recommend that you supply (many) more than 1000 p-values for meaningful data-driven hypothesis weighting results.
We recommend that you supply (many) more than 1000 p-values for meaningful data-driven hypothesis weighting results.
We recommend that you supply (many) more than 1000 p-values for meaningful data-driven hypothesis weighting results.
We recommend that you supply (many) more than 1000 p-values for meaningful data-driven hypothesis weighting results.
We recommend that you supply (many) more than 1000 p-values for meaningful data-driven hypothesis weighting results.
We recommend that you supply (many) more than 1000 p-values for meaningful data-driven hypothesis weighting results.
We recommend that you supply (many) more than 1000 p-values for meaningful data-driven hypothesis weighting results.
We recommend that you supply (many) more than 1000 p-values for meaningful data-driven hypothesis weighting results.
We recommend that you supply (many) more than 1000 p-values for meaningful data-driven hypothesis weighting results.
We recommend that you supply (many) more than 1000 p-values for meaningful data-driven hypothesis weighting results.
We recommend that you supply (many) more than 1000 p-values for meaningful data-driven hypothesis weighting results.
We recommend that you supply (many) more than 1000 p-values for meaningful data-driven hypothesis weighting results.
We recommend that you supply (many) more than 1000 p-values for meaningful data-driven hypothesis weighting results.
We recommend that you supply (many) more than 1000 p-values for meaningful data-driven hypothesis weighting results.
We recommend that you supply (many) more than 1000 p-values for meaningful data-driven hypothesis weighting results.
We recommend that you supply (many) more than 1000 p-values for meaningful data-driven hypothesis weighting results.
We recommend that you supply (many) more than 1000 p-values for meaningful data-driven hypothesis weighting results.
We recommend that you supply (many) more than 1000 p-values for meaningful data-driven hypothesis weighting results.
We recommend that you supply (many) more than 1000 p-values for meaningful data-driven hypothesis weighting results.
We recommend that you supply (many) more than 1000 p-values for meaningful data-driven hypothesis weighting results.
We recommend that you supply (many) more than 1000 p-values for meaningful data-driven hypothesis weighting results.
We recommend that you supply (many) more than 1000 p-values for meaningful data-driven hypothesis weighting results.
We recommend that you supply (many) more than 1000 p-values for meaningful data-driven hypothesis weighting results.
We recommend that you supply (many) more than 1000 p-values for meaningful data-driven hypothesis weighting results.
We recommend that you supply (many) more than 1000 p-values for meaningful data-driven hypothesis weighting results.
We recommend that you supply (many) more than 1000 p-values for meaningful data-driven hypothesis weighting results.
We recommend that you supply (many) more than 1000 p-values for meaningful data-driven hypothesis weighting results.
We recommend that you supply (many) more than 1000 p-values for meaningful data-driven hypothesis weighting results.
We recommend that you supply (many) more than 1000 p-values for meaningful data-driven hypothesis weighting results.
We recommend that you supply (many) more than 1000 p-values for meaningful data-driven hypothesis weighting results.
We recommend that you supply (many) more than 1000 p-values for meaningful data-driven hypothesis weighting results.
We recommend that you supply (many) more than 1000 p-values for meaningful data-driven hypothesis weighting results.
We recommend that you supply (many) more than 1000 p-values for meaningful data-driven hypothesis weighting results.
We recommend that you supply (many) more than 1000 p-values for meaningful data-driven hypothesis weighting results.
We recommend that you supply (many) more than 1000 p-values for meaningful data-driven hypothesis weighting results.
We recommend that you supply (many) more than 1000 p-values for meaningful data-driven hypothesis weighting results.
We recommend that you supply (many) more than 1000 p-values for meaningful data-driven hypothesis weighting results.
We recommend that you supply (many) more than 1000 p-values for meaningful data-driven hypothesis weighting results.
We recommend that you supply (many) more than 1000 p-values for meaningful data-driven hypothesis weighting results.
We recommend that you supply (many) more than 1000 p-values for meaningful data-driven hypothesis weighting results.
We recommend that you supply (many) more than 1000 p-values for meaningful data-driven hypothesis weighting results.
We recommend that you supply (many) more than 1000 p-values for meaningful data-driven hypothesis weighting results.
We recommend that you supply (many) more than 1000 p-values for meaningful data-driven hypothesis weighting results.
For 10000 non-na pvalues, we recommend 6  stratification bins for granular hypothesis weighting. Consider to increase nodedepth or decrease nodesize.
We recommend that you supply (many) more than 1000 p-values for meaningful data-driven hypothesis weighting results. Consider to decrease nodedepth or increase nodesize.
For 10000 non-na pvalues, we recommend 6  stratification bins for granular hypothesis weighting. Consider to increase nodedepth or decrease nodesize.
We recommend that you supply (many) more than 1000 p-values for meaningful data-driven hypothesis weighting results. Consider to decrease nodedepth or increase nodesize.
For 10000 non-na pvalues, we recommend 6  stratification bins for granular hypothesis weighting. Consider to increase nodedepth or decrease nodesize.
For 10000 non-na pvalues, we recommend 6  stratification bins for granular hypothesis weighting. Consider to increase nodedepth or decrease nodesize.
We recommend that you supply (many) more than 1000 p-values for meaningful data-driven hypothesis weighting results. Consider to decrease nodedepth or increase nodesize.
For 10000 non-na pvalues, we recommend 6  stratification bins for granular hypothesis weighting. Consider to increase nodedepth or decrease nodesize.
We recommend that you supply (many) more than 1000 p-values for meaningful data-driven hypothesis weighting results. Consider to decrease nodedepth or increase nodesize.
For 10000 non-na pvalues, we recommend 6  stratification bins for granular hypothesis weighting. Consider to increase nodedepth or decrease nodesize.
We recommend that you supply (many) more than 1000 p-values for meaningful data-driven hypothesis weighting results. Consider to decrease nodedepth or increase nodesize.
We recommend that you supply (many) more than 1000 p-values for meaningful data-driven hypothesis weighting results. Consider to decrease nodedepth or increase nodesize.
For 10000 non-na pvalues, we recommend 6  stratification bins for granular hypothesis weighting. Consider to increase nodedepth or decrease nodesize.
For 10000 non-na pvalues, we recommend 6  stratification bins for granular hypothesis weighting. Consider to increase nodedepth or decrease nodesize.
We recommend that you supply (many) more than 1000 p-values for meaningful data-driven hypothesis weighting results. Consider to decrease nodedepth or increase nodesize.
We recommend that you supply (many) more than 1000 p-values for meaningful data-driven hypothesis weighting results. Consider to decrease nodedepth or increase nodesize.
For 10000 non-na pvalues, we recommend 6  stratification bins for granular hypothesis weighting. Consider to increase nodedepth or decrease nodesize.
We recommend that you supply (many) more than 1000 p-values for meaningful data-driven hypothesis weighting results. Consider to decrease nodedepth or increase nodesize.
For 10000 non-na pvalues, we recommend 6  stratification bins for granular hypothesis weighting. Consider to increase nodedepth or decrease nodesize.
We recommend that you supply (many) more than 1000 p-values for meaningful data-driven hypothesis weighting results. Consider to decrease nodedepth or increase nodesize.
For 10000 non-na pvalues, we recommend 6  stratification bins for granular hypothesis weighting. Consider to increase nodedepth or decrease nodesize.
We recommend that you supply (many) more than 1000 p-values for meaningful data-driven hypothesis weighting results. Consider to decrease nodedepth or increase nodesize.
For 10000 non-na pvalues, we recommend 6  stratification bins for granular hypothesis weighting. Consider to increase nodedepth or decrease nodesize.
For 10000 non-na pvalues, we recommend 6  stratification bins for granular hypothesis weighting. Consider to increase nodedepth or decrease nodesize.
We recommend that you supply (many) more than 1000 p-values for meaningful data-driven hypothesis weighting results. Consider to decrease nodedepth or increase nodesize.
For 10000 non-na pvalues, we recommend 6  stratification bins for granular hypothesis weighting. Consider to increase nodedepth or decrease nodesize.
We recommend that you supply (many) more than 1000 p-values for meaningful data-driven hypothesis weighting results. Consider to decrease nodedepth or increase nodesize.
We recommend that you supply (many) more than 1000 p-values for meaningful data-driven hypothesis weighting results. Consider to decrease nodedepth or increase nodesize.
For 10000 non-na pvalues, we recommend 6  stratification bins for granular hypothesis weighting. Consider to increase nodedepth or decrease nodesize.
For 10000 non-na pvalues, we recommend 6  stratification bins for granular hypothesis weighting. Consider to increase nodedepth or decrease nodesize.
We recommend that you supply (many) more than 1000 p-values for meaningful data-driven hypothesis weighting results. Consider to decrease nodedepth or increase nodesize.
We recommend that you supply (many) more than 1000 p-values for meaningful data-driven hypothesis weighting results. Consider to decrease nodedepth or increase nodesize.
For 10000 non-na pvalues, we recommend 6  stratification bins for granular hypothesis weighting. Consider to increase nodedepth or decrease nodesize.
We recommend that you supply (many) more than 1000 p-values for meaningful data-driven hypothesis weighting results. Consider to decrease nodedepth or increase nodesize.
For 10000 non-na pvalues, we recommend 6  stratification bins for granular hypothesis weighting. Consider to increase nodedepth or decrease nodesize.
We recommend that you supply (many) more than 1000 p-values for meaningful data-driven hypothesis weighting results. Consider to decrease nodedepth or increase nodesize.
For 10000 non-na pvalues, we recommend 6  stratification bins for granular hypothesis weighting. Consider to increase nodedepth or decrease nodesize.
For 10000 non-na pvalues, we recommend 6  stratification bins for granular hypothesis weighting. Consider to increase nodedepth or decrease nodesize.
We recommend that you supply (many) more than 1000 p-values for meaningful data-driven hypothesis weighting results. Consider to decrease nodedepth or increase nodesize.
We recommend that you supply (many) more than 1000 p-values for meaningful data-driven hypothesis weighting results. Consider to decrease nodedepth or increase nodesize.
For 10000 non-na pvalues, we recommend 6  stratification bins for granular hypothesis weighting. Consider to increase nodedepth or decrease nodesize.
We recommend that you supply (many) more than 1000 p-values for meaningful data-driven hypothesis weighting results. Consider to decrease nodedepth or increase nodesize.
For 10000 non-na pvalues, we recommend 6  stratification bins for granular hypothesis weighting. Consider to increase nodedepth or decrease nodesize.
For 10000 non-na pvalues, we recommend 6  stratification bins for granular hypothesis weighting. Consider to increase nodedepth or decrease nodesize.
We recommend that you supply (many) more than 1000 p-values for meaningful data-driven hypothesis weighting results. Consider to decrease nodedepth or increase nodesize.
We recommend that you supply (many) more than 1000 p-values for meaningful data-driven hypothesis weighting results. Consider to decrease nodedepth or increase nodesize.
For 10000 non-na pvalues, we recommend 6  stratification bins for granular hypothesis weighting. Consider to increase nodedepth or decrease nodesize.
We recommend that you supply (many) more than 1000 p-values for meaningful data-driven hypothesis weighting results. Consider to decrease nodedepth or increase nodesize.
For 10000 non-na pvalues, we recommend 6  stratification bins for granular hypothesis weighting. Consider to increase nodedepth or decrease nodesize.
We recommend that you supply (many) more than 1000 p-values for meaningful data-driven hypothesis weighting results. Consider to decrease nodedepth or increase nodesize.
For 10000 non-na pvalues, we recommend 6  stratification bins for granular hypothesis weighting. Consider to increase nodedepth or decrease nodesize.
We recommend that you supply (many) more than 1000 p-values for meaningful data-driven hypothesis weighting results. Consider to decrease nodedepth or increase nodesize.
For 10000 non-na pvalues, we recommend 6  stratification bins for granular hypothesis weighting. Consider to increase nodedepth or decrease nodesize.
For 10000 non-na pvalues, we recommend 6  stratification bins for granular hypothesis weighting. Consider to increase nodedepth or decrease nodesize.
We recommend that you supply (many) more than 1000 p-values for meaningful data-driven hypothesis weighting results. Consider to decrease nodedepth or increase nodesize.
We recommend that you supply (many) more than 1000 p-values for meaningful data-driven hypothesis weighting results. Consider to decrease nodedepth or increase nodesize.
For 10000 non-na pvalues, we recommend 6  stratification bins for granular hypothesis weighting. Consider to increase nodedepth or decrease nodesize.
We recommend that you supply (many) more than 1000 p-values for meaningful data-driven hypothesis weighting results. Consider to decrease nodedepth or increase nodesize.
For 10000 non-na pvalues, we recommend 6  stratification bins for granular hypothesis weighting. Consider to increase nodedepth or decrease nodesize.
We recommend that you supply (many) more than 1000 p-values for meaningful data-driven hypothesis weighting results. Consider to decrease nodedepth or increase nodesize.
For 10000 non-na pvalues, we recommend 6  stratification bins for granular hypothesis weighting. Consider to increase nodedepth or decrease nodesize.
We recommend that you supply (many) more than 1000 p-values for meaningful data-driven hypothesis weighting results. Consider to decrease nodedepth or increase nodesize.
For 10000 non-na pvalues, we recommend 6  stratification bins for granular hypothesis weighting. Consider to increase nodedepth or decrease nodesize.
We recommend that you supply (many) more than 1000 p-values for meaningful data-driven hypothesis weighting results. Consider to decrease nodedepth or increase nodesize.
For 10000 non-na pvalues, we recommend 6  stratification bins for granular hypothesis weighting. Consider to increase nodedepth or decrease nodesize.
We recommend that you supply (many) more than 1000 p-values for meaningful data-driven hypothesis weighting results. Consider to decrease nodedepth or increase nodesize.
For 10000 non-na pvalues, we recommend 6  stratification bins for granular hypothesis weighting. Consider to increase nodedepth or decrease nodesize.
We recommend that you supply (many) more than 1000 p-values for meaningful data-driven hypothesis weighting results. Consider to decrease nodedepth or increase nodesize.
For 10000 non-na pvalues, we recommend 6  stratification bins for granular hypothesis weighting. Consider to increase nodedepth or decrease nodesize.
We recommend that you supply (many) more than 1000 p-values for meaningful data-driven hypothesis weighting results. Consider to decrease nodedepth or increase nodesize.
For 10000 non-na pvalues, we recommend 6  stratification bins for granular hypothesis weighting. Consider to increase nodedepth or decrease nodesize.
For 10000 non-na pvalues, we recommend 6  stratification bins for granular hypothesis weighting. Consider to increase nodedepth or decrease nodesize.
We recommend that you supply (many) more than 1000 p-values for meaningful data-driven hypothesis weighting results. Consider to decrease nodedepth or increase nodesize.
We recommend that you supply (many) more than 1000 p-values for meaningful data-driven hypothesis weighting results. Consider to decrease nodedepth or increase nodesize.
For 10000 non-na pvalues, we recommend 6  stratification bins for granular hypothesis weighting. Consider to increase nodedepth or decrease nodesize.
We recommend that you supply (many) more than 1000 p-values for meaningful data-driven hypothesis weighting results. Consider to decrease nodedepth or increase nodesize.
For 10000 non-na pvalues, we recommend 6  stratification bins for granular hypothesis weighting. Consider to increase nodedepth or decrease nodesize.
We recommend that you supply (many) more than 1000 p-values for meaningful data-driven hypothesis weighting results. Consider to decrease nodedepth or increase nodesize.
For 10000 non-na pvalues, we recommend 6  stratification bins for granular hypothesis weighting. Consider to increase nodedepth or decrease nodesize.
We recommend that you supply (many) more than 1000 p-values for meaningful data-driven hypothesis weighting results. Consider to decrease nodedepth or increase nodesize.
For 10000 non-na pvalues, we recommend 6  stratification bins for granular hypothesis weighting. Consider to increase nodedepth or decrease nodesize.
We recommend that you supply (many) more than 1000 p-values for meaningful data-driven hypothesis weighting results. Consider to decrease nodedepth or increase nodesize.
For 10000 non-na pvalues, we recommend 6  stratification bins for granular hypothesis weighting. Consider to increase nodedepth or decrease nodesize.
We recommend that you supply (many) more than 1000 p-values for meaningful data-driven hypothesis weighting results. Consider to decrease nodedepth or increase nodesize.
For 10000 non-na pvalues, we recommend 6  stratification bins for granular hypothesis weighting. Consider to increase nodedepth or decrease nodesize.
We recommend that you supply (many) more than 1000 p-values for meaningful data-driven hypothesis weighting results. Consider to decrease nodedepth or increase nodesize.
For 10000 non-na pvalues, we recommend 6  stratification bins for granular hypothesis weighting. Consider to increase nodedepth or decrease nodesize.
We recommend that you supply (many) more than 1000 p-values for meaningful data-driven hypothesis weighting results. Consider to decrease nodedepth or increase nodesize.
For 10000 non-na pvalues, we recommend 6  stratification bins for granular hypothesis weighting. Consider to increase nodedepth or decrease nodesize.
We recommend that you supply (many) more than 1000 p-values for meaningful data-driven hypothesis weighting results. Consider to decrease nodedepth or increase nodesize.
For 10000 non-na pvalues, we recommend 6  stratification bins for granular hypothesis weighting. Consider to increase nodedepth or decrease nodesize.
We recommend that you supply (many) more than 1000 p-values for meaningful data-driven hypothesis weighting results. Consider to decrease nodedepth or increase nodesize.
For 10000 non-na pvalues, we recommend 6  stratification bins for granular hypothesis weighting. Consider to increase nodedepth or decrease nodesize.
We recommend that you supply (many) more than 1000 p-values for meaningful data-driven hypothesis weighting results. Consider to decrease nodedepth or increase nodesize.
For 10000 non-na pvalues, we recommend 6  stratification bins for granular hypothesis weighting. Consider to increase nodedepth or decrease nodesize.
We recommend that you supply (many) more than 1000 p-values for meaningful data-driven hypothesis weighting results. Consider to decrease nodedepth or increase nodesize.
For 10000 non-na pvalues, we recommend 6  stratification bins for granular hypothesis weighting. Consider to increase nodedepth or decrease nodesize.
We recommend that you supply (many) more than 1000 p-values for meaningful data-driven hypothesis weighting results. Consider to decrease nodedepth or increase nodesize.
For 10000 non-na pvalues, we recommend 6  stratification bins for granular hypothesis weighting. Consider to increase nodedepth or decrease nodesize.
We recommend that you supply (many) more than 1000 p-values for meaningful data-driven hypothesis weighting results. Consider to decrease nodedepth or increase nodesize.
For 10000 non-na pvalues, we recommend 6  stratification bins for granular hypothesis weighting. Consider to increase nodedepth or decrease nodesize.
We recommend that you supply (many) more than 1000 p-values for meaningful data-driven hypothesis weighting results. Consider to decrease nodedepth or increase nodesize.
For 10000 non-na pvalues, we recommend 6  stratification bins for granular hypothesis weighting. Consider to increase nodedepth or decrease nodesize.
We recommend that you supply (many) more than 1000 p-values for meaningful data-driven hypothesis weighting results. Consider to decrease nodedepth or increase nodesize.
For 10000 non-na pvalues, we recommend 6  stratification bins for granular hypothesis weighting. Consider to increase nodedepth or decrease nodesize.
We recommend that you supply (many) more than 1000 p-values for meaningful data-driven hypothesis weighting results. Consider to decrease nodedepth or increase nodesize.
For 10000 non-na pvalues, we recommend 6  stratification bins for granular hypothesis weighting. Consider to increase nodedepth or decrease nodesize.
We recommend that you supply (many) more than 1000 p-values for meaningful data-driven hypothesis weighting results. Consider to decrease nodedepth or increase nodesize.
For 10000 non-na pvalues, we recommend 6  stratification bins for granular hypothesis weighting. Consider to increase nodedepth or decrease nodesize.
We recommend that you supply (many) more than 1000 p-values for meaningful data-driven hypothesis weighting results. Consider to decrease nodedepth or increase nodesize.
For 10000 non-na pvalues, we recommend 6  stratification bins for granular hypothesis weighting. Consider to increase nodedepth or decrease nodesize.
We recommend that you supply (many) more than 1000 p-values for meaningful data-driven hypothesis weighting results. Consider to decrease nodedepth or increase nodesize.
Error : no valid set of coefficients has been found: please supply starting values
In addition: Warning message:
In log(ifelse(y == 0, 1, y/mu)) : NaNs produced
Error : no valid set of coefficients has been found: please supply starting values
In addition: Warning message:
In log(ifelse(y == 0, 1, y/mu)) : NaNs produced
Error : no valid set of coefficients has been found: please supply starting values
In addition: Warning message:
In log(ifelse(y == 0, 1, y/mu)) : NaNs produced
Error : no valid set of coefficients has been found: please supply starting values
In addition: Warning message:
In log(ifelse(y == 0, 1, y/mu)) : NaNs produced
Error : no valid set of coefficients has been found: please supply starting values
In addition: Warning messages:
1: In log(ifelse(y == 0, 1, y/mu)) : NaNs produced
2: step size truncated due to divergence 
3: In log(ifelse(y == 0, 1, y/mu)) : NaNs produced
4: step size truncated due to divergence 
5: In log(ifelse(y == 0, 1, y/mu)) : NaNs produced
Error : no valid set of coefficients has been found: please supply starting values
In addition: Warning message:
In log(ifelse(y == 0, 1, y/mu)) : NaNs produced
Error : no valid set of coefficients has been found: please supply starting values
In addition: Warning message:
In log(ifelse(y == 0, 1, y/mu)) : NaNs produced
Warning message:
In mclapply(argsList, FUN, mc.preschedule = preschedule, mc.set.seed = set.seed,  :
  scheduled cores 1, 5, 7, 8, 9, 12, 13, 14, 16, 19, 23, 24, 26, 27, 32, 33, 36, 37, 41, 42, 44, 46, 47, 52, 54, 56, 61, 63, 65, 66, 68, 69 did not deliver results, all values of the jobs will be affected
slurmstepd: error: Detected 32 oom-kill event(s) in StepId=37194950.batch. Some of your processes may have been killed by the cgroup out-of-memory handler.
