ℹ Loading IHWForestPaper

Attaching package: ‘dplyr’

The following objects are masked from ‘package:stats’:

    filter, lag

The following objects are masked from ‘package:base’:

    intersect, setdiff, setequal, union

Loading required package: foreach
Loading required package: rngtools
Loading required package: iterators
Loading required package: parallel
Warning message:
replacing previous import ‘IHW::alpha’ by ‘ggplot2::alpha’ when loading ‘IHWForestPaper’ 
We recommend that you supply (many) more than 1000 p-values for meaningful data-driven hypothesis weighting results.
We recommend that you supply (many) more than 1000 p-values for meaningful data-driven hypothesis weighting results.
We recommend that you supply (many) more than 1000 p-values for meaningful data-driven hypothesis weighting results.
We recommend that you supply (many) more than 1000 p-values for meaningful data-driven hypothesis weighting results.
We recommend that you supply (many) more than 1000 p-values for meaningful data-driven hypothesis weighting results.
We recommend that you supply (many) more than 1000 p-values for meaningful data-driven hypothesis weighting results.
We recommend that you supply (many) more than 1000 p-values for meaningful data-driven hypothesis weighting results.
We recommend that you supply (many) more than 1000 p-values for meaningful data-driven hypothesis weighting results.
We recommend that you supply (many) more than 1000 p-values for meaningful data-driven hypothesis weighting results.
We recommend that you supply (many) more than 1000 p-values for meaningful data-driven hypothesis weighting results.
We recommend that you supply (many) more than 1000 p-values for meaningful data-driven hypothesis weighting results.
We recommend that you supply (many) more than 1000 p-values for meaningful data-driven hypothesis weighting results.
We recommend that you supply (many) more than 1000 p-values for meaningful data-driven hypothesis weighting results.
We recommend that you supply (many) more than 1000 p-values for meaningful data-driven hypothesis weighting results.
We recommend that you supply (many) more than 1000 p-values for meaningful data-driven hypothesis weighting results.
We recommend that you supply (many) more than 1000 p-values for meaningful data-driven hypothesis weighting results.
We recommend that you supply (many) more than 1000 p-values for meaningful data-driven hypothesis weighting results.
We recommend that you supply (many) more than 1000 p-values for meaningful data-driven hypothesis weighting results.
We recommend that you supply (many) more than 1000 p-values for meaningful data-driven hypothesis weighting results.
We recommend that you supply (many) more than 1000 p-values for meaningful data-driven hypothesis weighting results.
We recommend that you supply (many) more than 1000 p-values for meaningful data-driven hypothesis weighting results.
We recommend that you supply (many) more than 1000 p-values for meaningful data-driven hypothesis weighting results.
We recommend that you supply (many) more than 1000 p-values for meaningful data-driven hypothesis weighting results.
We recommend that you supply (many) more than 1000 p-values for meaningful data-driven hypothesis weighting results.
We recommend that you supply (many) more than 1000 p-values for meaningful data-driven hypothesis weighting results.
We recommend that you supply (many) more than 1000 p-values for meaningful data-driven hypothesis weighting results.
We recommend that you supply (many) more than 1000 p-values for meaningful data-driven hypothesis weighting results.
We recommend that you supply (many) more than 1000 p-values for meaningful data-driven hypothesis weighting results.
We recommend that you supply (many) more than 1000 p-values for meaningful data-driven hypothesis weighting results.
We recommend that you supply (many) more than 1000 p-values for meaningful data-driven hypothesis weighting results.
We recommend that you supply (many) more than 1000 p-values for meaningful data-driven hypothesis weighting results.
We recommend that you supply (many) more than 1000 p-values for meaningful data-driven hypothesis weighting results.
We recommend that you supply (many) more than 1000 p-values for meaningful data-driven hypothesis weighting results.
We recommend that you supply (many) more than 1000 p-values for meaningful data-driven hypothesis weighting results.
We recommend that you supply (many) more than 1000 p-values for meaningful data-driven hypothesis weighting results.
We recommend that you supply (many) more than 1000 p-values for meaningful data-driven hypothesis weighting results.
We recommend that you supply (many) more than 1000 p-values for meaningful data-driven hypothesis weighting results.
We recommend that you supply (many) more than 1000 p-values for meaningful data-driven hypothesis weighting results.
We recommend that you supply (many) more than 1000 p-values for meaningful data-driven hypothesis weighting results.
We recommend that you supply (many) more than 1000 p-values for meaningful data-driven hypothesis weighting results.
We recommend that you supply (many) more than 1000 p-values for meaningful data-driven hypothesis weighting results.
We recommend that you supply (many) more than 1000 p-values for meaningful data-driven hypothesis weighting results.
We recommend that you supply (many) more than 1000 p-values for meaningful data-driven hypothesis weighting results.
We recommend that you supply (many) more than 1000 p-values for meaningful data-driven hypothesis weighting results.
We recommend that you supply (many) more than 1000 p-values for meaningful data-driven hypothesis weighting results.
We recommend that you supply (many) more than 1000 p-values for meaningful data-driven hypothesis weighting results.
We recommend that you supply (many) more than 1000 p-values for meaningful data-driven hypothesis weighting results.
We recommend that you supply (many) more than 1000 p-values for meaningful data-driven hypothesis weighting results.
We recommend that you supply (many) more than 1000 p-values for meaningful data-driven hypothesis weighting results.
We recommend that you supply (many) more than 1000 p-values for meaningful data-driven hypothesis weighting results.
We recommend that you supply (many) more than 1000 p-values for meaningful data-driven hypothesis weighting results.
We recommend that you supply (many) more than 1000 p-values for meaningful data-driven hypothesis weighting results.
We recommend that you supply (many) more than 1000 p-values for meaningful data-driven hypothesis weighting results.
We recommend that you supply (many) more than 1000 p-values for meaningful data-driven hypothesis weighting results.
We recommend that you supply (many) more than 1000 p-values for meaningful data-driven hypothesis weighting results.
We recommend that you supply (many) more than 1000 p-values for meaningful data-driven hypothesis weighting results.
We recommend that you supply (many) more than 1000 p-values for meaningful data-driven hypothesis weighting results.
We recommend that you supply (many) more than 1000 p-values for meaningful data-driven hypothesis weighting results. Consider to decrease nodedepth or increase nodesize.
We recommend that you supply (many) more than 1000 p-values for meaningful data-driven hypothesis weighting results.
We recommend that you supply (many) more than 1000 p-values for meaningful data-driven hypothesis weighting results.
We recommend that you supply (many) more than 1000 p-values for meaningful data-driven hypothesis weighting results.
We recommend that you supply (many) more than 1000 p-values for meaningful data-driven hypothesis weighting results. Consider to decrease nodedepth or increase nodesize.
We recommend that you supply (many) more than 1000 p-values for meaningful data-driven hypothesis weighting results. Consider to decrease nodedepth or increase nodesize.
We recommend that you supply (many) more than 1000 p-values for meaningful data-driven hypothesis weighting results. Consider to decrease nodedepth or increase nodesize.
We recommend that you supply (many) more than 1000 p-values for meaningful data-driven hypothesis weighting results. Consider to decrease nodedepth or increase nodesize.
We recommend that you supply (many) more than 1000 p-values for meaningful data-driven hypothesis weighting results. Consider to decrease nodedepth or increase nodesize.
We recommend that you supply (many) more than 1000 p-values for meaningful data-driven hypothesis weighting results. Consider to decrease nodedepth or increase nodesize.
We recommend that you supply (many) more than 1000 p-values for meaningful data-driven hypothesis weighting results. Consider to decrease nodedepth or increase nodesize.
We recommend that you supply (many) more than 1000 p-values for meaningful data-driven hypothesis weighting results. Consider to decrease nodedepth or increase nodesize.
We recommend that you supply (many) more than 1000 p-values for meaningful data-driven hypothesis weighting results. Consider to decrease nodedepth or increase nodesize.
We recommend that you supply (many) more than 1000 p-values for meaningful data-driven hypothesis weighting results. Consider to decrease nodedepth or increase nodesize.
We recommend that you supply (many) more than 1000 p-values for meaningful data-driven hypothesis weighting results. Consider to decrease nodedepth or increase nodesize.
We recommend that you supply (many) more than 1000 p-values for meaningful data-driven hypothesis weighting results. Consider to decrease nodedepth or increase nodesize.
We recommend that you supply (many) more than 1000 p-values for meaningful data-driven hypothesis weighting results. Consider to decrease nodedepth or increase nodesize.
We recommend that you supply (many) more than 1000 p-values for meaningful data-driven hypothesis weighting results. Consider to decrease nodedepth or increase nodesize.
We recommend that you supply (many) more than 1000 p-values for meaningful data-driven hypothesis weighting results. Consider to decrease nodedepth or increase nodesize.
We recommend that you supply (many) more than 1000 p-values for meaningful data-driven hypothesis weighting results. Consider to decrease nodedepth or increase nodesize.
We recommend that you supply (many) more than 1000 p-values for meaningful data-driven hypothesis weighting results. Consider to decrease nodedepth or increase nodesize.
We recommend that you supply (many) more than 1000 p-values for meaningful data-driven hypothesis weighting results. Consider to decrease nodedepth or increase nodesize.
We recommend that you supply (many) more than 1000 p-values for meaningful data-driven hypothesis weighting results. Consider to decrease nodedepth or increase nodesize.
We recommend that you supply (many) more than 1000 p-values for meaningful data-driven hypothesis weighting results. Consider to decrease nodedepth or increase nodesize.
We recommend that you supply (many) more than 1000 p-values for meaningful data-driven hypothesis weighting results. Consider to decrease nodedepth or increase nodesize.
We recommend that you supply (many) more than 1000 p-values for meaningful data-driven hypothesis weighting results. Consider to decrease nodedepth or increase nodesize.
We recommend that you supply (many) more than 1000 p-values for meaningful data-driven hypothesis weighting results. Consider to decrease nodedepth or increase nodesize.
We recommend that you supply (many) more than 1000 p-values for meaningful data-driven hypothesis weighting results. Consider to decrease nodedepth or increase nodesize.
We recommend that you supply (many) more than 1000 p-values for meaningful data-driven hypothesis weighting results. Consider to decrease nodedepth or increase nodesize.
We recommend that you supply (many) more than 1000 p-values for meaningful data-driven hypothesis weighting results. Consider to decrease nodedepth or increase nodesize.
We recommend that you supply (many) more than 1000 p-values for meaningful data-driven hypothesis weighting results. Consider to decrease nodedepth or increase nodesize.
We recommend that you supply (many) more than 1000 p-values for meaningful data-driven hypothesis weighting results. Consider to decrease nodedepth or increase nodesize.
We recommend that you supply (many) more than 1000 p-values for meaningful data-driven hypothesis weighting results. Consider to decrease nodedepth or increase nodesize.
We recommend that you supply (many) more than 1000 p-values for meaningful data-driven hypothesis weighting results. Consider to decrease nodedepth or increase nodesize.
We recommend that you supply (many) more than 1000 p-values for meaningful data-driven hypothesis weighting results. Consider to decrease nodedepth or increase nodesize.
We recommend that you supply (many) more than 1000 p-values for meaningful data-driven hypothesis weighting results. Consider to decrease nodedepth or increase nodesize.
Error : no valid set of coefficients has been found: please supply starting values
In addition: Warning message:
In log(ifelse(y == 0, 1, y/mu)) : NaNs produced
Error : no valid set of coefficients has been found: please supply starting values
In addition: Warning message:
In log(ifelse(y == 0, 1, y/mu)) : NaNs produced
Error : no valid set of coefficients has been found: please supply starting values
In addition: Warning message:
In log(ifelse(y == 0, 1, y/mu)) : NaNs produced
Error : no valid set of coefficients has been found: please supply starting values
In addition: Warning message:
In log(ifelse(y == 0, 1, y/mu)) : NaNs produced
Error : no valid set of coefficients has been found: please supply starting values
In addition: Warning message:
In log(ifelse(y == 0, 1, y/mu)) : NaNs produced
Error : no valid set of coefficients has been found: please supply starting values
In addition: Warning message:
In log(ifelse(y == 0, 1, y/mu)) : NaNs produced
Error : no valid set of coefficients has been found: please supply starting values
In addition: Warning message:
In log(ifelse(y == 0, 1, y/mu)) : NaNs produced
Error : no valid set of coefficients has been found: please supply starting values
In addition: Warning message:
In log(ifelse(y == 0, 1, y/mu)) : NaNs produced
Error : no valid set of coefficients has been found: please supply starting values
In addition: Warning message:
In log(ifelse(y == 0, 1, y/mu)) : NaNs produced
Error : no valid set of coefficients has been found: please supply starting values
In addition: Warning message:
In log(ifelse(y == 0, 1, y/mu)) : NaNs produced
Error : no valid set of coefficients has been found: please supply starting values
In addition: Warning message:
In log(ifelse(y == 0, 1, y/mu)) : NaNs produced
Error in xgb.train(params, dtrain, nrounds, watchlist, verbose = verbose,  : 
  argument "nrounds" is missing, with no default
Error in fit$fitv : $ operator is invalid for atomic vectors
We recommend that you supply (many) more than 1000 p-values for meaningful data-driven hypothesis weighting results. Consider to decrease nodedepth or increase nodesize.
Error in xgb.train(params, dtrain, nrounds, watchlist, verbose = verbose,  : 
  argument "nrounds" is missing, with no default
Error in fit$fitv : $ operator is invalid for atomic vectors
Error : no valid set of coefficients has been found: please supply starting values
In addition: Warning message:
In log(ifelse(y == 0, 1, y/mu)) : NaNs produced
We recommend that you supply (many) more than 1000 p-values for meaningful data-driven hypothesis weighting results. Consider to decrease nodedepth or increase nodesize.
We recommend that you supply (many) more than 1000 p-values for meaningful data-driven hypothesis weighting results. Consider to decrease nodedepth or increase nodesize.
Error in xgb.train(params, dtrain, nrounds, watchlist, verbose = verbose,  : 
  argument "nrounds" is missing, with no default
Error in fit$fitv : $ operator is invalid for atomic vectors
We recommend that you supply (many) more than 1000 p-values for meaningful data-driven hypothesis weighting results. Consider to decrease nodedepth or increase nodesize.
We recommend that you supply (many) more than 1000 p-values for meaningful data-driven hypothesis weighting results. Consider to decrease nodedepth or increase nodesize.
We recommend that you supply (many) more than 1000 p-values for meaningful data-driven hypothesis weighting results. Consider to decrease nodedepth or increase nodesize.
We recommend that you supply (many) more than 1000 p-values for meaningful data-driven hypothesis weighting results. Consider to decrease nodedepth or increase nodesize.
We recommend that you supply (many) more than 1000 p-values for meaningful data-driven hypothesis weighting results. Consider to decrease nodedepth or increase nodesize.
Error in xgb.train(params, dtrain, nrounds, watchlist, verbose = verbose,  : 
  argument "nrounds" is missing, with no default
Error in fit$fitv : $ operator is invalid for atomic vectors
Error in xgb.train(params, dtrain, nrounds, watchlist, verbose = verbose,  : 
  argument "nrounds" is missing, with no default
Error in fit$fitv : $ operator is invalid for atomic vectors
We recommend that you supply (many) more than 1000 p-values for meaningful data-driven hypothesis weighting results. Consider to decrease nodedepth or increase nodesize.
Error : no valid set of coefficients has been found: please supply starting values
In addition: Warning message:
In log(ifelse(y == 0, 1, y/mu)) : NaNs produced
Error : no valid set of coefficients has been found: please supply starting values
In addition: Warning message:
In log(ifelse(y == 0, 1, y/mu)) : NaNs produced
Error in xgb.train(params, dtrain, nrounds, watchlist, verbose = verbose,  : 
  argument "nrounds" is missing, with no default
Error in fit$fitv : $ operator is invalid for atomic vectors
Error : no valid set of coefficients has been found: please supply starting values
In addition: Warning message:
In log(ifelse(y == 0, 1, y/mu)) : NaNs produced
Error in xgb.train(params, dtrain, nrounds, watchlist, verbose = verbose,  : 
  argument "nrounds" is missing, with no default
Error in fit$fitv : $ operator is invalid for atomic vectors
Error in xgb.train(params, dtrain, nrounds, watchlist, verbose = verbose,  : 
  argument "nrounds" is missing, with no default
Error in fit$fitv : $ operator is invalid for atomic vectors
Error in xgb.train(params, dtrain, nrounds, watchlist, verbose = verbose,  : 
  argument "nrounds" is missing, with no default
Error in fit$fitv : $ operator is invalid for atomic vectors
Error : no valid set of coefficients has been found: please supply starting values
In addition: Warning message:
In log(ifelse(y == 0, 1, y/mu)) : NaNs produced
Error in xgb.train(params, dtrain, nrounds, watchlist, verbose = verbose,  : 
  argument "nrounds" is missing, with no default
Error in fit$fitv : $ operator is invalid for atomic vectors
Error in xgb.train(params, dtrain, nrounds, watchlist, verbose = verbose,  : 
  argument "nrounds" is missing, with no default
Error in fit$fitv : $ operator is invalid for atomic vectors
Error in xgb.train(params, dtrain, nrounds, watchlist, verbose = verbose,  : 
  argument "nrounds" is missing, with no default
Error in fit$fitv : $ operator is invalid for atomic vectors
Error : no valid set of coefficients has been found: please supply starting values
In addition: Warning message:
In log(ifelse(y == 0, 1, y/mu)) : NaNs produced
Error : no valid set of coefficients has been found: please supply starting values
In addition: Warning message:
In log(ifelse(y == 0, 1, y/mu)) : NaNs produced
Error in xgb.train(params, dtrain, nrounds, watchlist, verbose = verbose,  : 
  argument "nrounds" is missing, with no default
Error in fit$fitv : $ operator is invalid for atomic vectors
Error in xgb.train(params, dtrain, nrounds, watchlist, verbose = verbose,  : 
  argument "nrounds" is missing, with no default
Error in fit$fitv : $ operator is invalid for atomic vectors
Error in xgb.train(params, dtrain, nrounds, watchlist, verbose = verbose,  : 
  argument "nrounds" is missing, with no default
Error in fit$fitv : $ operator is invalid for atomic vectors
Error : no valid set of coefficients has been found: please supply starting values
In addition: Warning message:
In log(ifelse(y == 0, 1, y/mu)) : NaNs produced
Error : no valid set of coefficients has been found: please supply starting values
In addition: Warning message:
In log(ifelse(y == 0, 1, y/mu)) : NaNs produced
Error in xgb.train(params, dtrain, nrounds, watchlist, verbose = verbose,  : 
  argument "nrounds" is missing, with no default
Error in fit$fitv : $ operator is invalid for atomic vectors
Error in xgb.train(params, dtrain, nrounds, watchlist, verbose = verbose,  : 
  argument "nrounds" is missing, with no default
Error in fit$fitv : $ operator is invalid for atomic vectors
Error in xgb.train(params, dtrain, nrounds, watchlist, verbose = verbose,  : 
  argument "nrounds" is missing, with no default
Error in fit$fitv : $ operator is invalid for atomic vectors
Error in xgb.train(params, dtrain, nrounds, watchlist, verbose = verbose,  : 
  argument "nrounds" is missing, with no default
Error in fit$fitv : $ operator is invalid for atomic vectors
Error in xgb.train(params, dtrain, nrounds, watchlist, verbose = verbose,  : 
  argument "nrounds" is missing, with no default
Error in fit$fitv : $ operator is invalid for atomic vectors
Error in xgb.train(params, dtrain, nrounds, watchlist, verbose = verbose,  : 
  argument "nrounds" is missing, with no default
Error in fit$fitv : $ operator is invalid for atomic vectors
Error in xgb.train(params, dtrain, nrounds, watchlist, verbose = verbose,  : 
  argument "nrounds" is missing, with no default
Error in fit$fitv : $ operator is invalid for atomic vectors
Error : no valid set of coefficients has been found: please supply starting values
In addition: Warning message:
In log(ifelse(y == 0, 1, y/mu)) : NaNs produced
Error in xgb.train(params, dtrain, nrounds, watchlist, verbose = verbose,  : 
  argument "nrounds" is missing, with no default
Error in fit$fitv : $ operator is invalid for atomic vectors
Error in xgb.train(params, dtrain, nrounds, watchlist, verbose = verbose,  : 
  argument "nrounds" is missing, with no default
Error in fit$fitv : $ operator is invalid for atomic vectors
Error in xgb.train(params, dtrain, nrounds, watchlist, verbose = verbose,  : 
  argument "nrounds" is missing, with no default
Error in fit$fitv : $ operator is invalid for atomic vectors
Error : no valid set of coefficients has been found: please supply starting values
In addition: Warning message:
In log(ifelse(y == 0, 1, y/mu)) : NaNs produced
Error in xgb.train(params, dtrain, nrounds, watchlist, verbose = verbose,  : 
  argument "nrounds" is missing, with no default
Error in fit$fitv : $ operator is invalid for atomic vectors
Error in xgb.train(params, dtrain, nrounds, watchlist, verbose = verbose,  : 
  argument "nrounds" is missing, with no default
Error in fit$fitv : $ operator is invalid for atomic vectors
Error in xgb.train(params, dtrain, nrounds, watchlist, verbose = verbose,  : 
  argument "nrounds" is missing, with no default
Error in fit$fitv : $ operator is invalid for atomic vectors
Error : no valid set of coefficients has been found: please supply starting values
In addition: Warning message:
In log(ifelse(y == 0, 1, y/mu)) : NaNs produced
Error : no valid set of coefficients has been found: please supply starting values
In addition: Warning message:
In log(ifelse(y == 0, 1, y/mu)) : NaNs produced
Error in xgb.train(params, dtrain, nrounds, watchlist, verbose = verbose,  : 
  argument "nrounds" is missing, with no default
Error in fit$fitv : $ operator is invalid for atomic vectors
Error in xgb.train(params, dtrain, nrounds, watchlist, verbose = verbose,  : 
  argument "nrounds" is missing, with no default
Error in fit$fitv : $ operator is invalid for atomic vectors
Error : no valid set of coefficients has been found: please supply starting values
In addition: Warning message:
In log(ifelse(y == 0, 1, y/mu)) : NaNs produced
Error in xgb.train(params, dtrain, nrounds, watchlist, verbose = verbose,  : 
  argument "nrounds" is missing, with no default
Error in fit$fitv : $ operator is invalid for atomic vectors
Error in xgb.train(params, dtrain, nrounds, watchlist, verbose = verbose,  : 
  argument "nrounds" is missing, with no default
Error in fit$fitv : $ operator is invalid for atomic vectors
Error in xgb.train(params, dtrain, nrounds, watchlist, verbose = verbose,  : 
  argument "nrounds" is missing, with no default
Error in fit$fitv : $ operator is invalid for atomic vectors
Error in xgb.train(params, dtrain, nrounds, watchlist, verbose = verbose,  : 
  argument "nrounds" is missing, with no default
Error in fit$fitv : $ operator is invalid for atomic vectors
Error in xgb.train(params, dtrain, nrounds, watchlist, verbose = verbose,  : 
  argument "nrounds" is missing, with no default
Error in fit$fitv : $ operator is invalid for atomic vectors
Error in xgb.train(params, dtrain, nrounds, watchlist, verbose = verbose,  : 
  argument "nrounds" is missing, with no default
Error in fit$fitv : $ operator is invalid for atomic vectors
Error in xgb.train(params, dtrain, nrounds, watchlist, verbose = verbose,  : 
  argument "nrounds" is missing, with no default
Error in fit$fitv : $ operator is invalid for atomic vectors
We recommend that you supply (many) more than 1000 p-values for meaningful data-driven hypothesis weighting results. Consider to decrease nodedepth or increase nodesize.
We recommend that you supply (many) more than 1000 p-values for meaningful data-driven hypothesis weighting results. Consider to decrease nodedepth or increase nodesize.
Error : no valid set of coefficients has been found: please supply starting values
In addition: Warning message:
In log(ifelse(y == 0, 1, y/mu)) : NaNs produced
We recommend that you supply (many) more than 1000 p-values for meaningful data-driven hypothesis weighting results. Consider to decrease nodedepth or increase nodesize.
Error in xgb.train(params, dtrain, nrounds, watchlist, verbose = verbose,  : 
  argument "nrounds" is missing, with no default
Error in fit$fitv : $ operator is invalid for atomic vectors
We recommend that you supply (many) more than 1000 p-values for meaningful data-driven hypothesis weighting results. Consider to decrease nodedepth or increase nodesize.
We recommend that you supply (many) more than 1000 p-values for meaningful data-driven hypothesis weighting results. Consider to decrease nodedepth or increase nodesize.
We recommend that you supply (many) more than 1000 p-values for meaningful data-driven hypothesis weighting results. Consider to decrease nodedepth or increase nodesize.
We recommend that you supply (many) more than 1000 p-values for meaningful data-driven hypothesis weighting results. Consider to decrease nodedepth or increase nodesize.
Error in xgb.train(params, dtrain, nrounds, watchlist, verbose = verbose,  : 
  argument "nrounds" is missing, with no default
Error in fit$fitv : $ operator is invalid for atomic vectors
Error : no valid set of coefficients has been found: please supply starting values
In addition: Warning message:
In log(ifelse(y == 0, 1, y/mu)) : NaNs produced
Error : no valid set of coefficients has been found: please supply starting values
In addition: Warning message:
In log(ifelse(y == 0, 1, y/mu)) : NaNs produced
Error : no valid set of coefficients has been found: please supply starting values
In addition: Warning message:
In log(ifelse(y == 0, 1, y/mu)) : NaNs produced
Error : no valid set of coefficients has been found: please supply starting values
In addition: Warning message:
In log(ifelse(y == 0, 1, y/mu)) : NaNs produced
Error in xgb.train(params, dtrain, nrounds, watchlist, verbose = verbose,  : 
  argument "nrounds" is missing, with no default
Error in fit$fitv : $ operator is invalid for atomic vectors
Error in xgb.train(params, dtrain, nrounds, watchlist, verbose = verbose,  : 
  argument "nrounds" is missing, with no default
Error in fit$fitv : $ operator is invalid for atomic vectors
Error in xgb.train(params, dtrain, nrounds, watchlist, verbose = verbose,  : 
  argument "nrounds" is missing, with no default
Error in fit$fitv : $ operator is invalid for atomic vectors
Error in xgb.train(params, dtrain, nrounds, watchlist, verbose = verbose,  : 
  argument "nrounds" is missing, with no default
Error in fit$fitv : $ operator is invalid for atomic vectors
Error in xgb.train(params, dtrain, nrounds, watchlist, verbose = verbose,  : 
  argument "nrounds" is missing, with no default
Error in fit$fitv : $ operator is invalid for atomic vectors
Warning message:
In mclapply(argsList, FUN, mc.preschedule = preschedule, mc.set.seed = set.seed,  :
  scheduled cores 1, 2, 3, 4, 6, 7, 8, 9, 11, 13, 14, 15, 18, 20, 21, 22, 23, 27, 29, 30, 34, 35, 42, 56, 61, 68 did not deliver results, all values of the jobs will be affected
slurmstepd: error: Detected 26 oom-kill event(s) in StepId=38749241.batch. Some of your processes may have been killed by the cgroup out-of-memory handler.
