ℹ Loading IHWForestPaper

Attaching package: ‘dplyr’

The following objects are masked from ‘package:stats’:

    filter, lag

The following objects are masked from ‘package:base’:

    intersect, setdiff, setequal, union

Loading required package: foreach
Loading required package: rngtools
Loading required package: iterators
Loading required package: parallel
We recommend that you supply (many) more than 1000 p-values for meaningful data-driven hypothesis weighting results.
We recommend that you supply (many) more than 1000 p-values for meaningful data-driven hypothesis weighting results.
We recommend that you supply (many) more than 1000 p-values for meaningful data-driven hypothesis weighting results.
We recommend that you supply (many) more than 1000 p-values for meaningful data-driven hypothesis weighting results.
We recommend that you supply (many) more than 1000 p-values for meaningful data-driven hypothesis weighting results.
We recommend that you supply (many) more than 1000 p-values for meaningful data-driven hypothesis weighting results.
We recommend that you supply (many) more than 1000 p-values for meaningful data-driven hypothesis weighting results.
We recommend that you supply (many) more than 1000 p-values for meaningful data-driven hypothesis weighting results.
We recommend that you supply (many) more than 1000 p-values for meaningful data-driven hypothesis weighting results.
We recommend that you supply (many) more than 1000 p-values for meaningful data-driven hypothesis weighting results.
We recommend that you supply (many) more than 1000 p-values for meaningful data-driven hypothesis weighting results.
We recommend that you supply (many) more than 1000 p-values for meaningful data-driven hypothesis weighting results.
We recommend that you supply (many) more than 1000 p-values for meaningful data-driven hypothesis weighting results.
We recommend that you supply (many) more than 1000 p-values for meaningful data-driven hypothesis weighting results.
We recommend that you supply (many) more than 1000 p-values for meaningful data-driven hypothesis weighting results.
We recommend that you supply (many) more than 1000 p-values for meaningful data-driven hypothesis weighting results.
We recommend that you supply (many) more than 1000 p-values for meaningful data-driven hypothesis weighting results.
We recommend that you supply (many) more than 1000 p-values for meaningful data-driven hypothesis weighting results.
We recommend that you supply (many) more than 1000 p-values for meaningful data-driven hypothesis weighting results.
We recommend that you supply (many) more than 1000 p-values for meaningful data-driven hypothesis weighting results.
We recommend that you supply (many) more than 1000 p-values for meaningful data-driven hypothesis weighting results.
We recommend that you supply (many) more than 1000 p-values for meaningful data-driven hypothesis weighting results.
We recommend that you supply (many) more than 1000 p-values for meaningful data-driven hypothesis weighting results.
We recommend that you supply (many) more than 1000 p-values for meaningful data-driven hypothesis weighting results.
We recommend that you supply (many) more than 1000 p-values for meaningful data-driven hypothesis weighting results.
We recommend that you supply (many) more than 1000 p-values for meaningful data-driven hypothesis weighting results.
We recommend that you supply (many) more than 1000 p-values for meaningful data-driven hypothesis weighting results.
We recommend that you supply (many) more than 1000 p-values for meaningful data-driven hypothesis weighting results.
We recommend that you supply (many) more than 1000 p-values for meaningful data-driven hypothesis weighting results.
We recommend that you supply (many) more than 1000 p-values for meaningful data-driven hypothesis weighting results.
We recommend that you supply (many) more than 1000 p-values for meaningful data-driven hypothesis weighting results.
We recommend that you supply (many) more than 1000 p-values for meaningful data-driven hypothesis weighting results.
We recommend that you supply (many) more than 1000 p-values for meaningful data-driven hypothesis weighting results.
We recommend that you supply (many) more than 1000 p-values for meaningful data-driven hypothesis weighting results.
We recommend that you supply (many) more than 1000 p-values for meaningful data-driven hypothesis weighting results.
/var/spool/slurm/job37143471/slurm_script: line 22: 4146851 Killed                  Rscript simulation_flexible/20230802_run_simulation_flexible_rule.R $seed
We recommend that you supply (many) more than 1000 p-values for meaningful data-driven hypothesis weighting results.
We recommend that you supply (many) more than 1000 p-values for meaningful data-driven hypothesis weighting results.
slurmstepd: error: Detected 3 oom-kill event(s) in StepId=37143471.batch. Some of your processes may have been killed by the cgroup out-of-memory handler.
