ℹ Loading IHWForestPaper

Attaching package: ‘dplyr’

The following objects are masked from ‘package:stats’:

    filter, lag

The following objects are masked from ‘package:base’:

    intersect, setdiff, setequal, union

Loading required package: foreach
Loading required package: rngtools
Loading required package: iterators
Loading required package: parallel
Warning message:
replacing previous import ‘IHW::alpha’ by ‘ggplot2::alpha’ when loading ‘IHWForestPaper’ 
We recommend that you supply (many) more than 1000 p-values for meaningful data-driven hypothesis weighting results.
We recommend that you supply (many) more than 1000 p-values for meaningful data-driven hypothesis weighting results.
We recommend that you supply (many) more than 1000 p-values for meaningful data-driven hypothesis weighting results.
We recommend that you supply (many) more than 1000 p-values for meaningful data-driven hypothesis weighting results.
We recommend that you supply (many) more than 1000 p-values for meaningful data-driven hypothesis weighting results.
We recommend that you supply (many) more than 1000 p-values for meaningful data-driven hypothesis weighting results.
We recommend that you supply (many) more than 1000 p-values for meaningful data-driven hypothesis weighting results.
We recommend that you supply (many) more than 1000 p-values for meaningful data-driven hypothesis weighting results.
We recommend that you supply (many) more than 1000 p-values for meaningful data-driven hypothesis weighting results.
We recommend that you supply (many) more than 1000 p-values for meaningful data-driven hypothesis weighting results.
We recommend that you supply (many) more than 1000 p-values for meaningful data-driven hypothesis weighting results.
We recommend that you supply (many) more than 1000 p-values for meaningful data-driven hypothesis weighting results.
We recommend that you supply (many) more than 1000 p-values for meaningful data-driven hypothesis weighting results.
We recommend that you supply (many) more than 1000 p-values for meaningful data-driven hypothesis weighting results.
We recommend that you supply (many) more than 1000 p-values for meaningful data-driven hypothesis weighting results.
We recommend that you supply (many) more than 1000 p-values for meaningful data-driven hypothesis weighting results.
We recommend that you supply (many) more than 1000 p-values for meaningful data-driven hypothesis weighting results.
We recommend that you supply (many) more than 1000 p-values for meaningful data-driven hypothesis weighting results.
We recommend that you supply (many) more than 1000 p-values for meaningful data-driven hypothesis weighting results.
We recommend that you supply (many) more than 1000 p-values for meaningful data-driven hypothesis weighting results.
We recommend that you supply (many) more than 1000 p-values for meaningful data-driven hypothesis weighting results.
We recommend that you supply (many) more than 1000 p-values for meaningful data-driven hypothesis weighting results.
We recommend that you supply (many) more than 1000 p-values for meaningful data-driven hypothesis weighting results.
We recommend that you supply (many) more than 1000 p-values for meaningful data-driven hypothesis weighting results.
We recommend that you supply (many) more than 1000 p-values for meaningful data-driven hypothesis weighting results.
We recommend that you supply (many) more than 1000 p-values for meaningful data-driven hypothesis weighting results.
We recommend that you supply (many) more than 1000 p-values for meaningful data-driven hypothesis weighting results.
We recommend that you supply (many) more than 1000 p-values for meaningful data-driven hypothesis weighting results.
We recommend that you supply (many) more than 1000 p-values for meaningful data-driven hypothesis weighting results.
We recommend that you supply (many) more than 1000 p-values for meaningful data-driven hypothesis weighting results.
We recommend that you supply (many) more than 1000 p-values for meaningful data-driven hypothesis weighting results.
We recommend that you supply (many) more than 1000 p-values for meaningful data-driven hypothesis weighting results.
We recommend that you supply (many) more than 1000 p-values for meaningful data-driven hypothesis weighting results.
We recommend that you supply (many) more than 1000 p-values for meaningful data-driven hypothesis weighting results.
We recommend that you supply (many) more than 1000 p-values for meaningful data-driven hypothesis weighting results.
We recommend that you supply (many) more than 1000 p-values for meaningful data-driven hypothesis weighting results.
We recommend that you supply (many) more than 1000 p-values for meaningful data-driven hypothesis weighting results.
We recommend that you supply (many) more than 1000 p-values for meaningful data-driven hypothesis weighting results.
We recommend that you supply (many) more than 1000 p-values for meaningful data-driven hypothesis weighting results.
We recommend that you supply (many) more than 1000 p-values for meaningful data-driven hypothesis weighting results.
We recommend that you supply (many) more than 1000 p-values for meaningful data-driven hypothesis weighting results.
We recommend that you supply (many) more than 1000 p-values for meaningful data-driven hypothesis weighting results.
We recommend that you supply (many) more than 1000 p-values for meaningful data-driven hypothesis weighting results.
We recommend that you supply (many) more than 1000 p-values for meaningful data-driven hypothesis weighting results.
We recommend that you supply (many) more than 1000 p-values for meaningful data-driven hypothesis weighting results.
We recommend that you supply (many) more than 1000 p-values for meaningful data-driven hypothesis weighting results.
We recommend that you supply (many) more than 1000 p-values for meaningful data-driven hypothesis weighting results.
We recommend that you supply (many) more than 1000 p-values for meaningful data-driven hypothesis weighting results.
We recommend that you supply (many) more than 1000 p-values for meaningful data-driven hypothesis weighting results.
We recommend that you supply (many) more than 1000 p-values for meaningful data-driven hypothesis weighting results.
We recommend that you supply (many) more than 1000 p-values for meaningful data-driven hypothesis weighting results.
We recommend that you supply (many) more than 1000 p-values for meaningful data-driven hypothesis weighting results.
We recommend that you supply (many) more than 1000 p-values for meaningful data-driven hypothesis weighting results.
We recommend that you supply (many) more than 1000 p-values for meaningful data-driven hypothesis weighting results.
We recommend that you supply (many) more than 1000 p-values for meaningful data-driven hypothesis weighting results.
We recommend that you supply (many) more than 1000 p-values for meaningful data-driven hypothesis weighting results.
We recommend that you supply (many) more than 1000 p-values for meaningful data-driven hypothesis weighting results.
We recommend that you supply (many) more than 1000 p-values for meaningful data-driven hypothesis weighting results.
We recommend that you supply (many) more than 1000 p-values for meaningful data-driven hypothesis weighting results.
We recommend that you supply (many) more than 1000 p-values for meaningful data-driven hypothesis weighting results.
We recommend that you supply (many) more than 1000 p-values for meaningful data-driven hypothesis weighting results.
We recommend that you supply (many) more than 1000 p-values for meaningful data-driven hypothesis weighting results.
We recommend that you supply (many) more than 1000 p-values for meaningful data-driven hypothesis weighting results.
We recommend that you supply (many) more than 1000 p-values for meaningful data-driven hypothesis weighting results.
We recommend that you supply (many) more than 1000 p-values for meaningful data-driven hypothesis weighting results.
We recommend that you supply (many) more than 1000 p-values for meaningful data-driven hypothesis weighting results.
We recommend that you supply (many) more than 1000 p-values for meaningful data-driven hypothesis weighting results.
We recommend that you supply (many) more than 1000 p-values for meaningful data-driven hypothesis weighting results.
We recommend that you supply (many) more than 1000 p-values for meaningful data-driven hypothesis weighting results.
We recommend that you supply (many) more than 1000 p-values for meaningful data-driven hypothesis weighting results.
We recommend that you supply (many) more than 1000 p-values for meaningful data-driven hypothesis weighting results.
We recommend that you supply (many) more than 1000 p-values for meaningful data-driven hypothesis weighting results.
We recommend that you supply (many) more than 1000 p-values for meaningful data-driven hypothesis weighting results.
We recommend that you supply (many) more than 1000 p-values for meaningful data-driven hypothesis weighting results.
We recommend that you supply (many) more than 1000 p-values for meaningful data-driven hypothesis weighting results.
We recommend that you supply (many) more than 1000 p-values for meaningful data-driven hypothesis weighting results.
We recommend that you supply (many) more than 1000 p-values for meaningful data-driven hypothesis weighting results.
We recommend that you supply (many) more than 1000 p-values for meaningful data-driven hypothesis weighting results.
We recommend that you supply (many) more than 1000 p-values for meaningful data-driven hypothesis weighting results.
We recommend that you supply (many) more than 1000 p-values for meaningful data-driven hypothesis weighting results.
We recommend that you supply (many) more than 1000 p-values for meaningful data-driven hypothesis weighting results.
We recommend that you supply (many) more than 1000 p-values for meaningful data-driven hypothesis weighting results.
We recommend that you supply (many) more than 1000 p-values for meaningful data-driven hypothesis weighting results.
We recommend that you supply (many) more than 1000 p-values for meaningful data-driven hypothesis weighting results.
We recommend that you supply (many) more than 1000 p-values for meaningful data-driven hypothesis weighting results.
We recommend that you supply (many) more than 1000 p-values for meaningful data-driven hypothesis weighting results.
We recommend that you supply (many) more than 1000 p-values for meaningful data-driven hypothesis weighting results.
We recommend that you supply (many) more than 1000 p-values for meaningful data-driven hypothesis weighting results.
We recommend that you supply (many) more than 1000 p-values for meaningful data-driven hypothesis weighting results.
We recommend that you supply (many) more than 1000 p-values for meaningful data-driven hypothesis weighting results.
We recommend that you supply (many) more than 1000 p-values for meaningful data-driven hypothesis weighting results.
We recommend that you supply (many) more than 1000 p-values for meaningful data-driven hypothesis weighting results.
We recommend that you supply (many) more than 1000 p-values for meaningful data-driven hypothesis weighting results.
We recommend that you supply (many) more than 1000 p-values for meaningful data-driven hypothesis weighting results.
We recommend that you supply (many) more than 1000 p-values for meaningful data-driven hypothesis weighting results.
We recommend that you supply (many) more than 1000 p-values for meaningful data-driven hypothesis weighting results.
We recommend that you supply (many) more than 1000 p-values for meaningful data-driven hypothesis weighting results.
We recommend that you supply (many) more than 1000 p-values for meaningful data-driven hypothesis weighting results.
We recommend that you supply (many) more than 1000 p-values for meaningful data-driven hypothesis weighting results.
We recommend that you supply (many) more than 1000 p-values for meaningful data-driven hypothesis weighting results.
We recommend that you supply (many) more than 1000 p-values for meaningful data-driven hypothesis weighting results.
We recommend that you supply (many) more than 1000 p-values for meaningful data-driven hypothesis weighting results.
We recommend that you supply (many) more than 1000 p-values for meaningful data-driven hypothesis weighting results.
We recommend that you supply (many) more than 1000 p-values for meaningful data-driven hypothesis weighting results.
We recommend that you supply (many) more than 1000 p-values for meaningful data-driven hypothesis weighting results.
We recommend that you supply (many) more than 1000 p-values for meaningful data-driven hypothesis weighting results. Consider to decrease nodedepth or increase nodesize.
We recommend that you supply (many) more than 1000 p-values for meaningful data-driven hypothesis weighting results. Consider to decrease nodedepth or increase nodesize.
We recommend that you supply (many) more than 1000 p-values for meaningful data-driven hypothesis weighting results. Consider to decrease nodedepth or increase nodesize.
We recommend that you supply (many) more than 1000 p-values for meaningful data-driven hypothesis weighting results. Consider to decrease nodedepth or increase nodesize.
We recommend that you supply (many) more than 1000 p-values for meaningful data-driven hypothesis weighting results. Consider to decrease nodedepth or increase nodesize.
We recommend that you supply (many) more than 1000 p-values for meaningful data-driven hypothesis weighting results. Consider to decrease nodedepth or increase nodesize.
We recommend that you supply (many) more than 1000 p-values for meaningful data-driven hypothesis weighting results. Consider to decrease nodedepth or increase nodesize.
We recommend that you supply (many) more than 1000 p-values for meaningful data-driven hypothesis weighting results. Consider to decrease nodedepth or increase nodesize.
We recommend that you supply (many) more than 1000 p-values for meaningful data-driven hypothesis weighting results. Consider to decrease nodedepth or increase nodesize.
We recommend that you supply (many) more than 1000 p-values for meaningful data-driven hypothesis weighting results. Consider to decrease nodedepth or increase nodesize.
We recommend that you supply (many) more than 1000 p-values for meaningful data-driven hypothesis weighting results. Consider to decrease nodedepth or increase nodesize.
We recommend that you supply (many) more than 1000 p-values for meaningful data-driven hypothesis weighting results. Consider to decrease nodedepth or increase nodesize.
We recommend that you supply (many) more than 1000 p-values for meaningful data-driven hypothesis weighting results. Consider to decrease nodedepth or increase nodesize.
We recommend that you supply (many) more than 1000 p-values for meaningful data-driven hypothesis weighting results. Consider to decrease nodedepth or increase nodesize.
We recommend that you supply (many) more than 1000 p-values for meaningful data-driven hypothesis weighting results. Consider to decrease nodedepth or increase nodesize.
We recommend that you supply (many) more than 1000 p-values for meaningful data-driven hypothesis weighting results. Consider to decrease nodedepth or increase nodesize.
We recommend that you supply (many) more than 1000 p-values for meaningful data-driven hypothesis weighting results. Consider to decrease nodedepth or increase nodesize.
We recommend that you supply (many) more than 1000 p-values for meaningful data-driven hypothesis weighting results. Consider to decrease nodedepth or increase nodesize.
We recommend that you supply (many) more than 1000 p-values for meaningful data-driven hypothesis weighting results. Consider to decrease nodedepth or increase nodesize.
We recommend that you supply (many) more than 1000 p-values for meaningful data-driven hypothesis weighting results. Consider to decrease nodedepth or increase nodesize.
We recommend that you supply (many) more than 1000 p-values for meaningful data-driven hypothesis weighting results. Consider to decrease nodedepth or increase nodesize.
We recommend that you supply (many) more than 1000 p-values for meaningful data-driven hypothesis weighting results. Consider to decrease nodedepth or increase nodesize.
We recommend that you supply (many) more than 1000 p-values for meaningful data-driven hypothesis weighting results. Consider to decrease nodedepth or increase nodesize.
We recommend that you supply (many) more than 1000 p-values for meaningful data-driven hypothesis weighting results. Consider to decrease nodedepth or increase nodesize.
We recommend that you supply (many) more than 1000 p-values for meaningful data-driven hypothesis weighting results. Consider to decrease nodedepth or increase nodesize.
We recommend that you supply (many) more than 1000 p-values for meaningful data-driven hypothesis weighting results. Consider to decrease nodedepth or increase nodesize.
We recommend that you supply (many) more than 1000 p-values for meaningful data-driven hypothesis weighting results. Consider to decrease nodedepth or increase nodesize.
We recommend that you supply (many) more than 1000 p-values for meaningful data-driven hypothesis weighting results. Consider to decrease nodedepth or increase nodesize.
We recommend that you supply (many) more than 1000 p-values for meaningful data-driven hypothesis weighting results. Consider to decrease nodedepth or increase nodesize.
We recommend that you supply (many) more than 1000 p-values for meaningful data-driven hypothesis weighting results. Consider to decrease nodedepth or increase nodesize.
We recommend that you supply (many) more than 1000 p-values for meaningful data-driven hypothesis weighting results. Consider to decrease nodedepth or increase nodesize.
We recommend that you supply (many) more than 1000 p-values for meaningful data-driven hypothesis weighting results. Consider to decrease nodedepth or increase nodesize.
We recommend that you supply (many) more than 1000 p-values for meaningful data-driven hypothesis weighting results. Consider to decrease nodedepth or increase nodesize.
We recommend that you supply (many) more than 1000 p-values for meaningful data-driven hypothesis weighting results. Consider to decrease nodedepth or increase nodesize.
We recommend that you supply (many) more than 1000 p-values for meaningful data-driven hypothesis weighting results. Consider to decrease nodedepth or increase nodesize.
We recommend that you supply (many) more than 1000 p-values for meaningful data-driven hypothesis weighting results. Consider to decrease nodedepth or increase nodesize.
We recommend that you supply (many) more than 1000 p-values for meaningful data-driven hypothesis weighting results. Consider to decrease nodedepth or increase nodesize.
We recommend that you supply (many) more than 1000 p-values for meaningful data-driven hypothesis weighting results. Consider to decrease nodedepth or increase nodesize.
We recommend that you supply (many) more than 1000 p-values for meaningful data-driven hypothesis weighting results. Consider to decrease nodedepth or increase nodesize.
We recommend that you supply (many) more than 1000 p-values for meaningful data-driven hypothesis weighting results. Consider to decrease nodedepth or increase nodesize.
We recommend that you supply (many) more than 1000 p-values for meaningful data-driven hypothesis weighting results. Consider to decrease nodedepth or increase nodesize.
We recommend that you supply (many) more than 1000 p-values for meaningful data-driven hypothesis weighting results. Consider to decrease nodedepth or increase nodesize.
We recommend that you supply (many) more than 1000 p-values for meaningful data-driven hypothesis weighting results. Consider to decrease nodedepth or increase nodesize.
We recommend that you supply (many) more than 1000 p-values for meaningful data-driven hypothesis weighting results. Consider to decrease nodedepth or increase nodesize.
We recommend that you supply (many) more than 1000 p-values for meaningful data-driven hypothesis weighting results. Consider to decrease nodedepth or increase nodesize.
We recommend that you supply (many) more than 1000 p-values for meaningful data-driven hypothesis weighting results. Consider to decrease nodedepth or increase nodesize.
We recommend that you supply (many) more than 1000 p-values for meaningful data-driven hypothesis weighting results. Consider to decrease nodedepth or increase nodesize.
We recommend that you supply (many) more than 1000 p-values for meaningful data-driven hypothesis weighting results. Consider to decrease nodedepth or increase nodesize.
We recommend that you supply (many) more than 1000 p-values for meaningful data-driven hypothesis weighting results. Consider to decrease nodedepth or increase nodesize.
We recommend that you supply (many) more than 1000 p-values for meaningful data-driven hypothesis weighting results. Consider to decrease nodedepth or increase nodesize.
We recommend that you supply (many) more than 1000 p-values for meaningful data-driven hypothesis weighting results. Consider to decrease nodedepth or increase nodesize.
We recommend that you supply (many) more than 1000 p-values for meaningful data-driven hypothesis weighting results. Consider to decrease nodedepth or increase nodesize.
We recommend that you supply (many) more than 1000 p-values for meaningful data-driven hypothesis weighting results. Consider to decrease nodedepth or increase nodesize.
We recommend that you supply (many) more than 1000 p-values for meaningful data-driven hypothesis weighting results. Consider to decrease nodedepth or increase nodesize.
We recommend that you supply (many) more than 1000 p-values for meaningful data-driven hypothesis weighting results. Consider to decrease nodedepth or increase nodesize.
We recommend that you supply (many) more than 1000 p-values for meaningful data-driven hypothesis weighting results. Consider to decrease nodedepth or increase nodesize.
We recommend that you supply (many) more than 1000 p-values for meaningful data-driven hypothesis weighting results. Consider to decrease nodedepth or increase nodesize.
We recommend that you supply (many) more than 1000 p-values for meaningful data-driven hypothesis weighting results. Consider to decrease nodedepth or increase nodesize.
We recommend that you supply (many) more than 1000 p-values for meaningful data-driven hypothesis weighting results. Consider to decrease nodedepth or increase nodesize.
We recommend that you supply (many) more than 1000 p-values for meaningful data-driven hypothesis weighting results. Consider to decrease nodedepth or increase nodesize.
We recommend that you supply (many) more than 1000 p-values for meaningful data-driven hypothesis weighting results. Consider to decrease nodedepth or increase nodesize.
We recommend that you supply (many) more than 1000 p-values for meaningful data-driven hypothesis weighting results. Consider to decrease nodedepth or increase nodesize.
We recommend that you supply (many) more than 1000 p-values for meaningful data-driven hypothesis weighting results. Consider to decrease nodedepth or increase nodesize.
We recommend that you supply (many) more than 1000 p-values for meaningful data-driven hypothesis weighting results. Consider to decrease nodedepth or increase nodesize.
We recommend that you supply (many) more than 1000 p-values for meaningful data-driven hypothesis weighting results. Consider to decrease nodedepth or increase nodesize.
We recommend that you supply (many) more than 1000 p-values for meaningful data-driven hypothesis weighting results. Consider to decrease nodedepth or increase nodesize.
We recommend that you supply (many) more than 1000 p-values for meaningful data-driven hypothesis weighting results. Consider to decrease nodedepth or increase nodesize.
We recommend that you supply (many) more than 1000 p-values for meaningful data-driven hypothesis weighting results. Consider to decrease nodedepth or increase nodesize.
We recommend that you supply (many) more than 1000 p-values for meaningful data-driven hypothesis weighting results. Consider to decrease nodedepth or increase nodesize.
We recommend that you supply (many) more than 1000 p-values for meaningful data-driven hypothesis weighting results. Consider to decrease nodedepth or increase nodesize.
We recommend that you supply (many) more than 1000 p-values for meaningful data-driven hypothesis weighting results. Consider to decrease nodedepth or increase nodesize.
We recommend that you supply (many) more than 1000 p-values for meaningful data-driven hypothesis weighting results. Consider to decrease nodedepth or increase nodesize.
We recommend that you supply (many) more than 1000 p-values for meaningful data-driven hypothesis weighting results. Consider to decrease nodedepth or increase nodesize.
We recommend that you supply (many) more than 1000 p-values for meaningful data-driven hypothesis weighting results. Consider to decrease nodedepth or increase nodesize.
We recommend that you supply (many) more than 1000 p-values for meaningful data-driven hypothesis weighting results. Consider to decrease nodedepth or increase nodesize.
We recommend that you supply (many) more than 1000 p-values for meaningful data-driven hypothesis weighting results. Consider to decrease nodedepth or increase nodesize.
We recommend that you supply (many) more than 1000 p-values for meaningful data-driven hypothesis weighting results. Consider to decrease nodedepth or increase nodesize.
We recommend that you supply (many) more than 1000 p-values for meaningful data-driven hypothesis weighting results. Consider to decrease nodedepth or increase nodesize.
Error : no valid set of coefficients has been found: please supply starting values
In addition: Warning message:
In log(ifelse(y == 0, 1, y/mu)) : NaNs produced
Error : no valid set of coefficients has been found: please supply starting values
In addition: Warning message:
In log(ifelse(y == 0, 1, y/mu)) : NaNs produced
Error : no valid set of coefficients has been found: please supply starting values
In addition: Warning message:
In log(ifelse(y == 0, 1, y/mu)) : NaNs produced
Warning message:
In mclapply(argsList, FUN, mc.preschedule = preschedule, mc.set.seed = set.seed,  :
  scheduled cores 1, 2, 4, 5, 6, 7, 8, 9, 10, 11, 12, 13, 14, 15, 17, 18, 20, 21, 26, 29, 30, 31, 32, 33, 34, 36, 37, 38, 40, 41, 47, 48, 51, 52, 53, 54, 55, 56, 57, 58, 60, 61, 62, 63, 65, 66, 76, 79, 80, 81, 82, 83, 84, 85, 86, 87, 90, 91, 102, 104, 105, 106, 107, 108, 113, 125 did not deliver results, all values of the jobs will be affected
slurmstepd: error: Detected 66 oom-kill event(s) in StepId=37589513.batch. Some of your processes may have been killed by the cgroup out-of-memory handler.
